best_valid_epoch:14.0
train loss:1.1338185e+16
valid loss:1.333308e+16
test loss list:tf.Tensor(36925900000.0, shape=(), dtype=float32)
mean test loss:36925900000.0
mean loss list:tf.Tensor(35450724000.0, shape=(), dtype=float32)
mean mean loss:35450724000.0
accuracy list:[<tf.Tensor: shape=(), dtype=float64, numpy=0.14135021097046413>]
mean accuracy:0.14135021097046413
-------
../benchmarks/LIA-lin-noInterval-trainData-datafold-graphs/test_data/durationThm_1_e3_173_000.smt2
true label:[0, 0, 0, 0, 0, 0]
true label rank:[1 1 1 1 1 1]
predicted label:tf.Tensor([15.372041 10.704695 19.636568 14.456091 13.043768 14.330233], shape=(6,), dtype=float32)
rounded label:tf.Tensor([15. 11. 20. 14. 13. 14.], shape=(6,), dtype=float32)
predicted label rank:[4 1 5 3 2 3]
mse:tf.Tensor(220.15984, shape=(), dtype=float32)
-------
../benchmarks/LIA-lin-noInterval-trainData-datafold-graphs/test_data/four1.smt2-0033_000.smt2
true label:[3, 3]
true label rank:[1 1]
predicted label:tf.Tensor([3.8930464 6.0952473], shape=(2,), dtype=float32)
rounded label:tf.Tensor([4. 6.], shape=(2,), dtype=float32)
predicted label rank:[1 2]
mse:tf.Tensor(5.189044, shape=(), dtype=float32)
-------
../benchmarks/LIA-lin-noInterval-trainData-datafold-graphs/test_data/loop__while_after_while_if_000.smt2
true label:[0, 0]
true label rank:[1 1]
predicted label:tf.Tensor([ 1.0979035 51.738705 ], shape=(2,), dtype=float32)
rounded label:tf.Tensor([ 1. 52.], shape=(2,), dtype=float32)
predicted label rank:[1 2]
mse:tf.Tensor(1339.0494, shape=(), dtype=float32)
-------
../benchmarks/LIA-lin-noInterval-trainData-datafold-graphs/test_data/bandec.smt2-0210_000.smt2
true label:[3, 1, 2, 3, 3, 1, 2, 3, 3, 1, 3, 3]
true label rank:[3 1 2 3 3 1 2 3 3 1 3 3]
predicted label:tf.Tensor(
[3.2251267  1.6530662  1.4072723  1.6683155  1.1985024  1.7491868
 1.3496354  1.1982291  0.9978542  1.2177236  1.1965488  0.98273945], shape=(12,), dtype=float32)
rounded label:tf.Tensor([3. 2. 1. 2. 1. 2. 1. 1. 1. 1. 1. 1.], shape=(12,), dtype=float32)
predicted label rank:[3 2 1 2 1 2 1 1 1 1 1 1]
mse:tf.Tensor(1.7879734, shape=(), dtype=float32)
-------
../benchmarks/LIA-lin-noInterval-trainData-datafold-graphs/test_data/four1.smt2-0044_000.smt2
true label:[3]
true label rank:[1]
predicted label:tf.Tensor([4.033447], shape=(1,), dtype=float32)
rounded label:tf.Tensor([4.], shape=(1,), dtype=float32)
predicted label rank:[1]
mse:tf.Tensor(1.0680122, shape=(), dtype=float32)
-------
../benchmarks/LIA-lin-noInterval-trainData-datafold-graphs/test_data/inf6.correct.nts.horn-0001_000.smt2
true label:[1, 1, 1, 1]
true label rank:[1 1 1 1]
predicted label:tf.Tensor([77.92821    3.048857   1.9310422  1.7696096], shape=(4,), dtype=float32)
rounded label:tf.Tensor([78.  3.  2.  2.], shape=(4,), dtype=float32)
predicted label rank:[3 2 1 1]
mse:tf.Tensor(1480.9015, shape=(), dtype=float32)
-------
../benchmarks/LIA-lin-noInterval-trainData-datafold-graphs/test_data/tridag.smt2-0024_000.smt2
true label:[3]
true label rank:[1]
predicted label:tf.Tensor([1.6129215], shape=(1,), dtype=float32)
rounded label:tf.Tensor([2.], shape=(1,), dtype=float32)
predicted label rank:[1]
mse:tf.Tensor(1.9239868, shape=(), dtype=float32)
-------
../benchmarks/LIA-lin-noInterval-trainData-datafold-graphs/test_data/diamond_1-1.c-1_000.smt2
true label:[100]
true label rank:[1]
predicted label:tf.Tensor([129.10092], shape=(1,), dtype=float32)
rounded label:tf.Tensor([129.], shape=(1,), dtype=float32)
predicted label rank:[1]
mse:tf.Tensor(846.86365, shape=(), dtype=float32)
-------
../benchmarks/LIA-lin-noInterval-trainData-datafold-graphs/test_data/bandec.smt2-0148_000.smt2
true label:[1, 1, 2, 2, 3, 1, 1, 3]
true label rank:[1 1 2 2 3 1 1 3]
predicted label:tf.Tensor(
[1.4029212 1.1859733 1.3158888 1.2941117 1.2780528 1.0541457 1.3278315
 1.2447077], shape=(8,), dtype=float32)
rounded label:tf.Tensor([1. 1. 1. 1. 1. 1. 1. 1.], shape=(8,), dtype=float32)
predicted label rank:[1 1 1 1 1 1 1 1]
mse:tf.Tensor(0.9149721, shape=(), dtype=float32)
-------
../benchmarks/LIA-lin-noInterval-trainData-datafold-graphs/test_data/s3_srvr_8.cil.c-1_000.smt2
true label:[8545, 8673, 1, 8673, 1, 8529, 8673, 8673, 8641, 8466, 8497, 8641, 8545, 8657]
true label rank:[5 8 1 8 1 4 8 8 6 2 3 6 5 7]
predicted label:tf.Tensor(
[2.9279058e+00 3.5965638e+00 3.3677955e+00 7.2498364e+03 6.3393135e+03
 2.1347020e+00 2.7657978e+01 7.9938081e+03 8.7083965e+03 4.9388530e+03
 9.1369941e+03 2.5968081e+03 7.3608501e+03 8.8724912e+03], shape=(14,), dtype=float32)
rounded label:tf.Tensor(
[3.000e+00 4.000e+00 3.000e+00 7.250e+03 6.339e+03 2.000e+00 2.800e+01
 7.994e+03 8.708e+03 4.939e+03 9.137e+03 2.597e+03 7.361e+03 8.872e+03], shape=(14,), dtype=float32)
predicted label rank:[ 2  3  2  8  7  1  4 10 11  6 13  5  9 12]
mse:tf.Tensor(27790832.0, shape=(), dtype=float32)
-------
../benchmarks/LIA-lin-noInterval-trainData-datafold-graphs/test_data/const_1-1.c-1_000.smt2
true label:[1, 1024]
true label rank:[1 2]
predicted label:tf.Tensor([379.66925 227.21706], shape=(2,), dtype=float32)
rounded label:tf.Tensor([380. 227.], shape=(2,), dtype=float32)
predicted label rank:[2 1]
mse:tf.Tensor(389126.75, shape=(), dtype=float32)
-------
../benchmarks/LIA-lin-noInterval-trainData-datafold-graphs/test_data/minepump_spec3_product49_true-unreach-call.cil.c.flat_000.smt2
true label:[1, 2, 1, 2]
true label rank:[1 2 1 2]
predicted label:tf.Tensor([10.227873   6.8988814  8.538824  11.552836 ], shape=(4,), dtype=float32)
rounded label:tf.Tensor([10.  7.  9. 12.], shape=(4,), dtype=float32)
predicted label rank:[3 1 2 4]
mse:tf.Tensor(64.31081, shape=(), dtype=float32)
-------
../benchmarks/LIA-lin-noInterval-trainData-datafold-graphs/test_data/break_single_merged_safe.c-1_000.smt2
true label:[11, 11]
true label rank:[1 1]
predicted label:tf.Tensor([2.6545827 1.5145167], shape=(2,), dtype=float32)
rounded label:tf.Tensor([3. 2.], shape=(2,), dtype=float32)
predicted label rank:[2 1]
mse:tf.Tensor(79.81019, shape=(), dtype=float32)
-------
../benchmarks/LIA-lin-noInterval-trainData-datafold-graphs/test_data/chc-lia-lin-0102_000.smt2
true label:[1, 1]
true label rank:[1 1]
predicted label:tf.Tensor([254.18275     2.3130832], shape=(2,), dtype=float32)
rounded label:tf.Tensor([254.   2.], shape=(2,), dtype=float32)
predicted label rank:[2 1]
mse:tf.Tensor(32051.615, shape=(), dtype=float32)
-------
../benchmarks/LIA-lin-noInterval-trainData-datafold-graphs/test_data/amebsa.smt2-0078_000.smt2
true label:[3, 5, 2, 4, 4, 3, 4, 2, 4, 4, 3, 2, 4, 4, 3, 5, 4, 4, 3, 4, 4, 4, 3, 4, 4]
true label rank:[2 4 1 3 3 2 3 1 3 3 2 1 3 3 2 4 3 3 2 3 3 3 2 3 3]
predicted label:tf.Tensor(
[1.3208620e+02 3.1206066e+01 2.1327622e+00 1.0016532e+02 1.7562325e+01
 1.6943640e+00 1.5833552e+00 2.3234403e+00 2.9945593e+00 2.2473636e+00
 1.7592617e+00 1.1439512e+00 1.3603724e+00 5.2540271e+02 2.1307593e+02
 1.5146216e+00 5.8625653e+02 1.7145978e+00 5.1830621e+02 2.8654840e+01
 1.4931595e+03 1.9301767e+00 2.9242627e+02 1.8294896e+00 2.1981199e+00], shape=(25,), dtype=float32)
rounded label:tf.Tensor(
[1.320e+02 3.100e+01 2.000e+00 1.000e+02 1.800e+01 2.000e+00 2.000e+00
 2.000e+00 3.000e+00 2.000e+00 2.000e+00 1.000e+00 1.000e+00 5.250e+02
 2.130e+02 2.000e+00 5.860e+02 2.000e+00 5.180e+02 2.900e+01 1.493e+03
 2.000e+00 2.920e+02 2.000e+00 2.000e+00], shape=(25,), dtype=float32)
predicted label rank:[ 8  6  2  7  4  2  2  2  3  2  2  1  1 12  9  2 13  2 11  5 14  2 10  2
  2]
mse:tf.Tensor(129974.39, shape=(), dtype=float32)
-------
../benchmarks/LIA-lin-noInterval-trainData-datafold-graphs/test_data/s3_clnt_1.cil-1.c-1_000.smt2
true label:[1, 20480, 1, 5, 1, 5, 1, 4369, 5, 1, 4385, 5, 1, 4401, 5, 1, 4449, 5, 1, 4529, 5, 1, 20480, 5, 1, 20480, 5]
true label rank:[1 8 1 2 1 2 1 3 2 1 4 2 1 5 2 1 6 2 1 7 2 1 8 2 1 8 2]
predicted label:tf.Tensor(
[3.6708741e+00 4.8816113e+00 3.2763343e+00 3.6631317e+00 1.2907394e+01
 5.2576604e+00 2.7794283e+01 1.2848562e+01 1.9162793e+00 8.4904194e+00
 2.2555399e+02 5.3946906e+02 5.3771846e+03 4.7791880e+03 2.8338489e+02
 1.8569674e+00 6.4906401e+03 1.0116697e+03 8.0964655e+02 1.5467020e+03
 5.8088057e+03 6.8059790e+03 1.6794156e+02 1.0268286e+03 7.9594624e+03
 7.0166538e+03 7.5248638e+03], shape=(27,), dtype=float32)
rounded label:tf.Tensor(
[4.000e+00 5.000e+00 3.000e+00 4.000e+00 1.300e+01 5.000e+00 2.800e+01
 1.300e+01 2.000e+00 8.000e+00 2.260e+02 5.390e+02 5.377e+03 4.779e+03
 2.830e+02 2.000e+00 6.491e+03 1.012e+03 8.100e+02 1.547e+03 5.809e+03
 6.806e+03 1.680e+02 1.027e+03 7.959e+03 7.017e+03 7.525e+03], shape=(27,), dtype=float32)
predicted label rank:[ 3  4  2  3  6  4  7  6  1  5  9 11 17 16 10  1 19 13 12 15 18 20  8 14
 23 21 22]
mse:tf.Tensor(47941136.0, shape=(), dtype=float32)
-------
../benchmarks/LIA-lin-noInterval-trainData-datafold-graphs/test_data/underapprox_2-2.c-1_000.smt2
true label:[6]
true label rank:[1]
predicted label:tf.Tensor([379.66922], shape=(1,), dtype=float32)
rounded label:tf.Tensor([380.], shape=(1,), dtype=float32)
predicted label rank:[1]
mse:tf.Tensor(139628.69, shape=(), dtype=float32)
-------
../benchmarks/LIA-lin-noInterval-trainData-datafold-graphs/test_data/21.c_000.smt2
true label:[9, 9, 9, 9, 9, 1, 9, 9, 9]
true label rank:[2 2 2 2 2 1 2 2 2]
predicted label:tf.Tensor(
[3.5365772 3.000417  1.3691145 1.608775  1.1313896 0.9695301 1.0540652
 1.193103  1.2427368], shape=(9,), dtype=float32)
rounded label:tf.Tensor([4. 3. 1. 2. 1. 1. 1. 1. 1.], shape=(9,), dtype=float32)
predicted label rank:[4 3 1 2 1 1 1 1 1]
mse:tf.Tensor(47.209026, shape=(), dtype=float32)
-------
../benchmarks/LIA-lin-noInterval-trainData-datafold-graphs/test_data/bandec.smt2-0238_000.smt2
true label:[3, 3, 3, 3, 1, 2, 3, 3, 1, 3, 3]
true label rank:[3 3 3 3 1 2 3 3 1 3 3]
predicted label:tf.Tensor(
[2.4438448 2.4957755 1.6928128 1.5826197 1.2149198 1.4077809 1.4296174
 1.1894954 1.1573379 1.0733382 1.0145363], shape=(11,), dtype=float32)
rounded label:tf.Tensor([2. 2. 2. 2. 1. 1. 1. 1. 1. 1. 1.], shape=(11,), dtype=float32)
predicted label rank:[2 2 2 2 1 1 1 1 1 1 1]
mse:tf.Tensor(1.6455497, shape=(), dtype=float32)
-------
../benchmarks/LIA-lin-noInterval-trainData-datafold-graphs/test_data/bouncy_one_counter_000.smt2
true label:[0]
true label rank:[1]
predicted label:tf.Tensor([319.51535], shape=(1,), dtype=float32)
rounded label:tf.Tensor([320.], shape=(1,), dtype=float32)
predicted label rank:[1]
mse:tf.Tensor(102090.06, shape=(), dtype=float32)
-------
../benchmarks/LIA-lin-noInterval-trainData-datafold-graphs/test_data/bandec.smt2-0131_000.smt2
true label:[1, 2, 2, 3, 1, 1, 3]
true label rank:[1 2 2 3 1 1 3]
predicted label:tf.Tensor(
[ 63.690296   44.557297   27.334024  106.83168     1.3868481   1.4461936
   1.5314957], shape=(7,), dtype=float32)
rounded label:tf.Tensor([ 64.  45.  27. 107.   1.   1.   2.], shape=(7,), dtype=float32)
predicted label rank:[5 4 3 6 1 1 2]
mse:tf.Tensor(2452.3618, shape=(), dtype=float32)
-------
../benchmarks/LIA-lin-noInterval-trainData-datafold-graphs/test_data/heapsort_true-unreach-call.c.flat_000.smt2
true label:[500000, 1000000, 1000000, 1, 1000000, 1000000, 500000, 1000000, 1000000, 1000000, 1, 1000000, 1000000, 1000000]
true label rank:[2 3 3 1 3 3 2 3 3 3 1 3 3 3]
predicted label:tf.Tensor(
[366.11368     5.7986374  50.401443    1.8749768   1.8431884   1.5541257
   2.521555    2.4032824  23.237495    2.5683415   2.9850647   3.3949907
   3.2925727   3.4633296], shape=(14,), dtype=float32)
rounded label:tf.Tensor([366.   6.  50.   2.   2.   2.   3.   2.  23.   3.   3.   3.   3.   3.], shape=(14,), dtype=float32)
predicted label rank:[6 3 5 1 1 1 2 1 4 2 2 2 2 2]
mse:tf.Tensor(749959700000.0, shape=(), dtype=float32)
-------
../benchmarks/LIA-lin-noInterval-trainData-datafold-graphs/test_data/test_locks_12.c-1_000.smt2
true label:[1, 1, 1, 1, 1, 1, 1, 1, 1, 1, 1, 1, 1, 1, 1, 1, 1, 1, 1, 1, 1, 1, 1, 1, 1, 1, 1, 1, 1, 1, 1, 1, 1, 1, 1, 1, 1, 1, 1, 1, 1, 1, 1, 1, 1, 1, 1, 1, 1, 1, 1, 1, 1, 1, 1, 1, 1, 1, 1, 1, 1, 1, 1, 1, 1, 1, 1, 1, 1, 1, 1, 1, 1, 1, 1, 1, 1, 1, 1, 1, 1, 1, 1, 1, 1, 1, 1, 1, 1, 1, 1, 1, 1, 1, 1, 1, 1, 1, 1, 1, 1, 1, 1, 1, 1, 1, 1, 1]
true label rank:[1 1 1 1 1 1 1 1 1 1 1 1 1 1 1 1 1 1 1 1 1 1 1 1 1 1 1 1 1 1 1 1 1 1 1 1 1
 1 1 1 1 1 1 1 1 1 1 1 1 1 1 1 1 1 1 1 1 1 1 1 1 1 1 1 1 1 1 1 1 1 1 1 1 1
 1 1 1 1 1 1 1 1 1 1 1 1 1 1 1 1 1 1 1 1 1 1 1 1 1 1 1 1 1 1 1 1 1 1]
predicted label:tf.Tensor(
[2.2450874e+00 2.0065806e+00 1.6246855e+00 3.7493038e+00 1.1777103e+01
 2.3607137e+00 2.8468273e+00 1.0338156e+01 5.1238472e+01 2.3852642e+00
 2.5726759e+00 1.6610436e+00 1.2278167e+00 1.1218594e+00 1.3858749e+00
 1.9455522e+00 2.6667733e+00 1.6529318e+00 1.5824574e+00 8.8865765e+02
 2.1729665e+00 1.3079648e+00 2.8039984e+02 1.4378654e+02 1.1084902e+00
 1.4940562e+00 3.0810383e+03 1.0007190e+01 2.2781233e+02 1.3324083e+00
 1.1988510e+00 8.6147133e+01 1.0194967e+00 5.7060925e+02 2.0172822e+00
 4.7463447e+03 1.5607100e+00 8.1283911e+02 4.1455684e+03 1.5920688e+02
 5.8707509e+00 2.1150513e+02 5.1526250e+03 5.8264782e+01 1.4143146e+03
 2.3344243e+02 1.0648344e+03 8.2047644e+02 7.7921210e+02 4.7074302e+03
 3.1347552e+02 3.9836798e+02 1.0721447e+02 3.3688028e+00 2.2352185e+03
 1.2684441e+02 5.5311934e+03 7.1142417e+03 8.5748501e+00 1.8638975e+03
 5.6268574e+03 5.0440344e+02 1.0541983e+01 4.7065708e+03 1.9384467e+03
 5.3830133e+02 6.7389763e+01 6.0275200e+03 4.6779766e+00 5.6232276e+00
 7.6162661e+03 3.5464783e+03 5.3934741e+03 4.9394614e+03 1.8583284e+02
 6.7027266e+03 2.4169656e+03 5.4969391e+02 5.8828135e+03 3.2597070e+03
 1.0949599e+04 2.4321253e+00 9.2216191e+03 3.0993989e+03 1.2518295e+04
 9.2689883e+03 6.0769296e+00 7.6757480e+03 1.9322423e+00 7.5716028e+00
 2.7612252e+00 3.9882836e+00 2.4242146e+03 1.0112990e+01 2.7123594e+00
 2.7392605e+03 5.8585529e+01 1.3086620e+03 2.3230747e+03 1.9943583e+03
 7.1245190e+03 1.0430094e+04 8.4820742e+03 5.6664844e+03 3.6028042e+00
 7.7938765e+03 1.0484270e+04 9.0170771e+03], shape=(108,), dtype=float32)
rounded label:tf.Tensor(
[2.0000e+00 2.0000e+00 2.0000e+00 4.0000e+00 1.2000e+01 2.0000e+00
 3.0000e+00 1.0000e+01 5.1000e+01 2.0000e+00 3.0000e+00 2.0000e+00
 1.0000e+00 1.0000e+00 1.0000e+00 2.0000e+00 3.0000e+00 2.0000e+00
 2.0000e+00 8.8900e+02 2.0000e+00 1.0000e+00 2.8000e+02 1.4400e+02
 1.0000e+00 1.0000e+00 3.0810e+03 1.0000e+01 2.2800e+02 1.0000e+00
 1.0000e+00 8.6000e+01 1.0000e+00 5.7100e+02 2.0000e+00 4.7460e+03
 2.0000e+00 8.1300e+02 4.1460e+03 1.5900e+02 6.0000e+00 2.1200e+02
 5.1530e+03 5.8000e+01 1.4140e+03 2.3300e+02 1.0650e+03 8.2000e+02
 7.7900e+02 4.7070e+03 3.1300e+02 3.9800e+02 1.0700e+02 3.0000e+00
 2.2350e+03 1.2700e+02 5.5310e+03 7.1140e+03 9.0000e+00 1.8640e+03
 5.6270e+03 5.0400e+02 1.1000e+01 4.7070e+03 1.9380e+03 5.3800e+02
 6.7000e+01 6.0280e+03 5.0000e+00 6.0000e+00 7.6160e+03 3.5460e+03
 5.3930e+03 4.9390e+03 1.8600e+02 6.7030e+03 2.4170e+03 5.5000e+02
 5.8830e+03 3.2600e+03 1.0950e+04 2.0000e+00 9.2220e+03 3.0990e+03
 1.2518e+04 9.2690e+03 6.0000e+00 7.6760e+03 2.0000e+00 8.0000e+00
 3.0000e+00 4.0000e+00 2.4240e+03 1.0000e+01 3.0000e+00 2.7390e+03
 5.9000e+01 1.3090e+03 2.3230e+03 1.9940e+03 7.1250e+03 1.0430e+04
 8.4820e+03 5.6660e+03 4.0000e+00 7.7940e+03 1.0484e+04 9.0170e+03], shape=(108,), dtype=float32)
predicted label rank:[ 2  2  2  4 11  2  3  9 12  2  3  2  1  1  1  2  3  2  2 35  2  1 25 19
  1  1 47  9 23  1  1 16  1 31  2 53  2 33 51 20  6 22 55 13 38 24 36 34
 32 52 26 27 17  3 42 18 57 63  8 39 58 28 10 52 40 29 15 61  5  6 65 50
 56 54 21 62 44 30 60 49 74  2 70 48 75 71  6 66  2  7  3  4 45  9  3 46
 14 37 43 41 64 72 68 59  4 67 73 69]
mse:tf.Tensor(14489628.0, shape=(), dtype=float32)
-------
../benchmarks/LIA-lin-noInterval-trainData-datafold-graphs/test_data/bandec.smt2-0178_000.smt2
true label:[1, 2, 3, 3, 1, 1, 2, 2, 3, 3, 1, 1, 3, 3]
true label rank:[1 2 3 3 1 1 2 2 3 3 1 1 3 3]
predicted label:tf.Tensor(
[2.1638641 1.9513664 2.6277153 2.2883441 1.3271395 3.6393068 1.2441045
 1.1926489 1.2843826 1.319549  1.3227264 1.2305608 1.0205858 1.2489821], shape=(14,), dtype=float32)
rounded label:tf.Tensor([2. 2. 3. 2. 1. 4. 1. 1. 1. 1. 1. 1. 1. 1.], shape=(14,), dtype=float32)
predicted label rank:[2 2 3 2 1 4 1 1 1 1 1 1 1 1]
mse:tf.Tensor(1.6576331, shape=(), dtype=float32)
-------
../benchmarks/LIA-lin-noInterval-trainData-datafold-graphs/test_data/break_safe.c-1_000.smt2
true label:[10, 11, 11]
true label rank:[1 2 2]
predicted label:tf.Tensor([1.4269358 1.7481359 1.4829592], shape=(3,), dtype=float32)
rounded label:tf.Tensor([1. 2. 1.], shape=(3,), dtype=float32)
predicted label rank:[1 2 1]
mse:tf.Tensor(83.22283, shape=(), dtype=float32)
-------
../benchmarks/LIA-lin-noInterval-trainData-datafold-graphs/test_data/bandec.smt2-0033_000.smt2
true label:[3]
true label rank:[1]
predicted label:tf.Tensor([59.20688], shape=(1,), dtype=float32)
rounded label:tf.Tensor([59.], shape=(1,), dtype=float32)
predicted label rank:[1]
mse:tf.Tensor(3159.2131, shape=(), dtype=float32)
-------
../benchmarks/LIA-lin-noInterval-trainData-datafold-graphs/test_data/id_build.i.p+sep-reducer.c-1_000.smt2
true label:[8]
true label rank:[1]
predicted label:tf.Tensor([5.1013346], shape=(1,), dtype=float32)
rounded label:tf.Tensor([5.], shape=(1,), dtype=float32)
predicted label rank:[1]
mse:tf.Tensor(8.402262, shape=(), dtype=float32)
-------
../benchmarks/LIA-lin-noInterval-trainData-datafold-graphs/test_data/test_locks_8.c-1_000.smt2
true label:[1, 1, 1, 1, 1, 1, 1, 1, 1, 1, 1, 1, 1, 1, 1, 1, 1, 1, 1, 1, 1, 1, 1, 1, 1, 1, 1, 1, 1, 1, 1, 1, 1, 1, 1, 1, 1, 1, 1, 1, 1, 1, 1, 1, 1, 1, 1, 1]
true label rank:[1 1 1 1 1 1 1 1 1 1 1 1 1 1 1 1 1 1 1 1 1 1 1 1 1 1 1 1 1 1 1 1 1 1 1 1 1
 1 1 1 1 1 1 1 1 1 1 1]
predicted label:tf.Tensor(
[7.44585648e+01 3.01650143e+00 2.29988041e+01 2.06368399e+00
 5.18198061e+00 2.16826320e+00 4.97197685e+01 9.83247161e-01
 1.51439810e+00 1.08049595e+00 1.00727725e+00 1.08937049e+00
 1.21153700e+00 1.03864384e+00 1.33365774e+00 1.45785144e+03
 1.24092064e+02 1.43063629e+00 4.32689728e+02 1.84652507e+00
 2.52077270e+00 1.17084587e+02 1.39758134e+00 1.32084441e+00
 1.51233947e+00 2.53889084e+02 1.84395599e+00 4.70193695e+02
 1.76849808e+02 1.35526749e+02 5.16202974e+00 5.39925586e+03
 1.89296997e+00 2.22517228e+00 1.86360109e+00 2.48902225e+00
 5.35805762e+03 2.32105899e+00 4.60429395e+03 3.60348853e+03
 8.99063873e+00 1.84995752e+03 1.19903770e+04 1.16782153e+03
 2.09277954e+03 2.90835663e+02 5.29808984e+03 2.78930068e+00], shape=(48,), dtype=float32)
rounded label:tf.Tensor(
[7.400e+01 3.000e+00 2.300e+01 2.000e+00 5.000e+00 2.000e+00 5.000e+01
 1.000e+00 2.000e+00 1.000e+00 1.000e+00 1.000e+00 1.000e+00 1.000e+00
 1.000e+00 1.458e+03 1.240e+02 1.000e+00 4.330e+02 2.000e+00 3.000e+00
 1.170e+02 1.000e+00 1.000e+00 2.000e+00 2.540e+02 2.000e+00 4.700e+02
 1.770e+02 1.360e+02 5.000e+00 5.399e+03 2.000e+00 2.000e+00 2.000e+00
 2.000e+00 5.358e+03 2.000e+00 4.604e+03 3.603e+03 9.000e+00 1.850e+03
 1.199e+04 1.168e+03 2.093e+03 2.910e+02 5.298e+03 3.000e+00], shape=(48,), dtype=float32)
predicted label rank:[ 8  3  6  2  4  2  7  1  2  1  1  1  1  1  1 18 10  1 15  2  3  9  1  1
  2 13  2 16 12 11  4 25  2  2  2  2 24  2 22 21  5 19 26 17 20 14 23  3]
mse:tf.Tensor(5744381.5, shape=(), dtype=float32)
-------
../benchmarks/LIA-lin-noInterval-trainData-datafold-graphs/test_data/bandec.smt2-0157_000.smt2
true label:[2, 4, 4]
true label rank:[1 2 2]
predicted label:tf.Tensor([120.42359 146.07797 146.44467], shape=(3,), dtype=float32)
rounded label:tf.Tensor([120. 146. 146.], shape=(3,), dtype=float32)
predicted label rank:[1 2 2]
mse:tf.Tensor(18166.928, shape=(), dtype=float32)
-------
../benchmarks/LIA-lin-noInterval-trainData-datafold-graphs/test_data/four1.smt2-0046_000.smt2
true label:[3]
true label rank:[1]
predicted label:tf.Tensor([4.033447], shape=(1,), dtype=float32)
rounded label:tf.Tensor([4.], shape=(1,), dtype=float32)
predicted label rank:[1]
mse:tf.Tensor(1.0680122, shape=(), dtype=float32)
-------
../benchmarks/LIA-lin-noInterval-trainData-datafold-graphs/test_data/test_locks_10.c-1_000.smt2
true label:[1, 1, 1, 1, 1, 1, 1, 1, 1, 1, 1, 1, 1, 1, 1, 1, 1, 1, 1, 1, 1, 1, 1, 1, 1, 1, 1, 1, 1, 1, 1, 1, 1, 1, 1, 1, 1, 1, 1, 1, 1, 1, 1, 1, 1, 1, 1, 1, 1, 1, 1, 1, 1, 1, 1, 1, 1, 1, 1, 1, 1, 1, 1, 1, 1, 1, 1, 1, 1, 1, 1, 1, 1, 1, 1]
true label rank:[1 1 1 1 1 1 1 1 1 1 1 1 1 1 1 1 1 1 1 1 1 1 1 1 1 1 1 1 1 1 1 1 1 1 1 1 1
 1 1 1 1 1 1 1 1 1 1 1 1 1 1 1 1 1 1 1 1 1 1 1 1 1 1 1 1 1 1 1 1 1 1 1 1 1
 1]
predicted label:tf.Tensor(
[1.7252076e+00 4.7761948e+02 1.2474910e+00 1.1862193e+02 1.4655447e+00
 1.8220946e+00 1.2790769e+00 1.2324125e+00 1.1283264e+00 2.4766335e+00
 2.4394741e+00 1.1338786e+00 1.4053279e+00 1.1083083e+00 1.1543120e+00
 1.3235639e+00 1.1868967e+00 1.2727969e+00 4.8993550e+03 1.4886874e+03
 9.9463171e-01 1.1881230e+00 1.2043221e+00 1.2666179e+00 2.4515793e+00
 1.3098942e+00 1.5165201e+00 1.5470753e+00 1.5154948e+00 2.4121873e+02
 1.9238180e+00 1.8360859e+00 1.7338872e+00 1.6651978e+00 1.6324128e+00
 1.5283052e+00 1.4642099e+00 1.0780393e+03 8.8023816e+02 9.2314672e+00
 1.3623384e+03 5.1116653e+02 4.1779238e+03 2.8339331e+03 1.9220676e+03
 1.3911754e+02 4.4049399e+02 4.5910210e+03 2.5916808e+00 2.3512524e+02
 1.2578767e+03 5.3794800e+02 4.6949164e+02 9.0004498e+02 2.5543408e+02
 5.6650702e+02 7.5392383e+03 5.5824819e+03 2.5596262e+02 5.2150044e+03
 2.5901506e+03 3.4136023e+03 8.3878827e+02 4.2169497e+03 1.1667940e+01
 6.0977314e+03 5.4499473e+03 5.3064590e+03 5.7433867e+03 7.8459863e+03
 3.6667363e+03 2.2282204e+02 7.3844406e+01 4.0316282e+03 3.5915083e+03], shape=(75,), dtype=float32)
rounded label:tf.Tensor(
[2.000e+00 4.780e+02 1.000e+00 1.190e+02 1.000e+00 2.000e+00 1.000e+00
 1.000e+00 1.000e+00 2.000e+00 2.000e+00 1.000e+00 1.000e+00 1.000e+00
 1.000e+00 1.000e+00 1.000e+00 1.000e+00 4.899e+03 1.489e+03 1.000e+00
 1.000e+00 1.000e+00 1.000e+00 2.000e+00 1.000e+00 2.000e+00 2.000e+00
 2.000e+00 2.410e+02 2.000e+00 2.000e+00 2.000e+00 2.000e+00 2.000e+00
 2.000e+00 1.000e+00 1.078e+03 8.800e+02 9.000e+00 1.362e+03 5.110e+02
 4.178e+03 2.834e+03 1.922e+03 1.390e+02 4.400e+02 4.591e+03 3.000e+00
 2.350e+02 1.258e+03 5.380e+02 4.690e+02 9.000e+02 2.550e+02 5.670e+02
 7.539e+03 5.582e+03 2.560e+02 5.215e+03 2.590e+03 3.414e+03 8.390e+02
 4.217e+03 1.200e+01 6.098e+03 5.450e+03 5.306e+03 5.743e+03 7.846e+03
 3.667e+03 2.230e+02 7.400e+01 4.032e+03 3.592e+03], shape=(75,), dtype=float32)
predicted label rank:[ 2 16  1  7  1  2  1  1  1  2  2  1  1  1  1  1  1  1 37 26  1  1  1  1
  2  1  2  2  2 11  2  2  2  2  2  2  1 23 21  4 25 17 34 29 27  8 14 36
  3 10 24 18 15 22 12 19 44 41 13 38 28 30 20 35  5 43 40 39 42 45 32  9
  6 33 31]
mse:tf.Tensor(6247242.5, shape=(), dtype=float32)
-------
../benchmarks/LIA-lin-noInterval-trainData-datafold-graphs/test_data/bandec.smt2-0181_000.smt2
true label:[1, 2, 3, 3, 1, 1, 2, 2, 3, 3, 1, 1, 3, 3]
true label rank:[1 2 3 3 1 1 2 2 3 3 1 1 3 3]
predicted label:tf.Tensor(
[2.163864  1.9513664 2.6277149 2.288344  1.3271397 3.6393077 1.2441046
 1.1926489 1.2843829 1.319549  1.3227265 1.2305611 1.0205858 1.248982 ], shape=(14,), dtype=float32)
rounded label:tf.Tensor([2. 2. 3. 2. 1. 4. 1. 1. 1. 1. 1. 1. 1. 1.], shape=(14,), dtype=float32)
predicted label rank:[2 2 3 2 1 4 1 1 1 1 1 1 1 1]
mse:tf.Tensor(1.6576334, shape=(), dtype=float32)
-------
../benchmarks/LIA-lin-noInterval-trainData-datafold-graphs/test_data/s3_srvr_1a.cil.c-1_000.smt2
true label:[8672, 5, 5]
true label rank:[2 1 1]
predicted label:tf.Tensor([3.5009134 3.3467543 5.8077707], shape=(3,), dtype=float32)
rounded label:tf.Tensor([4. 3. 6.], shape=(3,), dtype=float32)
predicted label rank:[2 1 3]
mse:tf.Tensor(25047624.0, shape=(), dtype=float32)
-------
../benchmarks/LIA-lin-noInterval-trainData-datafold-graphs/test_data/PRODUCER_CONSUMER_3_000.smt2
true label:[0, 0]
true label rank:[1 1]
predicted label:tf.Tensor([ 818.17566 1321.0408 ], shape=(2,), dtype=float32)
rounded label:tf.Tensor([ 818. 1321.], shape=(2,), dtype=float32)
predicted label rank:[1 2]
mse:tf.Tensor(1207280.1, shape=(), dtype=float32)
-------
../benchmarks/LIA-lin-noInterval-trainData-datafold-graphs/test_data/minepump_spec4_product57_true-unreach-call.cil.c.flat_000.smt2
true label:[1, 2, 1]
true label rank:[1 2 1]
predicted label:tf.Tensor([16.391928  12.1643915  9.018484 ], shape=(3,), dtype=float32)
rounded label:tf.Tensor([16. 12.  9.], shape=(3,), dtype=float32)
predicted label rank:[3 2 1]
mse:tf.Tensor(134.84079, shape=(), dtype=float32)
-------
../benchmarks/LIA-lin-noInterval-trainData-datafold-graphs/test_data/bandec.smt2-0188_000.smt2
true label:[2, 3, 3, 1, 3, 3]
true label rank:[2 3 3 1 3 3]
predicted label:tf.Tensor([1.277653  1.421862  1.3943241 1.5498222 1.2919354 1.159404 ], shape=(6,), dtype=float32)
rounded label:tf.Tensor([1. 1. 1. 2. 1. 1.], shape=(6,), dtype=float32)
predicted label rank:[1 1 1 2 1 1]
mse:tf.Tensor(2.0330136, shape=(), dtype=float32)
-------
../benchmarks/LIA-lin-noInterval-trainData-datafold-graphs/test_data/count_by_1_variant_true-unreach-call.c.flat_000.smt2
true label:[1000000]
true label rank:[1]
predicted label:tf.Tensor([248.5694], shape=(1,), dtype=float32)
rounded label:tf.Tensor([249.], shape=(1,), dtype=float32)
predicted label rank:[1]
mse:tf.Tensor(999502900000.0, shape=(), dtype=float32)
-------
../benchmarks/LIA-lin-noInterval-trainData-datafold-graphs/test_data/minepump_spec1_product58_true-unreach-call.cil.c.flat_000.smt2
true label:[1, 1, 2]
true label rank:[1 1 2]
predicted label:tf.Tensor([18.302233 13.62411   9.153639], shape=(3,), dtype=float32)
rounded label:tf.Tensor([18. 14.  9.], shape=(3,), dtype=float32)
predicted label rank:[3 2 1]
mse:tf.Tensor(169.96999, shape=(), dtype=float32)
-------
../benchmarks/LIA-lin-noInterval-trainData-datafold-graphs/test_data/nest-if3_true-unreach-call.c.flat_000.smt2
true label:[999999, 999999, 999998, 999998, 999999, 999998]
true label rank:[2 2 1 1 2 1]
predicted label:tf.Tensor([ 6.0234785  7.685882  24.937984  17.220085   2.320378   2.1422203], shape=(6,), dtype=float32)
rounded label:tf.Tensor([ 6.  8. 25. 17.  2.  2.], shape=(6,), dtype=float32)
predicted label rank:[2 3 5 4 1 1]
mse:tf.Tensor(999976900000.0, shape=(), dtype=float32)
-------
../benchmarks/LIA-lin-noInterval-trainData-datafold-graphs/test_data/bandec.smt2-0159_000.smt2
true label:[2, 3, 3, 1, 3, 3]
true label rank:[2 3 3 1 3 3]
predicted label:tf.Tensor([1.1339504  0.97238076 1.305953   1.482215   1.0277431  1.5737104 ], shape=(6,), dtype=float32)
rounded label:tf.Tensor([1. 1. 1. 1. 1. 2.], shape=(6,), dtype=float32)
predicted label rank:[1 1 1 1 1 2]
mse:tf.Tensor(2.3146179, shape=(), dtype=float32)
-------
../benchmarks/LIA-lin-noInterval-trainData-datafold-graphs/test_data/large_const_true-unreach-call.c.flat_000.smt2
true label:[9, 8, 8, 9]
true label rank:[2 1 1 2]
predicted label:tf.Tensor([ 3.3202837  1.2751311 48.665726   2.3871605], shape=(4,), dtype=float32)
rounded label:tf.Tensor([ 3.  1. 49.  2.], shape=(4,), dtype=float32)
predicted label rank:[3 1 4 2]
mse:tf.Tensor(443.7285, shape=(), dtype=float32)
-------
../benchmarks/LIA-lin-noInterval-trainData-datafold-graphs/test_data/count_by_2_m_nest_000.smt2
true label:[272, 255, 17]
true label rank:[3 2 1]
predicted label:tf.Tensor([54.551105   1.8253208  1.5810752], shape=(3,), dtype=float32)
rounded label:tf.Tensor([55.  2.  2.], shape=(3,), dtype=float32)
predicted label rank:[2 1 1]
mse:tf.Tensor(37206.395, shape=(), dtype=float32)
-------
../benchmarks/LIA-lin-noInterval-trainData-datafold-graphs/test_data/four1.smt2-0027_000.smt2
true label:[3]
true label rank:[1]
predicted label:tf.Tensor([8.401281], shape=(1,), dtype=float32)
rounded label:tf.Tensor([8.], shape=(1,), dtype=float32)
predicted label rank:[1]
mse:tf.Tensor(29.17384, shape=(), dtype=float32)
-------
../benchmarks/LIA-lin-noInterval-trainData-datafold-graphs/test_data/bandec.smt2-0036_000.smt2
true label:[1, 3]
true label rank:[1 2]
predicted label:tf.Tensor([1.1165432 1.1162255], shape=(2,), dtype=float32)
rounded label:tf.Tensor([1. 1.], shape=(2,), dtype=float32)
predicted label rank:[1 1]
mse:tf.Tensor(1.7810943, shape=(), dtype=float32)
-------
../benchmarks/LIA-lin-noInterval-trainData-datafold-graphs/test_data/bandec.smt2-0260_000.smt2
true label:[2, 2, 3, 1, 2, 3, 3, 1, 3, 3]
true label rank:[2 2 3 1 2 3 3 1 3 3]
predicted label:tf.Tensor(
[2.4642851 8.26202   2.2847593 1.3690875 1.5334201 1.566047  1.482737
 1.0932487 1.293046  1.1601168], shape=(10,), dtype=float32)
rounded label:tf.Tensor([2. 8. 2. 1. 2. 2. 1. 1. 1. 1.], shape=(10,), dtype=float32)
predicted label rank:[2 3 2 1 2 2 1 1 1 1]
mse:tf.Tensor(5.0959816, shape=(), dtype=float32)
-------
mean(mse_list):61101530000.0
