best_valid_epoch:3.0
train loss:0.035561714
valid loss:0.2029003
test loss list:tf.Tensor(0.21548642, shape=(), dtype=float32)
mean test loss:0.21548642
mean loss list:tf.Tensor(0.22958452, shape=(), dtype=float32)
mean mean loss:0.22958452
accuracy list:[<tf.Tensor: shape=(), dtype=float64, numpy=0.6532286835533357>]
mean accuracy:0.6532286835533357
-------
../benchmarks/LIA-lin-noInterval-trainData-datafold-graphs/test_data/diamond_1-1.c-1_000.smt2
true label:[1, 1]
true label rank:[1 1]
predicted label:tf.Tensor([0.49367794 0.513105  ], shape=(2,), dtype=float32)
rounded label:tf.Tensor([0. 1.], shape=(2,), dtype=float32)
predicted label rank:[1 2]
mse:tf.Tensor(0.24671438, shape=(), dtype=float32)
-------
../benchmarks/LIA-lin-noInterval-trainData-datafold-graphs/test_data/count_by_2_m_nest_000.smt2
true label:[1, 1, 1]
true label rank:[1 1 1]
predicted label:tf.Tensor([0.509059  0.5128743 0.5148258], shape=(3,), dtype=float32)
rounded label:tf.Tensor([1. 1. 1.], shape=(3,), dtype=float32)
predicted label rank:[1 1 1]
mse:tf.Tensor(0.23790282, shape=(), dtype=float32)
-------
../benchmarks/LIA-lin-noInterval-trainData-datafold-graphs/test_data/chc-lia-lin-0115_000.smt2
true label:[0, 0, 0, 0, 0, 0, 0, 0, 0, 0, 0, 0]
true label rank:[1 1 1 1 1 1 1 1 1 1 1 1]
predicted label:tf.Tensor(
[0.22944939 0.09555668 0.0037088  0.00127844 0.42177233 0.00625363
 0.02867952 0.00071597 0.07942273 0.0008962  0.00131138 0.01923817], shape=(12,), dtype=float32)
rounded label:tf.Tensor([0. 0. 0. 0. 0. 0. 0. 0. 0. 0. 0. 0.], shape=(12,), dtype=float32)
predicted label rank:[1 1 1 1 1 1 1 1 1 1 1 1]
mse:tf.Tensor(0.020602344, shape=(), dtype=float32)
-------
../benchmarks/LIA-lin-noInterval-trainData-datafold-graphs/test_data/dillig17.c_000.smt2
true label:[0, 0, 0, 0, 0, 0, 0, 0, 0]
true label rank:[1 1 1 1 1 1 1 1 1]
predicted label:tf.Tensor(
[0.23551814 0.13929075 0.02639979 0.00492096 0.34213722 0.06273627
 0.05285886 0.00680362 0.04257423], shape=(9,), dtype=float32)
rounded label:tf.Tensor([0. 0. 0. 0. 0. 0. 0. 0. 0.], shape=(9,), dtype=float32)
predicted label rank:[1 1 1 1 1 1 1 1 1]
mse:tf.Tensor(0.022359833, shape=(), dtype=float32)
-------
../benchmarks/LIA-lin-noInterval-trainData-datafold-graphs/test_data/chc-lia-lin-0031_000.smt2
true label:[1, 1, 1]
true label rank:[1 1 1]
predicted label:tf.Tensor([0.51192135 0.5137273  0.5220714 ], shape=(3,), dtype=float32)
rounded label:tf.Tensor([1. 1. 1.], shape=(3,), dtype=float32)
predicted label rank:[1 1 1]
mse:tf.Tensor(0.23436588, shape=(), dtype=float32)
-------
../benchmarks/LIA-lin-noInterval-trainData-datafold-graphs/test_data/28.c_000.smt2
true label:[0, 1, 1, 0, 1, 1, 1, 0, 1, 0]
true label rank:[1 2 2 1 2 2 2 1 2 1]
predicted label:tf.Tensor(
[0.49907237 0.51474136 0.5253595  0.5161441  0.5012207  0.5128486
 0.49379104 0.5142972  0.51118606 0.5162041 ], shape=(10,), dtype=float32)
rounded label:tf.Tensor([0. 1. 1. 1. 1. 1. 0. 1. 1. 1.], shape=(10,), dtype=float32)
predicted label rank:[1 2 2 2 2 2 1 2 2 2]
mse:tf.Tensor(0.24884896, shape=(), dtype=float32)
-------
../benchmarks/LIA-lin-noInterval-trainData-datafold-graphs/test_data/stalmark_000.smt2
true label:[0, 0, 0, 0, 0, 0]
true label rank:[1 1 1 1 1 1]
predicted label:tf.Tensor([0.35597867 0.46616337 0.3928373  0.35005763 0.42321232 0.4576479 ], shape=(6,), dtype=float32)
rounded label:tf.Tensor([0. 0. 0. 0. 0. 0.], shape=(6,), dtype=float32)
predicted label rank:[1 1 1 1 1 1]
mse:tf.Tensor(0.16824014, shape=(), dtype=float32)
-------
../benchmarks/LIA-lin-noInterval-trainData-datafold-graphs/test_data/while_after_while_if_merged_safe.c-1_000.smt2
true label:[1, 0, 0, 0, 0, 1, 0, 0, 1, 0, 1, 1, 0, 0, 0, 1, 1, 0]
true label rank:[2 1 1 1 1 2 1 1 2 1 2 2 1 1 1 2 2 1]
predicted label:tf.Tensor(
[0.50229913 0.5098455  0.5068652  0.51277095 0.4667375  0.5119399
 0.5052203  0.50372887 0.50837785 0.49413094 0.50823057 0.47899243
 0.4961953  0.5113132  0.51466405 0.51495    0.5126716  0.5112019 ], shape=(18,), dtype=float32)
rounded label:tf.Tensor([1. 1. 1. 1. 0. 1. 1. 1. 1. 0. 1. 0. 0. 1. 1. 1. 1. 1.], shape=(18,), dtype=float32)
predicted label rank:[2 2 2 2 1 2 2 2 2 1 2 1 1 2 2 2 2 2]
mse:tf.Tensor(0.24990529, shape=(), dtype=float32)
-------
../benchmarks/LIA-lin-noInterval-trainData-datafold-graphs/test_data/barthe2-big2_merged_safe.c-1_000.smt2
true label:[0, 1, 0, 1, 1, 1, 1, 0, 1, 1, 1, 1]
true label rank:[1 2 1 2 2 2 2 1 2 2 2 2]
predicted label:tf.Tensor(
[0.50921077 0.5113107  0.5022498  0.49698335 0.48915675 0.50439996
 0.48056108 0.49295828 0.5017425  0.49077523 0.4827622  0.48951277], shape=(12,), dtype=float32)
rounded label:tf.Tensor([1. 1. 1. 0. 0. 1. 0. 0. 1. 0. 0. 0.], shape=(12,), dtype=float32)
predicted label rank:[2 2 2 1 1 2 1 1 2 1 1 1]
mse:tf.Tensor(0.25487506, shape=(), dtype=float32)
-------
../benchmarks/LIA-lin-noInterval-trainData-datafold-graphs/test_data/chc-lia-lin-0018_000.smt2
true label:[1, 0]
true label rank:[2 1]
predicted label:tf.Tensor([0.50122356 0.511178  ], shape=(2,), dtype=float32)
rounded label:tf.Tensor([1. 1.], shape=(2,), dtype=float32)
predicted label rank:[1 1]
mse:tf.Tensor(0.25504047, shape=(), dtype=float32)
-------
../benchmarks/LIA-lin-noInterval-trainData-datafold-graphs/test_data/bandec.smt2-0159_000.smt2
true label:[1, 0, 0, 1, 1, 0, 1, 1, 1, 0, 0, 1, 1]
true label rank:[2 1 1 2 2 1 2 2 2 1 1 2 2]
predicted label:tf.Tensor(
[0.4693961  0.4897617  0.49298128 0.49037302 0.4961884  0.47461975
 0.50503075 0.44564527 0.46779332 0.46063584 0.48300046 0.44905
 0.436928  ], shape=(13,), dtype=float32)
rounded label:tf.Tensor([0. 0. 0. 0. 0. 0. 1. 0. 0. 0. 0. 0. 0.], shape=(13,), dtype=float32)
predicted label rank:[1 1 1 1 1 1 2 1 1 1 1 1 1]
mse:tf.Tensor(0.26191276, shape=(), dtype=float32)
-------
../benchmarks/LIA-lin-noInterval-trainData-datafold-graphs/test_data/test_locks_8.c-1_000.smt2
true label:[0, 0, 1, 0, 1, 0, 1, 0, 1, 0, 1, 0, 1, 0, 1, 0, 1, 0, 1, 0, 1, 0, 1, 0, 1, 0, 1, 0, 1, 0, 1, 0, 0, 0, 0, 0, 0, 0, 0, 0, 0, 0, 0, 0, 0, 0, 0, 1, 0, 0, 0, 0, 1, 0, 1, 0, 1, 0, 1, 0, 1, 0, 0, 0, 1, 0, 1, 0, 1, 0, 1, 0, 1, 0, 1, 0, 0, 0, 0, 0, 0, 0, 1, 0, 1, 0, 0, 0, 0, 0, 0, 1, 0, 1, 0, 1, 0, 1, 0, 1, 0, 1, 0, 1, 0, 0, 0, 0, 0, 1, 0, 1, 0, 0, 0, 0, 0, 0, 0, 0, 0, 0, 0, 1, 0, 1, 0, 1, 0, 1, 0, 1, 0, 1, 0, 1, 0, 1, 0, 1, 0, 1, 0, 0]
true label rank:[1 1 2 1 2 1 2 1 2 1 2 1 2 1 2 1 2 1 2 1 2 1 2 1 2 1 2 1 2 1 2 1 1 1 1 1 1
 1 1 1 1 1 1 1 1 1 1 2 1 1 1 1 2 1 2 1 2 1 2 1 2 1 1 1 2 1 2 1 2 1 2 1 2 1
 2 1 1 1 1 1 1 1 2 1 2 1 1 1 1 1 1 2 1 2 1 2 1 2 1 2 1 2 1 2 1 1 1 1 1 2 1
 2 1 1 1 1 1 1 1 1 1 1 1 2 1 2 1 2 1 2 1 2 1 2 1 2 1 2 1 2 1 2 1 1]
predicted label:tf.Tensor(
[0.47452107 0.438566   0.39572582 0.4664559  0.37090108 0.4425517
 0.44225976 0.39170286 0.36693224 0.37611824 0.4009199  0.35328415
 0.36329776 0.4106284  0.3750042  0.4286397  0.37197727 0.3949554
 0.30005738 0.4085623  0.40713826 0.3590672  0.37734553 0.2661154
 0.43613815 0.33135274 0.34663948 0.3783738  0.34664997 0.38964182
 0.36943012 0.46069232 0.49159244 0.49859396 0.49385366 0.46484512
 0.5089433  0.51452136 0.49531165 0.4396582  0.4333487  0.49247867
 0.46900824 0.44780952 0.47044536 0.48013827 0.44159418 0.4454543
 0.30479148 0.37890387 0.3344142  0.3752283  0.34749815 0.42367756
 0.3680901  0.32255858 0.33514354 0.35500202 0.40305656 0.33028397
 0.41104028 0.3809017  0.42197627 0.38993815 0.27701908 0.3626414
 0.34885547 0.3198275  0.37855166 0.34943953 0.3440323  0.40321285
 0.31860727 0.4131917  0.3233061  0.40279332 0.38594627 0.39204502
 0.42193186 0.4147839  0.4085206  0.42271182 0.398696   0.3880242
 0.38573682 0.38441136 0.41971228 0.39447978 0.40833557 0.38708526
 0.4226872  0.4472916  0.49131742 0.4188733  0.39996314 0.37783548
 0.49925748 0.48090187 0.473959   0.47423476 0.46534723 0.46209177
 0.50338477 0.47624412 0.5023303  0.51113576 0.4435357  0.42640996
 0.46101972 0.4918884  0.4742854  0.51071936 0.46677667 0.47040594
 0.5043755  0.53346896 0.46130854 0.45583943 0.5047908  0.4590292
 0.48717502 0.49359277 0.51012796 0.5162395  0.49734932 0.51230764
 0.49023882 0.51951104 0.5121008  0.51217353 0.48203814 0.48757574
 0.47456884 0.46743008 0.48989093 0.4764882  0.48447517 0.48736385
 0.4911195  0.5091657  0.48133576 0.4988066  0.46039006 0.47902516], shape=(144,), dtype=float32)
rounded label:tf.Tensor(
[0. 0. 0. 0. 0. 0. 0. 0. 0. 0. 0. 0. 0. 0. 0. 0. 0. 0. 0. 0. 0. 0. 0. 0.
 0. 0. 0. 0. 0. 0. 0. 0. 0. 0. 0. 0. 1. 1. 0. 0. 0. 0. 0. 0. 0. 0. 0. 0.
 0. 0. 0. 0. 0. 0. 0. 0. 0. 0. 0. 0. 0. 0. 0. 0. 0. 0. 0. 0. 0. 0. 0. 0.
 0. 0. 0. 0. 0. 0. 0. 0. 0. 0. 0. 0. 0. 0. 0. 0. 0. 0. 0. 0. 0. 0. 0. 0.
 0. 0. 0. 0. 0. 0. 1. 0. 1. 1. 0. 0. 0. 0. 0. 1. 0. 0. 1. 1. 0. 0. 1. 0.
 0. 0. 1. 1. 0. 1. 0. 1. 1. 1. 0. 0. 0. 0. 0. 0. 0. 0. 0. 1. 0. 0. 0. 0.], shape=(144,), dtype=float32)
predicted label rank:[1 1 1 1 1 1 1 1 1 1 1 1 1 1 1 1 1 1 1 1 1 1 1 1 1 1 1 1 1 1 1 1 1 1 1 1 2
 2 1 1 1 1 1 1 1 1 1 1 1 1 1 1 1 1 1 1 1 1 1 1 1 1 1 1 1 1 1 1 1 1 1 1 1 1
 1 1 1 1 1 1 1 1 1 1 1 1 1 1 1 1 1 1 1 1 1 1 1 1 1 1 1 1 2 1 2 2 1 1 1 1 1
 2 1 1 2 2 1 1 2 1 1 1 2 2 1 2 1 2 2 2 1 1 1 1 1 1 1 1 1 2 1 1 1 1]
mse:tf.Tensor(0.24419297, shape=(), dtype=float32)
-------
../benchmarks/LIA-lin-noInterval-trainData-datafold-graphs/test_data/nest-if.c_000.smt2
true label:[0, 0, 0, 0, 0, 0, 0, 0]
true label rank:[1 1 1 1 1 1 1 1]
predicted label:tf.Tensor(
[0.347816   0.28993323 0.01010756 0.03113577 0.33522886 0.02759568
 0.04902225 0.00312735], shape=(8,), dtype=float32)
rounded label:tf.Tensor([0. 0. 0. 0. 0. 0. 0. 0.], shape=(8,), dtype=float32)
predicted label rank:[1 1 1 1 1 1 1 1]
mse:tf.Tensor(0.040207714, shape=(), dtype=float32)
-------
../benchmarks/LIA-lin-noInterval-trainData-datafold-graphs/test_data/tridag.smt2-0024_000.smt2
true label:[1, 1, 1, 1]
true label rank:[1 1 1 1]
predicted label:tf.Tensor([0.5085292 0.5105914 0.5085753 0.5071099], shape=(4,), dtype=float32)
rounded label:tf.Tensor([1. 1. 1. 1.], shape=(4,), dtype=float32)
predicted label rank:[1 1 1 1]
mse:tf.Tensor(0.2413758, shape=(), dtype=float32)
-------
../benchmarks/LIA-lin-noInterval-trainData-datafold-graphs/test_data/durationThm_2_e1_118_000.smt2
true label:[1, 1, 0, 0, 1, 1, 1, 1, 0, 0, 0, 0, 0, 0, 1, 1, 1, 1, 1, 0, 0, 0, 0]
true label rank:[2 2 1 1 2 2 2 2 1 1 1 1 1 1 2 2 2 2 2 1 1 1 1]
predicted label:tf.Tensor(
[1.5047769e-01 7.8895926e-02 6.7744276e-04 4.2410815e-05 2.9604140e-01
 2.8237587e-02 1.3104356e-02 1.4398558e-03 1.1033814e-02 9.6771422e-05
 8.8653826e-05 6.0071312e-03 1.4757871e-02 5.4259780e-03 5.7885253e-01
 4.4439608e-01 5.4027259e-01 5.4093802e-01 4.1426718e-01 2.9105106e-01
 9.2698522e-02 2.7993956e-01 5.5929836e-02], shape=(23,), dtype=float32)
rounded label:tf.Tensor([0. 0. 0. 0. 0. 0. 0. 0. 0. 0. 0. 0. 0. 0. 1. 0. 1. 1. 0. 0. 0. 0. 0.], shape=(23,), dtype=float32)
predicted label rank:[1 1 1 1 1 1 1 1 1 1 1 1 1 1 2 1 2 2 1 1 1 1 1]
mse:tf.Tensor(0.27858785, shape=(), dtype=float32)
-------
../benchmarks/LIA-lin-noInterval-trainData-datafold-graphs/test_data/chc-lia-lin-0017_000.smt2
true label:[0, 0, 0, 0, 0, 0, 0, 0]
true label rank:[1 1 1 1 1 1 1 1]
predicted label:tf.Tensor(
[0.4925239  0.5092253  0.5121073  0.49626562 0.49106976 0.513298
 0.5014154  0.5096739 ], shape=(8,), dtype=float32)
rounded label:tf.Tensor([0. 1. 1. 0. 0. 1. 1. 1.], shape=(8,), dtype=float32)
predicted label rank:[1 2 2 1 1 2 2 2]
mse:tf.Tensor(0.2532791, shape=(), dtype=float32)
-------
../benchmarks/LIA-lin-noInterval-trainData-datafold-graphs/test_data/chc-lia-lin-0102_000.smt2
true label:[1, 1]
true label rank:[1 1]
predicted label:tf.Tensor([0.509484  0.5110413], shape=(2,), dtype=float32)
rounded label:tf.Tensor([1. 1.], shape=(2,), dtype=float32)
predicted label rank:[1 1]
mse:tf.Tensor(0.23984328, shape=(), dtype=float32)
-------
../benchmarks/LIA-lin-noInterval-trainData-datafold-graphs/test_data/count_by_1_variant_true-unreach-call.c.flat_000.smt2
true label:[1]
true label rank:[1]
predicted label:tf.Tensor([0.50932884], shape=(1,), dtype=float32)
rounded label:tf.Tensor([1.], shape=(1,), dtype=float32)
predicted label rank:[1]
mse:tf.Tensor(0.24075818, shape=(), dtype=float32)
-------
../benchmarks/LIA-lin-noInterval-trainData-datafold-graphs/test_data/loop__while_after_while_if_000.smt2
true label:[0, 0, 0, 1, 0, 0, 1, 0, 1, 1, 0, 1, 0, 1]
true label rank:[1 1 1 2 1 1 2 1 2 2 1 2 1 2]
predicted label:tf.Tensor(
[0.514847   0.50229144 0.51683855 0.50140727 0.47656372 0.5117744
 0.4348951  0.459208   0.49084994 0.48505944 0.4707798  0.48491183
 0.4902157  0.48548794], shape=(14,), dtype=float32)
rounded label:tf.Tensor([1. 1. 1. 1. 0. 1. 0. 0. 0. 0. 0. 0. 0. 0.], shape=(14,), dtype=float32)
predicted label rank:[2 2 2 2 1 2 1 1 1 1 1 1 1 1]
mse:tf.Tensor(0.2549074, shape=(), dtype=float32)
-------
../benchmarks/LIA-lin-noInterval-trainData-datafold-graphs/test_data/minepump_spec3_product49_true-unreach-call.cil.c.flat_000.smt2
true label:[1, 1, 0, 1, 1]
true label rank:[2 2 1 2 2]
predicted label:tf.Tensor([1.4194569e-01 1.3056295e-02 2.2333369e-03 6.4557236e-05 7.1429193e-01], shape=(5,), dtype=float32)
rounded label:tf.Tensor([0. 0. 0. 0. 1.], shape=(5,), dtype=float32)
predicted label rank:[1 1 1 1 2]
mse:tf.Tensor(0.558364, shape=(), dtype=float32)
-------
../benchmarks/LIA-lin-noInterval-trainData-datafold-graphs/test_data/barthe2_merged_safe.c-1_000.smt2
true label:[0, 1, 1, 1, 1, 1, 1, 1, 1, 1]
true label rank:[1 2 2 2 2 2 2 2 2 2]
predicted label:tf.Tensor(
[0.49126562 0.5098673  0.52219534 0.50541514 0.4902951  0.50675124
 0.49154714 0.5045809  0.51119506 0.5116913 ], shape=(10,), dtype=float32)
rounded label:tf.Tensor([0. 1. 1. 1. 0. 1. 0. 1. 1. 1.], shape=(10,), dtype=float32)
predicted label rank:[1 2 2 2 1 2 1 2 2 2]
mse:tf.Tensor(0.24389172, shape=(), dtype=float32)
-------
../benchmarks/LIA-lin-noInterval-trainData-datafold-graphs/test_data/chc-lia-lin-0036_000.smt2
true label:[0, 0, 0, 0, 0, 0]
true label rank:[1 1 1 1 1 1]
predicted label:tf.Tensor([0.19973384 0.3314061  0.17633237 0.14992625 0.3376949  0.26110956], shape=(6,), dtype=float32)
rounded label:tf.Tensor([0. 0. 0. 0. 0. 0.], shape=(6,), dtype=float32)
predicted label rank:[1 1 1 1 1 1]
mse:tf.Tensor(0.06425177, shape=(), dtype=float32)
-------
../benchmarks/LIA-lin-noInterval-trainData-datafold-graphs/test_data/spline-fixed.smt2-0008_000.smt2
true label:[0, 1]
true label rank:[1 2]
predicted label:tf.Tensor([0.5178673  0.51424485], shape=(2,), dtype=float32)
rounded label:tf.Tensor([1. 1.], shape=(2,), dtype=float32)
predicted label rank:[1 1]
mse:tf.Tensor(0.2520723, shape=(), dtype=float32)
-------
../benchmarks/LIA-lin-noInterval-trainData-datafold-graphs/test_data/jm2006_true-unreach-call.c.flat_000.smt2
true label:[0, 0, 0, 0]
true label rank:[1 1 1 1]
predicted label:tf.Tensor([0.5107358  0.5103786  0.52077955 0.51006365], shape=(4,), dtype=float32)
rounded label:tf.Tensor([1. 1. 1. 1.], shape=(4,), dtype=float32)
predicted label rank:[1 1 1 1]
mse:tf.Tensor(0.2631784, shape=(), dtype=float32)
-------
../benchmarks/LIA-lin-noInterval-trainData-datafold-graphs/test_data/chc-lia-lin-0091_000.smt2
true label:[0, 1, 1, 0, 0, 0, 1, 1, 0, 0, 0, 1, 1, 0, 0, 0, 1, 1, 0, 0, 1, 1, 0]
true label rank:[1 2 2 1 1 1 2 2 1 1 1 2 2 1 1 1 2 2 1 1 2 2 1]
predicted label:tf.Tensor(
[0.47517025 0.50296694 0.49994695 0.49187884 0.4635451  0.50685275
 0.48509493 0.5060661  0.50296557 0.50358856 0.5032776  0.48543158
 0.48930478 0.50391465 0.49889833 0.511776   0.50949186 0.49978247
 0.47677055 0.4755457  0.48039833 0.481297   0.47447276], shape=(23,), dtype=float32)
rounded label:tf.Tensor([0. 1. 0. 0. 0. 1. 0. 1. 1. 1. 1. 0. 0. 1. 0. 1. 1. 0. 0. 0. 0. 0. 0.], shape=(23,), dtype=float32)
predicted label rank:[1 2 1 1 1 2 1 2 2 2 2 1 1 2 1 2 2 1 1 1 1 1 1]
mse:tf.Tensor(0.24801433, shape=(), dtype=float32)
-------
../benchmarks/LIA-lin-noInterval-trainData-datafold-graphs/test_data/break_single_merged_safe.c-1_000.smt2
true label:[0, 1, 0, 1, 1]
true label rank:[1 2 1 2 2]
predicted label:tf.Tensor([0.5012876  0.5124894  0.50372994 0.5067237  0.49743298], shape=(5,), dtype=float32)
rounded label:tf.Tensor([1. 1. 1. 1. 0.], shape=(5,), dtype=float32)
predicted label rank:[2 2 2 2 1]
mse:tf.Tensor(0.24771897, shape=(), dtype=float32)
-------
../benchmarks/LIA-lin-noInterval-trainData-datafold-graphs/test_data/NetBSD_g_Ctoc.c_000.smt2
true label:[0, 0, 0, 0, 0, 0, 0, 0, 0, 0]
true label rank:[1 1 1 1 1 1 1 1 1 1]
predicted label:tf.Tensor(
[4.1626185e-02 1.4551094e-02 7.7434655e-05 2.4859721e-06 5.9357631e-01
 3.8370732e-04 2.9188152e-03 8.6066266e-06 2.8589133e-03 1.5680284e-03], shape=(10,), dtype=float32)
rounded label:tf.Tensor([0. 0. 0. 0. 1. 0. 0. 0. 0. 0.], shape=(10,), dtype=float32)
predicted label rank:[1 1 1 1 2 1 1 1 1 1]
mse:tf.Tensor(0.035429664, shape=(), dtype=float32)
-------
../benchmarks/LIA-lin-noInterval-trainData-datafold-graphs/test_data/NetBSD_glob3_iny.c_000.smt2
true label:[0, 0, 0, 0, 0, 0, 0, 0, 0, 0]
true label rank:[1 1 1 1 1 1 1 1 1 1]
predicted label:tf.Tensor(
[1.2482655e-02 1.8880346e-03 1.7525274e-06 6.5972046e-08 6.9722605e-01
 1.1219065e-04 6.4125500e-04 3.0815483e-09 1.0245077e-04 1.4994661e-05], shape=(10,), dtype=float32)
rounded label:tf.Tensor([0. 0. 0. 0. 1. 0. 0. 0. 0. 0.], shape=(10,), dtype=float32)
predicted label rank:[1 1 1 1 2 1 1 1 1 1]
mse:tf.Tensor(0.048628397, shape=(), dtype=float32)
-------
../benchmarks/LIA-lin-noInterval-trainData-datafold-graphs/test_data/25.c_000.smt2
true label:[0, 1, 1, 1, 1, 0, 0, 1, 1, 1, 1, 0, 0, 1, 1, 1, 1, 0, 0, 1, 1, 1, 1, 0, 0, 1, 1, 1, 1, 0]
true label rank:[1 2 2 2 2 1 1 2 2 2 2 1 1 2 2 2 2 1 1 2 2 2 2 1 1 2 2 2 2 1]
predicted label:tf.Tensor(
[0.49716797 0.5016503  0.51736784 0.49353525 0.47432482 0.508151
 0.49461436 0.477976   0.45095795 0.43993202 0.45013985 0.45289147
 0.49952683 0.4936128  0.51098055 0.5032339  0.5051977  0.5050669
 0.43545336 0.50193924 0.4816266  0.4782008  0.47234574 0.44015557
 0.43698332 0.41933334 0.4341217  0.42318508 0.41266873 0.42717096], shape=(30,), dtype=float32)
rounded label:tf.Tensor(
[0. 1. 1. 0. 0. 1. 0. 0. 0. 0. 0. 0. 0. 0. 1. 1. 1. 1. 0. 1. 0. 0. 0. 0.
 0. 0. 0. 0. 0. 0.], shape=(30,), dtype=float32)
predicted label rank:[1 2 2 1 1 2 1 1 1 1 1 1 1 1 2 2 2 2 1 2 1 1 1 1 1 1 1 1 1 1]
mse:tf.Tensor(0.26034558, shape=(), dtype=float32)
-------
../benchmarks/LIA-lin-noInterval-trainData-datafold-graphs/test_data/02.c_000.smt2
true label:[0, 0, 1, 1, 1, 1, 0, 0, 1, 1, 1, 1, 0, 0, 1, 1, 1, 1]
true label rank:[1 1 2 2 2 2 1 1 2 2 2 2 1 1 2 2 2 2]
predicted label:tf.Tensor(
[0.4981409  0.50375485 0.5125873  0.50161237 0.4800303  0.5087246
 0.49530643 0.49594975 0.50113493 0.49649313 0.502602   0.49587932
 0.47409508 0.50040764 0.5051299  0.51031446 0.48491222 0.5071391 ], shape=(18,), dtype=float32)
rounded label:tf.Tensor([0. 1. 1. 1. 0. 1. 0. 0. 1. 0. 1. 0. 0. 1. 1. 1. 0. 1.], shape=(18,), dtype=float32)
predicted label rank:[1 2 2 2 1 2 1 1 2 1 2 1 1 2 2 2 1 2]
mse:tf.Tensor(0.24793927, shape=(), dtype=float32)
-------
../benchmarks/LIA-lin-noInterval-trainData-datafold-graphs/test_data/bandec.smt2-0033_000.smt2
true label:[1, 1, 1]
true label rank:[1 1 1]
predicted label:tf.Tensor([0.5196453 0.5128221 0.5216066], shape=(3,), dtype=float32)
rounded label:tf.Tensor([1. 1. 1.], shape=(3,), dtype=float32)
predicted label rank:[1 1 1]
mse:tf.Tensor(0.2323144, shape=(), dtype=float32)
-------
../benchmarks/LIA-lin-noInterval-trainData-datafold-graphs/test_data/nest-if1.c_000.smt2
true label:[0, 0, 0, 0, 0, 0, 0, 0, 0]
true label rank:[1 1 1 1 1 1 1 1 1]
predicted label:tf.Tensor(
[0.22139882 0.12777138 0.02441991 0.00430683 0.35380444 0.06287199
 0.04876367 0.00570488 0.03640573], shape=(9,), dtype=float32)
rounded label:tf.Tensor([0. 0. 0. 0. 0. 0. 0. 0. 0.], shape=(9,), dtype=float32)
predicted label rank:[1 1 1 1 1 1 1 1 1]
mse:tf.Tensor(0.022091571, shape=(), dtype=float32)
-------
../benchmarks/LIA-lin-noInterval-trainData-datafold-graphs/test_data/bandec.smt2-0188_000.smt2
true label:[1, 0, 0, 1, 1, 1, 1, 1, 0, 0, 1, 1]
true label rank:[2 1 1 2 2 2 2 2 1 1 2 2]
predicted label:tf.Tensor(
[0.51425064 0.50905466 0.4816478  0.5111537  0.5062678  0.51030064
 0.51223123 0.5177929  0.508665   0.49303964 0.4982775  0.51197404], shape=(12,), dtype=float32)
rounded label:tf.Tensor([1. 1. 0. 1. 1. 1. 1. 1. 1. 0. 0. 1.], shape=(12,), dtype=float32)
predicted label rank:[2 2 1 2 2 2 2 2 2 1 1 2]
mse:tf.Tensor(0.24264888, shape=(), dtype=float32)
-------
../benchmarks/LIA-lin-noInterval-trainData-datafold-graphs/test_data/chc-lia-lin-0002_000.smt2
true label:[1, 0]
true label rank:[2 1]
predicted label:tf.Tensor([0.5102941 0.5143159], shape=(2,), dtype=float32)
rounded label:tf.Tensor([1. 1.], shape=(2,), dtype=float32)
predicted label rank:[1 1]
mse:tf.Tensor(0.25216636, shape=(), dtype=float32)
-------
../benchmarks/LIA-lin-noInterval-trainData-datafold-graphs/test_data/four1.smt2-0033_000.smt2
true label:[1, 0, 1, 1, 0, 1, 0, 0, 0, 0, 0, 0, 0, 0, 0, 0, 0, 0, 1, 1]
true label rank:[2 1 2 2 1 2 1 1 1 1 1 1 1 1 1 1 1 1 2 2]
predicted label:tf.Tensor(
[0.51479673 0.5100645  0.51527286 0.51486987 0.27760285 0.34533352
 0.34705102 0.33149406 0.28852177 0.29791817 0.3070019  0.28126895
 0.29495892 0.35253602 0.3028103  0.31418556 0.31519875 0.3014261
 0.27359575 0.2864712 ], shape=(20,), dtype=float32)
rounded label:tf.Tensor([1. 1. 1. 1. 0. 0. 0. 0. 0. 0. 0. 0. 0. 0. 0. 0. 0. 0. 0. 0.], shape=(20,), dtype=float32)
predicted label rank:[2 2 2 2 1 1 1 1 1 1 1 1 1 1 1 1 1 1 1 1]
mse:tf.Tensor(0.1837965, shape=(), dtype=float32)
-------
../benchmarks/LIA-lin-noInterval-trainData-datafold-graphs/test_data/id_build.i.p+sep-reducer.c-1_000.smt2
true label:[1, 1, 1]
true label rank:[1 1 1]
predicted label:tf.Tensor([0.47924802 0.519438   0.5121183 ], shape=(3,), dtype=float32)
rounded label:tf.Tensor([0. 1. 1.], shape=(3,), dtype=float32)
predicted label rank:[1 2 2]
mse:tf.Tensor(0.24671699, shape=(), dtype=float32)
-------
../benchmarks/LIA-lin-noInterval-trainData-datafold-graphs/test_data/chc-lia-lin-0028_000.smt2
true label:[0, 0, 1, 0, 1]
true label rank:[1 1 2 1 2]
predicted label:tf.Tensor([0.49259713 0.5091941  0.5135249  0.50272053 0.48584965], shape=(5,), dtype=float32)
rounded label:tf.Tensor([0. 1. 1. 1. 0.], shape=(5,), dtype=float32)
predicted label rank:[1 2 2 2 1]
mse:tf.Tensor(0.2511334, shape=(), dtype=float32)
-------
../benchmarks/LIA-lin-noInterval-trainData-datafold-graphs/test_data/spline-fixed.smt2-0001_000.smt2
true label:[1, 1]
true label rank:[1 1]
predicted label:tf.Tensor([0.5178673  0.51424485], shape=(2,), dtype=float32)
rounded label:tf.Tensor([1. 1.], shape=(2,), dtype=float32)
predicted label rank:[1 1]
mse:tf.Tensor(0.23420498, shape=(), dtype=float32)
-------
../benchmarks/LIA-lin-noInterval-trainData-datafold-graphs/test_data/bandec.smt2-0181_000.smt2
true label:[1, 1, 1, 1, 1, 0, 1, 1, 1, 0, 0, 0, 0, 0, 1, 1, 1, 0, 1, 0, 1, 1, 1, 0, 0, 0, 0, 0, 1, 1]
true label rank:[2 2 2 2 2 1 2 2 2 1 1 1 1 1 2 2 2 1 2 1 2 2 2 1 1 1 1 1 2 2]
predicted label:tf.Tensor(
[0.51420903 0.50691646 0.50357854 0.514231   0.47203916 0.38553998
 0.39314142 0.35282987 0.3095646  0.31895655 0.35331276 0.31104705
 0.3284834  0.37141728 0.332686   0.38052127 0.35140595 0.33583212
 0.3248476  0.37736255 0.37989154 0.37437665 0.364168   0.36039424
 0.38848054 0.36832726 0.37765098 0.40944725 0.36046824 0.3695774 ], shape=(30,), dtype=float32)
rounded label:tf.Tensor(
[1. 1. 1. 1. 0. 0. 0. 0. 0. 0. 0. 0. 0. 0. 0. 0. 0. 0. 0. 0. 0. 0. 0. 0.
 0. 0. 0. 0. 0. 0.], shape=(30,), dtype=float32)
predicted label rank:[2 2 2 2 1 1 1 1 1 1 1 1 1 1 1 1 1 1 1 1 1 1 1 1 1 1 1 1 1 1]
mse:tf.Tensor(0.2632009, shape=(), dtype=float32)
-------
../benchmarks/LIA-lin-noInterval-trainData-datafold-graphs/test_data/loop__loop_000.smt2
true label:[1, 1, 0, 0, 1]
true label rank:[2 2 1 1 2]
predicted label:tf.Tensor([0.4840356  0.51233405 0.5097316  0.49092883 0.4785086 ], shape=(5,), dtype=float32)
rounded label:tf.Tensor([0. 1. 1. 0. 0.], shape=(5,), dtype=float32)
predicted label rank:[1 2 2 1 1]
mse:tf.Tensor(0.2553656, shape=(), dtype=float32)
-------
../benchmarks/LIA-lin-noInterval-trainData-datafold-graphs/test_data/jm2006_variant_true-unreach-call.c.flat_000.smt2
true label:[1, 1, 1, 0, 1]
true label rank:[2 2 2 1 2]
predicted label:tf.Tensor([0.5121086  0.51030546 0.52398354 0.5136255  0.4753369 ], shape=(5,), dtype=float32)
rounded label:tf.Tensor([1. 1. 1. 1. 0.], shape=(5,), dtype=float32)
predicted label rank:[2 2 2 2 1]
mse:tf.Tensor(0.24870257, shape=(), dtype=float32)
-------
../benchmarks/LIA-lin-noInterval-trainData-datafold-graphs/test_data/test_locks_10.c-1_000.smt2
true label:[0, 1, 0, 1, 0, 1, 0, 1, 0, 1, 0, 1, 0, 1, 0, 1, 0, 0, 0, 1, 0, 1, 0, 1, 0, 1, 0, 1, 0, 1, 0, 0, 0, 0, 0, 0, 0, 0, 0, 0, 0, 1, 0, 1, 0, 1, 0, 1, 0, 0, 0, 0, 0, 0, 1, 0, 1, 0, 1, 0, 1, 0, 1, 0, 1, 0, 1, 0, 1, 0, 1, 0, 0, 0, 0, 0, 0, 0, 1, 0, 1, 0, 1, 0, 1, 0, 1, 0, 1, 0, 1, 0, 1, 0, 1, 0, 1, 0, 0, 0, 0, 0, 0, 0, 0, 1, 0, 1, 0, 1, 0, 0, 0, 0, 0, 0, 0, 0, 0, 0, 0, 0, 0, 0, 0, 0, 0, 0, 0, 0, 1, 0, 0, 0, 0, 0, 1, 0, 1, 0, 1, 0, 1, 0, 1, 0, 1, 0, 0, 0, 0, 1, 0, 1, 0, 1, 0, 1, 0, 1, 0, 1, 0, 1, 0, 1, 0, 1, 0, 0, 0, 0, 0, 0, 0, 0, 0, 0, 1, 0, 1, 0, 1, 0, 1, 0, 1, 0, 1, 0, 1, 0, 1, 0, 1, 0, 0, 0, 0, 0, 0, 0, 0, 0, 1, 0, 1, 0, 0, 0, 1, 0, 1, 0, 1, 0, 1, 0, 1, 0, 1, 0, 1, 0, 1]
true label rank:[1 2 1 2 1 2 1 2 1 2 1 2 1 2 1 2 1 1 1 2 1 2 1 2 1 2 1 2 1 2 1 1 1 1 1 1 1
 1 1 1 1 2 1 2 1 2 1 2 1 1 1 1 1 1 2 1 2 1 2 1 2 1 2 1 2 1 2 1 2 1 2 1 1 1
 1 1 1 1 2 1 2 1 2 1 2 1 2 1 2 1 2 1 2 1 2 1 2 1 1 1 1 1 1 1 1 2 1 2 1 2 1
 1 1 1 1 1 1 1 1 1 1 1 1 1 1 1 1 1 1 1 2 1 1 1 1 1 2 1 2 1 2 1 2 1 2 1 2 1
 1 1 1 2 1 2 1 2 1 2 1 2 1 2 1 2 1 2 1 2 1 1 1 1 1 1 1 1 1 1 2 1 2 1 2 1 2
 1 2 1 2 1 2 1 2 1 2 1 1 1 1 1 1 1 1 1 2 1 2 1 1 1 2 1 2 1 2 1 2 1 2 1 2 1
 2 1 2]
predicted label:tf.Tensor(
[0.46950552 0.48713663 0.44702137 0.4680653  0.34163177 0.4614414
 0.4535479  0.3758756  0.4040229  0.42219162 0.4294645  0.3390752
 0.3637952  0.47901848 0.49398544 0.41946995 0.3963076  0.4619583
 0.24463071 0.39336866 0.29621175 0.38294905 0.32166183 0.26004547
 0.4421992  0.2896472  0.30966967 0.42993122 0.31285384 0.41785306
 0.3009362  0.32961696 0.29887164 0.32206613 0.34503958 0.3433002
 0.42078584 0.4330889  0.34847954 0.34278676 0.32133052 0.4051347
 0.32539636 0.3545165  0.32756382 0.38359672 0.33535883 0.35983345
 0.32172757 0.36911955 0.34576142 0.34187856 0.32222837 0.4107833
 0.3335893  0.31570792 0.3442999  0.31654024 0.3628277  0.33751014
 0.40295112 0.36730248 0.41056418 0.48790947 0.3195019  0.40967065
 0.37052658 0.3772768  0.49735552 0.4463897  0.37849927 0.47872734
 0.45267856 0.4903741  0.3863242  0.41974285 0.3393402  0.28199604
 0.41750383 0.44288722 0.37315044 0.4369543  0.40449414 0.32195163
 0.3195532  0.3038082  0.40271467 0.3278766  0.3743404  0.3391931
 0.34666356 0.41996905 0.4762852  0.42577314 0.4191086  0.31836355
 0.32756618 0.44423074 0.34247777 0.34932733 0.39378056 0.3621071
 0.3785119  0.36796778 0.39307952 0.38161334 0.3728377  0.34082204
 0.34607252 0.3285146  0.3997615  0.45605618 0.36164472 0.4396806
 0.4624992  0.49215636 0.4242812  0.4343501  0.41855466 0.35741624
 0.38396078 0.3963924  0.48240072 0.4493664  0.4518147  0.42147684
 0.43042007 0.50484604 0.5091728  0.44303042 0.42866427 0.49153742
 0.4924847  0.42802444 0.48503822 0.5023491  0.5136254  0.4872889
 0.5083209  0.49682006 0.5112837  0.5162793  0.45704034 0.4437239
 0.49380946 0.41962376 0.48845977 0.44148847 0.44887498 0.44531685
 0.45113644 0.4991425  0.507789   0.49949786 0.45962724 0.48570538
 0.4603238  0.46115693 0.49554795 0.46649554 0.42102674 0.47461373
 0.48821762 0.49383503 0.51187664 0.5181202  0.51192874 0.5174458
 0.5147161  0.5101609  0.5093858  0.5075232  0.51668036 0.4933639
 0.4839907  0.45350775 0.43843946 0.4444346  0.44071093 0.41196638
 0.42276105 0.50984067 0.5025306  0.4507607  0.46791646 0.47524244
 0.43674675 0.47793478 0.42030784 0.40540603 0.4346284  0.44533587
 0.43273094 0.4253405  0.41495258 0.48525667 0.4885719  0.49290857
 0.49536395 0.51510876 0.5136423  0.4902904  0.4748047  0.51110333
 0.50670934 0.49339783 0.49836233 0.47530648 0.46041054 0.4332069
 0.43860325 0.5096311  0.49364492 0.46501148 0.47959825 0.43520907
 0.41014364 0.44955575 0.4334829  0.48125628 0.47993538 0.4187613
 0.43812227 0.43473098 0.44635898], shape=(225,), dtype=float32)
rounded label:tf.Tensor(
[0. 0. 0. 0. 0. 0. 0. 0. 0. 0. 0. 0. 0. 0. 0. 0. 0. 0. 0. 0. 0. 0. 0. 0.
 0. 0. 0. 0. 0. 0. 0. 0. 0. 0. 0. 0. 0. 0. 0. 0. 0. 0. 0. 0. 0. 0. 0. 0.
 0. 0. 0. 0. 0. 0. 0. 0. 0. 0. 0. 0. 0. 0. 0. 0. 0. 0. 0. 0. 0. 0. 0. 0.
 0. 0. 0. 0. 0. 0. 0. 0. 0. 0. 0. 0. 0. 0. 0. 0. 0. 0. 0. 0. 0. 0. 0. 0.
 0. 0. 0. 0. 0. 0. 0. 0. 0. 0. 0. 0. 0. 0. 0. 0. 0. 0. 0. 0. 0. 0. 0. 0.
 0. 0. 0. 0. 0. 0. 0. 1. 1. 0. 0. 0. 0. 0. 0. 1. 1. 0. 1. 0. 1. 1. 0. 0.
 0. 0. 0. 0. 0. 0. 0. 0. 1. 0. 0. 0. 0. 0. 0. 0. 0. 0. 0. 0. 1. 1. 1. 1.
 1. 1. 1. 1. 1. 0. 0. 0. 0. 0. 0. 0. 0. 1. 1. 0. 0. 0. 0. 0. 0. 0. 0. 0.
 0. 0. 0. 0. 0. 0. 0. 1. 1. 0. 0. 1. 1. 0. 0. 0. 0. 0. 0. 1. 0. 0. 0. 0.
 0. 0. 0. 0. 0. 0. 0. 0. 0.], shape=(225,), dtype=float32)
predicted label rank:[1 1 1 1 1 1 1 1 1 1 1 1 1 1 1 1 1 1 1 1 1 1 1 1 1 1 1 1 1 1 1 1 1 1 1 1 1
 1 1 1 1 1 1 1 1 1 1 1 1 1 1 1 1 1 1 1 1 1 1 1 1 1 1 1 1 1 1 1 1 1 1 1 1 1
 1 1 1 1 1 1 1 1 1 1 1 1 1 1 1 1 1 1 1 1 1 1 1 1 1 1 1 1 1 1 1 1 1 1 1 1 1
 1 1 1 1 1 1 1 1 1 1 1 1 1 1 1 1 2 2 1 1 1 1 1 1 2 2 1 2 1 2 2 1 1 1 1 1 1
 1 1 1 1 2 1 1 1 1 1 1 1 1 1 1 1 2 2 2 2 2 2 2 2 2 1 1 1 1 1 1 1 1 2 2 1 1
 1 1 1 1 1 1 1 1 1 1 1 1 1 1 2 2 1 1 2 2 1 1 1 1 1 1 2 1 1 1 1 1 1 1 1 1 1
 1 1 1]
mse:tf.Tensor(0.23278835, shape=(), dtype=float32)
-------
../benchmarks/LIA-lin-noInterval-trainData-datafold-graphs/test_data/bandec.smt2-0210_000.smt2
true label:[1, 1, 1, 1, 1, 1, 1, 1, 1, 0, 0, 1, 1, 0, 1, 1, 1, 0, 0, 1, 1]
true label rank:[2 2 2 2 2 2 2 2 2 1 1 2 2 1 2 2 2 1 1 2 2]
predicted label:tf.Tensor(
[0.5121299  0.51310235 0.51544493 0.51486784 0.49302343 0.5117421
 0.5054201  0.4669411  0.49588102 0.48494548 0.48896953 0.46119645
 0.4946555  0.5019167  0.49546543 0.5034415  0.48875132 0.48120907
 0.4681815  0.46940872 0.49342662], shape=(21,), dtype=float32)
rounded label:tf.Tensor([1. 1. 1. 1. 0. 1. 1. 0. 0. 0. 0. 0. 0. 1. 0. 1. 0. 0. 0. 0. 0.], shape=(21,), dtype=float32)
predicted label rank:[2 2 2 2 1 2 2 1 1 1 1 1 1 2 1 2 1 1 1 1 1]
mse:tf.Tensor(0.24984848, shape=(), dtype=float32)
-------
../benchmarks/LIA-lin-noInterval-trainData-datafold-graphs/test_data/underapprox_2-2.c-1_000.smt2
true label:[1, 0]
true label rank:[2 1]
predicted label:tf.Tensor([0.5098637  0.51493037], shape=(2,), dtype=float32)
rounded label:tf.Tensor([1. 1.], shape=(2,), dtype=float32)
predicted label rank:[1 1]
mse:tf.Tensor(0.25269344, shape=(), dtype=float32)
-------
../benchmarks/LIA-lin-noInterval-trainData-datafold-graphs/test_data/bandec.smt2-0238_000.smt2
true label:[1, 1, 1, 1, 1, 1, 1, 1, 0, 0, 1, 1, 0, 1, 1, 1, 0, 0, 1, 1]
true label rank:[2 2 2 2 2 2 2 2 1 1 2 2 1 2 2 2 1 1 2 2]
predicted label:tf.Tensor(
[0.5184171  0.5137832  0.5217386  0.51113844 0.5011385  0.51310486
 0.50713485 0.4831455  0.49727774 0.49450284 0.49574885 0.48078015
 0.4618243  0.50303143 0.4994968  0.4854717  0.48969233 0.4993718
 0.4445495  0.4927454 ], shape=(20,), dtype=float32)
rounded label:tf.Tensor([1. 1. 1. 1. 1. 1. 1. 0. 0. 0. 0. 0. 0. 1. 0. 0. 0. 0. 0. 0.], shape=(20,), dtype=float32)
predicted label rank:[2 2 2 2 2 2 2 1 1 1 1 1 1 2 1 1 1 1 1 1]
mse:tf.Tensor(0.24891074, shape=(), dtype=float32)
-------
../benchmarks/LIA-lin-noInterval-trainData-datafold-graphs/test_data/four1.smt2-0027_000.smt2
true label:[1, 1, 0, 1, 0, 0, 0, 0, 0, 0, 0, 0, 0, 0, 0, 1, 1]
true label rank:[2 2 1 2 1 1 1 1 1 1 1 1 1 1 1 2 2]
predicted label:tf.Tensor(
[0.5108292  0.5125291  0.3643543  0.37142214 0.3149378  0.3826796
 0.36276278 0.3366551  0.32301193 0.3279174  0.3382751  0.31246716
 0.32595447 0.3789028  0.30834106 0.35218686 0.3262476 ], shape=(17,), dtype=float32)
rounded label:tf.Tensor([1. 1. 0. 0. 0. 0. 0. 0. 0. 0. 0. 0. 0. 0. 0. 0. 0.], shape=(17,), dtype=float32)
predicted label rank:[2 2 1 1 1 1 1 1 1 1 1 1 1 1 1 1 1]
mse:tf.Tensor(0.18457454, shape=(), dtype=float32)
-------
../benchmarks/LIA-lin-noInterval-trainData-datafold-graphs/test_data/SpamAssassin-loop.i.v+cfa-reducer.c-1_000.smt2
true label:[1, 1, 1, 1, 1, 1, 1, 1, 1, 1]
true label rank:[1 1 1 1 1 1 1 1 1 1]
predicted label:tf.Tensor(
[0.4208642  0.5022551  0.47549626 0.43068454 0.46666554 0.50571775
 0.48506346 0.49836302 0.5064831  0.5159445 ], shape=(10,), dtype=float32)
rounded label:tf.Tensor([0. 1. 0. 0. 0. 1. 0. 0. 1. 1.], shape=(10,), dtype=float32)
predicted label rank:[1 2 1 1 1 2 1 1 2 2]
mse:tf.Tensor(0.2705801, shape=(), dtype=float32)
-------
../benchmarks/LIA-lin-noInterval-trainData-datafold-graphs/test_data/gulwani_fig1a.c_000.smt2
true label:[0, 0, 0, 0, 0, 0]
true label rank:[1 1 1 1 1 1]
predicted label:tf.Tensor([0.19525051 0.31400025 0.14515501 0.13009909 0.3216969  0.23665288], shape=(6,), dtype=float32)
rounded label:tf.Tensor([0. 0. 0. 0. 0. 0.], shape=(6,), dtype=float32)
predicted label rank:[1 1 1 1 1 1]
mse:tf.Tensor(0.055701356, shape=(), dtype=float32)
-------
../benchmarks/LIA-lin-noInterval-trainData-datafold-graphs/test_data/013b-horn_000.smt2
true label:[0, 0, 0, 0, 0, 0, 0, 0]
true label rank:[1 1 1 1 1 1 1 1]
predicted label:tf.Tensor(
[0.4752082  0.5028761  0.51075035 0.4915205  0.49211523 0.5064723
 0.49408367 0.4984264 ], shape=(8,), dtype=float32)
rounded label:tf.Tensor([0. 1. 1. 0. 0. 1. 0. 0.], shape=(8,), dtype=float32)
predicted label rank:[1 2 2 1 1 2 1 1]
mse:tf.Tensor(0.24655059, shape=(), dtype=float32)
-------
../benchmarks/LIA-lin-noInterval-trainData-datafold-graphs/test_data/minepump_spec4_product57_true-unreach-call.cil.c.flat_000.smt2
true label:[1, 1, 1]
true label rank:[1 1 1]
predicted label:tf.Tensor([4.5317691e-03 1.1742818e-04 1.6854472e-06], shape=(3,), dtype=float32)
rounded label:tf.Tensor([0. 0. 0.], shape=(3,), dtype=float32)
predicted label rank:[1 1 1]
mse:tf.Tensor(0.9969063, shape=(), dtype=float32)
-------
../benchmarks/LIA-lin-noInterval-trainData-datafold-graphs/test_data/04.c_000.smt2
true label:[0, 0]
true label rank:[1 1]
predicted label:tf.Tensor([0.50986373 0.51493037], shape=(2,), dtype=float32)
rounded label:tf.Tensor([1. 1.], shape=(2,), dtype=float32)
predicted label rank:[1 1]
mse:tf.Tensor(0.26255715, shape=(), dtype=float32)
-------
../benchmarks/LIA-lin-noInterval-trainData-datafold-graphs/test_data/heapsort_true-unreach-call.c.flat_000.smt2
true label:[0, 0, 0, 0, 0, 0, 1, 0, 0, 1, 0, 0, 1, 0]
true label rank:[1 1 1 1 1 1 2 1 1 2 1 1 2 1]
predicted label:tf.Tensor(
[0.47002977 0.5195687  0.5021396  0.5029232  0.49274307 0.5070331
 0.2533161  0.2313456  0.36163792 0.36728677 0.22101904 0.26699576
 0.4480466  0.2994727 ], shape=(14,), dtype=float32)
rounded label:tf.Tensor([0. 1. 1. 1. 0. 1. 0. 0. 0. 0. 0. 0. 0. 0.], shape=(14,), dtype=float32)
predicted label rank:[1 2 2 2 1 2 1 1 1 1 1 1 1 1]
mse:tf.Tensor(0.22517657, shape=(), dtype=float32)
-------
../benchmarks/LIA-lin-noInterval-trainData-datafold-graphs/test_data/bouncy_two_counters_equality_000.smt2
true label:[1, 1, 1, 1, 0]
true label rank:[2 2 2 2 1]
predicted label:tf.Tensor([0.5127731  0.5155822  0.51457334 0.5099392  0.50413597], shape=(5,), dtype=float32)
rounded label:tf.Tensor([1. 1. 1. 1. 1.], shape=(5,), dtype=float32)
predicted label rank:[1 1 1 1 1]
mse:tf.Tensor(0.24040048, shape=(), dtype=float32)
-------
../benchmarks/LIA-lin-noInterval-trainData-datafold-graphs/test_data/bandec.smt2-0157_000.smt2
true label:[1, 1, 1, 1]
true label rank:[1 1 1 1]
predicted label:tf.Tensor([0.5155342 0.5107789 0.5203618 0.5107227], shape=(4,), dtype=float32)
rounded label:tf.Tensor([1. 1. 1. 1.], shape=(4,), dtype=float32)
predicted label rank:[1 1 1 1]
mse:tf.Tensor(0.23587237, shape=(), dtype=float32)
-------
../benchmarks/LIA-lin-noInterval-trainData-datafold-graphs/test_data/const_1-1.c-1_000.smt2
true label:[1, 1]
true label rank:[1 1]
predicted label:tf.Tensor([0.50986373 0.5149303 ], shape=(2,), dtype=float32)
rounded label:tf.Tensor([1. 1.], shape=(2,), dtype=float32)
predicted label rank:[1 1]
mse:tf.Tensor(0.23776308, shape=(), dtype=float32)
-------
../benchmarks/LIA-lin-noInterval-trainData-datafold-graphs/test_data/minepump_spec1_product58_true-unreach-call.cil.c.flat_000.smt2
true label:[1, 1, 1]
true label rank:[1 1 1]
predicted label:tf.Tensor([2.5470001e-03 1.1550144e-05 2.8015808e-07], shape=(3,), dtype=float32)
rounded label:tf.Tensor([0. 0. 0.], shape=(3,), dtype=float32)
predicted label rank:[1 1 1]
mse:tf.Tensor(0.99829626, shape=(), dtype=float32)
-------
../benchmarks/LIA-lin-noInterval-trainData-datafold-graphs/test_data/s_multipl_11_000.smt2
true label:[0, 0, 1, 0, 0]
true label rank:[1 1 2 1 1]
predicted label:tf.Tensor([0.5127731  0.5155822  0.51457334 0.5099392  0.50413597], shape=(5,), dtype=float32)
rounded label:tf.Tensor([1. 1. 1. 1. 1.], shape=(5,), dtype=float32)
predicted label rank:[1 1 1 1 1]
mse:tf.Tensor(0.2557183, shape=(), dtype=float32)
-------
../benchmarks/LIA-lin-noInterval-trainData-datafold-graphs/test_data/bandec.smt2-0131_000.smt2
true label:[1, 1, 0, 0, 1, 1, 0, 1, 0, 1, 1, 1, 0, 0, 0, 0, 0, 1]
true label rank:[2 2 1 1 2 2 1 2 1 2 2 2 1 1 1 1 1 2]
predicted label:tf.Tensor(
[0.4913165  0.47484523 0.45916256 0.4812472  0.44083673 0.49176466
 0.46166718 0.45480838 0.38830832 0.41432407 0.413085   0.39234954
 0.39792657 0.43630508 0.40542772 0.41959202 0.41045234 0.4073602 ], shape=(18,), dtype=float32)
rounded label:tf.Tensor([0. 0. 0. 0. 0. 0. 0. 0. 0. 0. 0. 0. 0. 0. 0. 0. 0. 0.], shape=(18,), dtype=float32)
predicted label rank:[1 1 1 1 1 1 1 1 1 1 1 1 1 1 1 1 1 1]
mse:tf.Tensor(0.24859172, shape=(), dtype=float32)
-------
../benchmarks/LIA-lin-noInterval-trainData-datafold-graphs/test_data/002-horn_000.smt2
true label:[1, 0, 0, 1, 0, 0, 1, 0, 0, 1, 0, 0]
true label rank:[2 1 1 2 1 1 2 1 1 2 1 1]
predicted label:tf.Tensor(
[0.48680803 0.5060096  0.5029999  0.4852183  0.46699598 0.5041489
 0.49946088 0.5039406  0.50646544 0.48520914 0.49757057 0.5031678 ], shape=(12,), dtype=float32)
rounded label:tf.Tensor([0. 1. 1. 0. 0. 1. 0. 1. 1. 0. 0. 1.], shape=(12,), dtype=float32)
predicted label rank:[1 2 2 1 1 2 1 2 2 1 1 2]
mse:tf.Tensor(0.2530366, shape=(), dtype=float32)
-------
../benchmarks/LIA-lin-noInterval-trainData-datafold-graphs/test_data/gcd01_true-unreach-call_true-no-overflow_true-termination_000.smt2
true label:[1, 1, 1, 1, 1, 1, 1, 1]
true label rank:[1 1 1 1 1 1 1 1]
predicted label:tf.Tensor(
[0.5147179  0.5097619  0.5135924  0.5094174  0.49223223 0.51110667
 0.49070787 0.50750744], shape=(8,), dtype=float32)
rounded label:tf.Tensor([1. 1. 1. 1. 0. 1. 0. 1.], shape=(8,), dtype=float32)
predicted label rank:[2 2 2 2 1 2 1 2]
mse:tf.Tensor(0.24398349, shape=(), dtype=float32)
-------
../benchmarks/LIA-lin-noInterval-trainData-datafold-graphs/test_data/loop__barthe2_000.smt2
true label:[1, 0, 1, 1, 1]
true label rank:[2 1 2 2 2]
predicted label:tf.Tensor([0.4840356  0.5123341  0.50973165 0.49092883 0.4785086 ], shape=(5,), dtype=float32)
rounded label:tf.Tensor([0. 1. 1. 0. 0.], shape=(5,), dtype=float32)
predicted label rank:[1 2 2 1 1]
mse:tf.Tensor(0.26003504, shape=(), dtype=float32)
-------
../benchmarks/LIA-lin-noInterval-trainData-datafold-graphs/test_data/listcounter.correct.nts_000.smt2
true label:[1, 1, 1, 1, 1, 0, 1, 0, 1, 0]
true label rank:[2 2 2 2 2 1 2 1 2 1]
predicted label:tf.Tensor(
[0.5065189  0.51199603 0.5195666  0.51179755 0.49119285 0.5112561
 0.50918114 0.51287663 0.5119392  0.5170559 ], shape=(10,), dtype=float32)
rounded label:tf.Tensor([1. 1. 1. 1. 0. 1. 1. 1. 1. 1.], shape=(10,), dtype=float32)
predicted label rank:[2 2 2 2 1 2 2 2 2 2]
mse:tf.Tensor(0.24805924, shape=(), dtype=float32)
-------
../benchmarks/LIA-lin-noInterval-trainData-datafold-graphs/test_data/bandec.smt2-0036_000.smt2
true label:[0, 1, 1, 1, 0, 0, 0, 0, 0, 0, 0, 1, 1, 1]
true label rank:[1 2 2 2 1 1 1 1 1 1 1 2 2 2]
predicted label:tf.Tensor(
[0.3527446  0.32264778 0.35653365 0.34514627 0.33202022 0.30979025
 0.33928722 0.34128055 0.326617   0.32482097 0.3152302  0.36100742
 0.32223946 0.34159687], shape=(14,), dtype=float32)
rounded label:tf.Tensor([0. 0. 0. 0. 0. 0. 0. 0. 0. 0. 0. 0. 0. 0.], shape=(14,), dtype=float32)
predicted label rank:[1 1 1 1 1 1 1 1 1 1 1 1 1 1]
mse:tf.Tensor(0.2483311, shape=(), dtype=float32)
-------
../benchmarks/LIA-lin-noInterval-trainData-datafold-graphs/test_data/apache-get-tag.i.v+nlh-reducer.c-1_000.smt2
true label:[1, 1, 1, 1, 1, 1, 1, 1]
true label rank:[1 1 1 1 1 1 1 1]
predicted label:tf.Tensor(
[0.5047309  0.50861484 0.5044507  0.49648544 0.49741197 0.50668854
 0.4559494  0.48369464], shape=(8,), dtype=float32)
rounded label:tf.Tensor([1. 1. 1. 0. 0. 1. 0. 0.], shape=(8,), dtype=float32)
predicted label rank:[2 2 2 1 1 2 1 1]
mse:tf.Tensor(0.25554502, shape=(), dtype=float32)
-------
../benchmarks/LIA-lin-noInterval-trainData-datafold-graphs/test_data/bandec.smt2-0178_000.smt2
true label:[1, 1, 1, 1, 1, 0, 1, 1, 1, 0, 0, 0, 0, 0, 1, 1, 1, 0, 1, 0, 1, 1, 1, 0, 0, 0, 0, 0, 1, 1]
true label rank:[2 2 2 2 2 1 2 2 2 1 1 1 1 1 2 2 2 1 2 1 2 2 2 1 1 1 1 1 2 2]
predicted label:tf.Tensor(
[0.51420903 0.50691646 0.50357854 0.514231   0.47203916 0.38553998
 0.3931415  0.3528299  0.30956465 0.31895655 0.35331282 0.31104708
 0.32848343 0.37141728 0.332686   0.38052127 0.35140595 0.33583212
 0.3248476  0.37736255 0.37989157 0.3743766  0.364168   0.36039424
 0.38848054 0.36832726 0.377651   0.40944725 0.3604682  0.3695774 ], shape=(30,), dtype=float32)
rounded label:tf.Tensor(
[1. 1. 1. 1. 0. 0. 0. 0. 0. 0. 0. 0. 0. 0. 0. 0. 0. 0. 0. 0. 0. 0. 0. 0.
 0. 0. 0. 0. 0. 0.], shape=(30,), dtype=float32)
predicted label rank:[2 2 2 2 1 1 1 1 1 1 1 1 1 1 1 1 1 1 1 1 1 1 1 1 1 1 1 1 1 1]
mse:tf.Tensor(0.2632009, shape=(), dtype=float32)
-------
../benchmarks/LIA-lin-noInterval-trainData-datafold-graphs/test_data/durationThm_3_e2_63_e7_21_000.smt2
true label:[0, 0, 0, 0, 0, 0, 0]
true label rank:[1 1 1 1 1 1 1]
predicted label:tf.Tensor(
[0.26386285 0.34333602 0.03387316 0.01946943 0.3647812  0.16859764
 0.02441021], shape=(7,), dtype=float32)
rounded label:tf.Tensor([0. 0. 0. 0. 0. 0. 0.], shape=(7,), dtype=float32)
predicted label rank:[1 1 1 1 1 1 1]
mse:tf.Tensor(0.05015943, shape=(), dtype=float32)
-------
../benchmarks/LIA-lin-noInterval-trainData-datafold-graphs/test_data/amebsa.smt2-0078_000.smt2
true label:[1, 0, 0, 1, 1, 1, 0, 0, 0, 1, 0, 0, 0, 1, 0, 0, 0, 0, 0, 0, 0, 0, 0, 0, 0, 0, 0, 0, 0, 0, 0, 0, 0, 0, 1, 1, 1, 0, 0, 0, 1, 0, 0, 0, 1, 0, 0, 0, 0, 0, 0, 0, 0, 0, 0, 0, 0, 0, 0, 0, 0, 0, 0, 0, 0, 1, 1, 0, 0, 1, 0, 0, 0, 1, 0, 0, 0, 0, 0, 0, 0, 0, 0, 0, 0, 0, 0, 0, 0, 0, 0, 0, 0, 0, 1, 1, 0, 0, 1, 0, 0, 0, 1, 0, 0, 0, 0, 0, 0, 0, 0, 0, 0, 0, 0, 0, 0, 0, 0, 0, 0, 0, 0, 0, 1, 1, 0, 0, 0, 1, 0, 0, 0, 1, 0, 0, 0, 0, 0, 0, 0, 0, 0, 0, 0, 0, 0, 0, 0, 0, 0, 0, 0, 0, 0, 1, 0, 0, 1]
true label rank:[2 1 1 2 2 2 1 1 1 2 1 1 1 2 1 1 1 1 1 1 1 1 1 1 1 1 1 1 1 1 1 1 1 1 2 2 2
 1 1 1 2 1 1 1 2 1 1 1 1 1 1 1 1 1 1 1 1 1 1 1 1 1 1 1 1 2 2 1 1 2 1 1 1 2
 1 1 1 1 1 1 1 1 1 1 1 1 1 1 1 1 1 1 1 1 2 2 1 1 2 1 1 1 2 1 1 1 1 1 1 1 1
 1 1 1 1 1 1 1 1 1 1 1 1 1 2 2 1 1 1 2 1 1 1 2 1 1 1 1 1 1 1 1 1 1 1 1 1 1
 1 1 1 1 1 1 1 2 1 1 2]
predicted label:tf.Tensor(
[0.46910805 0.45327538 0.46011424 0.49263406 0.41595325 0.45333496
 0.45899716 0.4329727  0.4204131  0.4205156  0.25222844 0.20328923
 0.20376399 0.29377675 0.21708727 0.25198403 0.20990029 0.20005074
 0.16387093 0.22400583 0.2282243  0.2025442  0.2149362  0.16399552
 0.26393095 0.20522255 0.20465378 0.21262193 0.18655907 0.20832397
 0.195301   0.21642396 0.18321042 0.23077123 0.19872208 0.18394525
 0.28970575 0.3425294  0.16111247 0.20712395 0.17034872 0.2097011
 0.1714396  0.18058886 0.19314063 0.22452712 0.18325154 0.20497063
 0.16834775 0.2109633  0.1636293  0.19418354 0.19281691 0.22024702
 0.20417865 0.17549382 0.18514426 0.17418773 0.2186731  0.17473477
 0.23031694 0.22243743 0.21847923 0.19563104 0.17318256 0.19996905
 0.191824   0.1845235  0.21913905 0.18600768 0.19759834 0.23770666
 0.19195627 0.22211052 0.18853818 0.22662643 0.2118152  0.18078086
 0.21869344 0.23168547 0.21530782 0.23683839 0.21662131 0.20590958
 0.21388711 0.18939996 0.20003638 0.24080975 0.21388999 0.19962849
 0.22459263 0.25316197 0.3126031  0.2122553  0.23045014 0.19482319
 0.20208508 0.25159335 0.16877303 0.20159626 0.24481124 0.18806887
 0.24953604 0.19338056 0.25617313 0.2793465  0.22030449 0.17557663
 0.22343676 0.18835701 0.1757088  0.21779405 0.19293372 0.23674124
 0.29105562 0.23843509 0.21733855 0.21196924 0.18149161 0.14443809
 0.17047453 0.18019263 0.28324643 0.2242692  0.24902207 0.2707822
 0.19180246 0.2924268  0.40762445 0.23275633 0.23026395 0.27720124
 0.24316446 0.20687678 0.26818576 0.36134046 0.34774458 0.27094206
 0.3752936  0.32531202 0.45121837 0.40709433 0.20508781 0.19940615
 0.29025203 0.19989958 0.23868464 0.22058024 0.22825916 0.20521103
 0.23243526 0.2728147  0.35394922 0.2697713  0.2676498  0.28493506
 0.24193946 0.22760734 0.35650396], shape=(159,), dtype=float32)
rounded label:tf.Tensor(
[0. 0. 0. 0. 0. 0. 0. 0. 0. 0. 0. 0. 0. 0. 0. 0. 0. 0. 0. 0. 0. 0. 0. 0.
 0. 0. 0. 0. 0. 0. 0. 0. 0. 0. 0. 0. 0. 0. 0. 0. 0. 0. 0. 0. 0. 0. 0. 0.
 0. 0. 0. 0. 0. 0. 0. 0. 0. 0. 0. 0. 0. 0. 0. 0. 0. 0. 0. 0. 0. 0. 0. 0.
 0. 0. 0. 0. 0. 0. 0. 0. 0. 0. 0. 0. 0. 0. 0. 0. 0. 0. 0. 0. 0. 0. 0. 0.
 0. 0. 0. 0. 0. 0. 0. 0. 0. 0. 0. 0. 0. 0. 0. 0. 0. 0. 0. 0. 0. 0. 0. 0.
 0. 0. 0. 0. 0. 0. 0. 0. 0. 0. 0. 0. 0. 0. 0. 0. 0. 0. 0. 0. 0. 0. 0. 0.
 0. 0. 0. 0. 0. 0. 0. 0. 0. 0. 0. 0. 0. 0. 0.], shape=(159,), dtype=float32)
predicted label rank:[1 1 1 1 1 1 1 1 1 1 1 1 1 1 1 1 1 1 1 1 1 1 1 1 1 1 1 1 1 1 1 1 1 1 1 1 1
 1 1 1 1 1 1 1 1 1 1 1 1 1 1 1 1 1 1 1 1 1 1 1 1 1 1 1 1 1 1 1 1 1 1 1 1 1
 1 1 1 1 1 1 1 1 1 1 1 1 1 1 1 1 1 1 1 1 1 1 1 1 1 1 1 1 1 1 1 1 1 1 1 1 1
 1 1 1 1 1 1 1 1 1 1 1 1 1 1 1 1 1 1 1 1 1 1 1 1 1 1 1 1 1 1 1 1 1 1 1 1 1
 1 1 1 1 1 1 1 1 1 1 1]
mse:tf.Tensor(0.1345719, shape=(), dtype=float32)
-------
../benchmarks/LIA-lin-noInterval-trainData-datafold-graphs/test_data/gj2007_m_3_000.smt2
true label:[1, 1, 1, 1, 1, 1, 1, 1, 1, 1, 1, 1, 1, 1, 1, 1, 1, 1, 1, 1]
true label rank:[1 1 1 1 1 1 1 1 1 1 1 1 1 1 1 1 1 1 1 1]
predicted label:tf.Tensor(
[0.49549773 0.5056985  0.5149371  0.50375384 0.4951906  0.5106458
 0.49139926 0.5063796  0.5108665  0.49306086 0.5088915  0.49646264
 0.50176173 0.49927175 0.5205411  0.5185443  0.5086711  0.5043108
 0.45901197 0.51100326], shape=(20,), dtype=float32)
rounded label:tf.Tensor([0. 1. 1. 1. 0. 1. 0. 1. 1. 0. 1. 0. 1. 0. 1. 1. 1. 1. 0. 1.], shape=(20,), dtype=float32)
predicted label rank:[1 2 2 2 1 2 1 2 2 1 2 1 2 1 2 2 2 2 1 2]
mse:tf.Tensor(0.24737816, shape=(), dtype=float32)
-------
../benchmarks/LIA-lin-noInterval-trainData-datafold-graphs/test_data/chc-lia-lin-0140_000.smt2
true label:[0, 0, 0, 0, 0, 0, 1, 1, 1, 1, 0, 0, 0, 0, 0, 0, 1, 1, 1, 1, 0, 0, 0, 0, 0, 0, 1, 1, 1, 1, 0, 0, 1, 1, 0, 1, 1, 0, 0, 1, 1, 0, 0, 1, 1, 0, 0, 1, 1, 0, 0, 1, 1, 0]
true label rank:[1 1 1 1 1 1 2 2 2 2 1 1 1 1 1 1 2 2 2 2 1 1 1 1 1 1 2 2 2 2 1 1 2 2 1 2 2
 1 1 2 2 1 1 2 2 1 1 2 2 1 1 2 2 1]
predicted label:tf.Tensor(
[0.47771263 0.49792913 0.50562364 0.48685715 0.45546418 0.4884588
 0.46304384 0.43867344 0.4907081  0.5061352  0.45828438 0.42410275
 0.42026773 0.4864466  0.4537491  0.46679223 0.44327703 0.46763417
 0.38389155 0.43689528 0.36087653 0.36406007 0.35314915 0.34903842
 0.34806705 0.3612289  0.36434242 0.353502   0.34912625 0.36294165
 0.46495208 0.48686716 0.4618487  0.4787712  0.49346635 0.46605614
 0.5142539  0.51318914 0.44282928 0.45445684 0.45148885 0.48618066
 0.4668174  0.49070695 0.500809   0.49298054 0.47773248 0.49915695
 0.4583194  0.47967625 0.49987116 0.47446626 0.5011024  0.51014376], shape=(54,), dtype=float32)
rounded label:tf.Tensor(
[0. 0. 1. 0. 0. 0. 0. 0. 0. 1. 0. 0. 0. 0. 0. 0. 0. 0. 0. 0. 0. 0. 0. 0.
 0. 0. 0. 0. 0. 0. 0. 0. 0. 0. 0. 0. 1. 1. 0. 0. 0. 0. 0. 0. 1. 0. 0. 0.
 0. 0. 0. 0. 1. 1.], shape=(54,), dtype=float32)
predicted label rank:[1 1 2 1 1 1 1 1 1 2 1 1 1 1 1 1 1 1 1 1 1 1 1 1 1 1 1 1 1 1 1 1 1 1 1 1 2
 2 1 1 1 1 1 1 2 1 1 1 1 1 1 1 2 2]
mse:tf.Tensor(0.25058594, shape=(), dtype=float32)
-------
../benchmarks/LIA-lin-noInterval-trainData-datafold-graphs/test_data/inductive5_000.smt2
true label:[0, 1]
true label rank:[1 2]
predicted label:tf.Tensor([0.48746926 0.5137456 ], shape=(2,), dtype=float32)
rounded label:tf.Tensor([0. 1.], shape=(2,), dtype=float32)
predicted label rank:[1 2]
mse:tf.Tensor(0.2370348, shape=(), dtype=float32)
-------
../benchmarks/LIA-lin-noInterval-trainData-datafold-graphs/test_data/four1.smt2-0046_000.smt2
true label:[1, 0, 1, 1, 1, 1]
true label rank:[2 1 2 2 2 2]
predicted label:tf.Tensor([0.51571524 0.5116165  0.51835793 0.51628953 0.50170577 0.51257503], shape=(6,), dtype=float32)
rounded label:tf.Tensor([1. 1. 1. 1. 1. 1.], shape=(6,), dtype=float32)
predicted label rank:[1 1 1 1 1 1]
mse:tf.Tensor(0.24135305, shape=(), dtype=float32)
-------
../benchmarks/LIA-lin-noInterval-trainData-datafold-graphs/test_data/break_safe.c-1_000.smt2
true label:[0, 1, 1, 0, 1, 1, 1]
true label rank:[1 2 2 1 2 2 2]
predicted label:tf.Tensor(
[0.49412942 0.5163823  0.5213103  0.50694966 0.5054025  0.51442593
 0.51103693], shape=(7,), dtype=float32)
rounded label:tf.Tensor([0. 1. 1. 1. 1. 1. 1.], shape=(7,), dtype=float32)
predicted label rank:[1 2 2 2 2 2 2]
mse:tf.Tensor(0.24052651, shape=(), dtype=float32)
-------
../benchmarks/LIA-lin-noInterval-trainData-datafold-graphs/test_data/bandec.smt2-0260_000.smt2
true label:[1, 1, 1, 1, 1, 1, 0, 0, 1, 1, 0, 1, 1, 1, 0, 0, 1, 1]
true label rank:[2 2 2 2 2 2 1 1 2 2 1 2 2 2 1 1 2 2]
predicted label:tf.Tensor(
[0.51471543 0.5101135  0.5175137  0.51217073 0.42170966 0.49323758
 0.50581515 0.4602728  0.44711667 0.45596313 0.46385038 0.4368355
 0.48298985 0.5143826  0.50235796 0.5063672  0.49230283 0.50656974], shape=(18,), dtype=float32)
rounded label:tf.Tensor([1. 1. 1. 1. 0. 0. 1. 0. 0. 0. 0. 0. 0. 1. 1. 1. 0. 1.], shape=(18,), dtype=float32)
predicted label rank:[2 2 2 2 1 1 2 1 1 1 1 1 1 2 2 2 1 2]
mse:tf.Tensor(0.25846002, shape=(), dtype=float32)
-------
../benchmarks/LIA-lin-noInterval-trainData-datafold-graphs/test_data/s3_srvr_8.cil.c-1_000.smt2
true label:[0, 0, 0, 0, 0, 0, 0, 0, 0, 1, 1, 0, 0, 1, 0, 0, 0, 1, 1, 1, 1, 1, 1, 0, 0, 0, 0, 0, 0, 0, 0, 0, 0, 1, 1, 0, 0, 0, 0, 0, 1, 1, 1, 1, 1, 1, 0, 0, 0, 0, 0, 0, 0, 0, 0, 0, 1, 1, 0, 0, 1, 1, 0, 0, 0, 1, 0, 1, 1, 1, 0, 0, 0, 0, 0, 0, 0, 0, 0, 0, 1, 1, 0, 0, 1, 0, 0, 0, 1, 1, 1, 1, 1, 1, 0, 0, 0, 0, 0, 0, 0, 0, 0, 0, 0, 1, 0, 0, 0, 0, 0, 0, 0, 0, 1, 1, 1, 1, 1, 0, 0, 0, 0, 0, 0, 1, 0, 0, 0, 1, 0, 0, 1, 0, 0, 0, 1, 1, 0, 1, 1, 1, 0, 0, 0, 0, 0, 0, 0, 0, 1, 1, 0, 0, 0, 1, 0, 0, 0, 1, 1, 1, 1, 1, 1, 0, 0, 0, 0, 0, 0, 0, 0, 1, 1, 0, 0, 1, 0, 0, 0, 1, 1, 1, 1, 1, 1, 0, 0, 0, 0, 0, 0, 0, 0, 0, 1, 1, 0, 0, 1, 0, 0, 0, 1, 1, 1, 1, 1, 1, 0, 0, 0, 0, 0, 0, 0, 0, 0, 1, 1, 0, 0, 1, 0, 0, 0, 1, 1, 1, 1, 1, 1, 0, 0, 0, 0, 0, 0, 0, 0, 0, 1, 1, 0, 0, 0, 1, 0, 0, 0, 1, 1, 1, 1, 1, 1, 0, 0, 0, 0, 0, 0, 0, 0, 0, 1, 1, 0, 0, 0, 1, 0, 0, 0, 1, 1, 1, 1, 1, 1, 0, 0, 0, 0, 0, 0, 0, 0, 0, 1, 1, 0, 0, 1, 0, 0, 0, 1, 1, 1, 1, 1, 1, 0, 0, 0, 0, 0, 0, 0, 0, 0, 1, 1, 0, 0, 1, 0, 0, 0, 1, 1, 1, 1, 1, 1]
true label rank:[1 1 1 1 1 1 1 1 1 2 2 1 1 2 1 1 1 2 2 2 2 2 2 1 1 1 1 1 1 1 1 1 1 2 2 1 1
 1 1 1 2 2 2 2 2 2 1 1 1 1 1 1 1 1 1 1 2 2 1 1 2 2 1 1 1 2 1 2 2 2 1 1 1 1
 1 1 1 1 1 1 2 2 1 1 2 1 1 1 2 2 2 2 2 2 1 1 1 1 1 1 1 1 1 1 1 2 1 1 1 1 1
 1 1 1 2 2 2 2 2 1 1 1 1 1 1 2 1 1 1 2 1 1 2 1 1 1 2 2 1 2 2 2 1 1 1 1 1 1
 1 1 2 2 1 1 1 2 1 1 1 2 2 2 2 2 2 1 1 1 1 1 1 1 1 2 2 1 1 2 1 1 1 2 2 2 2
 2 2 1 1 1 1 1 1 1 1 1 2 2 1 1 2 1 1 1 2 2 2 2 2 2 1 1 1 1 1 1 1 1 1 2 2 1
 1 2 1 1 1 2 2 2 2 2 2 1 1 1 1 1 1 1 1 1 2 2 1 1 1 2 1 1 1 2 2 2 2 2 2 1 1
 1 1 1 1 1 1 1 2 2 1 1 1 2 1 1 1 2 2 2 2 2 2 1 1 1 1 1 1 1 1 1 2 2 1 1 2 1
 1 1 2 2 2 2 2 2 1 1 1 1 1 1 1 1 1 2 2 1 1 2 1 1 1 2 2 2 2 2 2]
predicted label:tf.Tensor(
[0.43096602 0.38481852 0.347304   0.389951   0.30272266 0.35244328
 0.36263576 0.29932052 0.2609121  0.28703067 0.32267264 0.27335325
 0.29114816 0.32807413 0.3117845  0.3251336  0.32401407 0.32262942
 0.2462161  0.28257582 0.27424103 0.3247701  0.26386684 0.00622025
 0.04237586 0.00708599 0.09571329 0.2389481  0.29457298 0.1549758
 0.2634187  0.17025548 0.06969112 0.17334136 0.37225735 0.03504073
 0.07735351 0.12887387 0.23262002 0.08932164 0.40229264 0.13261336
 0.4334361  0.09165575 0.51859826 0.17069855 0.17715117 0.16823307
 0.12025476 0.11006335 0.18706395 0.16638558 0.07888377 0.11835066
 0.05751784 0.13268201 0.21153963 0.446209   0.13602836 0.02942069
 0.5038596  0.4830845  0.15607007 0.19471405 0.15198424 0.41011304
 0.21603732 0.4601901  0.335176   0.4487739  0.01893412 0.28736144
 0.2445196  0.26967075 0.23031603 0.26637986 0.24030194 0.24884182
 0.26331437 0.26194116 0.25217414 0.27704847 0.2588048  0.2479379
 0.23764107 0.23657171 0.24082021 0.2608098  0.25622934 0.2682014
 0.26353502 0.33899975 0.38627374 0.26382294 0.3066317  0.24905214
 0.25449497 0.39900637 0.22651103 0.21367142 0.26116174 0.20966627
 0.32346746 0.24426289 0.29440585 0.31307685 0.2782475  0.19694887
 0.25489736 0.22212741 0.23784742 0.24249743 0.2125365  0.25434625
 0.33057553 0.2513047  0.2509047  0.24586596 0.23376293 0.19133663
 0.23419368 0.22125246 0.37681973 0.26746184 0.29668558 0.28858787
 0.30516705 0.35708836 0.48858228 0.25918254 0.26450282 0.32897705
 0.31790236 0.19396155 0.3085587  0.44691116 0.4051821  0.31749982
 0.41198617 0.44455075 0.4901151  0.47178    0.29841915 0.25506374
 0.37873104 0.251006   0.30828524 0.31888196 0.3194427  0.30715445
 0.35021818 0.38181853 0.41503453 0.3541773  0.41560125 0.30778715
 0.3493456  0.33560842 0.44998413 0.37255487 0.31754634 0.41292006
 0.47373894 0.36478406 0.30960152 0.33003092 0.34029382 0.33739895
 0.34531766 0.3623295  0.36929914 0.2758631  0.32060784 0.4317517
 0.3972169  0.27600333 0.34442702 0.37637842 0.34064347 0.32101563
 0.3114461  0.49379    0.49793717 0.31690305 0.40252545 0.40862215
 0.36031193 0.47307917 0.39782396 0.35619158 0.44229499 0.42102346
 0.37512097 0.40929008 0.37035322 0.43647    0.44144654 0.48837417
 0.41945145 0.48201016 0.50473607 0.37573302 0.34410706 0.47964087
 0.45420772 0.41992635 0.48396423 0.4748562  0.44367665 0.3803073
 0.35086623 0.47643298 0.40492368 0.38132054 0.3700636  0.35122734
 0.3295751  0.3576904  0.36603707 0.36483493 0.396354   0.35933578
 0.35181135 0.35163453 0.33557445 0.3599485  0.33617675 0.35866517
 0.4134315  0.3806143  0.5028939  0.39899817 0.36782342 0.4803892
 0.4242935  0.38884896 0.44919991 0.43701464 0.43223515 0.4155748
 0.42160085 0.4047793  0.4408941  0.49397114 0.44952676 0.42940566
 0.43236852 0.46538916 0.43936828 0.44370788 0.42864275 0.47346598
 0.45116794 0.45450908 0.5141536  0.5279476  0.49016756 0.44067568
 0.51246315 0.46842808 0.47957474 0.43479934 0.43826726 0.5053067
 0.4449679  0.47990045 0.46104926 0.44597018 0.4534864  0.46232572
 0.45734543 0.48074841 0.4878432  0.47046188 0.45585895 0.4769154
 0.42031938 0.50285506 0.44266874 0.45120186 0.49297774 0.35631144
 0.3582492  0.37430048 0.3805742  0.34428135 0.3472819  0.35058329
 0.36045805 0.37282783 0.40970483 0.35828245 0.34359106 0.40975225
 0.36166692 0.35498452 0.34378532 0.34996086 0.38401404 0.3556409
 0.38025293 0.36655778 0.37062645 0.36944658 0.431534   0.41274846
 0.4123741  0.4060335  0.4666131  0.43536657 0.4460269  0.4356477
 0.42204118 0.41577813 0.41870913 0.419778   0.5092489  0.47338533
 0.44274893 0.44191214 0.44263566 0.40276417 0.47573513 0.42995894
 0.4188753  0.42534018 0.4585333 ], shape=(327,), dtype=float32)
rounded label:tf.Tensor(
[0. 0. 0. 0. 0. 0. 0. 0. 0. 0. 0. 0. 0. 0. 0. 0. 0. 0. 0. 0. 0. 0. 0. 0.
 0. 0. 0. 0. 0. 0. 0. 0. 0. 0. 0. 0. 0. 0. 0. 0. 0. 0. 0. 0. 1. 0. 0. 0.
 0. 0. 0. 0. 0. 0. 0. 0. 0. 0. 0. 0. 1. 0. 0. 0. 0. 0. 0. 0. 0. 0. 0. 0.
 0. 0. 0. 0. 0. 0. 0. 0. 0. 0. 0. 0. 0. 0. 0. 0. 0. 0. 0. 0. 0. 0. 0. 0.
 0. 0. 0. 0. 0. 0. 0. 0. 0. 0. 0. 0. 0. 0. 0. 0. 0. 0. 0. 0. 0. 0. 0. 0.
 0. 0. 0. 0. 0. 0. 0. 0. 0. 0. 0. 0. 0. 0. 0. 0. 0. 0. 0. 0. 0. 0. 0. 0.
 0. 0. 0. 0. 0. 0. 0. 0. 0. 0. 0. 0. 0. 0. 0. 0. 0. 0. 0. 0. 0. 0. 0. 0.
 0. 0. 0. 0. 0. 0. 0. 0. 0. 0. 0. 0. 0. 0. 0. 0. 0. 0. 0. 0. 0. 0. 0. 0.
 0. 0. 0. 0. 0. 0. 0. 0. 1. 0. 0. 0. 0. 0. 0. 0. 0. 0. 0. 0. 0. 0. 0. 0.
 0. 0. 0. 0. 0. 0. 0. 0. 0. 0. 0. 0. 0. 0. 1. 0. 0. 0. 0. 0. 0. 0. 0. 0.
 0. 0. 0. 0. 0. 0. 0. 0. 0. 0. 0. 0. 0. 0. 1. 1. 0. 0. 1. 0. 0. 0. 0. 1.
 0. 0. 0. 0. 0. 0. 0. 0. 0. 0. 0. 0. 0. 1. 0. 0. 0. 0. 0. 0. 0. 0. 0. 0.
 0. 0. 0. 0. 0. 0. 0. 0. 0. 0. 0. 0. 0. 0. 0. 0. 0. 0. 0. 0. 0. 0. 0. 0.
 0. 0. 0. 0. 1. 0. 0. 0. 0. 0. 0. 0. 0. 0. 0.], shape=(327,), dtype=float32)
predicted label rank:[1 1 1 1 1 1 1 1 1 1 1 1 1 1 1 1 1 1 1 1 1 1 1 1 1 1 1 1 1 1 1 1 1 1 1 1 1
 1 1 1 1 1 1 1 2 1 1 1 1 1 1 1 1 1 1 1 1 1 1 1 2 1 1 1 1 1 1 1 1 1 1 1 1 1
 1 1 1 1 1 1 1 1 1 1 1 1 1 1 1 1 1 1 1 1 1 1 1 1 1 1 1 1 1 1 1 1 1 1 1 1 1
 1 1 1 1 1 1 1 1 1 1 1 1 1 1 1 1 1 1 1 1 1 1 1 1 1 1 1 1 1 1 1 1 1 1 1 1 1
 1 1 1 1 1 1 1 1 1 1 1 1 1 1 1 1 1 1 1 1 1 1 1 1 1 1 1 1 1 1 1 1 1 1 1 1 1
 1 1 1 1 1 1 1 1 1 1 1 1 1 1 1 2 1 1 1 1 1 1 1 1 1 1 1 1 1 1 1 1 1 1 1 1 1
 1 1 1 1 1 1 1 1 2 1 1 1 1 1 1 1 1 1 1 1 1 1 1 1 1 1 1 1 1 1 1 1 2 2 1 1 2
 1 1 1 1 2 1 1 1 1 1 1 1 1 1 1 1 1 1 2 1 1 1 1 1 1 1 1 1 1 1 1 1 1 1 1 1 1
 1 1 1 1 1 1 1 1 1 1 1 1 1 1 1 1 1 1 1 1 2 1 1 1 1 1 1 1 1 1 1]
mse:tf.Tensor(0.21693417, shape=(), dtype=float32)
-------
../benchmarks/LIA-lin-noInterval-trainData-datafold-graphs/test_data/dillig33.c_000.smt2
true label:[0, 0, 0, 0, 0, 0, 0, 0, 0, 0]
true label rank:[1 1 1 1 1 1 1 1 1 1]
predicted label:tf.Tensor(
[0.16256312 0.13318315 0.00753107 0.00413813 0.56858766 0.01394689
 0.01953318 0.00507747 0.03849767 0.03702141], shape=(10,), dtype=float32)
rounded label:tf.Tensor([0. 0. 0. 0. 1. 0. 0. 0. 0. 0.], shape=(10,), dtype=float32)
predicted label rank:[1 1 1 1 2 1 1 1 1 1]
mse:tf.Tensor(0.03709848, shape=(), dtype=float32)
-------
../benchmarks/LIA-lin-noInterval-trainData-datafold-graphs/test_data/loop__upcount_000.smt2
true label:[1, 1, 1, 1]
true label rank:[1 1 1 1]
predicted label:tf.Tensor([0.4866027  0.50395405 0.50468785 0.4930913 ], shape=(4,), dtype=float32)
rounded label:tf.Tensor([0. 1. 1. 0.], shape=(4,), dtype=float32)
predicted label rank:[1 2 2 1]
mse:tf.Tensor(0.25298226, shape=(), dtype=float32)
-------
../benchmarks/LIA-lin-noInterval-trainData-datafold-graphs/test_data/12.c_000.smt2
true label:[0, 0, 0, 0, 0, 0, 1, 1, 1, 1, 0, 0, 0, 0, 0, 0, 1, 1, 1, 1, 0, 0, 0, 0, 0, 0, 1, 1, 1, 1, 0, 0, 0, 0, 0, 0, 0, 0, 1, 0, 0, 1, 1, 0]
true label rank:[1 1 1 1 1 1 2 2 2 2 1 1 1 1 1 1 2 2 2 2 1 1 1 1 1 1 2 2 2 2 1 1 1 1 1 1 1
 1 2 1 1 2 2 1]
predicted label:tf.Tensor(
[0.46506408 0.49345642 0.5005745  0.48805577 0.4584138  0.49169594
 0.4666407  0.4412981  0.50492    0.5144437  0.45828438 0.42410275
 0.42026773 0.4864466  0.4537491  0.46679217 0.44327703 0.4676341
 0.38389155 0.43689528 0.36087653 0.36406007 0.35314915 0.34903842
 0.34806705 0.3612289  0.36434245 0.35350204 0.34912628 0.36294165
 0.49596447 0.48664966 0.4705989  0.48760659 0.46845275 0.47423288
 0.50598025 0.5130809  0.51280105 0.5098779  0.45620796 0.48714548
 0.45406553 0.47739983], shape=(44,), dtype=float32)
rounded label:tf.Tensor(
[0. 0. 1. 0. 0. 0. 0. 0. 1. 1. 0. 0. 0. 0. 0. 0. 0. 0. 0. 0. 0. 0. 0. 0.
 0. 0. 0. 0. 0. 0. 0. 0. 0. 0. 0. 0. 1. 1. 1. 1. 0. 0. 0. 0.], shape=(44,), dtype=float32)
predicted label rank:[1 1 2 1 1 1 1 1 2 2 1 1 1 1 1 1 1 1 1 1 1 1 1 1 1 1 1 1 1 1 1 1 1 1 1 1 2
 2 2 2 1 1 1 1]
mse:tf.Tensor(0.24562377, shape=(), dtype=float32)
-------
../benchmarks/LIA-lin-noInterval-trainData-datafold-graphs/test_data/bound.c_000.smt2
true label:[0, 0, 0, 0, 0, 0, 0, 0, 0, 0]
true label rank:[1 1 1 1 1 1 1 1 1 1]
predicted label:tf.Tensor(
[0.17392683 0.14033826 0.00864134 0.00518288 0.5548274  0.01489348
 0.02157335 0.00690987 0.03887263 0.05055621], shape=(10,), dtype=float32)
rounded label:tf.Tensor([0. 0. 0. 0. 1. 0. 0. 0. 0. 0.], shape=(10,), dtype=float32)
predicted label rank:[1 1 1 1 2 1 1 1 1 1]
mse:tf.Tensor(0.036268234, shape=(), dtype=float32)
-------
../benchmarks/LIA-lin-noInterval-trainData-datafold-graphs/test_data/chc-lia-lin-0016_000.smt2
true label:[0, 0, 0, 1]
true label rank:[1 1 1 2]
predicted label:tf.Tensor([0.40579754 0.4980758  0.3838318  0.35984516], shape=(4,), dtype=float32)
rounded label:tf.Tensor([0. 0. 0. 0.], shape=(4,), dtype=float32)
predicted label rank:[1 1 1 1]
mse:tf.Tensor(0.24246906, shape=(), dtype=float32)
-------
../benchmarks/LIA-lin-noInterval-trainData-datafold-graphs/test_data/large_const_true-unreach-call.c.flat_000.smt2
true label:[1, 1, 1, 0, 1, 1, 1]
true label rank:[2 2 2 1 2 2 2]
predicted label:tf.Tensor(
[0.43396762 0.50287634 0.4423452  0.4434204  0.49525902 0.5048255
 0.4884381 ], shape=(7,), dtype=float32)
rounded label:tf.Tensor([0. 1. 0. 0. 0. 1. 0.], shape=(7,), dtype=float32)
predicted label rank:[1 2 1 1 1 2 1]
mse:tf.Tensor(0.26239744, shape=(), dtype=float32)
-------
../benchmarks/LIA-lin-noInterval-trainData-datafold-graphs/test_data/xy10.c_000.smt2
true label:[0, 0, 0, 0, 0, 0, 0]
true label rank:[1 1 1 1 1 1 1]
predicted label:tf.Tensor(
[0.33694792 0.42930624 0.13265772 0.11336782 0.2931714  0.22202149
 0.09261908], shape=(7,), dtype=float32)
rounded label:tf.Tensor([0. 0. 0. 0. 0. 0. 0.], shape=(7,), dtype=float32)
predicted label rank:[1 1 1 1 1 1 1]
mse:tf.Tensor(0.0674442, shape=(), dtype=float32)
-------
../benchmarks/LIA-lin-noInterval-trainData-datafold-graphs/test_data/test_locks_12.c-1_000.smt2
true label:[0, 0, 1, 0, 1, 0, 1, 0, 1, 0, 1, 0, 1, 0, 1, 0, 1, 0, 1, 0, 1, 0, 1, 0, 1, 0, 1, 0, 1, 0, 1, 0, 1, 0, 1, 0, 1, 0, 1, 0, 1, 0, 1, 0, 1, 0, 1, 0, 0, 0, 1, 0, 1, 0, 1, 0, 1, 0, 1, 0, 1, 0, 1, 0, 1, 0, 1, 0, 1, 0, 0, 0, 0, 1, 0, 1, 0, 1, 0, 1, 0, 1, 0, 1, 0, 1, 0, 1, 0, 1, 0, 0, 0, 0, 0, 1, 0, 1, 0, 1, 0, 1, 0, 1, 0, 1, 0, 1, 0, 1, 0, 0, 0, 0, 0, 0, 1, 0, 1, 0, 1, 0, 1, 0, 1, 0, 1, 0, 1, 0, 0, 0, 0, 0, 0, 0, 1, 0, 1, 0, 1, 0, 1, 0, 1, 0, 1, 0, 0, 0, 0, 0, 0, 0, 0, 1, 0, 1, 0, 1, 0, 1, 0, 1, 0, 0, 0, 0, 0, 0, 0, 0, 0, 1, 0, 1, 0, 1, 0, 1, 0, 0, 0, 0, 0, 0, 0, 0, 0, 0, 1, 0, 1, 0, 1, 0, 0, 0, 0, 0, 0, 0, 0, 0, 0, 0, 1, 0, 1, 0, 0, 0, 0, 0, 0, 0, 0, 0, 0, 0, 0, 1, 0, 0, 0, 0, 0, 0, 0, 0, 0, 0, 0, 0, 0, 1, 0, 1, 0, 1, 0, 1, 0, 1, 0, 1, 0, 1, 0, 1, 0, 1, 0, 1, 0, 0, 0, 1, 0, 1, 0, 1, 0, 1, 0, 1, 0, 1, 0, 0, 0, 0, 0, 0, 0, 1, 0, 1, 0, 1, 0, 1, 0, 0, 0, 0, 0, 0, 0, 0, 0, 1, 0, 1, 0, 1, 0, 1, 0, 1, 0, 1, 0, 1, 0, 1, 0, 0, 0, 0, 0, 1, 0, 1, 0, 0, 0, 0, 0, 0, 0, 0, 0, 0]
true label rank:[1 1 2 1 2 1 2 1 2 1 2 1 2 1 2 1 2 1 2 1 2 1 2 1 2 1 2 1 2 1 2 1 2 1 2 1 2
 1 2 1 2 1 2 1 2 1 2 1 1 1 2 1 2 1 2 1 2 1 2 1 2 1 2 1 2 1 2 1 2 1 1 1 1 2
 1 2 1 2 1 2 1 2 1 2 1 2 1 2 1 2 1 1 1 1 1 2 1 2 1 2 1 2 1 2 1 2 1 2 1 2 1
 1 1 1 1 1 2 1 2 1 2 1 2 1 2 1 2 1 2 1 1 1 1 1 1 1 2 1 2 1 2 1 2 1 2 1 2 1
 1 1 1 1 1 1 1 2 1 2 1 2 1 2 1 2 1 1 1 1 1 1 1 1 1 2 1 2 1 2 1 2 1 1 1 1 1
 1 1 1 1 1 2 1 2 1 2 1 1 1 1 1 1 1 1 1 1 1 2 1 2 1 1 1 1 1 1 1 1 1 1 1 1 2
 1 1 1 1 1 1 1 1 1 1 1 1 1 2 1 2 1 2 1 2 1 2 1 2 1 2 1 2 1 2 1 2 1 1 1 2 1
 2 1 2 1 2 1 2 1 2 1 1 1 1 1 1 1 2 1 2 1 2 1 2 1 1 1 1 1 1 1 1 1 2 1 2 1 2
 1 2 1 2 1 2 1 2 1 2 1 1 1 1 1 2 1 2 1 1 1 1 1 1 1 1 1 1]
predicted label:tf.Tensor(
[0.38125682 0.35021263 0.3198097  0.34154025 0.27981788 0.3554302
 0.30317456 0.28339964 0.2744064  0.29009134 0.29249388 0.26022148
 0.27247614 0.3347702  0.28638607 0.29785323 0.28302264 0.2841976
 0.2519474  0.2737905  0.29670706 0.29451257 0.27308348 0.19931021
 0.35144517 0.21923468 0.27974942 0.27960223 0.21908851 0.26893738
 0.27894965 0.261478   0.2216849  0.26455212 0.2633032  0.28272852
 0.3778209  0.46217844 0.22856839 0.28151846 0.22179979 0.34400922
 0.23868658 0.23032612 0.23636039 0.25865382 0.2531605  0.28206024
 0.22279249 0.3003637  0.26134023 0.2800048  0.2631097  0.31342885
 0.26248074 0.23777659 0.2637204  0.25746065 0.2921488  0.2504777
 0.3144267  0.29997414 0.31587878 0.31717628 0.2323667  0.28878966
 0.26373628 0.2588699  0.2921712  0.2952707  0.27621147 0.35275042
 0.25728565 0.31985888 0.2577318  0.29428187 0.28801924 0.2552509
 0.30402064 0.33955085 0.29324025 0.30682677 0.3263301  0.2990053
 0.3002751  0.25466818 0.29258582 0.33584034 0.31689006 0.26718277
 0.3004885  0.33812156 0.45972672 0.3037339  0.3378793  0.27063325
 0.27977931 0.38424525 0.25081953 0.25176162 0.26701522 0.26192424
 0.31564093 0.23775297 0.33370185 0.30875093 0.27106363 0.23967539
 0.26702267 0.25433347 0.2865766  0.29544145 0.28752956 0.29278475
 0.31206334 0.3236181  0.2990612  0.3006866  0.29296553 0.2450442
 0.269346   0.27056614 0.34495094 0.30044743 0.29948524 0.30606726
 0.31735405 0.35060683 0.39679995 0.35883534 0.3511959  0.36510032
 0.34748876 0.29342255 0.37656018 0.43271226 0.3912708  0.34596437
 0.43748906 0.43335828 0.48688048 0.47690433 0.34445885 0.32541105
 0.4061753  0.3206238  0.33787823 0.35644668 0.36801344 0.37680703
 0.40172994 0.4209458  0.4813125  0.41067332 0.41683105 0.42490026
 0.38740763 0.3746516  0.48852798 0.39204767 0.36618376 0.42040777
 0.47099012 0.44289562 0.46334058 0.45635143 0.4819695  0.46986112
 0.48381048 0.4817121  0.49328336 0.49115685 0.48380402 0.48980957
 0.44505596 0.43628854 0.47957823 0.42678675 0.43615264 0.44436514
 0.48873088 0.5120759  0.4959592  0.49501246 0.501162   0.5115056
 0.48356512 0.51274186 0.48457268 0.47154891 0.4998671  0.4793504
 0.4952099  0.513837   0.486184   0.5009658  0.5116976  0.5125007
 0.5036734  0.515967   0.5135682  0.5084649  0.49257034 0.5192731
 0.5163199  0.49694827 0.49681312 0.5164553  0.5052664  0.43686962
 0.45369858 0.49794096 0.46304518 0.44914696 0.44787258 0.44251573
 0.43016517 0.44879276 0.45369557 0.44662485 0.4598371  0.4182017
 0.4681845  0.47386873 0.496908   0.4834704  0.4858107  0.5054408
 0.49812794 0.5038312  0.5071539  0.50764626 0.48458466 0.5046777
 0.38465738 0.45253888 0.44743425 0.47369555 0.47034454 0.42448834
 0.4518174  0.44412425 0.5069654  0.51097673 0.47972184 0.4158271
 0.46611115 0.49924588 0.4821809  0.4727765  0.4567861  0.4692137
 0.47341275 0.4871875  0.5158028  0.505795   0.5026514  0.500555
 0.52168024 0.50607944 0.5195758  0.5024376  0.49499458 0.51988786
 0.4961643  0.51415133 0.5155593  0.517662   0.49046516 0.5147519
 0.49425882 0.49645334 0.49432033 0.50769156 0.5013421  0.50089
 0.5089764  0.4922318  0.5052868  0.51054585 0.5128499  0.50261515
 0.48145136 0.49554777 0.51356584 0.51021856 0.49755523 0.52198607
 0.51604736 0.5064403  0.48198396 0.5067412  0.4978478  0.5161241
 0.5100343  0.5073793  0.48826355 0.5115079  0.5133834  0.51870275
 0.529584   0.5130901  0.515071   0.49905077 0.5093391  0.50181854
 0.51569474 0.5038165  0.51620865 0.5044835  0.5074389  0.5273151
 0.5106314  0.5269351  0.5012308  0.5154867  0.4946602  0.50611705
 0.48544136 0.5085384  0.5132526  0.51014066 0.51620704 0.51190454], shape=(324,), dtype=float32)
rounded label:tf.Tensor(
[0. 0. 0. 0. 0. 0. 0. 0. 0. 0. 0. 0. 0. 0. 0. 0. 0. 0. 0. 0. 0. 0. 0. 0.
 0. 0. 0. 0. 0. 0. 0. 0. 0. 0. 0. 0. 0. 0. 0. 0. 0. 0. 0. 0. 0. 0. 0. 0.
 0. 0. 0. 0. 0. 0. 0. 0. 0. 0. 0. 0. 0. 0. 0. 0. 0. 0. 0. 0. 0. 0. 0. 0.
 0. 0. 0. 0. 0. 0. 0. 0. 0. 0. 0. 0. 0. 0. 0. 0. 0. 0. 0. 0. 0. 0. 0. 0.
 0. 0. 0. 0. 0. 0. 0. 0. 0. 0. 0. 0. 0. 0. 0. 0. 0. 0. 0. 0. 0. 0. 0. 0.
 0. 0. 0. 0. 0. 0. 0. 0. 0. 0. 0. 0. 0. 0. 0. 0. 0. 0. 0. 0. 0. 0. 0. 0.
 0. 0. 0. 0. 0. 0. 0. 0. 0. 0. 0. 0. 0. 0. 0. 0. 0. 0. 0. 0. 0. 0. 0. 0.
 0. 0. 0. 0. 0. 0. 0. 0. 0. 0. 0. 0. 0. 1. 0. 0. 1. 1. 0. 1. 0. 0. 0. 0.
 0. 1. 0. 1. 1. 1. 1. 1. 1. 1. 0. 1. 1. 0. 0. 1. 1. 0. 0. 0. 0. 0. 0. 0.
 0. 0. 0. 0. 0. 0. 0. 0. 0. 0. 0. 1. 0. 1. 1. 1. 0. 1. 0. 0. 0. 0. 0. 0.
 0. 0. 1. 1. 0. 0. 0. 0. 0. 0. 0. 0. 0. 0. 1. 1. 1. 1. 1. 1. 1. 1. 0. 1.
 0. 1. 1. 1. 0. 1. 0. 0. 0. 1. 1. 1. 1. 0. 1. 1. 1. 1. 0. 0. 1. 1. 0. 1.
 1. 1. 0. 1. 0. 1. 1. 1. 0. 1. 1. 1. 1. 1. 1. 0. 1. 1. 1. 1. 1. 1. 1. 1.
 1. 1. 1. 1. 0. 1. 0. 1. 1. 1. 1. 1.], shape=(324,), dtype=float32)
predicted label rank:[1 1 1 1 1 1 1 1 1 1 1 1 1 1 1 1 1 1 1 1 1 1 1 1 1 1 1 1 1 1 1 1 1 1 1 1 1
 1 1 1 1 1 1 1 1 1 1 1 1 1 1 1 1 1 1 1 1 1 1 1 1 1 1 1 1 1 1 1 1 1 1 1 1 1
 1 1 1 1 1 1 1 1 1 1 1 1 1 1 1 1 1 1 1 1 1 1 1 1 1 1 1 1 1 1 1 1 1 1 1 1 1
 1 1 1 1 1 1 1 1 1 1 1 1 1 1 1 1 1 1 1 1 1 1 1 1 1 1 1 1 1 1 1 1 1 1 1 1 1
 1 1 1 1 1 1 1 1 1 1 1 1 1 1 1 1 1 1 1 1 1 1 1 1 1 1 1 1 1 1 1 1 1 2 1 1 2
 2 1 2 1 1 1 1 1 2 1 2 2 2 2 2 2 2 1 2 2 1 1 2 2 1 1 1 1 1 1 1 1 1 1 1 1 1
 1 1 1 1 1 2 1 2 2 2 1 2 1 1 1 1 1 1 1 1 2 2 1 1 1 1 1 1 1 1 1 1 2 2 2 2 2
 2 2 2 1 2 1 2 2 2 1 2 1 1 1 2 2 2 2 1 2 2 2 2 1 1 2 2 1 2 2 2 1 2 1 2 2 2
 1 2 2 2 2 2 2 1 2 2 2 2 2 2 2 2 2 2 2 2 1 2 1 2 2 2 2 2]
mse:tf.Tensor(0.25611857, shape=(), dtype=float32)
-------
../benchmarks/LIA-lin-noInterval-trainData-datafold-graphs/test_data/16.c_000.smt2
true label:[0, 0, 0, 0, 0, 0, 0, 0, 0, 0]
true label rank:[1 1 1 1 1 1 1 1 1 1]
predicted label:tf.Tensor(
[0.4945481  0.51017493 0.51712275 0.50313866 0.49011153 0.511854
 0.50887907 0.4948605  0.4937784  0.48398867], shape=(10,), dtype=float32)
rounded label:tf.Tensor([0. 1. 1. 1. 0. 1. 1. 0. 0. 0.], shape=(10,), dtype=float32)
predicted label rank:[1 2 2 2 1 2 2 1 1 1]
mse:tf.Tensor(0.25095314, shape=(), dtype=float32)
-------
../benchmarks/LIA-lin-noInterval-trainData-datafold-graphs/test_data/rotation_vc.correct.1.nts_000.smt2
true label:[0, 1, 1, 0, 1, 1, 1, 0, 1, 1, 1, 0, 1, 1, 0, 1, 1, 0, 0, 1, 0, 0, 0, 0, 0, 0, 0, 0, 0, 0, 0, 0, 1, 1, 0, 1, 1, 0, 1, 1, 0, 1, 1, 0, 1, 1, 0, 1, 1, 1, 0, 1, 1, 0, 1, 0, 1, 1, 0, 1, 0, 1, 1, 0, 0, 1, 1, 0, 1, 1, 0, 1, 1, 0, 1, 1, 0, 1, 1]
true label rank:[1 2 2 1 2 2 2 1 2 2 2 1 2 2 1 2 2 1 1 2 1 1 1 1 1 1 1 1 1 1 1 1 2 2 1 2 2
 1 2 2 1 2 2 1 2 2 1 2 2 2 1 2 2 1 2 1 2 2 1 2 1 2 2 1 1 2 2 1 2 2 1 2 2 1
 2 2 1 2 2]
predicted label:tf.Tensor(
[0.4305312  0.51926583 0.44828612 0.4399241  0.44415492 0.45858532
 0.4099648  0.4637068  0.45542777 0.46618652 0.48795328 0.4591638
 0.43493155 0.490011   0.5150709  0.48928824 0.4967231  0.47359318
 0.4328655  0.51841635 0.4742723  0.4889948  0.49034336 0.36714894
 0.48784363 0.39509836 0.46964714 0.48281848 0.4240922  0.4994086
 0.49353763 0.46019766 0.45311797 0.47232196 0.4858615  0.43104398
 0.5129663  0.51927924 0.5073148  0.46804523 0.49743462 0.493561
 0.47370303 0.45099956 0.48007843 0.49034467 0.43541998 0.4794674
 0.4332691  0.44393286 0.45542887 0.40114766 0.4850896  0.47107735
 0.3974102  0.3670743  0.42899194 0.48162448 0.5099477  0.45352742
 0.49538782 0.5214674  0.4881498  0.5035199  0.47823536 0.5015208
 0.494454   0.49402577 0.51502955 0.5114371  0.47474492 0.49461785
 0.49307284 0.49953884 0.5010728  0.5070625  0.49540788 0.49443698
 0.51865387], shape=(79,), dtype=float32)
rounded label:tf.Tensor(
[0. 1. 0. 0. 0. 0. 0. 0. 0. 0. 0. 0. 0. 0. 1. 0. 0. 0. 0. 1. 0. 0. 0. 0.
 0. 0. 0. 0. 0. 0. 0. 0. 0. 0. 0. 0. 1. 1. 1. 0. 0. 0. 0. 0. 0. 0. 0. 0.
 0. 0. 0. 0. 0. 0. 0. 0. 0. 0. 1. 0. 0. 1. 0. 1. 0. 1. 0. 0. 1. 1. 0. 0.
 0. 0. 1. 1. 0. 0. 1.], shape=(79,), dtype=float32)
predicted label rank:[1 2 1 1 1 1 1 1 1 1 1 1 1 1 2 1 1 1 1 2 1 1 1 1 1 1 1 1 1 1 1 1 1 1 1 1 2
 2 2 1 1 1 1 1 1 1 1 1 1 1 1 1 1 1 1 1 1 1 2 1 1 2 1 2 1 2 1 1 2 2 1 1 1 1
 2 2 1 1 2]
mse:tf.Tensor(0.2511444, shape=(), dtype=float32)
-------
../benchmarks/LIA-lin-noInterval-trainData-datafold-graphs/test_data/four1.smt2-0044_000.smt2
true label:[1, 0, 1, 1, 1, 1]
true label rank:[2 1 2 2 2 2]
predicted label:tf.Tensor([0.51571524 0.5116165  0.51835793 0.51628953 0.50170577 0.51257503], shape=(6,), dtype=float32)
rounded label:tf.Tensor([1. 1. 1. 1. 1. 1.], shape=(6,), dtype=float32)
predicted label rank:[1 1 1 1 1 1]
mse:tf.Tensor(0.24135305, shape=(), dtype=float32)
-------
../benchmarks/LIA-lin-noInterval-trainData-datafold-graphs/test_data/08.c_000.smt2
true label:[0, 1, 1, 0, 0, 0, 1, 1, 0, 0, 0, 1, 1, 0, 0, 0, 1, 1, 0, 0, 1, 1, 0]
true label rank:[1 2 2 1 1 1 2 2 1 1 1 2 2 1 1 1 2 2 1 1 2 2 1]
predicted label:tf.Tensor(
[0.47517025 0.50296694 0.49994695 0.49187884 0.4635451  0.50685275
 0.48509493 0.5060661  0.50296557 0.50358856 0.5032776  0.48543158
 0.48930478 0.50391465 0.49889833 0.51177603 0.50949186 0.49978247
 0.47677055 0.4755457  0.48039833 0.481297   0.47447276], shape=(23,), dtype=float32)
rounded label:tf.Tensor([0. 1. 0. 0. 0. 1. 0. 1. 1. 1. 1. 0. 0. 1. 0. 1. 1. 0. 0. 0. 0. 0. 0.], shape=(23,), dtype=float32)
predicted label rank:[1 2 1 1 1 2 1 2 2 2 2 1 1 2 1 2 2 1 1 1 1 1 1]
mse:tf.Tensor(0.24801433, shape=(), dtype=float32)
-------
../benchmarks/LIA-lin-noInterval-trainData-datafold-graphs/test_data/cyclic.smt2-0007_000.smt2
true label:[1, 0]
true label rank:[2 1]
predicted label:tf.Tensor([0.5150466  0.51205623], shape=(2,), dtype=float32)
rounded label:tf.Tensor([1. 1.], shape=(2,), dtype=float32)
predicted label rank:[1 1]
mse:tf.Tensor(0.2486907, shape=(), dtype=float32)
-------
../benchmarks/LIA-lin-noInterval-trainData-datafold-graphs/test_data/seesaw.c_000.smt2
true label:[0, 0, 0, 0, 0, 0, 0, 0]
true label rank:[1 1 1 1 1 1 1 1]
predicted label:tf.Tensor(
[2.6046750e-01 2.2235297e-02 2.1914668e-05 1.3493097e-05 4.6603772e-01
 7.1676783e-05 1.0658416e-03 3.2211092e-06], shape=(8,), dtype=float32)
rounded label:tf.Tensor([0. 0. 0. 0. 0. 0. 0. 0.], shape=(8,), dtype=float32)
predicted label rank:[1 1 1 1 1 1 1 1]
mse:tf.Tensor(0.035691254, shape=(), dtype=float32)
-------
../benchmarks/LIA-lin-noInterval-trainData-datafold-graphs/test_data/nested4.c_000.smt2
true label:[0, 0, 0, 0, 0, 0, 0, 0]
true label rank:[1 1 1 1 1 1 1 1]
predicted label:tf.Tensor(
[0.3364366  0.40969434 0.05088833 0.13927115 0.2291314  0.10097662
 0.09912122 0.02539968], shape=(8,), dtype=float32)
rounded label:tf.Tensor([0. 0. 0. 0. 0. 0. 0. 0.], shape=(8,), dtype=float32)
predicted label rank:[1 1 1 1 1 1 1 1]
mse:tf.Tensor(0.047024094, shape=(), dtype=float32)
-------
../benchmarks/LIA-lin-noInterval-trainData-datafold-graphs/test_data/nest-if3_true-unreach-call.c.flat_000.smt2
true label:[1, 1, 0, 1, 1, 1, 1]
true label rank:[2 2 1 2 2 2 2]
predicted label:tf.Tensor(
[0.47459173 0.5209576  0.50846714 0.50245595 0.49791393 0.5075987
 0.4924071 ], shape=(7,), dtype=float32)
rounded label:tf.Tensor([0. 1. 1. 1. 0. 1. 0.], shape=(7,), dtype=float32)
predicted label rank:[1 2 2 2 1 2 1]
mse:tf.Tensor(0.2519749, shape=(), dtype=float32)
-------
../benchmarks/LIA-lin-noInterval-trainData-datafold-graphs/test_data/apache-get-tag.i.v+lhb-reducer.c-1_000.smt2
true label:[1, 1, 1, 1, 1, 1]
true label rank:[1 1 1 1 1 1]
predicted label:tf.Tensor([0.46873116 0.50449646 0.5139814  0.50569576 0.4779662  0.48994598], shape=(6,), dtype=float32)
rounded label:tf.Tensor([0. 1. 1. 1. 0. 0.], shape=(6,), dtype=float32)
predicted label rank:[1 2 2 2 1 1]
mse:tf.Tensor(0.25683257, shape=(), dtype=float32)
-------
../benchmarks/LIA-lin-noInterval-trainData-datafold-graphs/test_data/apache-get-tag.i.p+nlh-reducer.c-1_000.smt2
true label:[1, 1, 1, 1, 1, 1, 1, 1, 1, 1]
true label rank:[1 1 1 1 1 1 1 1 1 1]
predicted label:tf.Tensor(
[0.2598639  0.23130763 0.49527696 0.4982347  0.49852663 0.5112451
 0.46785358 0.48177075 0.10452369 0.11046468], shape=(10,), dtype=float32)
rounded label:tf.Tensor([0. 0. 0. 0. 0. 1. 0. 0. 0. 0.], shape=(10,), dtype=float32)
predicted label rank:[1 1 1 1 1 2 1 1 1 1]
mse:tf.Tensor(0.42804527, shape=(), dtype=float32)
-------
../benchmarks/LIA-lin-noInterval-trainData-datafold-graphs/test_data/03.c_000.smt2
true label:[0, 1, 1, 1, 1, 1, 1, 1, 1, 1, 1]
true label rank:[1 2 2 2 2 2 2 2 2 2 2]
predicted label:tf.Tensor(
[0.51214767 0.5107592  0.5177946  0.51126134 0.4982515  0.5095286
 0.50854814 0.51497465 0.508035   0.5128993  0.50719464], shape=(11,), dtype=float32)
rounded label:tf.Tensor([1. 1. 1. 1. 0. 1. 1. 1. 1. 1. 1.], shape=(11,), dtype=float32)
predicted label rank:[2 2 2 2 1 2 2 2 2 2 2]
mse:tf.Tensor(0.2422074, shape=(), dtype=float32)
-------
../benchmarks/LIA-lin-noInterval-trainData-datafold-graphs/test_data/dillig01.c_000.smt2
true label:[0, 0, 0, 0, 0, 0, 0, 0]
true label rank:[1 1 1 1 1 1 1 1]
predicted label:tf.Tensor(
[0.35406062 0.4498695  0.09036919 0.18053523 0.23908691 0.1828674
 0.14116338 0.05983217], shape=(8,), dtype=float32)
rounded label:tf.Tensor([0. 0. 0. 0. 0. 0. 0. 0.], shape=(8,), dtype=float32)
predicted label rank:[1 1 1 1 1 1 1 1]
mse:tf.Tensor(0.060326386, shape=(), dtype=float32)
-------
../benchmarks/LIA-lin-noInterval-trainData-datafold-graphs/test_data/spline-fixed.smt2-0003_000.smt2
true label:[1, 1, 1]
true label rank:[1 1 1]
predicted label:tf.Tensor([0.5196453 0.5128221 0.5216067], shape=(3,), dtype=float32)
rounded label:tf.Tensor([1. 1. 1.], shape=(3,), dtype=float32)
predicted label rank:[1 1 1]
mse:tf.Tensor(0.2323144, shape=(), dtype=float32)
-------
../benchmarks/LIA-lin-noInterval-trainData-datafold-graphs/test_data/sum3_000.smt2
true label:[1, 0]
true label rank:[2 1]
predicted label:tf.Tensor([0.5102941 0.5143159], shape=(2,), dtype=float32)
rounded label:tf.Tensor([1. 1.], shape=(2,), dtype=float32)
predicted label rank:[1 1]
mse:tf.Tensor(0.25216636, shape=(), dtype=float32)
-------
../benchmarks/LIA-lin-noInterval-trainData-datafold-graphs/test_data/chc-lia-lin-0000_000.smt2
true label:[1, 1]
true label rank:[1 1]
predicted label:tf.Tensor([0.5102941 0.5143159], shape=(2,), dtype=float32)
rounded label:tf.Tensor([1. 1.], shape=(2,), dtype=float32)
predicted label rank:[1 1]
mse:tf.Tensor(0.23785046, shape=(), dtype=float32)
-------
../benchmarks/LIA-lin-noInterval-trainData-datafold-graphs/test_data/counter.correct.nts_000.smt2
true label:[1, 1, 1, 1, 1, 1]
true label rank:[1 1 1 1 1 1]
predicted label:tf.Tensor([0.50256354 0.51176035 0.50910187 0.49850613 0.50104576 0.5127367 ], shape=(6,), dtype=float32)
rounded label:tf.Tensor([1. 1. 1. 0. 1. 1.], shape=(6,), dtype=float32)
predicted label rank:[2 2 2 1 2 2]
mse:tf.Tensor(0.24411316, shape=(), dtype=float32)
-------
../benchmarks/LIA-lin-noInterval-trainData-datafold-graphs/test_data/21.c_000.smt2
true label:[0, 1, 0, 0, 1, 1, 0, 1, 0, 0, 1, 1, 0, 1, 0, 0, 1, 1, 1, 0, 1, 0, 0, 1, 1]
true label rank:[1 2 1 1 2 2 1 2 1 1 2 2 1 2 1 1 2 2 2 1 2 1 1 2 2]
predicted label:tf.Tensor(
[0.48699293 0.51045287 0.50675714 0.4976479  0.4831047  0.5048089
 0.4942178  0.47505012 0.46164435 0.44272602 0.4507046  0.46157104
 0.48020577 0.50267816 0.5067139  0.51015955 0.48046046 0.5051631
 0.44089955 0.44254264 0.442505   0.4527836  0.44538593 0.42711723
 0.45742625], shape=(25,), dtype=float32)
rounded label:tf.Tensor(
[0. 1. 1. 0. 0. 1. 0. 0. 0. 0. 0. 0. 0. 1. 1. 1. 0. 1. 0. 0. 0. 0. 0. 0.
 0.], shape=(25,), dtype=float32)
predicted label rank:[1 2 2 1 1 2 1 1 1 1 1 1 1 2 2 2 1 2 1 1 1 1 1 1 1]
mse:tf.Tensor(0.2547672, shape=(), dtype=float32)
-------
../benchmarks/LIA-lin-noInterval-trainData-datafold-graphs/test_data/inf6.correct.nts.horn-0001_000.smt2
true label:[1, 1, 0, 0, 1, 0, 0, 0, 0, 1]
true label rank:[2 2 1 1 2 1 1 1 1 2]
predicted label:tf.Tensor(
[0.5189379  0.51528454 0.51940995 0.5143613  0.5025989  0.5126197
 0.50792766 0.51463664 0.5127971  0.5142224 ], shape=(10,), dtype=float32)
rounded label:tf.Tensor([1. 1. 1. 1. 1. 1. 1. 1. 1. 1.], shape=(10,), dtype=float32)
predicted label rank:[1 1 1 1 1 1 1 1 1 1]
mse:tf.Tensor(0.2532693, shape=(), dtype=float32)
-------
../benchmarks/LIA-lin-noInterval-trainData-datafold-graphs/test_data/tridag.smt2-0014_000.smt2
true label:[1]
true label rank:[1]
predicted label:tf.Tensor([0.51608866], shape=(1,), dtype=float32)
rounded label:tf.Tensor([1.], shape=(1,), dtype=float32)
predicted label rank:[1]
mse:tf.Tensor(0.23417018, shape=(), dtype=float32)
-------
../benchmarks/LIA-lin-noInterval-trainData-datafold-graphs/test_data/loop__loop2_000.smt2
true label:[1, 1, 0, 1, 1]
true label rank:[2 2 1 2 2]
predicted label:tf.Tensor([0.4840356  0.51233405 0.50973165 0.49092883 0.4785086 ], shape=(5,), dtype=float32)
rounded label:tf.Tensor([0. 1. 1. 0. 0.], shape=(5,), dtype=float32)
predicted label rank:[1 2 2 1 1]
mse:tf.Tensor(0.2589941, shape=(), dtype=float32)
-------
../benchmarks/LIA-lin-noInterval-trainData-datafold-graphs/test_data/nested6.c_000.smt2
true label:[0, 0, 0, 0, 0, 0, 0, 0, 0]
true label rank:[1 1 1 1 1 1 1 1 1]
predicted label:tf.Tensor(
[0.15355329 0.06048962 0.01348329 0.00071924 0.37012345 0.05951154
 0.01784807 0.00067631 0.01052571], shape=(9,), dtype=float32)
rounded label:tf.Tensor([0. 0. 0. 0. 0. 0. 0. 0. 0.], shape=(9,), dtype=float32)
predicted label rank:[1 1 1 1 1 1 1 1 1]
mse:tf.Tensor(0.01870919, shape=(), dtype=float32)
-------
../benchmarks/LIA-lin-noInterval-trainData-datafold-graphs/test_data/chc-lia-lin-0065_000.smt2
true label:[0, 0, 0, 0, 0, 0, 0, 0, 0, 0, 0, 0, 0, 0]
true label rank:[1 1 1 1 1 1 1 1 1 1 1 1 1 1]
predicted label:tf.Tensor(
[0.5160015  0.5087568  0.52014816 0.51374066 0.49135253 0.5100513
 0.48974    0.4990244  0.5082742  0.5062622  0.51275945 0.50112885
 0.507789   0.5165177 ], shape=(14,), dtype=float32)
rounded label:tf.Tensor([1. 1. 1. 1. 0. 1. 0. 0. 1. 1. 1. 1. 1. 1.], shape=(14,), dtype=float32)
predicted label rank:[2 2 2 2 1 2 1 1 2 2 2 2 2 2]
mse:tf.Tensor(0.25738296, shape=(), dtype=float32)
-------
../benchmarks/LIA-lin-noInterval-trainData-datafold-graphs/test_data/06.c_000.smt2
true label:[0, 1, 1, 0, 0, 1, 1, 0, 0, 1, 1, 0, 0, 1, 1, 0, 0, 1, 1, 0]
true label rank:[1 2 2 1 1 2 2 1 1 2 2 1 1 2 2 1 1 2 2 1]
predicted label:tf.Tensor(
[0.4996193  0.50910604 0.51746327 0.5031526  0.48858446 0.51448834
 0.51648855 0.51236945 0.51648116 0.50071216 0.5025603  0.49660107
 0.50859225 0.5073054  0.51895803 0.51618207 0.5002643  0.49248123
 0.4435768  0.4937609 ], shape=(20,), dtype=float32)
rounded label:tf.Tensor([0. 1. 1. 1. 0. 1. 1. 1. 1. 1. 1. 0. 1. 1. 1. 1. 1. 0. 0. 0.], shape=(20,), dtype=float32)
predicted label rank:[1 2 2 2 1 2 2 2 2 2 2 1 2 2 2 2 2 1 1 1]
mse:tf.Tensor(0.2508974, shape=(), dtype=float32)
-------
../benchmarks/LIA-lin-noInterval-trainData-datafold-graphs/test_data/s3_srvr_1a.cil.c-1_000.smt2
true label:[1, 1, 0, 0, 0, 0, 1, 0, 0, 0, 1, 1]
true label rank:[2 2 1 1 1 1 2 1 1 1 2 2]
predicted label:tf.Tensor(
[0.5136004  0.36524594 0.07733672 0.07334595 0.5259119  0.2358396
 0.03768153 0.5020577  0.51538783 0.5023598  0.5077542  0.48718736], shape=(12,), dtype=float32)
rounded label:tf.Tensor([1. 0. 0. 0. 1. 0. 0. 1. 1. 1. 1. 0.], shape=(12,), dtype=float32)
predicted label rank:[2 1 1 1 2 1 1 2 2 2 2 1]
mse:tf.Tensor(0.26537108, shape=(), dtype=float32)
-------
../benchmarks/LIA-lin-noInterval-trainData-datafold-graphs/test_data/bandec.smt2-0148_000.smt2
true label:[0, 1, 1, 1, 0, 0, 0, 0, 0, 1, 1, 0, 1, 0, 1, 1, 1, 0, 0, 0, 0, 0, 1]
true label rank:[1 2 2 2 1 1 1 1 1 2 2 1 2 1 2 2 2 1 1 1 1 1 2]
predicted label:tf.Tensor(
[0.40611708 0.33608705 0.39047265 0.3918255  0.3899066  0.3701763
 0.3517088  0.36835942 0.34278637 0.35075814 0.41680494 0.34901315
 0.36895415 0.38379708 0.3904028  0.36153185 0.38833764 0.39547077
 0.3950849  0.36839923 0.3725631  0.41182855 0.35723987], shape=(23,), dtype=float32)
rounded label:tf.Tensor([0. 0. 0. 0. 0. 0. 0. 0. 0. 0. 0. 0. 0. 0. 0. 0. 0. 0. 0. 0. 0. 0. 0.], shape=(23,), dtype=float32)
predicted label rank:[1 1 1 1 1 1 1 1 1 1 1 1 1 1 1 1 1 1 1 1 1 1 1]
mse:tf.Tensor(0.2506589, shape=(), dtype=float32)
-------
../benchmarks/LIA-lin-noInterval-trainData-datafold-graphs/test_data/nest-len.c_000.smt2
true label:[0, 0, 0, 0, 0, 0, 0, 0, 0]
true label rank:[1 1 1 1 1 1 1 1 1]
predicted label:tf.Tensor(
[4.2802285e-02 1.4853661e-02 3.9377299e-04 3.9118913e-06 4.1197854e-01
 9.8728286e-03 5.6896271e-04 2.4061574e-06 3.2080775e-03], shape=(9,), dtype=float32)
rounded label:tf.Tensor([0. 0. 0. 0. 0. 0. 0. 0. 0.], shape=(9,), dtype=float32)
predicted label rank:[1 1 1 1 1 1 1 1 1]
mse:tf.Tensor(0.019098584, shape=(), dtype=float32)
-------
../benchmarks/LIA-lin-noInterval-trainData-datafold-graphs/test_data/nested-while_merged_safe.c-1_000.smt2
true label:[1, 1, 0, 0, 1, 1, 1, 0, 0, 1, 1, 0, 1, 0, 0, 1, 0, 0, 0, 0, 0, 0, 0, 0, 0]
true label rank:[2 2 1 1 2 2 2 1 1 2 2 1 2 1 1 2 1 1 1 1 1 1 1 1 1]
predicted label:tf.Tensor(
[0.5085837  0.50837296 0.51943684 0.50528497 0.48060548 0.51146257
 0.5069217  0.50883365 0.49385655 0.49546635 0.50257915 0.4761933
 0.5040769  0.5013883  0.5161558  0.5160257  0.5089122  0.51693404
 0.47067854 0.51543474 0.4614467  0.48362154 0.48031384 0.41937748
 0.5007418 ], shape=(25,), dtype=float32)
rounded label:tf.Tensor(
[1. 1. 1. 1. 0. 1. 1. 1. 0. 0. 1. 0. 1. 1. 1. 1. 1. 1. 0. 1. 0. 0. 0. 0.
 1.], shape=(25,), dtype=float32)
predicted label rank:[2 2 2 2 1 2 2 2 1 1 2 1 2 2 2 2 2 2 1 2 1 1 1 1 2]
mse:tf.Tensor(0.24427895, shape=(), dtype=float32)
-------
../benchmarks/LIA-lin-noInterval-trainData-datafold-graphs/test_data/bouncy_one_counter_000.smt2
true label:[1, 1, 0, 0, 0, 0]
true label rank:[2 2 1 1 1 1]
predicted label:tf.Tensor([0.5128634  0.51221615 0.52519166 0.5084072  0.49978694 0.510477  ], shape=(6,), dtype=float32)
rounded label:tf.Tensor([1. 1. 1. 1. 0. 1.], shape=(6,), dtype=float32)
predicted label rank:[2 2 2 2 1 2]
mse:tf.Tensor(0.25331888, shape=(), dtype=float32)
-------
../benchmarks/LIA-lin-noInterval-trainData-datafold-graphs/test_data/PRODUCER_CONSUMER_3_000.smt2
true label:[0, 0, 0, 0, 0, 0, 0, 0, 0, 1, 1, 0, 0, 0, 0, 0, 0, 0, 0, 0, 0, 0, 1, 0, 0, 0, 0, 0, 0, 0, 0, 0, 0, 0, 0, 0, 0, 1, 0, 0, 0, 1, 0, 0, 1, 0, 0, 0, 0, 0, 0, 0, 1, 0, 0, 0, 0, 1, 1, 1, 0, 0, 0, 0, 0, 0, 0, 0, 1, 0, 0, 0, 0, 0, 0, 0, 0, 0, 0, 0, 0, 0, 0, 0, 0, 0, 0, 1, 1, 0, 0, 0, 0, 0, 0, 0, 0, 0, 0, 0, 0, 0, 0, 0, 1, 1, 0, 0, 0, 0, 0, 0, 0, 0, 0, 0, 1, 1, 0, 0, 0, 0, 0, 0, 0, 0, 0, 0, 0, 0, 0, 0, 0, 0, 0, 1, 1, 0, 0, 0, 0, 0, 0, 0, 0, 0, 0, 0, 0, 0, 0, 0, 1, 1, 0, 0, 0, 0, 0, 0, 0, 0, 0, 0, 0, 0, 0, 0]
true label rank:[1 1 1 1 1 1 1 1 1 2 2 1 1 1 1 1 1 1 1 1 1 1 2 1 1 1 1 1 1 1 1 1 1 1 1 1 1
 2 1 1 1 2 1 1 2 1 1 1 1 1 1 1 2 1 1 1 1 2 2 2 1 1 1 1 1 1 1 1 2 1 1 1 1 1
 1 1 1 1 1 1 1 1 1 1 1 1 1 2 2 1 1 1 1 1 1 1 1 1 1 1 1 1 1 1 2 2 1 1 1 1 1
 1 1 1 1 1 2 2 1 1 1 1 1 1 1 1 1 1 1 1 1 1 1 1 1 2 2 1 1 1 1 1 1 1 1 1 1 1
 1 1 1 1 2 2 1 1 1 1 1 1 1 1 1 1 1 1 1 1]
predicted label:tf.Tensor(
[2.01870203e-01 1.19305074e-01 1.66521352e-02 4.52450197e-03
 5.08104205e-01 3.72463495e-01 1.96374543e-02 6.55058818e-03
 9.46387202e-02 7.22993677e-03 2.79190093e-02 1.38825551e-01
 1.01241685e-01 4.34808098e-02 5.50298095e-01 6.18404448e-01
 1.63412556e-01 4.53892559e-01 3.26906979e-01 3.92375708e-01
 2.18262952e-02 1.59203589e-01 5.32722101e-02 3.10353556e-04
 5.24254330e-03 4.63800825e-04 1.41590293e-02 1.58226371e-01
 2.53969520e-01 1.57181948e-01 2.50180274e-01 1.83656752e-01
 7.52944201e-02 1.27494842e-01 3.64933431e-01 2.53940187e-02
 5.98286316e-02 1.54913396e-01 2.74165571e-01 1.12824328e-01
 3.91321063e-01 4.53761548e-01 4.89588648e-01 4.32426095e-01
 4.84590679e-01 4.75787967e-01 3.86446536e-01 4.58033353e-01
 4.24294770e-01 3.90908748e-01 4.53091621e-01 4.49450850e-01
 4.22574788e-01 4.70036596e-01 4.06433403e-01 4.42544699e-01
 4.71794695e-01 3.96554291e-01 4.56104547e-01 3.72427970e-01
 4.55762118e-01 4.41923410e-01 4.72132891e-01 4.31655318e-01
 3.86819690e-01 4.06563073e-01 4.06133831e-01 4.05663729e-01
 4.04156446e-01 4.43532854e-01 4.72797513e-01 4.03666645e-01
 3.98038119e-01 3.86657506e-01 3.79890144e-01 4.59914356e-01
 3.63181978e-01 3.64607453e-01 3.83923620e-01 4.64612693e-01
 5.15137613e-01 4.71156090e-01 4.65039819e-01 5.21140039e-01
 4.66990680e-01 4.21941638e-01 4.10429835e-01 4.29880440e-01
 4.61258322e-01 4.98669952e-01 4.18211430e-01 4.88838464e-01
 5.00177622e-01 4.85880136e-01 5.11586785e-01 4.53860044e-01
 4.93267566e-01 3.70754153e-01 4.57886487e-01 4.77833182e-01
 4.67216969e-01 4.94609922e-01 4.99134839e-01 5.01627207e-01
 4.80476141e-01 4.58609313e-01 4.40209717e-01 5.02246380e-01
 5.10613143e-01 5.25017023e-01 4.88966852e-01 4.32016253e-01
 5.08788288e-01 4.79492545e-01 5.03296375e-01 5.06864369e-01
 5.02131581e-01 5.22921741e-01 4.77554679e-01 5.08899689e-01
 4.92339820e-01 4.70671356e-01 4.78405982e-01 4.44699973e-01
 5.03483474e-01 4.94319618e-01 4.92260426e-01 5.05277514e-01
 5.08771360e-01 5.18919110e-01 5.09931386e-01 5.21929443e-01
 4.94045377e-01 5.11230767e-01 5.11206210e-01 4.99696791e-01
 4.97409254e-01 4.80512470e-01 4.72301006e-01 5.10600984e-01
 5.21055460e-01 5.14724493e-01 5.06769657e-01 5.08139491e-01
 4.97950047e-01 5.13229132e-01 4.56691682e-01 5.31186581e-01
 6.59738064e-01 4.21086282e-01 4.56035763e-01 3.54149520e-01
 2.39928156e-01 1.15484193e-01 4.56136525e-01 1.91981956e-01
 2.89946467e-01 4.30298895e-01 5.21775246e-01 2.68535942e-01
 2.81315356e-01 4.19335723e-01 4.32262868e-01 5.75331807e-01
 3.73693734e-01 3.71038586e-01 2.65824586e-01 3.35961193e-01], shape=(168,), dtype=float32)
rounded label:tf.Tensor(
[0. 0. 0. 0. 1. 0. 0. 0. 0. 0. 0. 0. 0. 0. 1. 1. 0. 0. 0. 0. 0. 0. 0. 0.
 0. 0. 0. 0. 0. 0. 0. 0. 0. 0. 0. 0. 0. 0. 0. 0. 0. 0. 0. 0. 0. 0. 0. 0.
 0. 0. 0. 0. 0. 0. 0. 0. 0. 0. 0. 0. 0. 0. 0. 0. 0. 0. 0. 0. 0. 0. 0. 0.
 0. 0. 0. 0. 0. 0. 0. 0. 1. 0. 0. 1. 0. 0. 0. 0. 0. 0. 0. 0. 1. 0. 1. 0.
 0. 0. 0. 0. 0. 0. 0. 1. 0. 0. 0. 1. 1. 1. 0. 0. 1. 0. 1. 1. 1. 1. 0. 1.
 0. 0. 0. 0. 1. 0. 0. 1. 1. 1. 1. 1. 0. 1. 1. 0. 0. 0. 0. 1. 1. 1. 1. 1.
 0. 1. 0. 1. 1. 0. 0. 0. 0. 0. 0. 0. 0. 0. 1. 0. 0. 0. 0. 1. 0. 0. 0. 0.], shape=(168,), dtype=float32)
predicted label rank:[1 1 1 1 2 1 1 1 1 1 1 1 1 1 2 2 1 1 1 1 1 1 1 1 1 1 1 1 1 1 1 1 1 1 1 1 1
 1 1 1 1 1 1 1 1 1 1 1 1 1 1 1 1 1 1 1 1 1 1 1 1 1 1 1 1 1 1 1 1 1 1 1 1 1
 1 1 1 1 1 1 2 1 1 2 1 1 1 1 1 1 1 1 2 1 2 1 1 1 1 1 1 1 1 2 1 1 1 2 2 2 1
 1 2 1 2 2 2 2 1 2 1 1 1 1 2 1 1 2 2 2 2 2 1 2 2 1 1 1 1 2 2 2 2 2 1 2 1 2
 2 1 1 1 1 1 1 1 1 1 2 1 1 1 1 2 1 1 1 1]
mse:tf.Tensor(0.20782182, shape=(), dtype=float32)
-------
../benchmarks/LIA-lin-noInterval-trainData-datafold-graphs/test_data/s3_clnt_1.cil-1.c-1_000.smt2
true label:[0, 0, 0, 0, 0, 1, 0, 0, 0, 0, 0, 0, 0, 0, 0, 0, 0, 1, 0, 0, 0, 1, 1, 0, 0, 0, 0, 0, 0, 0, 1, 0, 0, 0, 0, 0, 1, 0, 0, 0, 0, 0, 0, 0, 0, 0, 0, 0, 1, 1, 0, 0, 0, 0, 0, 0, 0, 0, 0, 1, 0, 0, 0, 0, 1, 0, 0, 0, 0, 0, 0, 0, 0, 0, 0, 0, 1, 1, 0, 0, 0, 1, 0, 0, 0, 0, 0, 0, 0, 1, 0, 0, 0, 0, 1, 0, 0, 0, 0, 0, 0, 0, 0, 0, 0, 0, 1, 1, 0, 0, 0, 1, 0, 0, 0, 0, 0, 0, 0, 1, 0, 0, 0, 0, 1, 0, 0, 0, 0, 0, 0, 0, 0, 0, 0, 0, 1, 1, 0, 0, 1, 0, 0, 0, 0, 0, 0, 0, 1, 0, 0, 0, 0, 1, 0, 0, 0, 0, 0, 0, 0, 0, 0, 0, 0, 1, 1, 0, 0, 0, 1, 0, 0, 0, 0, 0, 0, 0, 1, 0, 0, 0, 0, 1, 0, 0, 0, 0, 0, 0, 0, 0, 0, 0, 1, 1, 0, 0, 1, 0, 0, 0, 0, 0, 0, 0, 1, 0, 0, 0, 0, 1, 0, 0, 0, 0, 0, 0, 0, 0, 0, 0, 0, 1, 1, 0, 0, 1, 0, 0, 0, 0, 0, 0, 0, 1, 0, 0, 0, 0, 0, 0, 0, 0, 0, 0, 0, 0, 0, 0, 0, 0, 0, 1, 0, 0, 0, 0, 0, 0, 0, 0, 0, 0, 0, 0, 0, 0, 0, 0, 1, 0, 0, 0, 0, 0, 0, 0, 0, 0, 0, 1, 1, 0, 0, 1, 0, 0, 0, 0, 0, 0, 0, 1, 1, 1]
true label rank:[1 1 1 1 1 2 1 1 1 1 1 1 1 1 1 1 1 2 1 1 1 2 2 1 1 1 1 1 1 1 2 1 1 1 1 1 2
 1 1 1 1 1 1 1 1 1 1 1 2 2 1 1 1 1 1 1 1 1 1 2 1 1 1 1 2 1 1 1 1 1 1 1 1 1
 1 1 2 2 1 1 1 2 1 1 1 1 1 1 1 2 1 1 1 1 2 1 1 1 1 1 1 1 1 1 1 1 2 2 1 1 1
 2 1 1 1 1 1 1 1 2 1 1 1 1 2 1 1 1 1 1 1 1 1 1 1 1 2 2 1 1 2 1 1 1 1 1 1 1
 2 1 1 1 1 2 1 1 1 1 1 1 1 1 1 1 1 2 2 1 1 1 2 1 1 1 1 1 1 1 2 1 1 1 1 2 1
 1 1 1 1 1 1 1 1 1 2 2 1 1 2 1 1 1 1 1 1 1 2 1 1 1 1 2 1 1 1 1 1 1 1 1 1 1
 1 2 2 1 1 2 1 1 1 1 1 1 1 2 1 1 1 1 1 1 1 1 1 1 1 1 1 1 1 1 1 2 1 1 1 1 1
 1 1 1 1 1 1 1 1 1 1 1 2 1 1 1 1 1 1 1 1 1 1 2 2 1 1 2 1 1 1 1 1 1 1 2 2 2]
predicted label:tf.Tensor(
[0.34855542 0.27734256 0.06802047 0.03810652 0.43334982 0.34679583
 0.04986455 0.12129037 0.18812293 0.08271663 0.10761908 0.12873594
 0.31835166 0.16855985 0.644407   0.50346833 0.5231826  0.48914477
 0.28083423 0.37826616 0.09910014 0.2960649  0.38064268 0.00345352
 0.04822645 0.00448195 0.13141091 0.22294693 0.29343262 0.10948586
 0.23884383 0.08213035 0.01630768 0.06981072 0.37082884 0.01477346
 0.09931938 0.11148789 0.17933567 0.11906509 0.07097692 0.04379976
 0.09884962 0.04246285 0.3264365  0.13120955 0.08416142 0.0369552
 0.01767485 0.01015809 0.04084753 0.05471817 0.01293967 0.10787427
 0.00968897 0.07902823 0.0806499  0.43404302 0.12148773 0.00421248
 0.28335428 0.27100483 0.29762474 0.2212914  0.1924957  0.23180982
 0.20813408 0.19782342 0.22483717 0.19919164 0.21514405 0.29210967
 0.22717038 0.26020038 0.19993773 0.21924481 0.21307415 0.21327645
 0.26436108 0.2930506  0.2474887  0.28097832 0.24958608 0.23991907
 0.2280195  0.21385711 0.20200354 0.2168936  0.22454304 0.22805929
 0.2406828  0.3081388  0.410419   0.25748062 0.26307914 0.2128535
 0.23333654 0.3486367  0.20029122 0.20470545 0.23344451 0.19994429
 0.2799982  0.19428563 0.27042642 0.250084   0.2145658  0.18961467
 0.21359524 0.20034803 0.20087925 0.19586352 0.18791819 0.21952087
 0.2713185  0.28767654 0.21983394 0.211864   0.18574513 0.16738178
 0.19886707 0.17245142 0.27863914 0.21006538 0.21849144 0.24876334
 0.20342393 0.25162297 0.340222   0.2186877  0.22208622 0.25928965
 0.21937056 0.16320454 0.2296717  0.30146116 0.28103676 0.23755582
 0.31211764 0.2911707  0.39528623 0.37398365 0.20217723 0.20031226
 0.2635675  0.1755543  0.2090087  0.2238613  0.21147186 0.22814907
 0.23375212 0.32170242 0.39849326 0.27753168 0.2735722  0.26101568
 0.25762832 0.20786306 0.40381235 0.25358897 0.21075651 0.3151083
 0.3258886  0.31538484 0.2271124  0.28470305 0.2722783  0.27211896
 0.27790418 0.2895609  0.3647292  0.21180154 0.2651911  0.4073724
 0.27085477 0.22237171 0.25452095 0.23350637 0.21031696 0.26311058
 0.25581637 0.3987882  0.38332018 0.25756845 0.28022575 0.33287826
 0.30003902 0.3219122  0.26314646 0.24321596 0.2659976  0.2620493
 0.28591073 0.27114776 0.24473143 0.2567488  0.27469116 0.27969715
 0.26309106 0.30110678 0.3623415  0.26593652 0.22282413 0.3192927
 0.2959653  0.26312223 0.28914073 0.42152578 0.3227871  0.28752637
 0.306034   0.5053255  0.44867438 0.35296935 0.30884475 0.26878393
 0.25472993 0.29137737 0.28012946 0.36377537 0.31978977 0.23450086
 0.28690258 0.25454512 0.30824494 0.2559446  0.27948338 0.34406677
 0.37124375 0.36752126 0.49592036 0.34586737 0.27736443 0.36213088
 0.22361343 0.23429956 0.26373503 0.2752718  0.24544707 0.24914703
 0.253292   0.22723754 0.24627416 0.29563585 0.24577007 0.24834085
 0.24913956 0.28670457 0.26363686 0.25091285 0.23034483 0.289606
 0.29248065 0.2785629  0.38642657 0.38930848 0.30847612 0.25687048
 0.276547   0.24809353 0.30645838 0.23105335 0.24755763 0.34567663
 0.241094   0.3268952  0.3341516  0.34101456 0.3285889  0.33131397
 0.31641194 0.34827474 0.36997378 0.31550974 0.30685467 0.31973544
 0.2711808  0.39073062 0.31348872 0.27455541 0.32692787 0.32554513
 0.29129007 0.31533358 0.31832793 0.28846568 0.31258932 0.32898945
 0.27491075 0.32980537 0.38601673 0.3330672  0.28236493 0.3703508
 0.5144708  0.5161803 ], shape=(296,), dtype=float32)
rounded label:tf.Tensor(
[0. 0. 0. 0. 0. 0. 0. 0. 0. 0. 0. 0. 0. 0. 1. 1. 1. 0. 0. 0. 0. 0. 0. 0.
 0. 0. 0. 0. 0. 0. 0. 0. 0. 0. 0. 0. 0. 0. 0. 0. 0. 0. 0. 0. 0. 0. 0. 0.
 0. 0. 0. 0. 0. 0. 0. 0. 0. 0. 0. 0. 0. 0. 0. 0. 0. 0. 0. 0. 0. 0. 0. 0.
 0. 0. 0. 0. 0. 0. 0. 0. 0. 0. 0. 0. 0. 0. 0. 0. 0. 0. 0. 0. 0. 0. 0. 0.
 0. 0. 0. 0. 0. 0. 0. 0. 0. 0. 0. 0. 0. 0. 0. 0. 0. 0. 0. 0. 0. 0. 0. 0.
 0. 0. 0. 0. 0. 0. 0. 0. 0. 0. 0. 0. 0. 0. 0. 0. 0. 0. 0. 0. 0. 0. 0. 0.
 0. 0. 0. 0. 0. 0. 0. 0. 0. 0. 0. 0. 0. 0. 0. 0. 0. 0. 0. 0. 0. 0. 0. 0.
 0. 0. 0. 0. 0. 0. 0. 0. 0. 0. 0. 0. 0. 0. 0. 0. 0. 0. 0. 0. 0. 0. 0. 0.
 0. 0. 0. 0. 0. 0. 0. 0. 0. 0. 0. 0. 0. 0. 0. 0. 0. 0. 0. 1. 0. 0. 0. 0.
 0. 0. 0. 0. 0. 0. 0. 0. 0. 0. 0. 0. 0. 0. 0. 0. 0. 0. 0. 0. 0. 0. 0. 0.
 0. 0. 0. 0. 0. 0. 0. 0. 0. 0. 0. 0. 0. 0. 0. 0. 0. 0. 0. 0. 0. 0. 0. 0.
 0. 0. 0. 0. 0. 0. 0. 0. 0. 0. 0. 0. 0. 0. 0. 0. 0. 0. 0. 0. 0. 0. 0. 0.
 0. 0. 0. 0. 0. 0. 1. 1.], shape=(296,), dtype=float32)
predicted label rank:[1 1 1 1 1 1 1 1 1 1 1 1 1 1 2 2 2 1 1 1 1 1 1 1 1 1 1 1 1 1 1 1 1 1 1 1 1
 1 1 1 1 1 1 1 1 1 1 1 1 1 1 1 1 1 1 1 1 1 1 1 1 1 1 1 1 1 1 1 1 1 1 1 1 1
 1 1 1 1 1 1 1 1 1 1 1 1 1 1 1 1 1 1 1 1 1 1 1 1 1 1 1 1 1 1 1 1 1 1 1 1 1
 1 1 1 1 1 1 1 1 1 1 1 1 1 1 1 1 1 1 1 1 1 1 1 1 1 1 1 1 1 1 1 1 1 1 1 1 1
 1 1 1 1 1 1 1 1 1 1 1 1 1 1 1 1 1 1 1 1 1 1 1 1 1 1 1 1 1 1 1 1 1 1 1 1 1
 1 1 1 1 1 1 1 1 1 1 1 1 1 1 1 1 1 1 1 1 1 1 1 1 1 1 2 1 1 1 1 1 1 1 1 1 1
 1 1 1 1 1 1 1 1 1 1 1 1 1 1 1 1 1 1 1 1 1 1 1 1 1 1 1 1 1 1 1 1 1 1 1 1 1
 1 1 1 1 1 1 1 1 1 1 1 1 1 1 1 1 1 1 1 1 1 1 1 1 1 1 1 1 1 1 1 1 1 1 1 2 2]
mse:tf.Tensor(0.14836894, shape=(), dtype=float32)
-------
../benchmarks/LIA-lin-noInterval-trainData-datafold-graphs/test_data/durationThm_1_e3_173_000.smt2
true label:[0, 0, 0, 0, 0, 0, 0, 0, 0, 0, 0, 0, 0, 0]
true label rank:[1 1 1 1 1 1 1 1 1 1 1 1 1 1]
predicted label:tf.Tensor(
[4.3252027e-01 2.2319026e-02 2.6760221e-05 7.1277151e-07 4.0715826e-01
 1.4468488e-02 2.2927194e-03 3.8727635e-10 1.1823339e-03 1.5568585e-06
 3.6914480e-06 1.5696020e-04 3.9668524e-04 8.3073519e-06], shape=(14,), dtype=float32)
rounded label:tf.Tensor([0. 0. 0. 0. 0. 0. 0. 0. 0. 0. 0. 0. 0. 0.], shape=(14,), dtype=float32)
predicted label rank:[1 1 1 1 1 1 1 1 1 1 1 1 1 1]
mse:tf.Tensor(0.025254712, shape=(), dtype=float32)
-------
mean(mse_list):0.22884679
