best_valid_epoch:13.0
train loss:0.010621675
valid loss:0.14422709
test loss list:tf.Tensor(0.1484726, shape=(), dtype=float32)
mean test loss:0.1484726
mean loss list:tf.Tensor(0.1405082, shape=(), dtype=float32)
mean mean loss:0.1405082
accuracy list:[<tf.Tensor: shape=(), dtype=float64, numpy=0.8312522297538352>]
mean accuracy:0.8312522297538352
-------
../benchmarks/LIA-lin-noInterval-trainData-datafold-graphs/test_data/21.c_000.smt2
true label:[0, 1, 0, 0, 1, 0, 0, 1, 0, 0, 1, 0, 0, 1, 0, 0, 1, 1, 0, 0, 1, 0, 0, 1, 0]
true label rank:[1 2 1 1 2 1 1 2 1 1 2 1 1 2 1 1 2 2 1 1 2 1 1 2 1]
predicted label:tf.Tensor(
[0.16810927 0.19762519 0.34948713 0.11521354 0.47457927 0.1277221
 0.07755297 0.06631729 0.02546221 0.02998291 0.03492238 0.03321317
 0.08420244 0.3384915  0.01287036 0.14678061 0.12443122 0.27193314
 0.03712409 0.09224125 0.2333415  0.14320008 0.12786308 0.36928216
 0.04003111], shape=(25,), dtype=float32)
rounded label:tf.Tensor(
[0. 0. 0. 0. 0. 0. 0. 0. 0. 0. 0. 0. 0. 0. 0. 0. 0. 0. 0. 0. 0. 0. 0. 0.
 0.], shape=(25,), dtype=float32)
predicted label rank:[1 1 1 1 1 1 1 1 1 1 1 1 1 1 1 1 1 1 1 1 1 1 1 1 1]
mse:tf.Tensor(0.228347, shape=(), dtype=float32)
-------
../benchmarks/LIA-lin-noInterval-trainData-datafold-graphs/test_data/durationThm_2_e1_118_000.smt2
true label:[0, 0, 0, 0, 0, 0, 0, 0, 0, 0, 0, 0, 0, 0, 0, 0, 0, 0, 0, 0, 0, 0, 0]
true label rank:[1 1 1 1 1 1 1 1 1 1 1 1 1 1 1 1 1 1 1 1 1 1 1]
predicted label:tf.Tensor(
[0.13113265 0.2421648  0.02728415 0.01338817 0.34441808 0.14339721
 0.10863694 0.09766429 0.00043245 0.00101434 0.00319758 0.00876556
 0.09152273 0.01544958 0.02011324 0.18007354 0.25412378 0.02393191
 0.15425631 0.16516359 0.20091729 0.01285517 0.06057501], shape=(23,), dtype=float32)
rounded label:tf.Tensor([0. 0. 0. 0. 0. 0. 0. 0. 0. 0. 0. 0. 0. 0. 0. 0. 0. 0. 0. 0. 0. 0. 0.], shape=(23,), dtype=float32)
predicted label rank:[1 1 1 1 1 1 1 1 1 1 1 1 1 1 1 1 1 1 1 1 1 1 1]
mse:tf.Tensor(0.019097935, shape=(), dtype=float32)
-------
../benchmarks/LIA-lin-noInterval-trainData-datafold-graphs/test_data/NetBSD_glob3_iny.c_000.smt2
true label:[0, 0, 0, 0, 0, 0, 0, 0, 0, 0]
true label rank:[1 1 1 1 1 1 1 1 1 1]
predicted label:tf.Tensor(
[1.2986736e-01 2.2685613e-01 4.9674963e-03 6.4385956e-04 1.5595056e-02
 5.4938432e-02 1.9332195e-02 3.8121503e-02 1.5071015e-05 1.5524884e-08], shape=(10,), dtype=float32)
rounded label:tf.Tensor([0. 0. 0. 0. 0. 0. 0. 0. 0. 0.], shape=(10,), dtype=float32)
predicted label rank:[1 1 1 1 1 1 1 1 1 1]
mse:tf.Tensor(0.0073442743, shape=(), dtype=float32)
-------
../benchmarks/LIA-lin-noInterval-trainData-datafold-graphs/test_data/bandec.smt2-0131_000.smt2
true label:[0, 1, 0, 0, 1, 1, 0, 1, 0, 0, 1, 1, 0, 0, 0, 0, 0, 1]
true label rank:[1 2 1 1 2 2 1 2 1 1 2 2 1 1 1 1 1 2]
predicted label:tf.Tensor(
[0.36604768 0.50508004 0.47111532 0.5155914  0.50155884 0.48925957
 0.50079584 0.49927613 0.42996162 0.16655885 0.43280002 0.4375325
 0.28052655 0.47451547 0.25915536 0.46626687 0.46984568 0.28230444], shape=(18,), dtype=float32)
rounded label:tf.Tensor([0. 1. 0. 1. 1. 0. 1. 0. 0. 0. 0. 0. 0. 0. 0. 0. 0. 0.], shape=(18,), dtype=float32)
predicted label rank:[1 2 1 2 2 1 2 1 1 1 1 1 1 1 1 1 1 1]
mse:tf.Tensor(0.22513908, shape=(), dtype=float32)
-------
../benchmarks/LIA-lin-noInterval-trainData-datafold-graphs/test_data/barthe2_merged_safe.c-1_000.smt2
true label:[0, 0, 0, 0, 0, 0, 0, 0, 0, 0]
true label rank:[1 1 1 1 1 1 1 1 1 1]
predicted label:tf.Tensor(
[0.13602458 0.33469445 0.22868593 0.37303334 0.37331527 0.42661035
 0.45846412 0.16776708 0.44108364 0.46089122], shape=(10,), dtype=float32)
rounded label:tf.Tensor([0. 0. 0. 0. 0. 0. 0. 0. 0. 0.], shape=(10,), dtype=float32)
predicted label rank:[1 1 1 1 1 1 1 1 1 1]
mse:tf.Tensor(0.12886456, shape=(), dtype=float32)
-------
../benchmarks/LIA-lin-noInterval-trainData-datafold-graphs/test_data/chc-lia-lin-0017_000.smt2
true label:[0, 0, 0, 0, 0, 0, 0, 0]
true label rank:[1 1 1 1 1 1 1 1]
predicted label:tf.Tensor(
[0.21194428 0.15371218 0.06834041 0.09435423 0.27266863 0.47059932
 0.24532679 0.19889899], shape=(8,), dtype=float32)
rounded label:tf.Tensor([0. 0. 0. 0. 0. 0. 0. 0.], shape=(8,), dtype=float32)
predicted label rank:[1 1 1 1 1 1 1 1]
mse:tf.Tensor(0.059709862, shape=(), dtype=float32)
-------
../benchmarks/LIA-lin-noInterval-trainData-datafold-graphs/test_data/06.c_000.smt2
true label:[0, 0, 0, 0, 0, 0, 0, 0, 0, 0, 0, 0, 0, 0, 0, 0, 0, 0, 0, 0]
true label rank:[1 1 1 1 1 1 1 1 1 1 1 1 1 1 1 1 1 1 1 1]
predicted label:tf.Tensor(
[0.09008658 0.06186315 0.05021266 0.05522511 0.03946916 0.0858496
 0.10336506 0.04663038 0.02842062 0.1410701  0.11230271 0.20584682
 0.07857108 0.18777484 0.03547548 0.29513305 0.08755935 0.0667659
 0.06246351 0.03304406], shape=(20,), dtype=float32)
rounded label:tf.Tensor([0. 0. 0. 0. 0. 0. 0. 0. 0. 0. 0. 0. 0. 0. 0. 0. 0. 0. 0. 0.], shape=(20,), dtype=float32)
predicted label rank:[1 1 1 1 1 1 1 1 1 1 1 1 1 1 1 1 1 1 1 1]
mse:tf.Tensor(0.013095327, shape=(), dtype=float32)
-------
../benchmarks/LIA-lin-noInterval-trainData-datafold-graphs/test_data/test_locks_12.c-1_000.smt2
true label:[0, 0, 1, 0, 1, 0, 1, 0, 1, 0, 1, 0, 1, 0, 1, 0, 1, 0, 1, 0, 1, 0, 1, 0, 1, 0, 1, 0, 1, 0, 1, 0, 1, 0, 1, 0, 1, 0, 1, 0, 1, 0, 1, 0, 1, 0, 1, 0, 0, 0, 1, 0, 1, 0, 1, 0, 1, 0, 1, 0, 1, 0, 1, 0, 1, 0, 1, 0, 1, 0, 0, 0, 0, 1, 0, 1, 0, 1, 0, 1, 0, 1, 0, 1, 0, 1, 0, 1, 0, 1, 0, 0, 0, 0, 0, 1, 0, 1, 0, 1, 0, 1, 0, 1, 0, 1, 0, 1, 0, 1, 0, 0, 0, 0, 0, 0, 1, 0, 1, 0, 1, 0, 1, 0, 1, 0, 1, 0, 1, 0, 0, 0, 0, 0, 0, 0, 1, 0, 1, 0, 1, 0, 1, 0, 1, 0, 1, 0, 0, 0, 0, 0, 0, 0, 0, 1, 0, 1, 0, 1, 0, 1, 0, 1, 0, 0, 0, 0, 0, 0, 0, 0, 0, 1, 0, 1, 0, 1, 0, 1, 0, 0, 0, 0, 0, 0, 0, 0, 0, 0, 1, 0, 1, 0, 1, 0, 0, 0, 0, 0, 0, 0, 0, 0, 0, 0, 1, 0, 1, 0, 0, 0, 0, 0, 0, 0, 0, 0, 0, 0, 0, 1, 0, 0, 0, 0, 0, 0, 0, 0, 0, 0, 0, 0, 0, 1, 0, 1, 0, 1, 0, 1, 0, 1, 0, 1, 0, 1, 0, 1, 0, 1, 0, 1, 0, 0, 0, 1, 0, 1, 0, 1, 0, 1, 0, 1, 0, 1, 0, 0, 0, 0, 0, 0, 0, 1, 0, 1, 0, 1, 0, 1, 0, 0, 0, 0, 0, 0, 0, 0, 0, 1, 0, 1, 0, 1, 0, 1, 0, 1, 0, 1, 0, 1, 0, 1, 0, 0, 0, 0, 0, 1, 0, 1, 0, 0, 0, 0, 0, 0, 0, 0, 0, 0]
true label rank:[1 1 2 1 2 1 2 1 2 1 2 1 2 1 2 1 2 1 2 1 2 1 2 1 2 1 2 1 2 1 2 1 2 1 2 1 2
 1 2 1 2 1 2 1 2 1 2 1 1 1 2 1 2 1 2 1 2 1 2 1 2 1 2 1 2 1 2 1 2 1 1 1 1 2
 1 2 1 2 1 2 1 2 1 2 1 2 1 2 1 2 1 1 1 1 1 2 1 2 1 2 1 2 1 2 1 2 1 2 1 2 1
 1 1 1 1 1 2 1 2 1 2 1 2 1 2 1 2 1 2 1 1 1 1 1 1 1 2 1 2 1 2 1 2 1 2 1 2 1
 1 1 1 1 1 1 1 2 1 2 1 2 1 2 1 2 1 1 1 1 1 1 1 1 1 2 1 2 1 2 1 2 1 1 1 1 1
 1 1 1 1 1 2 1 2 1 2 1 1 1 1 1 1 1 1 1 1 1 2 1 2 1 1 1 1 1 1 1 1 1 1 1 1 2
 1 1 1 1 1 1 1 1 1 1 1 1 1 2 1 2 1 2 1 2 1 2 1 2 1 2 1 2 1 2 1 2 1 1 1 2 1
 2 1 2 1 2 1 2 1 2 1 1 1 1 1 1 1 2 1 2 1 2 1 2 1 1 1 1 1 1 1 1 1 2 1 2 1 2
 1 2 1 2 1 2 1 2 1 2 1 1 1 1 1 2 1 2 1 1 1 1 1 1 1 1 1 1]
predicted label:tf.Tensor(
[0.0105042  0.04344634 0.09645968 0.05073563 0.12452924 0.03134293
 0.08007795 0.02922663 0.016426   0.02953894 0.03558385 0.06526192
 0.03533965 0.12241413 0.01081138 0.02199693 0.02084125 0.00457226
 0.03258683 0.1416654  0.01401354 0.00864332 0.00474481 0.38816455
 0.2331892  0.03084511 0.44750375 0.3623433  0.45813206 0.34783375
 0.4799134  0.42867172 0.4436173  0.47488403 0.28906924 0.4663551
 0.47952762 0.3429665  0.28963014 0.4539803  0.43425804 0.48197848
 0.4693481  0.34090322 0.39176655 0.47453964 0.470636   0.05854717
 0.25507927 0.24869785 0.04447501 0.11164266 0.10739073 0.11449951
 0.02158961 0.25809154 0.25617263 0.16335264 0.23116279 0.37059954
 0.28664413 0.22533299 0.02845064 0.43735987 0.14539915 0.3435819
 0.29042244 0.41880333 0.36451235 0.21278574 0.09398066 0.455218
 0.03511025 0.24174815 0.07826865 0.4225549  0.1845478  0.26243016
 0.3398518  0.14967099 0.07639271 0.13235626 0.20937751 0.336116
 0.06502972 0.0268671  0.15464243 0.4531719  0.17997348 0.28918892
 0.17419723 0.45585483 0.17717254 0.45541635 0.20598085 0.16496742
 0.23141912 0.426045   0.35169613 0.01509856 0.4613385  0.0629182
 0.25385293 0.08756422 0.05345501 0.04438062 0.2733539  0.11589641
 0.21906288 0.08197649 0.06755956 0.0644208  0.03369091 0.05466336
 0.1149141  0.150541   0.03629024 0.04525991 0.10387718 0.10035957
 0.1641146  0.03455022 0.12397715 0.01386212 0.28520396 0.2233725
 0.02115434 0.16990614 0.16362566 0.4410366  0.30716157 0.38246235
 0.49293464 0.12415725 0.23660916 0.3587239  0.49139214 0.10904123
 0.11531745 0.05920427 0.120827   0.48767403 0.42893142 0.33146065
 0.50174576 0.4851515  0.36603633 0.36614427 0.0606324  0.1558367
 0.09701402 0.09631632 0.3653941  0.16722442 0.21122646 0.19904807
 0.03346993 0.04060331 0.46602005 0.02864435 0.09557109 0.01924022
 0.10514873 0.01245474 0.07291536 0.00528354 0.02387908 0.01617069
 0.12076771 0.02069561 0.11873409 0.01946457 0.05643698 0.0999825
 0.04350545 0.00660764 0.13151231 0.2582747  0.01953135 0.02032842
 0.04795607 0.34593305 0.13873044 0.06895476 0.03268465 0.02394078
 0.01581224 0.20182548 0.46141353 0.0085143  0.07549694 0.15914443
 0.0289331  0.05044748 0.02482671 0.10427896 0.0056228  0.1002292
 0.01707326 0.05245595 0.12005387 0.01787734 0.01315114 0.04363109
 0.242775   0.04350769 0.04169149 0.0900538  0.01469974 0.48728165
 0.10937274 0.46963683 0.0518693  0.12935345 0.07101891 0.3325783
 0.16187929 0.2574691  0.13884722 0.10535916 0.02343681 0.43501896
 0.07268527 0.46539113 0.2226336  0.04679507 0.03235252 0.44414192
 0.19496694 0.03140561 0.33576548 0.15719995 0.26948723 0.47820833
 0.4506154  0.3245712  0.22636274 0.41581592 0.4098862  0.44853485
 0.09990684 0.46578205 0.4675776  0.46646988 0.47512072 0.443116
 0.47081062 0.47254816 0.47411984 0.45833057 0.427308   0.46213663
 0.43542576 0.25538218 0.3971481  0.4675663  0.28618157 0.46465418
 0.47499257 0.46450153 0.17976749 0.15707324 0.32120237 0.33635607
 0.04332806 0.22933257 0.44220203 0.4554696  0.07719216 0.47267908
 0.06403018 0.4670694  0.02558663 0.42966715 0.4576209  0.4777988
 0.01236225 0.44069755 0.15969591 0.4593305  0.4742722  0.46269283
 0.07730684 0.18431634 0.41111767 0.31914407 0.47049665 0.41942453
 0.14996667 0.18771534 0.03435534 0.466092   0.48000392 0.4692945
 0.45737645 0.35687342 0.46264267 0.20650971 0.40212086 0.45619407
 0.44937345 0.46171978 0.4602751  0.42144075 0.03420354 0.47467798
 0.4066569  0.465186   0.21403031 0.43829313 0.46754488 0.40518427
 0.44079465 0.47455156 0.4719483  0.4634472  0.47083974 0.398475
 0.4416988  0.38649184 0.40698874 0.45469564 0.42550024 0.34179065], shape=(324,), dtype=float32)
rounded label:tf.Tensor(
[0. 0. 0. 0. 0. 0. 0. 0. 0. 0. 0. 0. 0. 0. 0. 0. 0. 0. 0. 0. 0. 0. 0. 0.
 0. 0. 0. 0. 0. 0. 0. 0. 0. 0. 0. 0. 0. 0. 0. 0. 0. 0. 0. 0. 0. 0. 0. 0.
 0. 0. 0. 0. 0. 0. 0. 0. 0. 0. 0. 0. 0. 0. 0. 0. 0. 0. 0. 0. 0. 0. 0. 0.
 0. 0. 0. 0. 0. 0. 0. 0. 0. 0. 0. 0. 0. 0. 0. 0. 0. 0. 0. 0. 0. 0. 0. 0.
 0. 0. 0. 0. 0. 0. 0. 0. 0. 0. 0. 0. 0. 0. 0. 0. 0. 0. 0. 0. 0. 0. 0. 0.
 0. 0. 0. 0. 0. 0. 0. 0. 0. 0. 0. 0. 0. 0. 0. 0. 0. 0. 0. 0. 0. 0. 0. 0.
 1. 0. 0. 0. 0. 0. 0. 0. 0. 0. 0. 0. 0. 0. 0. 0. 0. 0. 0. 0. 0. 0. 0. 0.
 0. 0. 0. 0. 0. 0. 0. 0. 0. 0. 0. 0. 0. 0. 0. 0. 0. 0. 0. 0. 0. 0. 0. 0.
 0. 0. 0. 0. 0. 0. 0. 0. 0. 0. 0. 0. 0. 0. 0. 0. 0. 0. 0. 0. 0. 0. 0. 0.
 0. 0. 0. 0. 0. 0. 0. 0. 0. 0. 0. 0. 0. 0. 0. 0. 0. 0. 0. 0. 0. 0. 0. 0.
 0. 0. 0. 0. 0. 0. 0. 0. 0. 0. 0. 0. 0. 0. 0. 0. 0. 0. 0. 0. 0. 0. 0. 0.
 0. 0. 0. 0. 0. 0. 0. 0. 0. 0. 0. 0. 0. 0. 0. 0. 0. 0. 0. 0. 0. 0. 0. 0.
 0. 0. 0. 0. 0. 0. 0. 0. 0. 0. 0. 0. 0. 0. 0. 0. 0. 0. 0. 0. 0. 0. 0. 0.
 0. 0. 0. 0. 0. 0. 0. 0. 0. 0. 0. 0.], shape=(324,), dtype=float32)
predicted label rank:[1 1 1 1 1 1 1 1 1 1 1 1 1 1 1 1 1 1 1 1 1 1 1 1 1 1 1 1 1 1 1 1 1 1 1 1 1
 1 1 1 1 1 1 1 1 1 1 1 1 1 1 1 1 1 1 1 1 1 1 1 1 1 1 1 1 1 1 1 1 1 1 1 1 1
 1 1 1 1 1 1 1 1 1 1 1 1 1 1 1 1 1 1 1 1 1 1 1 1 1 1 1 1 1 1 1 1 1 1 1 1 1
 1 1 1 1 1 1 1 1 1 1 1 1 1 1 1 1 1 1 1 1 1 1 1 1 1 1 1 1 1 1 1 1 1 2 1 1 1
 1 1 1 1 1 1 1 1 1 1 1 1 1 1 1 1 1 1 1 1 1 1 1 1 1 1 1 1 1 1 1 1 1 1 1 1 1
 1 1 1 1 1 1 1 1 1 1 1 1 1 1 1 1 1 1 1 1 1 1 1 1 1 1 1 1 1 1 1 1 1 1 1 1 1
 1 1 1 1 1 1 1 1 1 1 1 1 1 1 1 1 1 1 1 1 1 1 1 1 1 1 1 1 1 1 1 1 1 1 1 1 1
 1 1 1 1 1 1 1 1 1 1 1 1 1 1 1 1 1 1 1 1 1 1 1 1 1 1 1 1 1 1 1 1 1 1 1 1 1
 1 1 1 1 1 1 1 1 1 1 1 1 1 1 1 1 1 1 1 1 1 1 1 1 1 1 1 1]
mse:tf.Tensor(0.25263372, shape=(), dtype=float32)
-------
../benchmarks/LIA-lin-noInterval-trainData-datafold-graphs/test_data/bound.c_000.smt2
true label:[0, 0, 0, 0, 0, 0, 0, 0, 0, 0]
true label rank:[1 1 1 1 1 1 1 1 1 1]
predicted label:tf.Tensor(
[0.24208586 0.391521   0.10391036 0.07297487 0.4107444  0.20432751
 0.1607801  0.14562961 0.02862259 0.02258153], shape=(10,), dtype=float32)
rounded label:tf.Tensor([0. 0. 0. 0. 0. 0. 0. 0. 0. 0.], shape=(10,), dtype=float32)
predicted label rank:[1 1 1 1 1 1 1 1 1 1]
mse:tf.Tensor(0.048686504, shape=(), dtype=float32)
-------
../benchmarks/LIA-lin-noInterval-trainData-datafold-graphs/test_data/const_1-1.c-1_000.smt2
true label:[1, 1]
true label rank:[1 1]
predicted label:tf.Tensor([0.3398816  0.22029912], shape=(2,), dtype=float32)
rounded label:tf.Tensor([0. 0.], shape=(2,), dtype=float32)
predicted label rank:[1 1]
mse:tf.Tensor(0.52184486, shape=(), dtype=float32)
-------
../benchmarks/LIA-lin-noInterval-trainData-datafold-graphs/test_data/nest-len.c_000.smt2
true label:[0, 0, 0, 0, 0, 0, 0, 0, 0]
true label rank:[1 1 1 1 1 1 1 1 1]
predicted label:tf.Tensor(
[4.8845425e-02 2.7552685e-01 2.5475357e-02 2.3171208e-03 2.5818431e-01
 8.6739391e-02 3.4167949e-02 8.1798546e-02 7.0203372e-05], shape=(9,), dtype=float32)
rounded label:tf.Tensor([0. 0. 0. 0. 0. 0. 0. 0. 0.], shape=(9,), dtype=float32)
predicted label rank:[1 1 1 1 1 1 1 1 1]
mse:tf.Tensor(0.017888509, shape=(), dtype=float32)
-------
../benchmarks/LIA-lin-noInterval-trainData-datafold-graphs/test_data/four1.smt2-0044_000.smt2
true label:[0, 0, 0, 1, 0, 0]
true label rank:[1 1 1 2 1 1]
predicted label:tf.Tensor([0.4801366  0.49496925 0.498862   0.51416695 0.47051    0.4753804 ], shape=(6,), dtype=float32)
rounded label:tf.Tensor([0. 0. 0. 1. 0. 0.], shape=(6,), dtype=float32)
predicted label rank:[1 1 1 2 1 1]
mse:tf.Tensor(0.2346315, shape=(), dtype=float32)
-------
../benchmarks/LIA-lin-noInterval-trainData-datafold-graphs/test_data/durationThm_3_e2_63_e7_21_000.smt2
true label:[0, 0, 0, 0, 0, 0, 0]
true label rank:[1 1 1 1 1 1 1]
predicted label:tf.Tensor(
[0.23676407 0.4527627  0.1870636  0.10524171 0.39253604 0.2269909
 0.22419919], shape=(7,), dtype=float32)
rounded label:tf.Tensor([0. 0. 0. 0. 0. 0. 0.], shape=(7,), dtype=float32)
predicted label rank:[1 1 1 1 1 1 1]
mse:tf.Tensor(0.0804278, shape=(), dtype=float32)
-------
../benchmarks/LIA-lin-noInterval-trainData-datafold-graphs/test_data/spline-fixed.smt2-0001_000.smt2
true label:[0, 0]
true label rank:[1 1]
predicted label:tf.Tensor([0.17000648 0.2109394 ], shape=(2,), dtype=float32)
rounded label:tf.Tensor([0. 0.], shape=(2,), dtype=float32)
predicted label rank:[1 1]
mse:tf.Tensor(0.03669882, shape=(), dtype=float32)
-------
../benchmarks/LIA-lin-noInterval-trainData-datafold-graphs/test_data/minepump_spec4_product57_true-unreach-call.cil.c.flat_000.smt2
true label:[1, 1, 1]
true label rank:[1 1 1]
predicted label:tf.Tensor([0.01990125 0.10072406 0.06026622], shape=(3,), dtype=float32)
rounded label:tf.Tensor([0. 0. 0.], shape=(3,), dtype=float32)
predicted label rank:[1 1 1]
mse:tf.Tensor(0.88413006, shape=(), dtype=float32)
-------
../benchmarks/LIA-lin-noInterval-trainData-datafold-graphs/test_data/bandec.smt2-0181_000.smt2
true label:[0, 1, 1, 1, 1, 0, 0, 1, 1, 0, 0, 0, 0, 0, 1, 1, 1, 0, 1, 0, 0, 1, 1, 0, 0, 0, 0, 0, 1, 1]
true label rank:[1 2 2 2 2 1 1 2 2 1 1 1 1 1 2 2 2 1 2 1 1 2 2 1 1 1 1 1 2 2]
predicted label:tf.Tensor(
[0.41115227 0.49437737 0.48581564 0.504373   0.48735586 0.4086737
 0.4389431  0.27615848 0.37450027 0.47816864 0.24029417 0.26678813
 0.43601847 0.452005   0.19662185 0.4248259  0.47332385 0.1288249
 0.14234388 0.41958758 0.29444125 0.3173279  0.18378064 0.3111643
 0.15703316 0.19476025 0.23051533 0.22640398 0.17594603 0.15453503], shape=(30,), dtype=float32)
rounded label:tf.Tensor(
[0. 0. 0. 1. 0. 0. 0. 0. 0. 0. 0. 0. 0. 0. 0. 0. 0. 0. 0. 0. 0. 0. 0. 0.
 0. 0. 0. 0. 0. 0.], shape=(30,), dtype=float32)
predicted label rank:[1 1 1 2 1 1 1 1 1 1 1 1 1 1 1 1 1 1 1 1 1 1 1 1 1 1 1 1 1 1]
mse:tf.Tensor(0.27609637, shape=(), dtype=float32)
-------
../benchmarks/LIA-lin-noInterval-trainData-datafold-graphs/test_data/xy10.c_000.smt2
true label:[0, 0, 0, 0, 0, 0, 0]
true label rank:[1 1 1 1 1 1 1]
predicted label:tf.Tensor(
[0.33014193 0.08341828 0.27961016 0.21542743 0.3628939  0.06706454
 0.3702991 ], shape=(7,), dtype=float32)
rounded label:tf.Tensor([0. 0. 0. 0. 0. 0. 0.], shape=(7,), dtype=float32)
predicted label rank:[1 1 1 1 1 1 1]
mse:tf.Tensor(0.07340775, shape=(), dtype=float32)
-------
../benchmarks/LIA-lin-noInterval-trainData-datafold-graphs/test_data/bandec.smt2-0036_000.smt2
true label:[0, 0, 0, 1, 0, 0, 0, 0, 0, 0, 0, 1, 0, 0]
true label rank:[1 1 1 2 1 1 1 1 1 1 1 2 1 1]
predicted label:tf.Tensor(
[0.20777911 0.25916418 0.23068066 0.26618236 0.313892   0.38184682
 0.20660928 0.36712056 0.25780845 0.35887614 0.08756439 0.11972614
 0.12517798 0.23544016], shape=(14,), dtype=float32)
rounded label:tf.Tensor([0. 0. 0. 0. 0. 0. 0. 0. 0. 0. 0. 0. 0. 0.], shape=(14,), dtype=float32)
predicted label rank:[1 1 1 1 1 1 1 1 1 1 1 1 1 1]
mse:tf.Tensor(0.15519632, shape=(), dtype=float32)
-------
../benchmarks/LIA-lin-noInterval-trainData-datafold-graphs/test_data/03.c_000.smt2
true label:[0, 0, 0, 0, 0, 0, 0, 0, 0, 0, 0]
true label rank:[1 1 1 1 1 1 1 1 1 1 1]
predicted label:tf.Tensor(
[0.06995965 0.17431939 0.09906973 0.08078103 0.16862674 0.07707776
 0.10569516 0.07192716 0.0661104  0.03829521 0.0435631 ], shape=(11,), dtype=float32)
rounded label:tf.Tensor([0. 0. 0. 0. 0. 0. 0. 0. 0. 0. 0.], shape=(11,), dtype=float32)
predicted label rank:[1 1 1 1 1 1 1 1 1 1 1]
mse:tf.Tensor(0.010007071, shape=(), dtype=float32)
-------
../benchmarks/LIA-lin-noInterval-trainData-datafold-graphs/test_data/bandec.smt2-0260_000.smt2
true label:[0, 1, 1, 1, 0, 1, 0, 0, 1, 1, 0, 1, 0, 1, 0, 0, 1, 1]
true label rank:[1 2 2 2 1 2 1 1 2 2 1 2 1 2 1 1 2 2]
predicted label:tf.Tensor(
[0.17467794 0.49624255 0.49566883 0.5130502  0.47390726 0.4486667
 0.46648937 0.46572092 0.3832652  0.42186898 0.328657   0.42321137
 0.41187823 0.47636843 0.36773792 0.45928207 0.30895823 0.4042028 ], shape=(18,), dtype=float32)
rounded label:tf.Tensor([0. 0. 0. 1. 0. 0. 0. 0. 0. 0. 0. 0. 0. 0. 0. 0. 0. 0.], shape=(18,), dtype=float32)
predicted label rank:[1 1 1 2 1 1 1 1 1 1 1 1 1 1 1 1 1 1]
mse:tf.Tensor(0.25092417, shape=(), dtype=float32)
-------
../benchmarks/LIA-lin-noInterval-trainData-datafold-graphs/test_data/bandec.smt2-0188_000.smt2
true label:[0, 0, 0, 1, 1, 1, 0, 1, 0, 0, 1, 1]
true label rank:[1 1 1 2 2 2 1 2 1 1 2 2]
predicted label:tf.Tensor(
[0.4710988  0.4410675  0.37538853 0.47215304 0.47284096 0.4690727
 0.4707765  0.44760326 0.27506462 0.47798043 0.46770307 0.42907923], shape=(12,), dtype=float32)
rounded label:tf.Tensor([0. 0. 0. 0. 0. 0. 0. 0. 0. 0. 0. 0.], shape=(12,), dtype=float32)
predicted label rank:[1 1 1 1 1 1 1 1 1 1 1 1]
mse:tf.Tensor(0.23633192, shape=(), dtype=float32)
-------
../benchmarks/LIA-lin-noInterval-trainData-datafold-graphs/test_data/jm2006_variant_true-unreach-call.c.flat_000.smt2
true label:[0, 0, 0, 0, 0]
true label rank:[1 1 1 1 1]
predicted label:tf.Tensor([0.03927277 0.11048181 0.01830637 0.04588094 0.1388161 ], shape=(5,), dtype=float32)
rounded label:tf.Tensor([0. 0. 0. 0. 0.], shape=(5,), dtype=float32)
predicted label rank:[1 1 1 1 1]
mse:tf.Tensor(0.0070917355, shape=(), dtype=float32)
-------
../benchmarks/LIA-lin-noInterval-trainData-datafold-graphs/test_data/chc-lia-lin-0031_000.smt2
true label:[0, 0, 0]
true label rank:[1 1 1]
predicted label:tf.Tensor([0.17684534 0.11874085 0.24790725], shape=(3,), dtype=float32)
rounded label:tf.Tensor([0. 0. 0.], shape=(3,), dtype=float32)
predicted label rank:[1 1 1]
mse:tf.Tensor(0.035610557, shape=(), dtype=float32)
-------
../benchmarks/LIA-lin-noInterval-trainData-datafold-graphs/test_data/s_multipl_11_000.smt2
true label:[0, 0, 0, 0, 0]
true label rank:[1 1 1 1 1]
predicted label:tf.Tensor([0.28970116 0.19924125 0.45897102 0.06940244 0.46349233], shape=(5,), dtype=float32)
rounded label:tf.Tensor([0. 0. 0. 0. 0.], shape=(5,), dtype=float32)
predicted label rank:[1 1 1 1 1]
mse:tf.Tensor(0.11078402, shape=(), dtype=float32)
-------
../benchmarks/LIA-lin-noInterval-trainData-datafold-graphs/test_data/four1.smt2-0027_000.smt2
true label:[0, 1, 0, 0, 0, 0, 0, 0, 0, 0, 0, 0, 0, 0, 0, 0, 0]
true label rank:[1 2 1 1 1 1 1 1 1 1 1 1 1 1 1 1 1]
predicted label:tf.Tensor(
[0.26347825 0.49537513 0.48392156 0.21386246 0.16560946 0.25268307
 0.44006506 0.29236895 0.16738528 0.25719643 0.14315012 0.3368329
 0.33228385 0.33204168 0.4038725  0.06211478 0.33264673], shape=(17,), dtype=float32)
rounded label:tf.Tensor([0. 0. 0. 0. 0. 0. 0. 0. 0. 0. 0. 0. 0. 0. 0. 0. 0.], shape=(17,), dtype=float32)
predicted label rank:[1 1 1 1 1 1 1 1 1 1 1 1 1 1 1 1 1]
mse:tf.Tensor(0.10004717, shape=(), dtype=float32)
-------
../benchmarks/LIA-lin-noInterval-trainData-datafold-graphs/test_data/minepump_spec3_product49_true-unreach-call.cil.c.flat_000.smt2
true label:[1, 1, 0, 1, 1]
true label rank:[2 2 1 2 2]
predicted label:tf.Tensor([0.16660854 0.19452436 0.20978233 0.02048822 0.2934918 ], shape=(5,), dtype=float32)
rounded label:tf.Tensor([0. 0. 0. 0. 0.], shape=(5,), dtype=float32)
predicted label rank:[1 1 1 1 1]
mse:tf.Tensor(0.56918764, shape=(), dtype=float32)
-------
../benchmarks/LIA-lin-noInterval-trainData-datafold-graphs/test_data/chc-lia-lin-0091_000.smt2
true label:[0, 0, 0, 0, 0, 0, 0, 0, 0, 0, 0, 0, 0, 0, 0, 0, 0, 0, 0, 0, 0, 0, 0]
true label rank:[1 1 1 1 1 1 1 1 1 1 1 1 1 1 1 1 1 1 1 1 1 1 1]
predicted label:tf.Tensor(
[0.13324676 0.11735997 0.0343484  0.05986403 0.08619821 0.13239661
 0.45675954 0.14398359 0.17170522 0.18006118 0.16204916 0.05387343
 0.07901688 0.22603048 0.07628348 0.37999856 0.3938131  0.49586946
 0.51413393 0.46973896 0.40160918 0.28596342 0.24644513], shape=(23,), dtype=float32)
rounded label:tf.Tensor([0. 0. 0. 0. 0. 0. 0. 0. 0. 0. 0. 0. 0. 0. 0. 0. 0. 0. 1. 0. 0. 0. 0.], shape=(23,), dtype=float32)
predicted label rank:[1 1 1 1 1 1 1 1 1 1 1 1 1 1 1 1 1 1 2 1 1 1 1]
mse:tf.Tensor(0.07734755, shape=(), dtype=float32)
-------
../benchmarks/LIA-lin-noInterval-trainData-datafold-graphs/test_data/s3_srvr_8.cil.c-1_000.smt2
true label:[0, 0, 0, 0, 0, 0, 0, 0, 0, 0, 0, 0, 0, 1, 0, 0, 0, 0, 0, 0, 0, 0, 0, 0, 0, 0, 0, 0, 0, 0, 0, 0, 0, 0, 0, 0, 0, 0, 0, 0, 0, 0, 0, 0, 0, 0, 0, 0, 0, 0, 0, 0, 0, 0, 0, 0, 0, 0, 0, 0, 1, 1, 0, 0, 0, 0, 0, 0, 0, 0, 0, 0, 0, 0, 0, 0, 0, 0, 0, 0, 0, 0, 0, 0, 1, 0, 0, 0, 0, 0, 0, 0, 0, 0, 0, 0, 0, 0, 0, 0, 0, 0, 0, 0, 0, 0, 0, 0, 0, 0, 0, 0, 0, 0, 0, 0, 0, 0, 0, 0, 0, 0, 0, 0, 0, 1, 0, 0, 0, 0, 0, 0, 1, 0, 0, 0, 0, 0, 0, 0, 0, 0, 0, 0, 0, 0, 0, 0, 0, 0, 0, 0, 0, 0, 0, 1, 0, 0, 0, 0, 0, 0, 0, 0, 0, 0, 0, 0, 0, 0, 0, 0, 0, 0, 0, 0, 0, 1, 0, 0, 0, 0, 0, 0, 0, 0, 0, 0, 0, 0, 0, 0, 0, 0, 0, 0, 0, 0, 0, 0, 1, 0, 0, 0, 0, 0, 0, 0, 0, 0, 0, 0, 0, 0, 0, 0, 0, 0, 0, 0, 0, 0, 0, 1, 0, 0, 0, 0, 0, 0, 0, 0, 0, 0, 0, 0, 0, 0, 0, 0, 0, 0, 0, 0, 0, 0, 0, 1, 0, 0, 0, 0, 0, 0, 0, 0, 0, 0, 0, 0, 0, 0, 0, 0, 0, 0, 0, 0, 0, 0, 0, 1, 0, 0, 0, 0, 0, 0, 0, 0, 0, 0, 0, 0, 0, 0, 0, 0, 0, 0, 0, 0, 0, 0, 1, 0, 0, 0, 0, 0, 0, 0, 0, 0, 0, 0, 0, 0, 0, 0, 0, 0, 0, 0, 0, 0, 0, 1, 0, 0, 0, 0, 0, 0, 0, 0, 0]
true label rank:[1 1 1 1 1 1 1 1 1 1 1 1 1 2 1 1 1 1 1 1 1 1 1 1 1 1 1 1 1 1 1 1 1 1 1 1 1
 1 1 1 1 1 1 1 1 1 1 1 1 1 1 1 1 1 1 1 1 1 1 1 2 2 1 1 1 1 1 1 1 1 1 1 1 1
 1 1 1 1 1 1 1 1 1 1 2 1 1 1 1 1 1 1 1 1 1 1 1 1 1 1 1 1 1 1 1 1 1 1 1 1 1
 1 1 1 1 1 1 1 1 1 1 1 1 1 1 2 1 1 1 1 1 1 2 1 1 1 1 1 1 1 1 1 1 1 1 1 1 1
 1 1 1 1 1 1 1 2 1 1 1 1 1 1 1 1 1 1 1 1 1 1 1 1 1 1 1 1 1 2 1 1 1 1 1 1 1
 1 1 1 1 1 1 1 1 1 1 1 1 1 1 1 2 1 1 1 1 1 1 1 1 1 1 1 1 1 1 1 1 1 1 1 1 1
 1 2 1 1 1 1 1 1 1 1 1 1 1 1 1 1 1 1 1 1 1 1 1 1 1 2 1 1 1 1 1 1 1 1 1 1 1
 1 1 1 1 1 1 1 1 1 1 1 1 2 1 1 1 1 1 1 1 1 1 1 1 1 1 1 1 1 1 1 1 1 1 1 2 1
 1 1 1 1 1 1 1 1 1 1 1 1 1 1 1 1 1 1 1 1 1 2 1 1 1 1 1 1 1 1 1]
predicted label:tf.Tensor(
[5.36896810e-02 7.19555095e-02 1.71394363e-01 9.21602771e-02
 5.56039214e-02 1.10395573e-01 7.61861727e-02 1.37333080e-01
 2.71914750e-01 1.09258078e-01 1.57334238e-01 1.28330663e-01
 3.65778767e-02 1.89865723e-01 9.42547768e-02 9.52684507e-02
 1.02520324e-02 4.17125449e-02 1.18464775e-01 3.75972062e-01
 3.50500904e-02 1.36308208e-01 2.45296173e-02 9.45835782e-05
 4.81339230e-04 1.16746075e-11 2.05643043e-01 1.41141791e-04
 2.49116905e-02 1.68790757e-05 3.80210668e-01 6.54142117e-03
 4.04786877e-02 2.70937264e-01 1.30118933e-05 4.05977011e-01
 2.78342873e-01 1.84345488e-02 3.07000577e-01 2.59882212e-03
 1.17522128e-01 3.33228976e-01 2.22291797e-01 1.66608822e-02
 1.16825469e-01 1.37615621e-01 4.03114468e-01 3.41114432e-01
 3.62469822e-01 3.84523928e-01 2.08374318e-02 1.22656047e-01
 9.50779021e-03 7.82432854e-02 4.15555418e-01 1.05052486e-01
 8.78262073e-02 1.71311498e-02 7.22794607e-02 3.47369730e-01
 4.86569285e-01 3.69638681e-01 4.49341208e-01 1.70220286e-01
 5.25439829e-02 4.19540823e-01 4.97423206e-03 3.37583661e-01
 3.51153940e-01 3.32598895e-01 4.38105881e-01 3.68174016e-01
 2.71486696e-02 7.84346014e-02 6.34791777e-02 1.09812334e-01
 3.73693183e-02 4.98701520e-02 8.32004547e-02 4.07438092e-02
 9.35215689e-03 2.95181703e-02 6.66386262e-02 4.11913544e-01
 5.27892858e-02 2.79579945e-02 3.83049697e-02 1.18278712e-01
 1.57733664e-01 1.26755953e-01 1.82697117e-01 4.95788008e-01
 4.11934078e-01 2.36681879e-01 1.03912018e-01 1.90286919e-01
 9.35362279e-02 4.64590102e-01 1.14136681e-01 3.51098971e-03
 1.82245806e-01 1.58657357e-02 2.92840712e-02 2.13190224e-02
 1.53732747e-01 2.31768955e-02 1.95739493e-01 2.83338111e-02
 3.49287316e-02 2.33472195e-02 4.36969250e-02 3.22957523e-02
 1.03081837e-01 3.07659805e-02 7.47082084e-02 2.98547819e-02
 5.26270233e-02 3.66398729e-02 5.57369217e-02 2.28442311e-01
 2.55736649e-01 9.63899344e-02 4.71078306e-01 2.38541011e-02
 4.78530109e-01 3.19665134e-01 7.58825019e-02 3.95351619e-01
 2.83207536e-01 9.05980617e-02 2.63195843e-01 2.38763496e-01
 2.64099956e-01 8.08413886e-03 4.42610174e-01 1.91758290e-01
 2.12460145e-01 1.12612091e-01 8.06187540e-02 6.18090807e-03
 1.20004386e-01 4.72531140e-01 4.50105816e-02 5.92383705e-02
 2.02125937e-01 1.84681602e-02 2.88409386e-02 1.19006284e-01
 1.90394577e-02 6.05686009e-02 5.48066795e-02 8.46009329e-02
 4.16848600e-01 3.06517035e-01 2.03160942e-01 1.45738095e-01
 2.62265764e-02 4.55338061e-02 4.73006308e-01 9.18496773e-03
 2.07018536e-02 4.11608666e-02 1.14177302e-01 9.16522648e-03
 2.81403027e-02 1.35078898e-03 1.50672141e-02 1.61444414e-02
 6.74665393e-03 3.55488025e-02 2.89251693e-02 1.74240582e-02
 1.21064000e-02 6.50436208e-02 9.96439718e-03 5.39799640e-03
 1.04082465e-01 1.98535427e-01 1.45318024e-02 2.20058542e-02
 3.76978517e-02 5.09105027e-01 2.01889835e-02 1.78793594e-01
 3.66891362e-02 1.05462642e-02 1.81383267e-03 3.15672606e-02
 3.51690620e-01 4.84445086e-03 6.48805453e-03 5.46846129e-02
 4.40263515e-03 3.43824066e-02 5.64185763e-03 1.31313708e-02
 2.47882539e-03 9.28616002e-02 3.35126743e-03 7.63655826e-02
 3.45340848e-01 1.17000323e-02 5.34909545e-03 8.20304602e-02
 4.71345007e-01 2.45135762e-02 4.09316160e-02 9.71337333e-02
 9.95925721e-03 5.31974398e-02 3.62691167e-03 6.26391768e-02
 1.05786119e-02 1.73548106e-02 4.97584753e-02 1.93180349e-02
 7.82421697e-03 4.34357813e-03 2.12070253e-03 6.20347308e-03
 8.45051184e-03 1.61621962e-02 1.21868867e-02 1.24110237e-01
 1.93662066e-02 3.41222249e-03 2.63660215e-03 1.48942200e-02
 1.01857468e-01 2.20674761e-02 2.38579866e-02 3.30160595e-02
 1.05847353e-02 2.55182814e-02 4.28170990e-03 4.73699858e-03
 1.39405020e-02 3.85814253e-03 8.24986584e-03 4.54908535e-02
 1.68211118e-03 1.03265392e-02 4.39035669e-02 9.19030141e-03
 1.01975016e-02 1.65591389e-02 4.53782491e-02 1.20230898e-01
 1.70663655e-01 2.55559618e-03 2.85567972e-03 2.87488461e-01
 6.58773025e-03 2.08582543e-03 6.55014673e-03 3.45145608e-03
 3.72982584e-03 1.01917237e-01 2.04476193e-01 2.71839257e-02
 1.40261337e-01 3.07029393e-03 1.55371996e-02 5.18554300e-02
 4.80403118e-02 2.79555880e-02 8.32241401e-02 1.87432796e-01
 1.70232095e-02 2.44968943e-02 7.84266181e-03 7.59047568e-02
 7.00932816e-02 1.30333379e-01 7.37008452e-02 9.83104035e-02
 2.30804570e-02 1.37204066e-01 4.51065041e-02 1.14378862e-01
 2.00243164e-02 3.74476463e-01 2.42298152e-02 5.99409603e-02
 9.59442481e-02 1.35797143e-01 1.11976661e-01 2.38573313e-01
 5.57034127e-02 4.86204065e-02 7.69525468e-02 3.73096615e-02
 3.17364603e-01 3.16081852e-01 1.43335015e-01 3.10645923e-02
 6.70847148e-02 7.29246289e-02 2.07989797e-01 4.73860681e-01
 4.41155583e-01 4.81261760e-01 3.41511250e-01 1.28483325e-01
 3.43461819e-02 2.48407081e-01 1.00692846e-01 2.41654530e-01
 2.66497374e-01 1.80471689e-01 3.80737871e-01 4.78483737e-02
 4.63861734e-01 3.54044288e-01 3.60589802e-01 1.13124818e-01
 4.67359215e-01 4.30935949e-01 7.51104057e-02 4.79134053e-01
 2.24540487e-01 4.69772816e-01 3.31100225e-01 4.50939626e-01
 1.10818565e-01 3.67666155e-01 6.54647574e-02], shape=(327,), dtype=float32)
rounded label:tf.Tensor(
[0. 0. 0. 0. 0. 0. 0. 0. 0. 0. 0. 0. 0. 0. 0. 0. 0. 0. 0. 0. 0. 0. 0. 0.
 0. 0. 0. 0. 0. 0. 0. 0. 0. 0. 0. 0. 0. 0. 0. 0. 0. 0. 0. 0. 0. 0. 0. 0.
 0. 0. 0. 0. 0. 0. 0. 0. 0. 0. 0. 0. 0. 0. 0. 0. 0. 0. 0. 0. 0. 0. 0. 0.
 0. 0. 0. 0. 0. 0. 0. 0. 0. 0. 0. 0. 0. 0. 0. 0. 0. 0. 0. 0. 0. 0. 0. 0.
 0. 0. 0. 0. 0. 0. 0. 0. 0. 0. 0. 0. 0. 0. 0. 0. 0. 0. 0. 0. 0. 0. 0. 0.
 0. 0. 0. 0. 0. 0. 0. 0. 0. 0. 0. 0. 0. 0. 0. 0. 0. 0. 0. 0. 0. 0. 0. 0.
 0. 0. 0. 0. 0. 0. 0. 0. 0. 0. 0. 0. 0. 0. 0. 0. 0. 0. 0. 0. 0. 0. 0. 0.
 0. 0. 0. 0. 0. 0. 0. 0. 0. 0. 0. 0. 0. 1. 0. 0. 0. 0. 0. 0. 0. 0. 0. 0.
 0. 0. 0. 0. 0. 0. 0. 0. 0. 0. 0. 0. 0. 0. 0. 0. 0. 0. 0. 0. 0. 0. 0. 0.
 0. 0. 0. 0. 0. 0. 0. 0. 0. 0. 0. 0. 0. 0. 0. 0. 0. 0. 0. 0. 0. 0. 0. 0.
 0. 0. 0. 0. 0. 0. 0. 0. 0. 0. 0. 0. 0. 0. 0. 0. 0. 0. 0. 0. 0. 0. 0. 0.
 0. 0. 0. 0. 0. 0. 0. 0. 0. 0. 0. 0. 0. 0. 0. 0. 0. 0. 0. 0. 0. 0. 0. 0.
 0. 0. 0. 0. 0. 0. 0. 0. 0. 0. 0. 0. 0. 0. 0. 0. 0. 0. 0. 0. 0. 0. 0. 0.
 0. 0. 0. 0. 0. 0. 0. 0. 0. 0. 0. 0. 0. 0. 0.], shape=(327,), dtype=float32)
predicted label rank:[1 1 1 1 1 1 1 1 1 1 1 1 1 1 1 1 1 1 1 1 1 1 1 1 1 1 1 1 1 1 1 1 1 1 1 1 1
 1 1 1 1 1 1 1 1 1 1 1 1 1 1 1 1 1 1 1 1 1 1 1 1 1 1 1 1 1 1 1 1 1 1 1 1 1
 1 1 1 1 1 1 1 1 1 1 1 1 1 1 1 1 1 1 1 1 1 1 1 1 1 1 1 1 1 1 1 1 1 1 1 1 1
 1 1 1 1 1 1 1 1 1 1 1 1 1 1 1 1 1 1 1 1 1 1 1 1 1 1 1 1 1 1 1 1 1 1 1 1 1
 1 1 1 1 1 1 1 1 1 1 1 1 1 1 1 1 1 1 1 1 1 1 1 1 1 1 1 1 1 1 1 1 1 2 1 1 1
 1 1 1 1 1 1 1 1 1 1 1 1 1 1 1 1 1 1 1 1 1 1 1 1 1 1 1 1 1 1 1 1 1 1 1 1 1
 1 1 1 1 1 1 1 1 1 1 1 1 1 1 1 1 1 1 1 1 1 1 1 1 1 1 1 1 1 1 1 1 1 1 1 1 1
 1 1 1 1 1 1 1 1 1 1 1 1 1 1 1 1 1 1 1 1 1 1 1 1 1 1 1 1 1 1 1 1 1 1 1 1 1
 1 1 1 1 1 1 1 1 1 1 1 1 1 1 1 1 1 1 1 1 1 1 1 1 1 1 1 1 1 1 1]
mse:tf.Tensor(0.059195224, shape=(), dtype=float32)
-------
../benchmarks/LIA-lin-noInterval-trainData-datafold-graphs/test_data/bandec.smt2-0148_000.smt2
true label:[0, 0, 1, 1, 0, 0, 0, 0, 0, 1, 1, 0, 1, 0, 0, 1, 1, 0, 0, 0, 0, 0, 1]
true label rank:[1 1 2 2 1 1 1 1 1 2 2 1 2 1 1 2 2 1 1 1 1 1 2]
predicted label:tf.Tensor(
[0.18638584 0.17506947 0.4476819  0.45377126 0.38438934 0.29540566
 0.22533996 0.14392167 0.18685089 0.35181293 0.40757716 0.29546198
 0.47831073 0.13638693 0.4009394  0.39426872 0.36347508 0.35259283
 0.48903435 0.14070746 0.11843951 0.0626157  0.09374659], shape=(23,), dtype=float32)
rounded label:tf.Tensor([0. 0. 0. 0. 0. 0. 0. 0. 0. 0. 0. 0. 0. 0. 0. 0. 0. 0. 0. 0. 0. 0. 0.], shape=(23,), dtype=float32)
predicted label rank:[1 1 1 1 1 1 1 1 1 1 1 1 1 1 1 1 1 1 1 1 1 1 1]
mse:tf.Tensor(0.18759784, shape=(), dtype=float32)
-------
../benchmarks/LIA-lin-noInterval-trainData-datafold-graphs/test_data/bandec.smt2-0033_000.smt2
true label:[0, 1, 0]
true label rank:[1 2 1]
predicted label:tf.Tensor([0.1246234  0.13929833 0.14514036], shape=(3,), dtype=float32)
rounded label:tf.Tensor([0. 0. 0.], shape=(3,), dtype=float32)
predicted label rank:[1 1 1]
mse:tf.Tensor(0.25913468, shape=(), dtype=float32)
-------
../benchmarks/LIA-lin-noInterval-trainData-datafold-graphs/test_data/spline-fixed.smt2-0008_000.smt2
true label:[0, 0]
true label rank:[1 1]
predicted label:tf.Tensor([0.17000653 0.2109394 ], shape=(2,), dtype=float32)
rounded label:tf.Tensor([0. 0.], shape=(2,), dtype=float32)
predicted label rank:[1 1]
mse:tf.Tensor(0.036698826, shape=(), dtype=float32)
-------
../benchmarks/LIA-lin-noInterval-trainData-datafold-graphs/test_data/25.c_000.smt2
true label:[0, 0, 0, 0, 0, 0, 0, 0, 0, 0, 0, 0, 0, 0, 0, 0, 0, 0, 0, 0, 0, 0, 0, 0, 0, 0, 0, 0, 0, 0]
true label rank:[1 1 1 1 1 1 1 1 1 1 1 1 1 1 1 1 1 1 1 1 1 1 1 1 1 1 1 1 1 1]
predicted label:tf.Tensor(
[0.00922143 0.06057735 0.06972285 0.02944068 0.14820571 0.04649077
 0.07408984 0.07575841 0.04865192 0.04389192 0.04924922 0.08318178
 0.03466519 0.12431575 0.0186717  0.05678688 0.01306488 0.20320477
 0.01846204 0.12909211 0.04374987 0.10422523 0.06653722 0.07866075
 0.02282349 0.08597818 0.02910733 0.05738967 0.07133533 0.12271177], shape=(30,), dtype=float32)
rounded label:tf.Tensor(
[0. 0. 0. 0. 0. 0. 0. 0. 0. 0. 0. 0. 0. 0. 0. 0. 0. 0. 0. 0. 0. 0. 0. 0.
 0. 0. 0. 0. 0. 0.], shape=(30,), dtype=float32)
predicted label rank:[1 1 1 1 1 1 1 1 1 1 1 1 1 1 1 1 1 1 1 1 1 1 1 1 1 1 1 1 1 1]
mse:tf.Tensor(0.0064255446, shape=(), dtype=float32)
-------
../benchmarks/LIA-lin-noInterval-trainData-datafold-graphs/test_data/chc-lia-lin-0016_000.smt2
true label:[0, 0, 0, 0]
true label rank:[1 1 1 1]
predicted label:tf.Tensor([0.4096523  0.08710538 0.35037717 0.3643501 ], shape=(4,), dtype=float32)
rounded label:tf.Tensor([0. 0. 0. 0.], shape=(4,), dtype=float32)
predicted label rank:[1 1 1 1]
mse:tf.Tensor(0.107729375, shape=(), dtype=float32)
-------
../benchmarks/LIA-lin-noInterval-trainData-datafold-graphs/test_data/spline-fixed.smt2-0003_000.smt2
true label:[0, 0, 0]
true label rank:[1 1 1]
predicted label:tf.Tensor([0.12462334 0.13929833 0.14514035], shape=(3,), dtype=float32)
rounded label:tf.Tensor([0. 0. 0.], shape=(3,), dtype=float32)
predicted label rank:[1 1 1]
mse:tf.Tensor(0.018666908, shape=(), dtype=float32)
-------
../benchmarks/LIA-lin-noInterval-trainData-datafold-graphs/test_data/013b-horn_000.smt2
true label:[0, 0, 0, 0, 0, 0, 0, 0]
true label rank:[1 1 1 1 1 1 1 1]
predicted label:tf.Tensor(
[0.26453823 0.13326737 0.08526148 0.4172367  0.4290097  0.44145402
 0.40113378 0.42010066], shape=(8,), dtype=float32)
rounded label:tf.Tensor([0. 0. 0. 0. 0. 0. 0. 0.], shape=(8,), dtype=float32)
predicted label rank:[1 1 1 1 1 1 1 1]
mse:tf.Tensor(0.12317756, shape=(), dtype=float32)
-------
../benchmarks/LIA-lin-noInterval-trainData-datafold-graphs/test_data/chc-lia-lin-0102_000.smt2
true label:[1, 1]
true label rank:[1 1]
predicted label:tf.Tensor([0.45397577 0.47487307], shape=(2,), dtype=float32)
rounded label:tf.Tensor([0. 0.], shape=(2,), dtype=float32)
predicted label rank:[1 1]
mse:tf.Tensor(0.28695035, shape=(), dtype=float32)
-------
../benchmarks/LIA-lin-noInterval-trainData-datafold-graphs/test_data/nest-if3_true-unreach-call.c.flat_000.smt2
true label:[0, 1, 1, 1, 1, 1, 1]
true label rank:[1 2 2 2 2 2 2]
predicted label:tf.Tensor(
[0.37030786 0.09644205 0.42293108 0.24267127 0.43812823 0.2967747
 0.45750725], shape=(7,), dtype=float32)
rounded label:tf.Tensor([0. 0. 0. 0. 0. 0. 0.], shape=(7,), dtype=float32)
predicted label rank:[1 1 1 1 1 1 1]
mse:tf.Tensor(0.42351776, shape=(), dtype=float32)
-------
../benchmarks/LIA-lin-noInterval-trainData-datafold-graphs/test_data/four1.smt2-0046_000.smt2
true label:[0, 0, 0, 1, 0, 0]
true label rank:[1 1 1 2 1 1]
predicted label:tf.Tensor([0.48013666 0.49496925 0.498862   0.51416695 0.47051    0.4753804 ], shape=(6,), dtype=float32)
rounded label:tf.Tensor([0. 0. 0. 1. 0. 0.], shape=(6,), dtype=float32)
predicted label rank:[1 1 1 2 1 1]
mse:tf.Tensor(0.2346315, shape=(), dtype=float32)
-------
../benchmarks/LIA-lin-noInterval-trainData-datafold-graphs/test_data/bouncy_one_counter_000.smt2
true label:[0, 0, 1, 0, 0, 0]
true label rank:[1 1 2 1 1 1]
predicted label:tf.Tensor([0.08895284 0.13001595 0.26067567 0.06463943 0.2310139  0.05417802], shape=(6,), dtype=float32)
rounded label:tf.Tensor([0. 0. 0. 0. 0. 0.], shape=(6,), dtype=float32)
predicted label rank:[1 1 1 1 1 1]
mse:tf.Tensor(0.10531636, shape=(), dtype=float32)
-------
../benchmarks/LIA-lin-noInterval-trainData-datafold-graphs/test_data/gj2007_m_3_000.smt2
true label:[0, 0, 0, 0, 0, 0, 0, 0, 0, 0, 0, 0, 0, 0, 0, 0, 0, 0, 0, 0]
true label rank:[1 1 1 1 1 1 1 1 1 1 1 1 1 1 1 1 1 1 1 1]
predicted label:tf.Tensor(
[0.10449898 0.11484679 0.20368566 0.11813932 0.09628315 0.4235946
 0.3689616  0.45474207 0.37244728 0.35728824 0.5214753  0.40526602
 0.16606094 0.3099501  0.05851586 0.30463156 0.2591084  0.45471993
 0.05321829 0.2355274 ], shape=(20,), dtype=float32)
rounded label:tf.Tensor([0. 0. 0. 0. 0. 0. 0. 0. 0. 0. 1. 0. 0. 0. 0. 0. 0. 0. 0. 0.], shape=(20,), dtype=float32)
predicted label rank:[1 1 1 1 1 1 1 1 1 1 2 1 1 1 1 1 1 1 1 1]
mse:tf.Tensor(0.09329059, shape=(), dtype=float32)
-------
../benchmarks/LIA-lin-noInterval-trainData-datafold-graphs/test_data/chc-lia-lin-0140_000.smt2
true label:[0, 0, 0, 0, 0, 0, 0, 0, 0, 0, 0, 0, 0, 0, 0, 0, 0, 0, 0, 0, 0, 0, 0, 0, 0, 0, 0, 0, 0, 0, 0, 0, 0, 0, 0, 0, 0, 0, 0, 0, 0, 0, 0, 0, 0, 0, 0, 0, 0, 0, 0, 0, 0, 0]
true label rank:[1 1 1 1 1 1 1 1 1 1 1 1 1 1 1 1 1 1 1 1 1 1 1 1 1 1 1 1 1 1 1 1 1 1 1 1 1
 1 1 1 1 1 1 1 1 1 1 1 1 1 1 1 1 1]
predicted label:tf.Tensor(
[0.01094364 0.08488652 0.08070481 0.15629397 0.04348137 0.06643562
 0.05528566 0.02524346 0.01299948 0.13397247 0.08312753 0.05650143
 0.01992163 0.12068934 0.02450251 0.06523152 0.03330366 0.05307356
 0.02606533 0.08563627 0.05037697 0.05315537 0.03065103 0.0644954
 0.02076294 0.01803915 0.02176061 0.03752435 0.03604062 0.0914612
 0.32901996 0.4983314  0.29803932 0.4069451  0.46958205 0.47042367
 0.46790004 0.4814129  0.15696123 0.18881264 0.28539246 0.3519147
 0.01770472 0.04198882 0.04166858 0.156178   0.04393761 0.1043549
 0.05431528 0.23932528 0.15820034 0.26305246 0.08571603 0.44012794], shape=(54,), dtype=float32)
rounded label:tf.Tensor(
[0. 0. 0. 0. 0. 0. 0. 0. 0. 0. 0. 0. 0. 0. 0. 0. 0. 0. 0. 0. 0. 0. 0. 0.
 0. 0. 0. 0. 0. 0. 0. 0. 0. 0. 0. 0. 0. 0. 0. 0. 0. 0. 0. 0. 0. 0. 0. 0.
 0. 0. 0. 0. 0. 0.], shape=(54,), dtype=float32)
predicted label rank:[1 1 1 1 1 1 1 1 1 1 1 1 1 1 1 1 1 1 1 1 1 1 1 1 1 1 1 1 1 1 1 1 1 1 1 1 1
 1 1 1 1 1 1 1 1 1 1 1 1 1 1 1 1 1]
mse:tf.Tensor(0.042530306, shape=(), dtype=float32)
-------
../benchmarks/LIA-lin-noInterval-trainData-datafold-graphs/test_data/apache-get-tag.i.v+nlh-reducer.c-1_000.smt2
true label:[0, 0, 0, 0, 0, 0, 0, 0]
true label rank:[1 1 1 1 1 1 1 1]
predicted label:tf.Tensor(
[0.25930485 0.41460603 0.1451534  0.10227493 0.19969083 0.14914593
 0.27397883 0.22862692], shape=(8,), dtype=float32)
rounded label:tf.Tensor([0. 0. 0. 0. 0. 0. 0. 0.], shape=(8,), dtype=float32)
predicted label rank:[1 1 1 1 1 1 1 1]
mse:tf.Tensor(0.057515305, shape=(), dtype=float32)
-------
../benchmarks/LIA-lin-noInterval-trainData-datafold-graphs/test_data/heapsort_true-unreach-call.c.flat_000.smt2
true label:[1, 1, 1, 1, 1, 1, 1, 1, 1, 1, 1, 1, 1, 1]
true label rank:[1 1 1 1 1 1 1 1 1 1 1 1 1 1]
predicted label:tf.Tensor(
[0.46965438 0.36231574 0.44889036 0.02963728 0.04085935 0.12766828
 0.3588678  0.34230313 0.19421789 0.34971985 0.20959051 0.02866889
 0.3734497  0.33668748], shape=(14,), dtype=float32)
rounded label:tf.Tensor([0. 0. 0. 0. 0. 0. 0. 0. 0. 0. 0. 0. 0. 0.], shape=(14,), dtype=float32)
predicted label rank:[1 1 1 1 1 1 1 1 1 1 1 1 1 1]
mse:tf.Tensor(0.56647795, shape=(), dtype=float32)
-------
../benchmarks/LIA-lin-noInterval-trainData-datafold-graphs/test_data/seesaw.c_000.smt2
true label:[0, 0, 0, 0, 0, 0, 0, 0]
true label rank:[1 1 1 1 1 1 1 1]
predicted label:tf.Tensor(
[0.02848713 0.17399518 0.01597995 0.00360413 0.26448172 0.09398904
 0.04959241 0.00319505], shape=(8,), dtype=float32)
rounded label:tf.Tensor([0. 0. 0. 0. 0. 0. 0. 0.], shape=(8,), dtype=float32)
predicted label rank:[1 1 1 1 1 1 1 1]
mse:tf.Tensor(0.01407604, shape=(), dtype=float32)
-------
../benchmarks/LIA-lin-noInterval-trainData-datafold-graphs/test_data/inf6.correct.nts.horn-0001_000.smt2
true label:[1, 1, 0, 0, 1, 0, 0, 0, 0, 1]
true label rank:[2 2 1 1 2 1 1 1 1 2]
predicted label:tf.Tensor(
[0.4502656  0.494651   0.47097    0.47308707 0.41224986 0.31789175
 0.46047825 0.15786958 0.4275594  0.38150072], shape=(10,), dtype=float32)
rounded label:tf.Tensor([0. 0. 0. 0. 0. 0. 0. 0. 0. 0.], shape=(10,), dtype=float32)
predicted label rank:[1 1 1 1 1 1 1 1 1 1]
mse:tf.Tensor(0.22520265, shape=(), dtype=float32)
-------
../benchmarks/LIA-lin-noInterval-trainData-datafold-graphs/test_data/bandec.smt2-0210_000.smt2
true label:[0, 1, 0, 1, 1, 1, 1, 0, 1, 0, 0, 1, 1, 0, 1, 0, 1, 0, 0, 1, 1]
true label rank:[1 2 1 2 2 2 2 1 2 1 1 2 2 1 2 1 2 1 1 2 2]
predicted label:tf.Tensor(
[0.45885012 0.49528217 0.47472784 0.46532306 0.4805148  0.33956817
 0.4701397  0.33428824 0.40622705 0.24593751 0.51711833 0.3658562
 0.3612579  0.49177307 0.11288033 0.24294795 0.38944998 0.3458036
 0.40396315 0.32217082 0.51401186], shape=(21,), dtype=float32)
rounded label:tf.Tensor([0. 0. 0. 0. 0. 0. 0. 0. 0. 0. 1. 0. 0. 0. 0. 0. 0. 0. 0. 0. 1.], shape=(21,), dtype=float32)
predicted label rank:[1 1 1 1 1 1 1 1 1 1 2 1 1 1 1 1 1 1 1 1 2]
mse:tf.Tensor(0.28593704, shape=(), dtype=float32)
-------
../benchmarks/LIA-lin-noInterval-trainData-datafold-graphs/test_data/underapprox_2-2.c-1_000.smt2
true label:[1, 0]
true label rank:[2 1]
predicted label:tf.Tensor([0.33988166 0.22029912], shape=(2,), dtype=float32)
rounded label:tf.Tensor([0. 0.], shape=(2,), dtype=float32)
predicted label rank:[1 1]
mse:tf.Tensor(0.24214397, shape=(), dtype=float32)
-------
../benchmarks/LIA-lin-noInterval-trainData-datafold-graphs/test_data/stalmark_000.smt2
true label:[0, 0, 0, 0, 0, 0]
true label rank:[1 1 1 1 1 1]
predicted label:tf.Tensor([0.41370407 0.20302202 0.32768485 0.32724482 0.23905028 0.19560401], shape=(6,), dtype=float32)
rounded label:tf.Tensor([0. 0. 0. 0. 0. 0.], shape=(6,), dtype=float32)
predicted label rank:[1 1 1 1 1 1]
mse:tf.Tensor(0.087040246, shape=(), dtype=float32)
-------
../benchmarks/LIA-lin-noInterval-trainData-datafold-graphs/test_data/barthe2-big2_merged_safe.c-1_000.smt2
true label:[0, 0, 0, 0, 0, 0, 0, 0, 0, 0, 0, 0]
true label rank:[1 1 1 1 1 1 1 1 1 1 1 1]
predicted label:tf.Tensor(
[0.3776016  0.3774501  0.02115305 0.06507156 0.12702762 0.04102469
 0.18708642 0.0567045  0.15395546 0.10554609 0.02041171 0.04311433], shape=(12,), dtype=float32)
rounded label:tf.Tensor([0. 0. 0. 0. 0. 0. 0. 0. 0. 0. 0. 0.], shape=(12,), dtype=float32)
predicted label rank:[1 1 1 1 1 1 1 1 1 1 1 1]
mse:tf.Tensor(0.031907234, shape=(), dtype=float32)
-------
../benchmarks/LIA-lin-noInterval-trainData-datafold-graphs/test_data/PRODUCER_CONSUMER_3_000.smt2
true label:[0, 0, 0, 0, 0, 0, 0, 0, 0, 0, 0, 0, 0, 0, 0, 0, 0, 0, 0, 0, 0, 0, 0, 0, 0, 0, 0, 0, 0, 0, 0, 0, 0, 0, 0, 0, 0, 0, 0, 0, 0, 0, 0, 0, 0, 0, 0, 0, 0, 1, 0, 0, 0, 0, 0, 0, 0, 0, 0, 0, 0, 0, 0, 0, 0, 0, 0, 0, 0, 0, 1, 0, 0, 0, 0, 0, 0, 0, 0, 0, 0, 0, 0, 0, 0, 0, 0, 0, 0, 0, 0, 0, 0, 0, 0, 0, 0, 0, 0, 0, 0, 0, 0, 0, 0, 0, 0, 0, 0, 0, 0, 0, 0, 0, 0, 0, 0, 0, 0, 0, 0, 0, 0, 0, 0, 0, 0, 0, 0, 0, 0, 0, 0, 0, 0, 0, 0, 0, 0, 0, 0, 0, 0, 0, 0, 0, 0, 0, 0, 0, 0, 0, 0, 0, 0, 0, 0, 0, 0, 0, 0, 0, 0, 0, 0, 0, 0, 0]
true label rank:[1 1 1 1 1 1 1 1 1 1 1 1 1 1 1 1 1 1 1 1 1 1 1 1 1 1 1 1 1 1 1 1 1 1 1 1 1
 1 1 1 1 1 1 1 1 1 1 1 1 2 1 1 1 1 1 1 1 1 1 1 1 1 1 1 1 1 1 1 1 1 2 1 1 1
 1 1 1 1 1 1 1 1 1 1 1 1 1 1 1 1 1 1 1 1 1 1 1 1 1 1 1 1 1 1 1 1 1 1 1 1 1
 1 1 1 1 1 1 1 1 1 1 1 1 1 1 1 1 1 1 1 1 1 1 1 1 1 1 1 1 1 1 1 1 1 1 1 1 1
 1 1 1 1 1 1 1 1 1 1 1 1 1 1 1 1 1 1 1 1]
predicted label:tf.Tensor(
[2.12490276e-01 4.35008764e-01 1.24770679e-01 7.32506663e-02
 2.91709393e-01 1.62416682e-01 1.83692053e-01 2.41165057e-01
 6.03865506e-03 8.44582792e-06 1.00477431e-02 1.06515214e-02
 2.60162383e-01 1.41963232e-02 9.54999998e-02 7.92198405e-02
 3.20720822e-01 2.89357334e-01 7.54376575e-02 9.56737176e-02
 3.65077227e-01 1.01802632e-01 2.79681087e-02 3.73630761e-03
 7.29139720e-05 1.09165801e-12 2.12784514e-01 9.83725265e-02
 2.37115830e-01 1.73526481e-02 4.57783997e-01 3.88198122e-02
 8.59760195e-02 3.09121251e-01 1.45220738e-02 2.93010592e-01
 2.30326369e-01 1.62132367e-01 4.15220946e-01 1.69912204e-01
 1.36864990e-01 4.59535092e-01 4.29465204e-01 3.29491168e-01
 4.03288841e-01 4.64881957e-01 4.75231618e-01 4.70197439e-01
 4.46757495e-01 4.47040319e-01 8.76965299e-02 3.06325108e-01
 4.36374694e-02 3.74959737e-01 1.41128525e-01 4.52151716e-01
 8.52288827e-02 3.89698893e-01 4.67882335e-01 4.74330515e-01
 4.83262837e-01 4.38941985e-01 2.72775233e-01 4.64074761e-01
 4.05075192e-01 4.80412841e-01 4.09033865e-01 4.53555465e-01
 6.08349405e-02 4.03925091e-01 3.68690267e-02 2.41031423e-01
 1.05238102e-01 6.09753206e-02 5.71276285e-02 1.39902845e-01
 6.43301085e-02 3.98517819e-03 1.11056805e-01 1.66478809e-02
 3.85565571e-02 1.31884916e-02 3.61029543e-02 1.89866014e-02
 7.95309246e-02 1.71843097e-02 2.51088887e-02 7.35585717e-03
 1.18523747e-01 2.07099125e-01 2.83336099e-02 9.44414176e-03
 2.06250682e-01 7.89287388e-02 2.15509579e-01 6.89323107e-03
 2.38719154e-02 5.33428462e-03 1.21435963e-01 2.43509877e-02
 4.47544485e-01 1.12367971e-02 2.79170275e-01 8.88820812e-02
 8.35191179e-03 4.63922679e-01 1.43740654e-01 1.69886023e-01
 2.33750865e-02 1.32847708e-02 8.38851705e-02 1.97945675e-03
 1.96105614e-02 7.28017986e-02 1.82429641e-01 4.75384183e-02
 5.91076305e-03 1.06907904e-03 1.75497737e-02 2.70958662e-01
 3.04080367e-01 3.76643427e-02 3.62130523e-01 2.11673118e-02
 9.41282064e-02 4.03779745e-02 5.99331371e-02 4.74649727e-01
 3.72699201e-01 4.60316747e-01 4.78037089e-01 4.78128284e-01
 4.34181005e-01 4.77157712e-01 4.75945026e-01 4.75327045e-01
 4.74894196e-01 4.23625469e-01 4.61555064e-01 4.12838280e-01
 4.77353841e-01 3.03036213e-01 4.74003822e-01 1.65900029e-02
 4.65852886e-01 4.74151880e-01 4.85934585e-01 3.07038635e-01
 4.83152628e-01 2.26187259e-01 4.23383862e-01 4.43266094e-01
 4.20533121e-02 5.61168708e-04 3.03433746e-01 3.35010797e-01
 4.47827345e-03 1.93459857e-02 1.06988028e-01 2.11487159e-01
 3.80976558e-01 1.00854211e-01 3.09324712e-01 9.61471871e-02
 4.14501071e-01 3.78932506e-01 4.41994727e-01 3.52425158e-01], shape=(168,), dtype=float32)
rounded label:tf.Tensor(
[0. 0. 0. 0. 0. 0. 0. 0. 0. 0. 0. 0. 0. 0. 0. 0. 0. 0. 0. 0. 0. 0. 0. 0.
 0. 0. 0. 0. 0. 0. 0. 0. 0. 0. 0. 0. 0. 0. 0. 0. 0. 0. 0. 0. 0. 0. 0. 0.
 0. 0. 0. 0. 0. 0. 0. 0. 0. 0. 0. 0. 0. 0. 0. 0. 0. 0. 0. 0. 0. 0. 0. 0.
 0. 0. 0. 0. 0. 0. 0. 0. 0. 0. 0. 0. 0. 0. 0. 0. 0. 0. 0. 0. 0. 0. 0. 0.
 0. 0. 0. 0. 0. 0. 0. 0. 0. 0. 0. 0. 0. 0. 0. 0. 0. 0. 0. 0. 0. 0. 0. 0.
 0. 0. 0. 0. 0. 0. 0. 0. 0. 0. 0. 0. 0. 0. 0. 0. 0. 0. 0. 0. 0. 0. 0. 0.
 0. 0. 0. 0. 0. 0. 0. 0. 0. 0. 0. 0. 0. 0. 0. 0. 0. 0. 0. 0. 0. 0. 0. 0.], shape=(168,), dtype=float32)
predicted label rank:[1 1 1 1 1 1 1 1 1 1 1 1 1 1 1 1 1 1 1 1 1 1 1 1 1 1 1 1 1 1 1 1 1 1 1 1 1
 1 1 1 1 1 1 1 1 1 1 1 1 1 1 1 1 1 1 1 1 1 1 1 1 1 1 1 1 1 1 1 1 1 1 1 1 1
 1 1 1 1 1 1 1 1 1 1 1 1 1 1 1 1 1 1 1 1 1 1 1 1 1 1 1 1 1 1 1 1 1 1 1 1 1
 1 1 1 1 1 1 1 1 1 1 1 1 1 1 1 1 1 1 1 1 1 1 1 1 1 1 1 1 1 1 1 1 1 1 1 1 1
 1 1 1 1 1 1 1 1 1 1 1 1 1 1 1 1 1 1 1 1]
mse:tf.Tensor(0.084612764, shape=(), dtype=float32)
-------
../benchmarks/LIA-lin-noInterval-trainData-datafold-graphs/test_data/04.c_000.smt2
true label:[0, 0]
true label rank:[1 1]
predicted label:tf.Tensor([0.3398816  0.22029914], shape=(2,), dtype=float32)
rounded label:tf.Tensor([0. 0.], shape=(2,), dtype=float32)
predicted label rank:[1 1]
mse:tf.Tensor(0.0820256, shape=(), dtype=float32)
-------
../benchmarks/LIA-lin-noInterval-trainData-datafold-graphs/test_data/dillig33.c_000.smt2
true label:[0, 0, 0, 0, 0, 0, 0, 0, 0, 0]
true label rank:[1 1 1 1 1 1 1 1 1 1]
predicted label:tf.Tensor(
[0.23596525 0.3933257  0.10140926 0.06659877 0.39010605 0.19636503
 0.1558252  0.14377564 0.02820204 0.0216243 ], shape=(10,), dtype=float32)
rounded label:tf.Tensor([0. 0. 0. 0. 0. 0. 0. 0. 0. 0.], shape=(10,), dtype=float32)
predicted label rank:[1 1 1 1 1 1 1 1 1 1]
mse:tf.Tensor(0.046206176, shape=(), dtype=float32)
-------
../benchmarks/LIA-lin-noInterval-trainData-datafold-graphs/test_data/bandec.smt2-0178_000.smt2
true label:[0, 1, 1, 1, 1, 0, 0, 1, 1, 0, 0, 0, 0, 0, 1, 1, 1, 0, 1, 0, 0, 1, 1, 0, 0, 0, 0, 0, 1, 1]
true label rank:[1 2 2 2 2 1 1 2 2 1 1 1 1 1 2 2 2 1 2 1 1 2 2 1 1 1 1 1 2 2]
predicted label:tf.Tensor(
[0.41115227 0.49437737 0.48581564 0.504373   0.48735586 0.4086737
 0.4389431  0.27615848 0.37450033 0.47816864 0.24029411 0.26678815
 0.43601847 0.45200494 0.19662185 0.4248259  0.47332385 0.1288249
 0.14234388 0.4195875  0.2944411  0.31732786 0.18378061 0.3111642
 0.1570331  0.19476017 0.23051533 0.22640388 0.175946   0.154535  ], shape=(30,), dtype=float32)
rounded label:tf.Tensor(
[0. 0. 0. 1. 0. 0. 0. 0. 0. 0. 0. 0. 0. 0. 0. 0. 0. 0. 0. 0. 0. 0. 0. 0.
 0. 0. 0. 0. 0. 0.], shape=(30,), dtype=float32)
predicted label rank:[1 1 1 2 1 1 1 1 1 1 1 1 1 1 1 1 1 1 1 1 1 1 1 1 1 1 1 1 1 1]
mse:tf.Tensor(0.27609634, shape=(), dtype=float32)
-------
../benchmarks/LIA-lin-noInterval-trainData-datafold-graphs/test_data/nested-while_merged_safe.c-1_000.smt2
true label:[0, 0, 0, 0, 0, 0, 0, 0, 0, 0, 0, 0, 0, 0, 0, 0, 0, 0, 0, 0, 0, 0, 0, 0, 0]
true label rank:[1 1 1 1 1 1 1 1 1 1 1 1 1 1 1 1 1 1 1 1 1 1 1 1 1]
predicted label:tf.Tensor(
[0.1526975  0.30043533 0.1752271  0.25365865 0.44114506 0.47520265
 0.46912596 0.47351924 0.47326362 0.38863    0.27405536 0.2062898
 0.45847505 0.46070406 0.12437417 0.4506522  0.07287448 0.09466695
 0.07253756 0.03012015 0.06563605 0.03718888 0.02181186 0.06212086
 0.00857053], shape=(25,), dtype=float32)
rounded label:tf.Tensor(
[0. 0. 0. 0. 0. 0. 0. 0. 0. 0. 0. 0. 0. 0. 0. 0. 0. 0. 0. 0. 0. 0. 0. 0.
 0.], shape=(25,), dtype=float32)
predicted label rank:[1 1 1 1 1 1 1 1 1 1 1 1 1 1 1 1 1 1 1 1 1 1 1 1 1]
mse:tf.Tensor(0.08950278, shape=(), dtype=float32)
-------
../benchmarks/LIA-lin-noInterval-trainData-datafold-graphs/test_data/jm2006_true-unreach-call.c.flat_000.smt2
true label:[0, 0, 0, 0]
true label rank:[1 1 1 1]
predicted label:tf.Tensor([0.04264881 0.1284963  0.1645768  0.05844462], shape=(4,), dtype=float32)
rounded label:tf.Tensor([0. 0. 0. 0.], shape=(4,), dtype=float32)
predicted label rank:[1 1 1 1]
mse:tf.Tensor(0.012207879, shape=(), dtype=float32)
-------
../benchmarks/LIA-lin-noInterval-trainData-datafold-graphs/test_data/four1.smt2-0033_000.smt2
true label:[0, 0, 1, 1, 0, 0, 0, 0, 0, 0, 0, 0, 0, 0, 0, 0, 0, 0, 0, 0]
true label rank:[1 1 2 2 1 1 1 1 1 1 1 1 1 1 1 1 1 1 1 1]
predicted label:tf.Tensor(
[0.3485395  0.49192673 0.49953824 0.49895844 0.14600268 0.46850044
 0.34981632 0.33541897 0.4504024  0.13492517 0.18387765 0.2514514
 0.06073744 0.4349347  0.31187522 0.4675929  0.1553644  0.13168177
 0.25328824 0.23606518], shape=(20,), dtype=float32)
rounded label:tf.Tensor([0. 0. 0. 0. 0. 0. 0. 0. 0. 0. 0. 0. 0. 0. 0. 0. 0. 0. 0. 0.], shape=(20,), dtype=float32)
predicted label rank:[1 1 1 1 1 1 1 1 1 1 1 1 1 1 1 1 1 1 1 1]
mse:tf.Tensor(0.11644475, shape=(), dtype=float32)
-------
../benchmarks/LIA-lin-noInterval-trainData-datafold-graphs/test_data/sum3_000.smt2
true label:[0, 0]
true label rank:[1 1]
predicted label:tf.Tensor([0.34049827 0.22195806], shape=(2,), dtype=float32)
rounded label:tf.Tensor([0. 0.], shape=(2,), dtype=float32)
predicted label rank:[1 1]
mse:tf.Tensor(0.082602225, shape=(), dtype=float32)
-------
../benchmarks/LIA-lin-noInterval-trainData-datafold-graphs/test_data/16.c_000.smt2
true label:[0, 0, 0, 0, 0, 0, 0, 0, 0, 0]
true label rank:[1 1 1 1 1 1 1 1 1 1]
predicted label:tf.Tensor(
[0.03476812 0.07087049 0.01701542 0.05808949 0.09501772 0.05736086
 0.17184271 0.03132947 0.08172471 0.0809886 ], shape=(10,), dtype=float32)
rounded label:tf.Tensor([0. 0. 0. 0. 0. 0. 0. 0. 0. 0.], shape=(10,), dtype=float32)
predicted label rank:[1 1 1 1 1 1 1 1 1 1]
mse:tf.Tensor(0.006596353, shape=(), dtype=float32)
-------
../benchmarks/LIA-lin-noInterval-trainData-datafold-graphs/test_data/apache-get-tag.i.p+nlh-reducer.c-1_000.smt2
true label:[0, 0, 0, 0, 0, 0, 0, 0, 0, 0]
true label rank:[1 1 1 1 1 1 1 1 1 1]
predicted label:tf.Tensor(
[0.30230045 0.3329548  0.46756428 0.45465592 0.45658728 0.41722727
 0.34421378 0.30704078 0.04957384 0.22187844], shape=(10,), dtype=float32)
rounded label:tf.Tensor([0. 0. 0. 0. 0. 0. 0. 0. 0. 0.], shape=(10,), dtype=float32)
predicted label rank:[1 1 1 1 1 1 1 1 1 1]
mse:tf.Tensor(0.12745681, shape=(), dtype=float32)
-------
../benchmarks/LIA-lin-noInterval-trainData-datafold-graphs/test_data/test_locks_10.c-1_000.smt2
true label:[0, 1, 0, 1, 0, 1, 0, 1, 0, 1, 0, 1, 0, 1, 0, 1, 0, 0, 0, 1, 0, 1, 0, 1, 0, 1, 0, 1, 0, 1, 0, 0, 0, 0, 0, 0, 0, 0, 0, 0, 0, 1, 0, 1, 0, 1, 0, 1, 0, 0, 0, 0, 0, 0, 1, 0, 1, 0, 1, 0, 1, 0, 1, 0, 1, 0, 1, 0, 1, 0, 1, 0, 0, 0, 0, 0, 0, 0, 1, 0, 1, 0, 1, 0, 1, 0, 1, 0, 1, 0, 1, 0, 1, 0, 1, 0, 1, 0, 0, 0, 0, 0, 0, 0, 0, 1, 0, 1, 0, 1, 0, 0, 0, 0, 0, 0, 0, 0, 0, 0, 0, 0, 0, 0, 0, 0, 0, 0, 0, 0, 1, 0, 0, 0, 0, 0, 1, 0, 1, 0, 1, 0, 1, 0, 1, 0, 1, 0, 0, 0, 0, 1, 0, 1, 0, 1, 0, 1, 0, 1, 0, 1, 0, 1, 0, 1, 0, 1, 0, 0, 0, 0, 0, 0, 0, 0, 0, 0, 1, 0, 1, 0, 1, 0, 1, 0, 1, 0, 1, 0, 1, 0, 1, 0, 1, 0, 0, 0, 0, 0, 0, 0, 0, 0, 1, 0, 1, 0, 0, 0, 1, 0, 1, 0, 1, 0, 1, 0, 1, 0, 1, 0, 1, 0, 1]
true label rank:[1 2 1 2 1 2 1 2 1 2 1 2 1 2 1 2 1 1 1 2 1 2 1 2 1 2 1 2 1 2 1 1 1 1 1 1 1
 1 1 1 1 2 1 2 1 2 1 2 1 1 1 1 1 1 2 1 2 1 2 1 2 1 2 1 2 1 2 1 2 1 2 1 1 1
 1 1 1 1 2 1 2 1 2 1 2 1 2 1 2 1 2 1 2 1 2 1 2 1 1 1 1 1 1 1 1 2 1 2 1 2 1
 1 1 1 1 1 1 1 1 1 1 1 1 1 1 1 1 1 1 1 2 1 1 1 1 1 2 1 2 1 2 1 2 1 2 1 2 1
 1 1 1 2 1 2 1 2 1 2 1 2 1 2 1 2 1 2 1 2 1 1 1 1 1 1 1 1 1 1 2 1 2 1 2 1 2
 1 2 1 2 1 2 1 2 1 2 1 1 1 1 1 1 1 1 1 2 1 2 1 1 1 2 1 2 1 2 1 2 1 2 1 2 1
 2 1 2]
predicted label:tf.Tensor(
[0.16449043 0.14878947 0.21417572 0.2675894  0.20690191 0.23344381
 0.2001547  0.20060182 0.22275394 0.18114358 0.36242545 0.18116418
 0.12427449 0.2566852  0.02555881 0.16663574 0.13977523 0.03343433
 0.0630125  0.02508082 0.02018237 0.05178989 0.01339648 0.04085933
 0.01335294 0.00423173 0.05816853 0.08876123 0.03022899 0.1713148
 0.02760053 0.18017067 0.18377435 0.41598922 0.08448516 0.10151625
 0.12149294 0.24735615 0.07891341 0.3030967  0.09785506 0.31320316
 0.05603847 0.12411045 0.07454089 0.14331143 0.25998086 0.21404713
 0.05508065 0.09696757 0.0267602  0.07221143 0.07148585 0.16844639
 0.04850307 0.10605346 0.14129803 0.23540719 0.12046375 0.21215078
 0.12113618 0.04349012 0.02706255 0.29273808 0.29634997 0.47018346
 0.21378747 0.4608028  0.47281122 0.42630023 0.44070408 0.46623912
 0.19527696 0.4416925  0.47429633 0.46639466 0.46130803 0.2964116
 0.39183262 0.06029745 0.15321277 0.20760648 0.44678405 0.37907648
 0.13004194 0.00538365 0.3956934  0.34769893 0.16230164 0.20866503
 0.478412   0.4378326  0.451413   0.47836834 0.36240754 0.29314464
 0.1612198  0.34068295 0.0566902  0.00431814 0.1969533  0.0793924
 0.09697262 0.03087672 0.04689264 0.02612481 0.14514355 0.02320813
 0.01985855 0.03665864 0.04521151 0.10464819 0.00366495 0.02156891
 0.2308847  0.06830673 0.02896135 0.07018358 0.14970171 0.08051481
 0.48822206 0.24399027 0.46955755 0.3293138  0.4751085  0.51693696
 0.4928759  0.48718825 0.4917062  0.4368836  0.30076176 0.28429183
 0.15539297 0.02587336 0.06754469 0.08019491 0.22209157 0.04343549
 0.01559632 0.01108637 0.18876211 0.17108506 0.13825065 0.2542021
 0.2980323  0.08165623 0.07563274 0.1344465  0.16187474 0.11307882
 0.07959434 0.12376519 0.47340983 0.14819704 0.23200712 0.299887
 0.0718519  0.06903252 0.47170526 0.03161308 0.05847404 0.05556399
 0.12079609 0.11000959 0.48100153 0.01113544 0.46688017 0.37032947
 0.46239173 0.46316484 0.4644325  0.47738275 0.46870592 0.46715873
 0.18573962 0.03085629 0.36383578 0.47277087 0.19120193 0.17493866
 0.13921952 0.47967976 0.16546084 0.22782758 0.16027598 0.12028066
 0.27019715 0.26508716 0.4376282  0.20642413 0.06642703 0.3982076
 0.09922834 0.472015   0.05037655 0.03267479 0.01575524 0.06407348
 0.02031747 0.21214013 0.05521823 0.01641976 0.01198908 0.06622961
 0.22000273 0.03296878 0.04195866 0.08033264 0.01462463 0.1581467
 0.01893028 0.47860804 0.08142798 0.1665114  0.13370702 0.12314905
 0.08725166 0.1275852  0.03886906 0.1257828  0.02269969 0.07675689
 0.02714112 0.47688958 0.11452312], shape=(225,), dtype=float32)
rounded label:tf.Tensor(
[0. 0. 0. 0. 0. 0. 0. 0. 0. 0. 0. 0. 0. 0. 0. 0. 0. 0. 0. 0. 0. 0. 0. 0.
 0. 0. 0. 0. 0. 0. 0. 0. 0. 0. 0. 0. 0. 0. 0. 0. 0. 0. 0. 0. 0. 0. 0. 0.
 0. 0. 0. 0. 0. 0. 0. 0. 0. 0. 0. 0. 0. 0. 0. 0. 0. 0. 0. 0. 0. 0. 0. 0.
 0. 0. 0. 0. 0. 0. 0. 0. 0. 0. 0. 0. 0. 0. 0. 0. 0. 0. 0. 0. 0. 0. 0. 0.
 0. 0. 0. 0. 0. 0. 0. 0. 0. 0. 0. 0. 0. 0. 0. 0. 0. 0. 0. 0. 0. 0. 0. 0.
 0. 0. 0. 0. 0. 1. 0. 0. 0. 0. 0. 0. 0. 0. 0. 0. 0. 0. 0. 0. 0. 0. 0. 0.
 0. 0. 0. 0. 0. 0. 0. 0. 0. 0. 0. 0. 0. 0. 0. 0. 0. 0. 0. 0. 0. 0. 0. 0.
 0. 0. 0. 0. 0. 0. 0. 0. 0. 0. 0. 0. 0. 0. 0. 0. 0. 0. 0. 0. 0. 0. 0. 0.
 0. 0. 0. 0. 0. 0. 0. 0. 0. 0. 0. 0. 0. 0. 0. 0. 0. 0. 0. 0. 0. 0. 0. 0.
 0. 0. 0. 0. 0. 0. 0. 0. 0.], shape=(225,), dtype=float32)
predicted label rank:[1 1 1 1 1 1 1 1 1 1 1 1 1 1 1 1 1 1 1 1 1 1 1 1 1 1 1 1 1 1 1 1 1 1 1 1 1
 1 1 1 1 1 1 1 1 1 1 1 1 1 1 1 1 1 1 1 1 1 1 1 1 1 1 1 1 1 1 1 1 1 1 1 1 1
 1 1 1 1 1 1 1 1 1 1 1 1 1 1 1 1 1 1 1 1 1 1 1 1 1 1 1 1 1 1 1 1 1 1 1 1 1
 1 1 1 1 1 1 1 1 1 1 1 1 1 1 2 1 1 1 1 1 1 1 1 1 1 1 1 1 1 1 1 1 1 1 1 1 1
 1 1 1 1 1 1 1 1 1 1 1 1 1 1 1 1 1 1 1 1 1 1 1 1 1 1 1 1 1 1 1 1 1 1 1 1 1
 1 1 1 1 1 1 1 1 1 1 1 1 1 1 1 1 1 1 1 1 1 1 1 1 1 1 1 1 1 1 1 1 1 1 1 1 1
 1 1 1]
mse:tf.Tensor(0.2821895, shape=(), dtype=float32)
-------
../benchmarks/LIA-lin-noInterval-trainData-datafold-graphs/test_data/chc-lia-lin-0065_000.smt2
true label:[0, 0, 0, 0, 0, 0, 0, 0, 0, 0, 0, 0, 0, 0]
true label rank:[1 1 1 1 1 1 1 1 1 1 1 1 1 1]
predicted label:tf.Tensor(
[0.07045688 0.15300614 0.09430677 0.07223982 0.24074394 0.33131322
 0.46339184 0.45759243 0.11703257 0.01283152 0.09546712 0.07839606
 0.02347162 0.0936054 ], shape=(14,), dtype=float32)
rounded label:tf.Tensor([0. 0. 0. 0. 0. 0. 0. 0. 0. 0. 0. 0. 0. 0.], shape=(14,), dtype=float32)
predicted label rank:[1 1 1 1 1 1 1 1 1 1 1 1 1 1]
mse:tf.Tensor(0.048055027, shape=(), dtype=float32)
-------
../benchmarks/LIA-lin-noInterval-trainData-datafold-graphs/test_data/diamond_1-1.c-1_000.smt2
true label:[1, 0]
true label rank:[2 1]
predicted label:tf.Tensor([0.45988828 0.3130296 ], shape=(2,), dtype=float32)
rounded label:tf.Tensor([0. 0.], shape=(2,), dtype=float32)
predicted label rank:[1 1]
mse:tf.Tensor(0.1948541, shape=(), dtype=float32)
-------
../benchmarks/LIA-lin-noInterval-trainData-datafold-graphs/test_data/bandec.smt2-0159_000.smt2
true label:[0, 0, 0, 1, 1, 0, 1, 0, 1, 0, 0, 1, 1]
true label rank:[1 1 1 2 2 1 2 1 2 1 1 2 2]
predicted label:tf.Tensor(
[0.4506005  0.24387726 0.48536438 0.4401759  0.45785087 0.2598749
 0.44360435 0.5109142  0.49109638 0.33708015 0.47169092 0.30157703
 0.13753048], shape=(13,), dtype=float32)
rounded label:tf.Tensor([0. 0. 0. 0. 0. 0. 0. 1. 0. 0. 0. 0. 0.], shape=(13,), dtype=float32)
predicted label rank:[1 1 1 1 1 1 1 2 1 1 1 1 1]
mse:tf.Tensor(0.27463964, shape=(), dtype=float32)
-------
../benchmarks/LIA-lin-noInterval-trainData-datafold-graphs/test_data/inductive5_000.smt2
true label:[0, 0]
true label rank:[1 1]
predicted label:tf.Tensor([0.4491505  0.35089707], shape=(2,), dtype=float32)
rounded label:tf.Tensor([0. 0.], shape=(2,), dtype=float32)
predicted label rank:[1 1]
mse:tf.Tensor(0.16243246, shape=(), dtype=float32)
-------
../benchmarks/LIA-lin-noInterval-trainData-datafold-graphs/test_data/dillig01.c_000.smt2
true label:[0, 0, 0, 0, 0, 0, 0, 0]
true label rank:[1 1 1 1 1 1 1 1]
predicted label:tf.Tensor(
[0.35951427 0.36860487 0.24168597 0.21734652 0.34905338 0.21590264
 0.372222   0.03071299], shape=(8,), dtype=float32)
rounded label:tf.Tensor([0. 0. 0. 0. 0. 0. 0. 0.], shape=(8,), dtype=float32)
predicted label rank:[1 1 1 1 1 1 1 1]
mse:tf.Tensor(0.08483955, shape=(), dtype=float32)
-------
../benchmarks/LIA-lin-noInterval-trainData-datafold-graphs/test_data/28.c_000.smt2
true label:[0, 0, 0, 0, 0, 0, 0, 0, 0, 0]
true label rank:[1 1 1 1 1 1 1 1 1 1]
predicted label:tf.Tensor(
[0.06831592 0.12037355 0.1586136  0.07939232 0.12936045 0.07235468
 0.3537263  0.43806022 0.17260975 0.2794786 ], shape=(10,), dtype=float32)
rounded label:tf.Tensor([0. 0. 0. 0. 0. 0. 0. 0. 0. 0.], shape=(10,), dtype=float32)
predicted label rank:[1 1 1 1 1 1 1 1 1 1]
mse:tf.Tensor(0.049750905, shape=(), dtype=float32)
-------
../benchmarks/LIA-lin-noInterval-trainData-datafold-graphs/test_data/chc-lia-lin-0018_000.smt2
true label:[0, 0]
true label rank:[1 1]
predicted label:tf.Tensor([0.40133324 0.23338543], shape=(2,), dtype=float32)
rounded label:tf.Tensor([0. 0.], shape=(2,), dtype=float32)
predicted label rank:[1 1]
mse:tf.Tensor(0.107768565, shape=(), dtype=float32)
-------
../benchmarks/LIA-lin-noInterval-trainData-datafold-graphs/test_data/s3_srvr_1a.cil.c-1_000.smt2
true label:[0, 1, 0, 0, 0, 0, 1, 0, 0, 0, 0, 1]
true label rank:[1 2 1 1 1 1 2 1 1 1 1 2]
predicted label:tf.Tensor(
[0.37638268 0.17764775 0.17559834 0.12108931 0.36345217 0.24858122
 0.238156   0.42135617 0.34046206 0.371319   0.4662525  0.37400448], shape=(12,), dtype=float32)
rounded label:tf.Tensor([0. 0. 0. 0. 0. 0. 0. 0. 0. 0. 0. 0.], shape=(12,), dtype=float32)
predicted label rank:[1 1 1 1 1 1 1 1 1 1 1 1]
mse:tf.Tensor(0.22319297, shape=(), dtype=float32)
-------
../benchmarks/LIA-lin-noInterval-trainData-datafold-graphs/test_data/NetBSD_g_Ctoc.c_000.smt2
true label:[0, 0, 0, 0, 0, 0, 0, 0, 0, 0]
true label rank:[1 1 1 1 1 1 1 1 1 1]
predicted label:tf.Tensor(
[0.11135863 0.32383233 0.0224035  0.00536017 0.29454547 0.06796682
 0.08973867 0.05810495 0.00076258 0.00435249], shape=(10,), dtype=float32)
rounded label:tf.Tensor([0. 0. 0. 0. 0. 0. 0. 0. 0. 0.], shape=(10,), dtype=float32)
predicted label rank:[1 1 1 1 1 1 1 1 1 1]
mse:tf.Tensor(0.022062402, shape=(), dtype=float32)
-------
../benchmarks/LIA-lin-noInterval-trainData-datafold-graphs/test_data/apache-get-tag.i.v+lhb-reducer.c-1_000.smt2
true label:[0, 0, 0, 0, 0, 0]
true label rank:[1 1 1 1 1 1]
predicted label:tf.Tensor([0.44221142 0.3364726  0.47074625 0.46624804 0.18630707 0.11908886], shape=(6,), dtype=float32)
rounded label:tf.Tensor([0. 0. 0. 0. 0. 0.], shape=(6,), dtype=float32)
predicted label rank:[1 1 1 1 1 1]
mse:tf.Tensor(0.13277443, shape=(), dtype=float32)
-------
../benchmarks/LIA-lin-noInterval-trainData-datafold-graphs/test_data/loop__barthe2_000.smt2
true label:[0, 0, 0, 0, 0]
true label rank:[1 1 1 1 1]
predicted label:tf.Tensor([0.06457192 0.08500914 0.01471345 0.11829699 0.15488109], shape=(5,), dtype=float32)
rounded label:tf.Tensor([0. 0. 0. 0. 0.], shape=(5,), dtype=float32)
predicted label rank:[1 1 1 1 1]
mse:tf.Tensor(0.00991898, shape=(), dtype=float32)
-------
../benchmarks/LIA-lin-noInterval-trainData-datafold-graphs/test_data/gcd01_true-unreach-call_true-no-overflow_true-termination_000.smt2
true label:[0, 0, 0, 0, 0, 0, 0, 0]
true label rank:[1 1 1 1 1 1 1 1]
predicted label:tf.Tensor(
[0.02876254 0.10557058 0.08078264 0.06184407 0.13978267 0.15478899
 0.31737062 0.3895047 ], shape=(8,), dtype=float32)
rounded label:tf.Tensor([0. 0. 0. 0. 0. 0. 0. 0.], shape=(8,), dtype=float32)
predicted label rank:[1 1 1 1 1 1 1 1]
mse:tf.Tensor(0.039782472, shape=(), dtype=float32)
-------
../benchmarks/LIA-lin-noInterval-trainData-datafold-graphs/test_data/rotation_vc.correct.1.nts_000.smt2
true label:[0, 0, 0, 0, 0, 0, 0, 0, 0, 0, 0, 0, 0, 0, 0, 0, 0, 0, 0, 0, 0, 0, 0, 0, 0, 0, 0, 0, 0, 0, 0, 0, 0, 0, 0, 0, 0, 0, 0, 0, 0, 0, 0, 0, 0, 0, 0, 0, 0, 0, 0, 0, 0, 0, 0, 0, 0, 0, 0, 0, 0, 0, 0, 0, 0, 0, 0, 0, 0, 0, 0, 0, 0, 0, 0, 0, 0, 0, 0]
true label rank:[1 1 1 1 1 1 1 1 1 1 1 1 1 1 1 1 1 1 1 1 1 1 1 1 1 1 1 1 1 1 1 1 1 1 1 1 1
 1 1 1 1 1 1 1 1 1 1 1 1 1 1 1 1 1 1 1 1 1 1 1 1 1 1 1 1 1 1 1 1 1 1 1 1 1
 1 1 1 1 1]
predicted label:tf.Tensor(
[0.45081326 0.36003447 0.4234156  0.38358578 0.44756585 0.27634698
 0.4377366  0.44848046 0.22050251 0.3549492  0.12822798 0.2763148
 0.16217186 0.24480319 0.44477078 0.36491013 0.41734517 0.45154482
 0.3421711  0.3939257  0.04976637 0.0577302  0.00611373 0.01211226
 0.03531979 0.0025426  0.03340758 0.1526407  0.05645239 0.03492675
 0.0776572  0.10350251 0.4448988  0.44974124 0.06167046 0.4810513
 0.46404117 0.42939678 0.46328962 0.46878368 0.40677276 0.47890317
 0.44050977 0.36760703 0.05171692 0.29469666 0.48054683 0.3712667
 0.11677028 0.26563007 0.314782   0.44019762 0.4508877  0.3803166
 0.4628896  0.43383878 0.45723414 0.44825715 0.46043235 0.47319862
 0.45128572 0.07409244 0.3869931  0.05887566 0.00658992 0.3983912
 0.0972252  0.23112679 0.47321352 0.23163614 0.1642582  0.3437604
 0.01025388 0.47875482 0.44278982 0.48195451 0.47072735 0.47723046
 0.4791588 ], shape=(79,), dtype=float32)
rounded label:tf.Tensor(
[0. 0. 0. 0. 0. 0. 0. 0. 0. 0. 0. 0. 0. 0. 0. 0. 0. 0. 0. 0. 0. 0. 0. 0.
 0. 0. 0. 0. 0. 0. 0. 0. 0. 0. 0. 0. 0. 0. 0. 0. 0. 0. 0. 0. 0. 0. 0. 0.
 0. 0. 0. 0. 0. 0. 0. 0. 0. 0. 0. 0. 0. 0. 0. 0. 0. 0. 0. 0. 0. 0. 0. 0.
 0. 0. 0. 0. 0. 0. 0.], shape=(79,), dtype=float32)
predicted label rank:[1 1 1 1 1 1 1 1 1 1 1 1 1 1 1 1 1 1 1 1 1 1 1 1 1 1 1 1 1 1 1 1 1 1 1 1 1
 1 1 1 1 1 1 1 1 1 1 1 1 1 1 1 1 1 1 1 1 1 1 1 1 1 1 1 1 1 1 1 1 1 1 1 1 1
 1 1 1 1 1]
mse:tf.Tensor(0.12259479, shape=(), dtype=float32)
-------
../benchmarks/LIA-lin-noInterval-trainData-datafold-graphs/test_data/chc-lia-lin-0002_000.smt2
true label:[0, 0]
true label rank:[1 1]
predicted label:tf.Tensor([0.34049827 0.22195795], shape=(2,), dtype=float32)
rounded label:tf.Tensor([0. 0.], shape=(2,), dtype=float32)
predicted label rank:[1 1]
mse:tf.Tensor(0.0826022, shape=(), dtype=float32)
-------
../benchmarks/LIA-lin-noInterval-trainData-datafold-graphs/test_data/bandec.smt2-0238_000.smt2
true label:[0, 1, 1, 0, 1, 1, 0, 1, 0, 0, 1, 1, 0, 1, 0, 1, 0, 0, 1, 1]
true label rank:[1 2 2 1 2 2 1 2 1 1 2 2 1 2 1 2 1 1 2 2]
predicted label:tf.Tensor(
[0.47041112 0.49629027 0.49502376 0.38705882 0.46827537 0.47600394
 0.37244967 0.46478072 0.3925846  0.348831   0.50054353 0.43515575
 0.18204844 0.48500782 0.09632099 0.4816255  0.30998555 0.4128935
 0.5108842  0.49882272], shape=(20,), dtype=float32)
rounded label:tf.Tensor([0. 0. 0. 0. 0. 0. 0. 0. 0. 0. 1. 0. 0. 0. 0. 0. 0. 0. 1. 0.], shape=(20,), dtype=float32)
predicted label rank:[1 1 1 1 1 1 1 1 1 1 2 1 1 1 1 1 1 1 2 1]
mse:tf.Tensor(0.20199761, shape=(), dtype=float32)
-------
../benchmarks/LIA-lin-noInterval-trainData-datafold-graphs/test_data/s3_clnt_1.cil-1.c-1_000.smt2
true label:[0, 0, 0, 0, 0, 1, 0, 0, 0, 0, 0, 0, 0, 0, 0, 0, 0, 0, 0, 0, 0, 1, 1, 0, 0, 0, 0, 0, 0, 0, 1, 0, 0, 0, 0, 0, 1, 0, 0, 0, 0, 0, 0, 0, 0, 0, 0, 0, 0, 0, 0, 0, 0, 0, 0, 0, 0, 0, 0, 1, 0, 0, 0, 0, 1, 0, 0, 0, 0, 0, 0, 0, 0, 0, 0, 0, 0, 0, 0, 0, 0, 1, 0, 0, 0, 0, 0, 0, 0, 1, 0, 0, 0, 0, 1, 0, 0, 0, 0, 0, 0, 0, 0, 0, 0, 0, 0, 0, 0, 0, 0, 1, 0, 0, 0, 0, 0, 0, 0, 1, 0, 0, 0, 0, 1, 0, 0, 0, 0, 0, 0, 0, 0, 0, 0, 0, 0, 0, 0, 0, 1, 0, 0, 0, 0, 0, 0, 0, 1, 0, 0, 0, 0, 1, 0, 0, 0, 0, 0, 0, 0, 0, 0, 0, 0, 0, 0, 0, 0, 0, 1, 0, 0, 0, 0, 0, 0, 0, 1, 0, 0, 0, 0, 1, 0, 0, 0, 0, 0, 0, 0, 0, 0, 0, 0, 0, 0, 0, 1, 0, 0, 0, 0, 0, 0, 0, 1, 0, 0, 0, 0, 1, 0, 0, 0, 0, 0, 0, 0, 0, 0, 0, 0, 0, 0, 0, 0, 1, 0, 0, 0, 0, 0, 0, 0, 1, 0, 0, 0, 0, 0, 0, 0, 0, 0, 0, 0, 0, 0, 0, 0, 0, 0, 0, 0, 0, 0, 0, 0, 0, 0, 0, 0, 0, 0, 0, 0, 0, 0, 0, 1, 0, 0, 0, 0, 0, 0, 0, 0, 0, 0, 0, 0, 0, 0, 1, 0, 0, 0, 0, 0, 0, 0, 1, 0, 0]
true label rank:[1 1 1 1 1 2 1 1 1 1 1 1 1 1 1 1 1 1 1 1 1 2 2 1 1 1 1 1 1 1 2 1 1 1 1 1 2
 1 1 1 1 1 1 1 1 1 1 1 1 1 1 1 1 1 1 1 1 1 1 2 1 1 1 1 2 1 1 1 1 1 1 1 1 1
 1 1 1 1 1 1 1 2 1 1 1 1 1 1 1 2 1 1 1 1 2 1 1 1 1 1 1 1 1 1 1 1 1 1 1 1 1
 2 1 1 1 1 1 1 1 2 1 1 1 1 2 1 1 1 1 1 1 1 1 1 1 1 1 1 1 1 2 1 1 1 1 1 1 1
 2 1 1 1 1 2 1 1 1 1 1 1 1 1 1 1 1 1 1 1 1 1 2 1 1 1 1 1 1 1 2 1 1 1 1 2 1
 1 1 1 1 1 1 1 1 1 1 1 1 1 2 1 1 1 1 1 1 1 2 1 1 1 1 2 1 1 1 1 1 1 1 1 1 1
 1 1 1 1 1 2 1 1 1 1 1 1 1 2 1 1 1 1 1 1 1 1 1 1 1 1 1 1 1 1 1 1 1 1 1 1 1
 1 1 1 1 1 1 1 1 1 1 1 2 1 1 1 1 1 1 1 1 1 1 1 1 1 1 2 1 1 1 1 1 1 1 2 1 1]
predicted label:tf.Tensor(
[3.13903987e-01 4.35681671e-01 2.05174446e-01 1.41158119e-01
 3.93255055e-01 2.75819898e-01 2.70808488e-01 3.21601719e-01
 4.60285395e-02 1.66881073e-03 9.01728645e-02 3.50231715e-02
 3.79620790e-01 8.37219134e-02 1.25763208e-01 3.03823382e-01
 4.01520818e-01 3.41748387e-01 1.94761425e-01 1.65202454e-01
 2.33246591e-02 3.04260522e-01 5.96619248e-02 7.26642975e-05
 9.81750200e-05 7.74625419e-10 4.21110213e-01 1.52957356e-02
 8.68091434e-02 1.14241159e-02 4.20366168e-01 8.67058616e-03
 4.37635668e-02 1.43861338e-01 1.63656528e-04 1.64349824e-02
 1.04845092e-01 1.00609475e-04 4.10543419e-02 8.53385282e-05
 3.24766748e-02 3.47674522e-03 1.41226470e-01 7.74173939e-04
 8.37030355e-03 3.33189182e-02 1.80379450e-01 5.15201961e-08
 1.12176485e-01 2.27799669e-01 1.30175136e-03 4.90476228e-02
 6.30294252e-03 1.23560848e-02 7.29630876e-04 5.58613166e-02
 8.19595662e-05 5.43687247e-06 8.00709066e-04 1.10215493e-01
 4.60136175e-01 1.79868802e-01 9.97334197e-02 4.34853345e-01
 4.93447632e-02 1.25168562e-01 4.02984679e-01 3.93581599e-01
 4.20033097e-01 3.10590476e-01 1.21611506e-01 4.61342335e-01
 6.58589527e-02 3.52000058e-01 1.93783611e-01 1.48739412e-01
 9.91129130e-02 2.64302552e-01 2.14772925e-01 7.60690346e-02
 9.92348343e-02 1.23112790e-01 1.28338590e-01 3.39378685e-01
 3.49052884e-02 7.44124725e-02 3.08105677e-01 2.99477696e-01
 2.12636918e-01 2.98652500e-01 6.38521165e-02 4.80509490e-01
 2.50834584e-01 3.10717821e-01 1.62296921e-01 3.35798293e-01
 3.04893613e-01 4.35976118e-01 8.79325494e-02 1.20998733e-02
 2.44931042e-01 2.55195517e-02 4.53146696e-02 2.31371760e-01
 1.65698510e-02 1.24101387e-02 2.18383953e-01 8.37322883e-03
 8.54800493e-02 1.61055643e-02 7.82703683e-02 1.26905993e-01
 5.00657372e-02 2.46368181e-02 1.62911355e-01 2.01603368e-01
 3.12645473e-02 1.56116225e-02 4.55512963e-02 2.01543476e-02
 9.63786691e-02 3.81285958e-02 1.78532869e-01 6.10325374e-02
 6.48898557e-02 2.31627896e-01 3.09903845e-02 1.67420611e-01
 3.12289655e-01 4.18123975e-02 3.13492231e-02 1.19511858e-01
 2.22026050e-01 3.52782407e-03 2.87338942e-02 6.08663484e-02
 1.47494376e-01 2.89478302e-02 1.05263945e-02 2.05070456e-03
 1.27079766e-02 9.75024551e-02 3.80223393e-02 1.03559673e-01
 8.13770965e-02 1.16119487e-02 4.75772955e-02 2.40348265e-01
 8.07581097e-03 4.64151025e-01 4.46366578e-01 4.08507407e-01
 4.78769690e-01 4.68459308e-01 4.55183774e-01 1.98878184e-01
 4.68444407e-01 3.00497651e-01 4.79515970e-01 6.75630197e-02
 3.76893967e-01 4.53451797e-02 4.72416013e-01 1.46461770e-01
 4.71709818e-01 1.61106959e-02 4.03795272e-01 1.96243122e-01
 3.49540412e-01 1.20789662e-01 4.00437415e-01 4.63680595e-01
 3.71142685e-01 4.74493802e-01 1.98128015e-01 2.15351820e-01
 4.59284455e-01 4.66175556e-01 4.64349687e-01 1.79006392e-03
 2.82587740e-03 4.84859467e-01 3.07405032e-02 4.80191177e-03
 1.82362776e-02 2.70471219e-02 2.80855522e-02 3.38364616e-02
 1.71484828e-01 1.04011847e-02 1.15115400e-02 8.95510707e-03
 1.01241637e-02 2.32576504e-02 3.89005779e-03 1.01520615e-02
 4.82491124e-03 7.13438317e-02 3.55283311e-03 6.84748217e-02
 9.59945917e-02 7.64404703e-03 9.34937783e-03 7.16544986e-02
 1.28978431e-01 1.90309901e-02 2.91342773e-02 5.37862964e-02
 2.80958810e-03 1.45691214e-02 1.63083686e-03 4.03154224e-01
 3.29055451e-03 9.73701011e-03 1.50185218e-02 8.07770938e-02
 1.81773200e-03 5.15265651e-02 6.16708072e-03 2.24055257e-03
 3.88077780e-04 2.50335713e-03 5.53977070e-03 7.57666826e-02
 9.20673832e-03 8.79292469e-03 4.97666840e-03 6.55459194e-03
 2.49286480e-02 1.03987011e-04 1.52015137e-02 5.97503909e-04
 1.78083882e-03 3.43720219e-03 2.60404474e-03 2.86576990e-03
 4.08678502e-03 2.01277272e-03 4.45994781e-03 3.85051570e-03
 1.23363757e-03 1.22702923e-02 1.67654268e-02 6.74535008e-03
 1.39693655e-02 3.19422223e-03 3.85709084e-03 2.25015536e-01
 2.32092179e-02 2.90289824e-03 2.18304992e-03 4.88745309e-02
 1.68588129e-03 1.20322686e-03 2.18860852e-03 4.29242058e-03
 4.48275264e-03 5.14925309e-02 5.82018010e-02 2.75061303e-03
 6.50514208e-04 4.95955953e-03 2.96645798e-03 2.25318153e-03
 1.79184717e-03 1.65746845e-02 5.46404533e-02 6.97078630e-02
 1.91743299e-02 2.78092902e-02 6.18446711e-03 5.21313213e-02
 1.09381583e-02 1.17814951e-02 1.61640625e-02 1.28782038e-02
 4.56244824e-03 5.92137352e-02 2.64575928e-02 2.01026630e-02
 8.35876167e-02 1.08103015e-01 5.63527038e-03 6.82817958e-03
 1.39727816e-02 1.25526069e-02 4.74659400e-03 2.21805926e-02
 1.43813612e-02 1.26805028e-03 3.53366905e-03 7.97812268e-02
 1.71099119e-02 7.85325989e-02 2.91879158e-02 9.83209312e-02], shape=(296,), dtype=float32)
rounded label:tf.Tensor(
[0. 0. 0. 0. 0. 0. 0. 0. 0. 0. 0. 0. 0. 0. 0. 0. 0. 0. 0. 0. 0. 0. 0. 0.
 0. 0. 0. 0. 0. 0. 0. 0. 0. 0. 0. 0. 0. 0. 0. 0. 0. 0. 0. 0. 0. 0. 0. 0.
 0. 0. 0. 0. 0. 0. 0. 0. 0. 0. 0. 0. 0. 0. 0. 0. 0. 0. 0. 0. 0. 0. 0. 0.
 0. 0. 0. 0. 0. 0. 0. 0. 0. 0. 0. 0. 0. 0. 0. 0. 0. 0. 0. 0. 0. 0. 0. 0.
 0. 0. 0. 0. 0. 0. 0. 0. 0. 0. 0. 0. 0. 0. 0. 0. 0. 0. 0. 0. 0. 0. 0. 0.
 0. 0. 0. 0. 0. 0. 0. 0. 0. 0. 0. 0. 0. 0. 0. 0. 0. 0. 0. 0. 0. 0. 0. 0.
 0. 0. 0. 0. 0. 0. 0. 0. 0. 0. 0. 0. 0. 0. 0. 0. 0. 0. 0. 0. 0. 0. 0. 0.
 0. 0. 0. 0. 0. 0. 0. 0. 0. 0. 0. 0. 0. 0. 0. 0. 0. 0. 0. 0. 0. 0. 0. 0.
 0. 0. 0. 0. 0. 0. 0. 0. 0. 0. 0. 0. 0. 0. 0. 0. 0. 0. 0. 0. 0. 0. 0. 0.
 0. 0. 0. 0. 0. 0. 0. 0. 0. 0. 0. 0. 0. 0. 0. 0. 0. 0. 0. 0. 0. 0. 0. 0.
 0. 0. 0. 0. 0. 0. 0. 0. 0. 0. 0. 0. 0. 0. 0. 0. 0. 0. 0. 0. 0. 0. 0. 0.
 0. 0. 0. 0. 0. 0. 0. 0. 0. 0. 0. 0. 0. 0. 0. 0. 0. 0. 0. 0. 0. 0. 0. 0.
 0. 0. 0. 0. 0. 0. 0. 0.], shape=(296,), dtype=float32)
predicted label rank:[1 1 1 1 1 1 1 1 1 1 1 1 1 1 1 1 1 1 1 1 1 1 1 1 1 1 1 1 1 1 1 1 1 1 1 1 1
 1 1 1 1 1 1 1 1 1 1 1 1 1 1 1 1 1 1 1 1 1 1 1 1 1 1 1 1 1 1 1 1 1 1 1 1 1
 1 1 1 1 1 1 1 1 1 1 1 1 1 1 1 1 1 1 1 1 1 1 1 1 1 1 1 1 1 1 1 1 1 1 1 1 1
 1 1 1 1 1 1 1 1 1 1 1 1 1 1 1 1 1 1 1 1 1 1 1 1 1 1 1 1 1 1 1 1 1 1 1 1 1
 1 1 1 1 1 1 1 1 1 1 1 1 1 1 1 1 1 1 1 1 1 1 1 1 1 1 1 1 1 1 1 1 1 1 1 1 1
 1 1 1 1 1 1 1 1 1 1 1 1 1 1 1 1 1 1 1 1 1 1 1 1 1 1 1 1 1 1 1 1 1 1 1 1 1
 1 1 1 1 1 1 1 1 1 1 1 1 1 1 1 1 1 1 1 1 1 1 1 1 1 1 1 1 1 1 1 1 1 1 1 1 1
 1 1 1 1 1 1 1 1 1 1 1 1 1 1 1 1 1 1 1 1 1 1 1 1 1 1 1 1 1 1 1 1 1 1 1 1 1]
mse:tf.Tensor(0.09932295, shape=(), dtype=float32)
-------
../benchmarks/LIA-lin-noInterval-trainData-datafold-graphs/test_data/counter.correct.nts_000.smt2
true label:[0, 0, 0, 0, 0, 0]
true label rank:[1 1 1 1 1 1]
predicted label:tf.Tensor([0.38156697 0.47293884 0.2587907  0.11389858 0.19464236 0.16755989], shape=(6,), dtype=float32)
rounded label:tf.Tensor([0. 0. 0. 0. 0. 0.], shape=(6,), dtype=float32)
predicted label rank:[1 1 1 1 1 1]
mse:tf.Tensor(0.08586199, shape=(), dtype=float32)
-------
../benchmarks/LIA-lin-noInterval-trainData-datafold-graphs/test_data/chc-lia-lin-0000_000.smt2
true label:[0, 0]
true label rank:[1 1]
predicted label:tf.Tensor([0.3404982  0.22195801], shape=(2,), dtype=float32)
rounded label:tf.Tensor([0. 0.], shape=(2,), dtype=float32)
predicted label rank:[1 1]
mse:tf.Tensor(0.082602195, shape=(), dtype=float32)
-------
../benchmarks/LIA-lin-noInterval-trainData-datafold-graphs/test_data/id_build.i.p+sep-reducer.c-1_000.smt2
true label:[0, 0, 1]
true label rank:[1 1 2]
predicted label:tf.Tensor([0.20013791 0.1626684  0.2721997 ], shape=(3,), dtype=float32)
rounded label:tf.Tensor([0. 0. 0.], shape=(3,), dtype=float32)
predicted label rank:[1 1 1]
mse:tf.Tensor(0.1987365, shape=(), dtype=float32)
-------
../benchmarks/LIA-lin-noInterval-trainData-datafold-graphs/test_data/tridag.smt2-0014_000.smt2
true label:[0]
true label rank:[1]
predicted label:tf.Tensor([0.28055748], shape=(1,), dtype=float32)
rounded label:tf.Tensor([0.], shape=(1,), dtype=float32)
predicted label rank:[1]
mse:tf.Tensor(0.0787125, shape=(), dtype=float32)
-------
../benchmarks/LIA-lin-noInterval-trainData-datafold-graphs/test_data/loop__while_after_while_if_000.smt2
true label:[0, 0, 1, 1, 0, 0, 0, 0, 0, 0, 0, 0, 0, 0]
true label rank:[1 1 2 2 1 1 1 1 1 1 1 1 1 1]
predicted label:tf.Tensor(
[0.21606487 0.2573497  0.27496722 0.33106017 0.443502   0.44603908
 0.42329684 0.42009684 0.23877339 0.4097467  0.0222255  0.15403084
 0.16853525 0.12095572], shape=(14,), dtype=float32)
rounded label:tf.Tensor([0. 0. 0. 0. 0. 0. 0. 0. 0. 0. 0. 0. 0. 0.], shape=(14,), dtype=float32)
predicted label rank:[1 1 1 1 1 1 1 1 1 1 1 1 1 1]
mse:tf.Tensor(0.1521094, shape=(), dtype=float32)
-------
../benchmarks/LIA-lin-noInterval-trainData-datafold-graphs/test_data/chc-lia-lin-0036_000.smt2
true label:[0, 0, 0, 0, 0, 0]
true label rank:[1 1 1 1 1 1]
predicted label:tf.Tensor([0.39142847 0.27052316 0.3219776  0.22944604 0.2934685  0.13533808], shape=(6,), dtype=float32)
rounded label:tf.Tensor([0. 0. 0. 0. 0. 0.], shape=(6,), dtype=float32)
predicted label rank:[1 1 1 1 1 1]
mse:tf.Tensor(0.081192374, shape=(), dtype=float32)
-------
../benchmarks/LIA-lin-noInterval-trainData-datafold-graphs/test_data/gulwani_fig1a.c_000.smt2
true label:[0, 0, 0, 0, 0, 0]
true label rank:[1 1 1 1 1 1]
predicted label:tf.Tensor([0.3876648  0.31308416 0.31303135 0.2182935  0.30772048 0.14811388], shape=(6,), dtype=float32)
rounded label:tf.Tensor([0. 0. 0. 0. 0. 0.], shape=(6,), dtype=float32)
predicted label rank:[1 1 1 1 1 1]
mse:tf.Tensor(0.085095994, shape=(), dtype=float32)
-------
../benchmarks/LIA-lin-noInterval-trainData-datafold-graphs/test_data/durationThm_1_e3_173_000.smt2
true label:[1, 1, 0, 0, 1, 1, 1, 1, 0, 0, 0, 0, 0, 0]
true label rank:[2 2 1 1 2 2 2 2 1 1 1 1 1 1]
predicted label:tf.Tensor(
[7.2240338e-02 1.2401232e-01 5.7628332e-03 1.1622721e-03 4.0432367e-01
 1.9325006e-01 3.3679772e-02 1.1723567e-01 2.6997788e-05 1.3435569e-04
 1.7394415e-06 3.6169244e-05 9.8208329e-03 5.2051136e-04], shape=(14,), dtype=float32)
rounded label:tf.Tensor([0. 0. 0. 0. 0. 0. 0. 0. 0. 0. 0. 0. 0. 0.], shape=(14,), dtype=float32)
predicted label rank:[1 1 1 1 1 1 1 1 1 1 1 1 1 1]
mse:tf.Tensor(0.31049624, shape=(), dtype=float32)
-------
../benchmarks/LIA-lin-noInterval-trainData-datafold-graphs/test_data/large_const_true-unreach-call.c.flat_000.smt2
true label:[1, 0, 1, 0, 1, 0, 1]
true label rank:[2 1 2 1 2 1 2]
predicted label:tf.Tensor(
[0.44714126 0.10873419 0.32178864 0.37345988 0.14482436 0.10742689
 0.4504327 ], shape=(7,), dtype=float32)
rounded label:tf.Tensor([0. 0. 0. 0. 0. 0. 0.], shape=(7,), dtype=float32)
predicted label rank:[1 1 1 1 1 1 1]
mse:tf.Tensor(0.28025842, shape=(), dtype=float32)
-------
../benchmarks/LIA-lin-noInterval-trainData-datafold-graphs/test_data/loop__loop_000.smt2
true label:[0, 0, 0, 0, 0]
true label rank:[1 1 1 1 1]
predicted label:tf.Tensor([0.06457192 0.08500914 0.01471345 0.11829694 0.1548811 ], shape=(5,), dtype=float32)
rounded label:tf.Tensor([0. 0. 0. 0. 0.], shape=(5,), dtype=float32)
predicted label rank:[1 1 1 1 1]
mse:tf.Tensor(0.009918978, shape=(), dtype=float32)
-------
../benchmarks/LIA-lin-noInterval-trainData-datafold-graphs/test_data/bouncy_two_counters_equality_000.smt2
true label:[0, 0, 0, 0, 0]
true label rank:[1 1 1 1 1]
predicted label:tf.Tensor([0.2897011  0.19924122 0.45897102 0.06940243 0.4634923 ], shape=(5,), dtype=float32)
rounded label:tf.Tensor([0. 0. 0. 0. 0.], shape=(5,), dtype=float32)
predicted label rank:[1 1 1 1 1]
mse:tf.Tensor(0.11078401, shape=(), dtype=float32)
-------
../benchmarks/LIA-lin-noInterval-trainData-datafold-graphs/test_data/nested4.c_000.smt2
true label:[0, 0, 0, 0, 0, 0, 0, 0]
true label rank:[1 1 1 1 1 1 1 1]
predicted label:tf.Tensor(
[0.3150575  0.43508503 0.19706482 0.16574445 0.37087008 0.21952079
 0.29829478 0.03575414], shape=(8,), dtype=float32)
rounded label:tf.Tensor([0. 0. 0. 0. 0. 0. 0. 0.], shape=(8,), dtype=float32)
predicted label rank:[1 1 1 1 1 1 1 1]
mse:tf.Tensor(0.078857265, shape=(), dtype=float32)
-------
../benchmarks/LIA-lin-noInterval-trainData-datafold-graphs/test_data/cyclic.smt2-0007_000.smt2
true label:[0, 0]
true label rank:[1 1]
predicted label:tf.Tensor([0.4774428  0.46946052], shape=(2,), dtype=float32)
rounded label:tf.Tensor([0. 0.], shape=(2,), dtype=float32)
predicted label rank:[1 1]
mse:tf.Tensor(0.22417241, shape=(), dtype=float32)
-------
../benchmarks/LIA-lin-noInterval-trainData-datafold-graphs/test_data/listcounter.correct.nts_000.smt2
true label:[0, 0, 0, 0, 0, 0, 0, 0, 0, 0]
true label rank:[1 1 1 1 1 1 1 1 1 1]
predicted label:tf.Tensor(
[0.06011616 0.11061378 0.17525893 0.20830293 0.12712796 0.47202525
 0.18027642 0.1602345  0.15553123 0.06006834], shape=(10,), dtype=float32)
rounded label:tf.Tensor([0. 0. 0. 0. 0. 0. 0. 0. 0. 0.], shape=(10,), dtype=float32)
predicted label rank:[1 1 1 1 1 1 1 1 1 1]
mse:tf.Tensor(0.04148974, shape=(), dtype=float32)
-------
../benchmarks/LIA-lin-noInterval-trainData-datafold-graphs/test_data/test_locks_8.c-1_000.smt2
true label:[0, 0, 1, 0, 1, 0, 1, 0, 1, 0, 1, 0, 1, 0, 1, 0, 1, 0, 1, 0, 1, 0, 1, 0, 1, 0, 1, 0, 1, 0, 1, 0, 0, 0, 0, 0, 0, 0, 0, 0, 0, 0, 0, 0, 0, 0, 0, 1, 0, 0, 0, 0, 1, 0, 1, 0, 1, 0, 1, 0, 1, 0, 0, 0, 1, 0, 1, 0, 1, 0, 1, 0, 1, 0, 1, 0, 0, 0, 0, 0, 0, 0, 1, 0, 1, 0, 0, 0, 0, 0, 0, 1, 0, 1, 0, 1, 0, 1, 0, 1, 0, 1, 0, 1, 0, 0, 0, 0, 0, 1, 0, 1, 0, 0, 0, 0, 0, 0, 0, 0, 0, 0, 0, 1, 0, 1, 0, 1, 0, 1, 0, 1, 0, 1, 0, 1, 0, 1, 0, 1, 0, 1, 0, 0]
true label rank:[1 1 2 1 2 1 2 1 2 1 2 1 2 1 2 1 2 1 2 1 2 1 2 1 2 1 2 1 2 1 2 1 1 1 1 1 1
 1 1 1 1 1 1 1 1 1 1 2 1 1 1 1 2 1 2 1 2 1 2 1 2 1 1 1 2 1 2 1 2 1 2 1 2 1
 2 1 1 1 1 1 1 1 2 1 2 1 1 1 1 1 1 2 1 2 1 2 1 2 1 2 1 2 1 2 1 1 1 1 1 2 1
 2 1 1 1 1 1 1 1 1 1 1 1 2 1 2 1 2 1 2 1 2 1 2 1 2 1 2 1 2 1 2 1 1]
predicted label:tf.Tensor(
[1.9659743e-01 3.3401921e-01 2.5583008e-01 2.8522936e-01 4.5582661e-01
 3.4004003e-01 3.5902169e-01 3.3628780e-01 4.1470602e-01 2.4678721e-01
 4.1545442e-01 3.4746313e-01 2.3228210e-01 4.8933962e-01 2.3473865e-01
 4.5807970e-01 4.5112887e-01 1.7824554e-01 4.6072960e-01 1.9804263e-01
 3.1759250e-01 9.2067875e-02 2.9228047e-01 1.2800506e-01 1.9287789e-01
 1.0936111e-02 4.0430230e-01 1.2673706e-01 3.1042209e-01 3.6967829e-01
 4.0832600e-01 7.6874115e-02 4.4441345e-01 1.6011336e-01 6.0646035e-02
 4.1346487e-01 4.6206903e-01 4.7764331e-02 2.4606614e-01 4.9953422e-01
 4.6348262e-01 4.9692813e-01 4.8640263e-01 4.5256266e-01 4.8796993e-01
 4.8499906e-01 4.6442831e-01 3.1444725e-01 1.3369475e-01 8.4393546e-02
 3.0720545e-02 2.5706830e-02 2.0534705e-02 1.5130441e-01 8.0730282e-02
 1.5927261e-01 6.1500479e-02 4.4982214e-02 1.2851250e-01 2.5209907e-01
 3.1618944e-01 2.6138452e-01 2.3840295e-01 3.3356375e-01 1.7332748e-01
 3.8954592e-01 3.4296644e-01 3.7459961e-01 3.9994165e-01 3.0050942e-01
 1.6324547e-01 4.5530659e-01 7.6653168e-02 3.3993310e-01 3.7390813e-01
 9.7759105e-02 3.4300085e-02 4.5744769e-02 7.8254804e-02 1.9846402e-02
 5.5958536e-02 1.5840150e-02 1.6257888e-02 5.1614005e-02 3.5413053e-02
 1.6260293e-01 4.6508324e-01 3.5846654e-01 3.9231193e-01 4.6394837e-01
 3.9766592e-01 4.9474621e-01 4.5375687e-01 4.8019770e-01 4.6150365e-01
 4.5321640e-01 6.8342566e-02 3.9613786e-01 7.0963618e-03 4.7910764e-04
 3.2323185e-02 1.9354809e-02 2.3549890e-02 2.8110109e-02 1.4170308e-02
 8.3107864e-03 2.3256075e-01 3.7093550e-02 5.0063208e-02 1.3339581e-02
 2.6047501e-01 1.6911973e-01 1.5569192e-02 1.3159053e-01 2.9223612e-01
 1.1023577e-01 1.3474382e-01 1.6855010e-01 1.5070991e-01 1.4354624e-01
 2.5125122e-01 1.1123251e-01 4.7358802e-01 1.2213487e-01 4.7354621e-01
 3.7619349e-01 1.4210689e-01 4.7920790e-01 4.7310799e-01 3.3663672e-01
 3.3501845e-02 2.7614096e-01 2.8120175e-01 1.9965048e-03 1.3014783e-01
 4.5331797e-01 1.3662605e-01 2.0513864e-01 1.5314263e-01 2.9550057e-03
 9.0333879e-02 4.4817051e-01 4.1923118e-01 4.4022089e-01], shape=(144,), dtype=float32)
rounded label:tf.Tensor(
[0. 0. 0. 0. 0. 0. 0. 0. 0. 0. 0. 0. 0. 0. 0. 0. 0. 0. 0. 0. 0. 0. 0. 0.
 0. 0. 0. 0. 0. 0. 0. 0. 0. 0. 0. 0. 0. 0. 0. 0. 0. 0. 0. 0. 0. 0. 0. 0.
 0. 0. 0. 0. 0. 0. 0. 0. 0. 0. 0. 0. 0. 0. 0. 0. 0. 0. 0. 0. 0. 0. 0. 0.
 0. 0. 0. 0. 0. 0. 0. 0. 0. 0. 0. 0. 0. 0. 0. 0. 0. 0. 0. 0. 0. 0. 0. 0.
 0. 0. 0. 0. 0. 0. 0. 0. 0. 0. 0. 0. 0. 0. 0. 0. 0. 0. 0. 0. 0. 0. 0. 0.
 0. 0. 0. 0. 0. 0. 0. 0. 0. 0. 0. 0. 0. 0. 0. 0. 0. 0. 0. 0. 0. 0. 0. 0.], shape=(144,), dtype=float32)
predicted label rank:[1 1 1 1 1 1 1 1 1 1 1 1 1 1 1 1 1 1 1 1 1 1 1 1 1 1 1 1 1 1 1 1 1 1 1 1 1
 1 1 1 1 1 1 1 1 1 1 1 1 1 1 1 1 1 1 1 1 1 1 1 1 1 1 1 1 1 1 1 1 1 1 1 1 1
 1 1 1 1 1 1 1 1 1 1 1 1 1 1 1 1 1 1 1 1 1 1 1 1 1 1 1 1 1 1 1 1 1 1 1 1 1
 1 1 1 1 1 1 1 1 1 1 1 1 1 1 1 1 1 1 1 1 1 1 1 1 1 1 1 1 1 1 1 1 1]
mse:tf.Tensor(0.24651667, shape=(), dtype=float32)
-------
../benchmarks/LIA-lin-noInterval-trainData-datafold-graphs/test_data/while_after_while_if_merged_safe.c-1_000.smt2
true label:[0, 0, 0, 0, 0, 0, 0, 0, 0, 0, 0, 0, 0, 0, 0, 0, 0, 0]
true label rank:[1 1 1 1 1 1 1 1 1 1 1 1 1 1 1 1 1 1]
predicted label:tf.Tensor(
[0.15093723 0.22024693 0.09432428 0.16466136 0.24626218 0.47539806
 0.46600747 0.47141197 0.46095407 0.2926847  0.5106235  0.46167108
 0.34779593 0.4710491  0.42467996 0.15118702 0.17376383 0.23263127], shape=(18,), dtype=float32)
rounded label:tf.Tensor([0. 0. 0. 0. 0. 0. 0. 0. 0. 0. 1. 0. 0. 0. 0. 0. 0. 0.], shape=(18,), dtype=float32)
predicted label rank:[1 1 1 1 1 1 1 1 1 1 2 1 1 1 1 1 1 1]
mse:tf.Tensor(0.12420736, shape=(), dtype=float32)
-------
../benchmarks/LIA-lin-noInterval-trainData-datafold-graphs/test_data/chc-lia-lin-0115_000.smt2
true label:[0, 0, 0, 0, 0, 0, 0, 0, 0, 0, 0, 0]
true label rank:[1 1 1 1 1 1 1 1 1 1 1 1]
predicted label:tf.Tensor(
[0.21694587 0.3062254  0.10492399 0.03085441 0.2321875  0.16042994
 0.21298014 0.06488302 0.00319185 0.02311203 0.01105649 0.0126722 ], shape=(12,), dtype=float32)
rounded label:tf.Tensor([0. 0. 0. 0. 0. 0. 0. 0. 0. 0. 0. 0.], shape=(12,), dtype=float32)
predicted label rank:[1 1 1 1 1 1 1 1 1 1 1 1]
mse:tf.Tensor(0.023570573, shape=(), dtype=float32)
-------
../benchmarks/LIA-lin-noInterval-trainData-datafold-graphs/test_data/02.c_000.smt2
true label:[0, 0, 0, 0, 0, 0, 0, 0, 0, 0, 0, 0, 0, 0, 0, 0, 0, 0]
true label rank:[1 1 1 1 1 1 1 1 1 1 1 1 1 1 1 1 1 1]
predicted label:tf.Tensor(
[0.03187126 0.13627614 0.11375934 0.03122542 0.21874091 0.09972788
 0.08070441 0.0641406  0.02083943 0.0263063  0.01239097 0.04652219
 0.05882044 0.25245    0.03807821 0.06418446 0.0951648  0.10976611], shape=(18,), dtype=float32)
rounded label:tf.Tensor([0. 0. 0. 0. 0. 0. 0. 0. 0. 0. 0. 0. 0. 0. 0. 0. 0. 0.], shape=(18,), dtype=float32)
predicted label rank:[1 1 1 1 1 1 1 1 1 1 1 1 1 1 1 1 1 1]
mse:tf.Tensor(0.011068508, shape=(), dtype=float32)
-------
../benchmarks/LIA-lin-noInterval-trainData-datafold-graphs/test_data/dillig17.c_000.smt2
true label:[0, 0, 0, 0, 0, 0, 0, 0, 0]
true label rank:[1 1 1 1 1 1 1 1 1]
predicted label:tf.Tensor(
[0.24037157 0.37505424 0.21974194 0.06369536 0.31231    0.19729353
 0.20825112 0.30853507 0.01542678], shape=(9,), dtype=float32)
rounded label:tf.Tensor([0. 0. 0. 0. 0. 0. 0. 0. 0.], shape=(9,), dtype=float32)
predicted label rank:[1 1 1 1 1 1 1 1 1]
mse:tf.Tensor(0.058450058, shape=(), dtype=float32)
-------
../benchmarks/LIA-lin-noInterval-trainData-datafold-graphs/test_data/12.c_000.smt2
true label:[0, 0, 0, 0, 0, 0, 0, 0, 0, 0, 0, 0, 0, 0, 0, 0, 0, 0, 0, 0, 0, 0, 0, 0, 0, 0, 0, 0, 0, 0, 0, 0, 0, 0, 0, 0, 0, 0, 0, 0, 0, 0, 0, 0]
true label rank:[1 1 1 1 1 1 1 1 1 1 1 1 1 1 1 1 1 1 1 1 1 1 1 1 1 1 1 1 1 1 1 1 1 1 1 1 1
 1 1 1 1 1 1 1]
predicted label:tf.Tensor(
[0.03563596 0.06747585 0.10764687 0.23551299 0.08186583 0.04794427
 0.0812258  0.04430627 0.03614848 0.09344625 0.08312756 0.05650138
 0.01992163 0.12068934 0.02450252 0.06523152 0.03330368 0.05307357
 0.02606535 0.08563631 0.05037698 0.05315537 0.03065103 0.06449544
 0.02076293 0.01803913 0.02176061 0.03752435 0.03604063 0.09146116
 0.49471107 0.28444743 0.3841405  0.47935018 0.4720837  0.47687382
 0.17594773 0.36877203 0.15879913 0.466231   0.05775264 0.08701889
 0.05700547 0.10997968], shape=(44,), dtype=float32)
rounded label:tf.Tensor(
[0. 0. 0. 0. 0. 0. 0. 0. 0. 0. 0. 0. 0. 0. 0. 0. 0. 0. 0. 0. 0. 0. 0. 0.
 0. 0. 0. 0. 0. 0. 0. 0. 0. 0. 0. 0. 0. 0. 0. 0. 0. 0. 0. 0.], shape=(44,), dtype=float32)
predicted label rank:[1 1 1 1 1 1 1 1 1 1 1 1 1 1 1 1 1 1 1 1 1 1 1 1 1 1 1 1 1 1 1 1 1 1 1 1 1
 1 1 1 1 1 1 1]
mse:tf.Tensor(0.039867163, shape=(), dtype=float32)
-------
../benchmarks/LIA-lin-noInterval-trainData-datafold-graphs/test_data/amebsa.smt2-0078_000.smt2
true label:[1, 0, 0, 1, 1, 1, 0, 0, 0, 1, 0, 0, 0, 1, 0, 0, 0, 0, 0, 0, 0, 0, 0, 0, 0, 0, 0, 0, 0, 0, 0, 0, 0, 0, 1, 1, 1, 0, 0, 0, 1, 0, 0, 0, 1, 0, 0, 0, 0, 0, 0, 0, 0, 0, 0, 0, 0, 0, 0, 0, 0, 0, 0, 0, 0, 1, 1, 0, 0, 1, 0, 0, 0, 1, 0, 0, 0, 0, 0, 0, 0, 0, 0, 0, 0, 0, 0, 0, 0, 0, 0, 0, 0, 0, 1, 1, 0, 0, 1, 0, 0, 0, 1, 0, 0, 0, 0, 0, 0, 0, 0, 0, 0, 0, 0, 0, 0, 0, 0, 0, 0, 0, 0, 0, 1, 1, 0, 0, 0, 1, 0, 0, 0, 1, 0, 0, 0, 0, 0, 0, 0, 0, 0, 0, 0, 0, 0, 0, 0, 0, 0, 0, 0, 0, 0, 1, 0, 0, 1]
true label rank:[2 1 1 2 2 2 1 1 1 2 1 1 1 2 1 1 1 1 1 1 1 1 1 1 1 1 1 1 1 1 1 1 1 1 2 2 2
 1 1 1 2 1 1 1 2 1 1 1 1 1 1 1 1 1 1 1 1 1 1 1 1 1 1 1 1 2 2 1 1 2 1 1 1 2
 1 1 1 1 1 1 1 1 1 1 1 1 1 1 1 1 1 1 1 1 2 2 1 1 2 1 1 1 2 1 1 1 1 1 1 1 1
 1 1 1 1 1 1 1 1 1 1 1 1 1 2 2 1 1 1 2 1 1 1 2 1 1 1 1 1 1 1 1 1 1 1 1 1 1
 1 1 1 1 1 1 1 2 1 1 2]
predicted label:tf.Tensor(
[0.31029394 0.47391465 0.40004206 0.39035788 0.45980173 0.4281148
 0.41424888 0.417849   0.48810786 0.39486468 0.14192137 0.11544264
 0.34553325 0.12567009 0.04376107 0.2713644  0.44374016 0.17052652
 0.24926575 0.06500009 0.04639693 0.03112429 0.04344655 0.06045225
 0.04384971 0.01197249 0.09815907 0.04899905 0.11665235 0.24352352
 0.31449422 0.13661213 0.38850576 0.3224724  0.01465309 0.35472274
 0.45083532 0.13459514 0.2057039  0.20875002 0.44920284 0.18012267
 0.10714559 0.03742355 0.12000432 0.15517671 0.07130437 0.09614273
 0.17612572 0.06508522 0.0215615  0.03731206 0.03821968 0.10754214
 0.0283814  0.04794372 0.05803101 0.12826607 0.03677633 0.16821554
 0.19167688 0.0801161  0.01626243 0.17156582 0.03494662 0.19018444
 0.16724989 0.13376136 0.4735647  0.14810508 0.03481224 0.23304631
 0.02186923 0.04959766 0.01765321 0.06385654 0.03951258 0.05246213
 0.03517982 0.01222621 0.01610833 0.0472974  0.03669243 0.08052808
 0.09504277 0.00981273 0.01809722 0.17902523 0.21738416 0.03711015
 0.05273406 0.34847823 0.14384758 0.32217005 0.03390673 0.03246768
 0.28376633 0.25820884 0.02731762 0.00212588 0.29472852 0.05409025
 0.03157865 0.00803452 0.04455559 0.02368862 0.13266882 0.00993809
 0.05462529 0.03025439 0.02611628 0.03284284 0.07501853 0.03358106
 0.08399333 0.03347858 0.05479617 0.04390599 0.1348117  0.02155525
 0.1176478  0.08436958 0.44273144 0.01430458 0.2453966  0.19501624
 0.01311467 0.2175774  0.12282984 0.09894226 0.01696137 0.03394141
 0.02033532 0.00335394 0.01213504 0.02922544 0.03092703 0.02264581
 0.00555535 0.00103119 0.01119541 0.10513068 0.02095988 0.04030948
 0.03776447 0.02215843 0.013442   0.04802344 0.01978566 0.04208149
 0.02162525 0.01293562 0.19297153 0.06534426 0.0536081  0.03394517
 0.01596965 0.01908719 0.3610004 ], shape=(159,), dtype=float32)
rounded label:tf.Tensor(
[0. 0. 0. 0. 0. 0. 0. 0. 0. 0. 0. 0. 0. 0. 0. 0. 0. 0. 0. 0. 0. 0. 0. 0.
 0. 0. 0. 0. 0. 0. 0. 0. 0. 0. 0. 0. 0. 0. 0. 0. 0. 0. 0. 0. 0. 0. 0. 0.
 0. 0. 0. 0. 0. 0. 0. 0. 0. 0. 0. 0. 0. 0. 0. 0. 0. 0. 0. 0. 0. 0. 0. 0.
 0. 0. 0. 0. 0. 0. 0. 0. 0. 0. 0. 0. 0. 0. 0. 0. 0. 0. 0. 0. 0. 0. 0. 0.
 0. 0. 0. 0. 0. 0. 0. 0. 0. 0. 0. 0. 0. 0. 0. 0. 0. 0. 0. 0. 0. 0. 0. 0.
 0. 0. 0. 0. 0. 0. 0. 0. 0. 0. 0. 0. 0. 0. 0. 0. 0. 0. 0. 0. 0. 0. 0. 0.
 0. 0. 0. 0. 0. 0. 0. 0. 0. 0. 0. 0. 0. 0. 0.], shape=(159,), dtype=float32)
predicted label rank:[1 1 1 1 1 1 1 1 1 1 1 1 1 1 1 1 1 1 1 1 1 1 1 1 1 1 1 1 1 1 1 1 1 1 1 1 1
 1 1 1 1 1 1 1 1 1 1 1 1 1 1 1 1 1 1 1 1 1 1 1 1 1 1 1 1 1 1 1 1 1 1 1 1 1
 1 1 1 1 1 1 1 1 1 1 1 1 1 1 1 1 1 1 1 1 1 1 1 1 1 1 1 1 1 1 1 1 1 1 1 1 1
 1 1 1 1 1 1 1 1 1 1 1 1 1 1 1 1 1 1 1 1 1 1 1 1 1 1 1 1 1 1 1 1 1 1 1 1 1
 1 1 1 1 1 1 1 1 1 1 1]
mse:tf.Tensor(0.12635462, shape=(), dtype=float32)
-------
../benchmarks/LIA-lin-noInterval-trainData-datafold-graphs/test_data/nest-if1.c_000.smt2
true label:[0, 0, 0, 0, 0, 0, 0, 0, 0]
true label rank:[1 1 1 1 1 1 1 1 1]
predicted label:tf.Tensor(
[0.23503713 0.3670248  0.21532308 0.05853524 0.33027312 0.18646446
 0.21008448 0.30746117 0.01419424], shape=(9,), dtype=float32)
rounded label:tf.Tensor([0. 0. 0. 0. 0. 0. 0. 0. 0.], shape=(9,), dtype=float32)
predicted label rank:[1 1 1 1 1 1 1 1 1]
mse:tf.Tensor(0.05805097, shape=(), dtype=float32)
-------
../benchmarks/LIA-lin-noInterval-trainData-datafold-graphs/test_data/08.c_000.smt2
true label:[0, 0, 0, 0, 0, 0, 0, 0, 0, 0, 0, 0, 0, 0, 0, 0, 0, 0, 0, 0, 0, 0, 0]
true label rank:[1 1 1 1 1 1 1 1 1 1 1 1 1 1 1 1 1 1 1 1 1 1 1]
predicted label:tf.Tensor(
[0.13324676 0.11735994 0.03434842 0.05986402 0.08619821 0.13239662
 0.45675954 0.14398359 0.17170517 0.18006115 0.16204916 0.05387343
 0.07901689 0.22603054 0.07628348 0.37999856 0.3938131  0.49586943
 0.51413393 0.46973896 0.40160924 0.2859634  0.24644513], shape=(23,), dtype=float32)
rounded label:tf.Tensor([0. 0. 0. 0. 0. 0. 0. 0. 0. 0. 0. 0. 0. 0. 0. 0. 0. 0. 1. 0. 0. 0. 0.], shape=(23,), dtype=float32)
predicted label rank:[1 1 1 1 1 1 1 1 1 1 1 1 1 1 1 1 1 1 2 1 1 1 1]
mse:tf.Tensor(0.07734755, shape=(), dtype=float32)
-------
../benchmarks/LIA-lin-noInterval-trainData-datafold-graphs/test_data/loop__upcount_000.smt2
true label:[0, 0, 0, 0]
true label rank:[1 1 1 1]
predicted label:tf.Tensor([0.08492401 0.08259613 0.11606852 0.09648296], shape=(4,), dtype=float32)
rounded label:tf.Tensor([0. 0. 0. 0.], shape=(4,), dtype=float32)
predicted label rank:[1 1 1 1]
mse:tf.Tensor(0.009203768, shape=(), dtype=float32)
-------
../benchmarks/LIA-lin-noInterval-trainData-datafold-graphs/test_data/minepump_spec1_product58_true-unreach-call.cil.c.flat_000.smt2
true label:[1, 1, 1]
true label rank:[1 1 1]
predicted label:tf.Tensor([0.01334665 0.10273553 0.04586428], shape=(3,), dtype=float32)
rounded label:tf.Tensor([0. 0. 0.], shape=(3,), dtype=float32)
predicted label rank:[1 1 1]
mse:tf.Tensor(0.89631444, shape=(), dtype=float32)
-------
../benchmarks/LIA-lin-noInterval-trainData-datafold-graphs/test_data/002-horn_000.smt2
true label:[0, 0, 0, 0, 0, 0, 0, 0, 0, 0, 0, 0]
true label rank:[1 1 1 1 1 1 1 1 1 1 1 1]
predicted label:tf.Tensor(
[0.22701104 0.26872477 0.31267482 0.267974   0.37695706 0.18116255
 0.46889937 0.4622881  0.44287983 0.10151663 0.49350688 0.2892577 ], shape=(12,), dtype=float32)
rounded label:tf.Tensor([0. 0. 0. 0. 0. 0. 0. 0. 0. 0. 0. 0.], shape=(12,), dtype=float32)
predicted label rank:[1 1 1 1 1 1 1 1 1 1 1 1]
mse:tf.Tensor(0.1196236, shape=(), dtype=float32)
-------
../benchmarks/LIA-lin-noInterval-trainData-datafold-graphs/test_data/count_by_2_m_nest_000.smt2
true label:[1, 1, 1]
true label rank:[1 1 1]
predicted label:tf.Tensor([0.29035196 0.40316674 0.36066198], shape=(3,), dtype=float32)
rounded label:tf.Tensor([0. 0. 0.], shape=(3,), dtype=float32)
predicted label rank:[1 1 1]
mse:tf.Tensor(0.42285442, shape=(), dtype=float32)
-------
../benchmarks/LIA-lin-noInterval-trainData-datafold-graphs/test_data/break_single_merged_safe.c-1_000.smt2
true label:[0, 1, 0, 0, 1]
true label rank:[1 2 1 1 2]
predicted label:tf.Tensor([0.22518772 0.44370112 0.43888393 0.42557383 0.45159236], shape=(5,), dtype=float32)
rounded label:tf.Tensor([0. 0. 0. 0. 0.], shape=(5,), dtype=float32)
predicted label rank:[1 1 1 1 1]
mse:tf.Tensor(0.20693222, shape=(), dtype=float32)
-------
../benchmarks/LIA-lin-noInterval-trainData-datafold-graphs/test_data/SpamAssassin-loop.i.v+cfa-reducer.c-1_000.smt2
true label:[0, 0, 0, 0, 0, 0, 0, 0, 0, 0]
true label rank:[1 1 1 1 1 1 1 1 1 1]
predicted label:tf.Tensor(
[0.33253026 0.1081187  0.16663119 0.36089173 0.4370316  0.44322804
 0.46822006 0.43130386 0.42962468 0.35656998], shape=(10,), dtype=float32)
rounded label:tf.Tensor([0. 0. 0. 0. 0. 0. 0. 0. 0. 0.], shape=(10,), dtype=float32)
predicted label rank:[1 1 1 1 1 1 1 1 1 1]
mse:tf.Tensor(0.13846952, shape=(), dtype=float32)
-------
../benchmarks/LIA-lin-noInterval-trainData-datafold-graphs/test_data/loop__loop2_000.smt2
true label:[0, 0, 0, 0, 0]
true label rank:[1 1 1 1 1]
predicted label:tf.Tensor([0.0645719  0.08500914 0.01471344 0.11829688 0.15488112], shape=(5,), dtype=float32)
rounded label:tf.Tensor([0. 0. 0. 0. 0.], shape=(5,), dtype=float32)
predicted label rank:[1 1 1 1 1]
mse:tf.Tensor(0.009918977, shape=(), dtype=float32)
-------
../benchmarks/LIA-lin-noInterval-trainData-datafold-graphs/test_data/chc-lia-lin-0028_000.smt2
true label:[0, 0, 0, 0, 0]
true label rank:[1 1 1 1 1]
predicted label:tf.Tensor([0.05504807 0.1104608  0.02361194 0.11912229 0.22305235], shape=(5,), dtype=float32)
rounded label:tf.Tensor([0. 0. 0. 0. 0.], shape=(5,), dtype=float32)
predicted label rank:[1 1 1 1 1]
mse:tf.Tensor(0.015946375, shape=(), dtype=float32)
-------
../benchmarks/LIA-lin-noInterval-trainData-datafold-graphs/test_data/bandec.smt2-0157_000.smt2
true label:[0, 1, 1, 1]
true label rank:[1 2 2 2]
predicted label:tf.Tensor([0.07726506 0.14229524 0.08466021 0.07904968], shape=(4,), dtype=float32)
rounded label:tf.Tensor([0. 0. 0. 0.], shape=(4,), dtype=float32)
predicted label rank:[1 1 1 1]
mse:tf.Tensor(0.60690594, shape=(), dtype=float32)
-------
../benchmarks/LIA-lin-noInterval-trainData-datafold-graphs/test_data/nest-if.c_000.smt2
true label:[0, 0, 0, 0, 0, 0, 0, 0]
true label rank:[1 1 1 1 1 1 1 1]
predicted label:tf.Tensor(
[0.27506256 0.366616   0.1215497  0.0881843  0.39940777 0.2078586
 0.227462   0.04696415], shape=(8,), dtype=float32)
rounded label:tf.Tensor([0. 0. 0. 0. 0. 0. 0. 0.], shape=(8,), dtype=float32)
predicted label rank:[1 1 1 1 1 1 1 1]
mse:tf.Tensor(0.061161734, shape=(), dtype=float32)
-------
../benchmarks/LIA-lin-noInterval-trainData-datafold-graphs/test_data/break_safe.c-1_000.smt2
true label:[0, 0, 1, 0, 1, 0, 1]
true label rank:[1 1 2 1 2 1 2]
predicted label:tf.Tensor(
[0.01671729 0.1290143  0.31858426 0.1854324  0.40969586 0.1715441
 0.35615462], shape=(7,), dtype=float32)
rounded label:tf.Tensor([0. 0. 0. 0. 0. 0. 0.], shape=(7,), dtype=float32)
predicted label rank:[1 1 1 1 1 1 1]
mse:tf.Tensor(0.1868657, shape=(), dtype=float32)
-------
../benchmarks/LIA-lin-noInterval-trainData-datafold-graphs/test_data/count_by_1_variant_true-unreach-call.c.flat_000.smt2
true label:[1]
true label rank:[1]
predicted label:tf.Tensor([0.43574396], shape=(1,), dtype=float32)
rounded label:tf.Tensor([0.], shape=(1,), dtype=float32)
predicted label rank:[1]
mse:tf.Tensor(0.31838492, shape=(), dtype=float32)
-------
../benchmarks/LIA-lin-noInterval-trainData-datafold-graphs/test_data/nested6.c_000.smt2
true label:[0, 0, 0, 0, 0, 0, 0, 0, 0]
true label rank:[1 1 1 1 1 1 1 1 1]
predicted label:tf.Tensor(
[0.1569789  0.2840633  0.17728722 0.02030428 0.31910363 0.1658702
 0.13405734 0.29351568 0.00421099], shape=(9,), dtype=float32)
rounded label:tf.Tensor([0. 0. 0. 0. 0. 0. 0. 0. 0.], shape=(9,), dtype=float32)
predicted label rank:[1 1 1 1 1 1 1 1 1]
mse:tf.Tensor(0.04118422, shape=(), dtype=float32)
-------
../benchmarks/LIA-lin-noInterval-trainData-datafold-graphs/test_data/tridag.smt2-0024_000.smt2
true label:[0, 1, 0, 0]
true label rank:[1 2 1 1]
predicted label:tf.Tensor([0.40508312 0.29352477 0.47982508 0.29997736], shape=(4,), dtype=float32)
rounded label:tf.Tensor([0. 0. 0. 0.], shape=(4,), dtype=float32)
predicted label rank:[1 1 1 1]
mse:tf.Tensor(0.24585456, shape=(), dtype=float32)
-------
mean(mse_list):0.15118238
