best_valid_epoch:0.0
train loss:8337991300000000.0
valid loss:2409449300000000.0
test loss list:tf.Tensor(1102761.2, shape=(), dtype=float32)
mean test loss:1102761.2
mean loss list:tf.Tensor(1080722.6, shape=(), dtype=float32)
mean mean loss:1080722.6
accuracy list:[<tf.Tensor: shape=(), dtype=float64, numpy=0.5474525474525475>]
mean accuracy:0.5474525474525475
-------
../benchmarks/LIA-lin-noInterval-trainData-datafold-graphs/test_data/barthe2_merged_safe.c-1_000.smt2
true label:[0, 0, 0, 1, 1, 0, 0, 1, 2]
true label rank:[1 1 1 2 2 1 1 2 3]
predicted label:tf.Tensor(
[ 0.02213164  0.0256681  -0.02093453 -0.00514911  0.01341561  0.03779137
  0.05173467  0.02698083  0.04151163], shape=(9,), dtype=float32)
rounded label:tf.Tensor([0. 0. 0. 0. 0. 0. 0. 0. 0.], shape=(9,), dtype=float32)
predicted label rank:[1 1 1 1 1 1 1 1 1]
mse:tf.Tensor(0.7524231, shape=(), dtype=float32)
-------
../benchmarks/LIA-lin-noInterval-trainData-datafold-graphs/test_data/four1.smt2-0033_000.smt2
true label:[4, 2, 3, 2, 2, 1]
true label rank:[4 2 3 2 2 1]
predicted label:tf.Tensor([-0.01198925 -0.00357788 -0.01806552 -0.00143131  0.05000456  0.04489033], shape=(6,), dtype=float32)
rounded label:tf.Tensor([0. 0. 0. 0. 0. 0.], shape=(6,), dtype=float32)
predicted label rank:[1 1 1 1 1 1]
mse:tf.Tensor(6.3232574, shape=(), dtype=float32)
-------
../benchmarks/LIA-lin-noInterval-trainData-datafold-graphs/test_data/cyclic.smt2-0007_000.smt2
true label:[3]
true label rank:[1]
predicted label:tf.Tensor([0.00192766], shape=(1,), dtype=float32)
rounded label:tf.Tensor([0.], shape=(1,), dtype=float32)
predicted label rank:[1]
mse:tf.Tensor(8.988438, shape=(), dtype=float32)
-------
../benchmarks/LIA-lin-noInterval-trainData-datafold-graphs/test_data/loop__while_after_while_if_000.smt2
true label:[0, 0, 1, 0, 0, 0]
true label rank:[1 1 2 1 1 1]
predicted label:tf.Tensor([0.00210423 0.00960284 0.22820158 0.1737491  0.06116619 0.10935292], shape=(6,), dtype=float32)
rounded label:tf.Tensor([0. 0. 0. 0. 0. 0.], shape=(6,), dtype=float32)
predicted label rank:[1 1 1 1 1 1]
mse:tf.Tensor(0.10694293, shape=(), dtype=float32)
-------
../benchmarks/LIA-lin-noInterval-trainData-datafold-graphs/test_data/bandec.smt2-0210_000.smt2
true label:[2, 3, 2, 1, 2, 3, 3, 2, 1, 2, 3, 3, 2, 1, 3, 3]
true label rank:[2 3 2 1 2 3 3 2 1 2 3 3 2 1 3 3]
predicted label:tf.Tensor(
[-0.016454    0.00501914  0.01132517  0.00816503  0.00556875  0.0226205
 -0.00210026  0.01662264  0.06213396  0.00108932  0.0235263  -0.00157471
 -0.0006594   0.02816343  0.04519034  0.017966  ], shape=(16,), dtype=float32)
rounded label:tf.Tensor([0. 0. 0. 0. 0. 0. 0. 0. 0. 0. 0. 0. 0. 0. 0. 0.], shape=(16,), dtype=float32)
predicted label rank:[1 1 1 1 1 1 1 1 1 1 1 1 1 1 1 1]
mse:tf.Tensor(5.567382, shape=(), dtype=float32)
-------
../benchmarks/LIA-lin-noInterval-trainData-datafold-graphs/test_data/chc-lia-lin-0091_000.smt2
true label:[0, 0, 0, 0, 1, 100, 0, 0, 0, 0]
true label rank:[1 1 1 1 2 3 1 1 1 1]
predicted label:tf.Tensor(
[ 0.02806551  0.03528021  0.03927313  0.05288338  0.00808555 -0.00229824
  0.02356093  0.00499532  0.00495862  0.01667712], shape=(10,), dtype=float32)
rounded label:tf.Tensor([0. 0. 0. 0. 0. 0. 0. 0. 0. 0.], shape=(10,), dtype=float32)
predicted label rank:[1 1 1 1 1 1 1 1 1 1]
mse:tf.Tensor(1000.14514, shape=(), dtype=float32)
-------
../benchmarks/LIA-lin-noInterval-trainData-datafold-graphs/test_data/four1.smt2-0044_000.smt2
true label:[5, 4, 3, 2, 1]
true label rank:[5 4 3 2 1]
predicted label:tf.Tensor([ 0.0104029   0.00616079 -0.00906569 -0.00861543 -0.00218661], shape=(5,), dtype=float32)
rounded label:tf.Tensor([0. 0. 0. 0. 0.], shape=(5,), dtype=float32)
predicted label rank:[1 1 1 1 1]
mse:tf.Tensor(10.988045, shape=(), dtype=float32)
-------
../benchmarks/LIA-lin-noInterval-trainData-datafold-graphs/test_data/inf6.correct.nts.horn-0001_000.smt2
true label:[0, 0, 0, 0]
true label rank:[1 1 1 1]
predicted label:tf.Tensor([-0.02093741  0.0065066  -0.00332508  0.02271429], shape=(4,), dtype=float32)
rounded label:tf.Tensor([0. 0. 0. 0.], shape=(4,), dtype=float32)
predicted label rank:[1 1 1 1]
mse:tf.Tensor(0.00025192648, shape=(), dtype=float32)
-------
../benchmarks/LIA-lin-noInterval-trainData-datafold-graphs/test_data/tridag.smt2-0024_000.smt2
true label:[4, 3, 4, 4]
true label rank:[2 1 2 2]
predicted label:tf.Tensor([ 0.01584009  0.00970507 -0.00542009 -0.00434083], shape=(4,), dtype=float32)
rounded label:tf.Tensor([0. 0. 0. 0.], shape=(4,), dtype=float32)
predicted label rank:[1 1 1 1]
mse:tf.Tensor(14.223382, shape=(), dtype=float32)
-------
../benchmarks/LIA-lin-noInterval-trainData-datafold-graphs/test_data/counter.correct.nts_000.smt2
true label:[2, 2, 2, 0, 2, 0]
true label rank:[2 2 2 1 2 1]
predicted label:tf.Tensor([-0.01724316  0.00783366  0.01914963  0.00492263  0.01213181  0.00010407], shape=(6,), dtype=float32)
rounded label:tf.Tensor([0. 0. 0. 0. 0. 0.], shape=(6,), dtype=float32)
predicted label rank:[1 1 1 1 1 1]
mse:tf.Tensor(2.6522348, shape=(), dtype=float32)
-------
../benchmarks/LIA-lin-noInterval-trainData-datafold-graphs/test_data/rotation_vc.correct.1.nts_000.smt2
true label:[3, 3, 2, 1, 1, 4, 4, 3, 2, 1, 2, 2, 1, 3, 4, 4, 3, 3, 4, 3, 3, 3, 4, 4, 3, 3, 3, 4, 3, 2, 3, 2, 3, 3, 2, 2, 3, 3, 3, 2, 3, 4, 4, 3]
true label rank:[3 3 2 1 1 4 4 3 2 1 2 2 1 3 4 4 3 3 4 3 3 3 4 4 3 3 3 4 3 2 3 2 3 3 2 2 3
 3 3 2 3 4 4 3]
predicted label:tf.Tensor(
[-5.57949441e-03  5.41718677e-03 -3.84272456e-01  4.26064711e-03
  9.84399468e-02  6.05398268e-02  7.62809813e-03  2.29968317e-02
  2.09353007e-02  3.19663621e-02  6.97761104e-02  4.51633513e-01
  1.77622616e-01  1.67998552e-01 -2.76107397e-02 -1.90848168e-02
  5.65322228e-02 -1.13548003e-02  4.56225872e-03  3.60741839e-02
  5.40810339e-02 -5.98595589e-02  6.54113060e-03  4.93891202e-02
  1.24622742e-02  6.37276098e-02 -1.37855604e-01  5.46762586e-01
  6.87614363e-03  1.36355823e-03  2.58623332e-01  4.03459482e-02
 -1.89922638e-02  2.09845603e-03  8.65131989e-02 -3.90633456e-02
  3.15848291e-02  4.21465300e-02 -7.85966665e-02  6.05190322e-02
 -7.21235946e-03 -1.21111244e-01 -4.44714725e-03  1.66524202e-04], shape=(44,), dtype=float32)
rounded label:tf.Tensor(
[0. 0. 0. 0. 0. 0. 0. 0. 0. 0. 0. 0. 0. 0. 0. 0. 0. 0. 0. 0. 0. 0. 0. 0.
 0. 0. 0. 1. 0. 0. 0. 0. 0. 0. 0. 0. 0. 0. 0. 0. 0. 0. 0. 0.], shape=(44,), dtype=float32)
predicted label rank:[1 1 1 1 1 1 1 1 1 1 1 1 1 1 1 1 1 1 1 1 1 1 1 1 1 1 1 2 1 1 1 1 1 1 1 1 1
 1 1 1 1 1 1 1]
mse:tf.Tensor(8.666932, shape=(), dtype=float32)
-------
../benchmarks/LIA-lin-noInterval-trainData-datafold-graphs/test_data/loop__barthe2_000.smt2
true label:[0, 0, 1, 0]
true label rank:[1 1 2 1]
predicted label:tf.Tensor([ 0.00764788 -0.03537455 -0.02041506 -0.02956117], shape=(4,), dtype=float32)
rounded label:tf.Tensor([0. 0. 0. 0.], shape=(4,), dtype=float32)
predicted label rank:[1 1 1 1]
mse:tf.Tensor(0.26085764, shape=(), dtype=float32)
-------
../benchmarks/LIA-lin-noInterval-trainData-datafold-graphs/test_data/durationThm_2_e1_118_000.smt2
true label:[0, 0, 0, 0, 0, 0, 3, 3, 2, 2, 3]
true label rank:[1 1 1 1 1 1 3 3 2 2 3]
predicted label:tf.Tensor(
[-9.1268435e+00 -5.4566789e-01 -3.7403202e+00  1.2769353e+00
  1.5900452e+00  1.0157568e+01 -2.8335871e-03 -3.2189929e-01
  2.9272206e+00  9.1912031e-02 -5.4667079e-01], shape=(11,), dtype=float32)
rounded label:tf.Tensor([-9. -1. -4.  1.  2. 10.  0.  0.  3.  0. -1.], shape=(11,), dtype=float32)
predicted label rank:[1 3 2 5 6 8 4 4 7 4 3]
mse:tf.Tensor(22.004858, shape=(), dtype=float32)
-------
../benchmarks/LIA-lin-noInterval-trainData-datafold-graphs/test_data/chc-lia-lin-0140_000.smt2
true label:[0, 0, 0, 0, 1, 1, 1, 1, 1, 1, 2, 1, 0, 0, 0, 0, 0, 0, 0, 0, 0, 0, 0, 0]
true label rank:[1 1 1 1 2 2 2 2 2 2 3 2 1 1 1 1 1 1 1 1 1 1 1 1]
predicted label:tf.Tensor(
[0.04028954 0.0543569  0.03076594 0.0347042  0.01276904 0.00019884
 0.00385098 0.07461213 0.01869139 0.00334163 0.01062718 0.03281232
 0.01503079 0.0122959  0.03792797 0.00243289 0.00518159 0.00436611
 0.07888219 0.02751726 0.01297771 0.02613709 0.05451203 0.07464176], shape=(24,), dtype=float32)
rounded label:tf.Tensor([0. 0. 0. 0. 0. 0. 0. 0. 0. 0. 0. 0. 0. 0. 0. 0. 0. 0. 0. 0. 0. 0. 0. 0.], shape=(24,), dtype=float32)
predicted label rank:[1 1 1 1 1 1 1 1 1 1 1 1 1 1 1 1 1 1 1 1 1 1 1 1]
mse:tf.Tensor(0.44571686, shape=(), dtype=float32)
-------
../benchmarks/LIA-lin-noInterval-trainData-datafold-graphs/test_data/chc-lia-lin-0028_000.smt2
true label:[0, 0]
true label rank:[1 1]
predicted label:tf.Tensor([ 0.0007233  -0.01463582], shape=(2,), dtype=float32)
rounded label:tf.Tensor([0. 0.], shape=(2,), dtype=float32)
predicted label rank:[1 1]
mse:tf.Tensor(0.00010736514, shape=(), dtype=float32)
-------
../benchmarks/LIA-lin-noInterval-trainData-datafold-graphs/test_data/002-horn_000.smt2
true label:[0, 0, 0, 0]
true label rank:[1 1 1 1]
predicted label:tf.Tensor([-0.0195875  -0.01235234  0.05628558  0.03474123], shape=(4,), dtype=float32)
rounded label:tf.Tensor([0. 0. 0. 0.], shape=(4,), dtype=float32)
predicted label rank:[1 1 1 1]
mse:tf.Tensor(0.0012278175, shape=(), dtype=float32)
-------
../benchmarks/LIA-lin-noInterval-trainData-datafold-graphs/test_data/inductive5_000.smt2
true label:[-2]
true label rank:[1]
predicted label:tf.Tensor([0.0291239], shape=(1,), dtype=float32)
rounded label:tf.Tensor([0.], shape=(1,), dtype=float32)
predicted label rank:[1]
mse:tf.Tensor(4.1173434, shape=(), dtype=float32)
-------
../benchmarks/LIA-lin-noInterval-trainData-datafold-graphs/test_data/loop__upcount_000.smt2
true label:[0, -1, 0, 0]
true label rank:[2 1 2 2]
predicted label:tf.Tensor([-0.06949916  0.06344068  0.10173266 -0.01447618], shape=(4,), dtype=float32)
rounded label:tf.Tensor([0. 0. 0. 0.], shape=(4,), dtype=float32)
predicted label rank:[1 1 1 1]
mse:tf.Tensor(0.28657383, shape=(), dtype=float32)
-------
../benchmarks/LIA-lin-noInterval-trainData-datafold-graphs/test_data/apache-get-tag.i.v+lhb-reducer.c-1_000.smt2
true label:[1, 1, 1, 1, 1, 0]
true label rank:[2 2 2 2 2 1]
predicted label:tf.Tensor([-0.09114397  0.05892637  0.01114012 -0.00104891  0.0229005   0.02497318], shape=(6,), dtype=float32)
rounded label:tf.Tensor([0. 0. 0. 0. 0. 0.], shape=(6,), dtype=float32)
predicted label rank:[1 1 1 1 1 1]
mse:tf.Tensor(0.8352508, shape=(), dtype=float32)
-------
../benchmarks/LIA-lin-noInterval-trainData-datafold-graphs/test_data/02.c_000.smt2
true label:[1, 0, 0, 0, 1, 0, 1, 0, 1, 0, 1, 2]
true label rank:[2 1 1 1 2 1 2 1 2 1 2 3]
predicted label:tf.Tensor(
[-0.01346872 -0.00821775 -0.03065693  0.00048232  0.02155843  0.02683329
  0.03444115  0.01824371  0.00266786  0.02640091  0.01508549 -0.00021407], shape=(12,), dtype=float32)
rounded label:tf.Tensor([0. 0. 0. 0. 0. 0. 0. 0. 0. 0. 0. 0.], shape=(12,), dtype=float32)
predicted label rank:[1 1 1 1 1 1 1 1 1 1 1 1]
mse:tf.Tensor(0.74042606, shape=(), dtype=float32)
-------
../benchmarks/LIA-lin-noInterval-trainData-datafold-graphs/test_data/nested-while_merged_safe.c-1_000.smt2
true label:[1, 1, 1, 1, 1, 1, 1, 1, 1]
true label rank:[1 1 1 1 1 1 1 1 1]
predicted label:tf.Tensor(
[-0.03215831  0.00052493 -0.01070199  0.00529477  0.00434325  0.01086341
  0.03452101  0.01993601  0.0324581 ], shape=(9,), dtype=float32)
rounded label:tf.Tensor([0. 0. 0. 0. 0. 0. 0. 0. 0.], shape=(9,), dtype=float32)
predicted label rank:[1 1 1 1 1 1 1 1 1]
mse:tf.Tensor(0.9859772, shape=(), dtype=float32)
-------
../benchmarks/LIA-lin-noInterval-trainData-datafold-graphs/test_data/diamond_1-1.c-1_000.smt2
true label:[0, 0]
true label rank:[1 1]
predicted label:tf.Tensor([-0.01363699  0.01140664], shape=(2,), dtype=float32)
rounded label:tf.Tensor([0. 0.], shape=(2,), dtype=float32)
predicted label rank:[1 1]
mse:tf.Tensor(0.00015803946, shape=(), dtype=float32)
-------
../benchmarks/LIA-lin-noInterval-trainData-datafold-graphs/test_data/listcounter.correct.nts_000.smt2
true label:[1, 1, 1, 1, 1, 1, 1]
true label rank:[1 1 1 1 1 1 1]
predicted label:tf.Tensor(
[-0.00751069  0.00672953  0.00555311  0.00857757 -0.00191534  0.01702281
  0.01242561], shape=(7,), dtype=float32)
rounded label:tf.Tensor([0. 0. 0. 0. 0. 0. 0.], shape=(7,), dtype=float32)
predicted label rank:[1 1 1 1 1 1 1]
mse:tf.Tensor(0.9884127, shape=(), dtype=float32)
-------
../benchmarks/LIA-lin-noInterval-trainData-datafold-graphs/test_data/loop__loop_000.smt2
true label:[0, 0, 0]
true label rank:[1 1 1]
predicted label:tf.Tensor([ 0.00764784  0.02085582 -0.02956118], shape=(3,), dtype=float32)
rounded label:tf.Tensor([0. 0. 0.], shape=(3,), dtype=float32)
predicted label rank:[1 1 1]
mse:tf.Tensor(0.00045577274, shape=(), dtype=float32)
-------
../benchmarks/LIA-lin-noInterval-trainData-datafold-graphs/test_data/bandec.smt2-0148_000.smt2
true label:[2, 1, 1, 2, 2, 3, 2, 1, 1, 3]
true label rank:[2 1 1 2 2 3 2 1 1 3]
predicted label:tf.Tensor(
[ 0.03092075  0.02877426 -0.01923176  0.0278523   0.01280994  0.03514485
  0.00605618 -0.00675744  0.03137826  0.01081475], shape=(10,), dtype=float32)
rounded label:tf.Tensor([0. 0. 0. 0. 0. 0. 0. 0. 0. 0.], shape=(10,), dtype=float32)
predicted label rank:[1 1 1 1 1 1 1 1 1 1]
mse:tf.Tensor(3.7350872, shape=(), dtype=float32)
-------
../benchmarks/LIA-lin-noInterval-trainData-datafold-graphs/test_data/06.c_000.smt2
true label:[0, 0, 0, 0, 0, 0, 0, 0, 0, 0]
true label rank:[1 1 1 1 1 1 1 1 1 1]
predicted label:tf.Tensor(
[ 0.03556098  0.01030167  0.01349194 -0.00024372  0.074761    0.04631385
  0.01419704 -0.00593044  0.01015148 -0.03569513], shape=(10,), dtype=float32)
rounded label:tf.Tensor([0. 0. 0. 0. 0. 0. 0. 0. 0. 0.], shape=(10,), dtype=float32)
predicted label rank:[1 1 1 1 1 1 1 1 1 1]
mse:tf.Tensor(0.0010900901, shape=(), dtype=float32)
-------
../benchmarks/LIA-lin-noInterval-trainData-datafold-graphs/test_data/chc-lia-lin-0002_000.smt2
true label:[0]
true label rank:[1]
predicted label:tf.Tensor([-0.0150356], shape=(1,), dtype=float32)
rounded label:tf.Tensor([0.], shape=(1,), dtype=float32)
predicted label rank:[1]
mse:tf.Tensor(0.00022606914, shape=(), dtype=float32)
-------
../benchmarks/LIA-lin-noInterval-trainData-datafold-graphs/test_data/s3_srvr_8.cil.c-1_000.smt2
true label:[0, 0, 8544, 0, 0, 0, 0, 0, 0, 0, 0, 0, 0, 0, 0, 0, 0, 0, 0, 8448, 0, 0, 0, 0, 0, 0, 0, 8448, 0, 0, 0, 0, 0, 0, 0, 0, 0, 0, 0, 0, 0, 0, 8528, 0, 0, 0, 0, 0, 0, 0, 8672, 0, 0, 0, 0, 0, 0, 0, 0, 8672, 0, 0, 0, 0, 0, 0, 0, 0, 8640, 0, 0, 0, 0, 0, 0, 0, 0, 8464, 0, 0, 0, 0, 0, 0, 0, 0, 8496, 0, 0, 0, 0, 0, 0, 0, 0, 8640, 0, 0, 0, 0, 0, 0, 0, 0, 8544, 0, 0, 0, 0, 0, 0, 0, 0, 8656, 0, 0, 0, 0, 0, 0]
true label rank:[1 1 6 1 1 1 1 1 1 1 1 1 1 1 1 1 1 1 1 2 1 1 1 1 1 1 1 2 1 1 1 1 1 1 1 1 1
 1 1 1 1 1 5 1 1 1 1 1 1 1 9 1 1 1 1 1 1 1 1 9 1 1 1 1 1 1 1 1 7 1 1 1 1 1
 1 1 1 3 1 1 1 1 1 1 1 1 4 1 1 1 1 1 1 1 1 7 1 1 1 1 1 1 1 1 6 1 1 1 1 1 1
 1 1 8 1 1 1 1 1 1]
predicted label:tf.Tensor(
[ 2.41550412e-02  1.06659643e-02 -8.31546914e-03 -1.34312073e-02
 -4.35139164e-02  1.33082084e-02 -2.95757107e-03  8.23602527e-02
  3.68501283e-02  8.81247580e-01 -3.33322108e-01 -8.72996926e-01
  3.10736895e-01  6.39130771e-02  1.45592785e+00  7.55433798e-01
 -1.04133889e-01  7.54408777e-01  1.39247191e+00  2.53055282e-02
 -1.12379897e+00  9.11095083e-01  2.94610828e-01 -1.08742726e+00
  9.84740794e-01 -9.33144242e-03  3.18622869e-03  6.55287951e-02
  2.13431083e-02  5.62981889e-02  5.75985201e-02  3.14149559e-02
  3.55319260e-03  4.20170091e-02 -1.12517308e-02 -4.80667129e-02
  4.30848785e-02 -5.60534261e-02 -4.57450300e-02  1.02313403e-02
 -9.38222930e-03  7.51897991e-02  1.53926015e-02  2.68627852e-02
  7.22100735e-02  2.85349004e-02  1.15910340e-02  7.04175383e-02
 -5.59212780e-03  2.53610611e-02  3.54508050e-02 -1.77397467e-02
  5.59642911e-03 -2.36894246e-02 -1.12986574e-02 -4.17544954e-02
  1.91382952e-02 -2.78940089e-02  4.49261889e-02  1.19896300e-01
  7.43614184e-03 -4.59089130e-02 -1.45314792e-02 -1.95489358e-02
  8.81847963e-02  7.76571333e-02  3.43204886e-02 -7.96230417e-03
 -2.08700355e-02  7.45474994e-02  2.17259508e-02  8.81247595e-03
 -7.81322177e-03 -5.29253040e-04  4.48715799e-02 -4.06486318e-02
  3.14246789e-02 -2.76280697e-02  4.63754199e-02 -3.57350111e-02
 -2.97577884e-02 -8.91247671e-03 -2.71913242e-02 -2.13487912e-02
  9.31792334e-03  5.97628811e-03  9.75315198e-02  9.64902416e-02
 -9.99133848e-03  7.57299317e-03  1.94518380e-02  7.50792027e-03
  7.66004696e-02 -2.17279680e-02  7.00560352e-03 -2.63228565e-02
 -2.64318157e-02 -1.15543753e-02  2.68951873e-03  4.11636233e-02
 -5.48551939e-02  3.18377949e-02  6.33822381e-02 -2.10937969e-02
  5.58545068e-03  2.31961720e-03  6.15401529e-02 -9.94190201e-03
  3.00566223e-03  2.30122544e-02  3.82225439e-02  1.51831545e-02
  3.85882407e-02 -5.50664291e-02 -5.39930016e-02 -3.85351479e-02
 -8.53516161e-04  4.57059732e-03 -4.67968266e-03 -1.42144077e-02], shape=(120,), dtype=float32)
rounded label:tf.Tensor(
[ 0.  0.  0.  0.  0.  0.  0.  0.  0.  1.  0. -1.  0.  0.  1.  1.  0.  1.
  1.  0. -1.  1.  0. -1.  1.  0.  0.  0.  0.  0.  0.  0.  0.  0.  0.  0.
  0.  0.  0.  0.  0.  0.  0.  0.  0.  0.  0.  0.  0.  0.  0.  0.  0.  0.
  0.  0.  0.  0.  0.  0.  0.  0.  0.  0.  0.  0.  0.  0.  0.  0.  0.  0.
  0.  0.  0.  0.  0.  0.  0.  0.  0.  0.  0.  0.  0.  0.  0.  0.  0.  0.
  0.  0.  0.  0.  0.  0.  0.  0.  0.  0.  0.  0.  0.  0.  0.  0.  0.  0.
  0.  0.  0.  0.  0.  0.  0.  0.  0.  0.  0.  0.], shape=(120,), dtype=float32)
predicted label rank:[2 2 2 2 2 2 2 2 2 3 2 1 2 2 3 3 2 3 3 2 1 3 2 1 3 2 2 2 2 2 2 2 2 2 2 2 2
 2 2 2 2 2 2 2 2 2 2 2 2 2 2 2 2 2 2 2 2 2 2 2 2 2 2 2 2 2 2 2 2 2 2 2 2 2
 2 2 2 2 2 2 2 2 2 2 2 2 2 2 2 2 2 2 2 2 2 2 2 2 2 2 2 2 2 2 2 2 2 2 2 2 2
 2 2 2 2 2 2 2 2 2]
mse:tf.Tensor(7332618.0, shape=(), dtype=float32)
-------
../benchmarks/LIA-lin-noInterval-trainData-datafold-graphs/test_data/const_1-1.c-1_000.smt2
true label:[0, 0]
true label rank:[1 1]
predicted label:tf.Tensor([-0.01592365  0.01318134], shape=(2,), dtype=float32)
rounded label:tf.Tensor([0. 0.], shape=(2,), dtype=float32)
predicted label rank:[1 1]
mse:tf.Tensor(0.00021365515, shape=(), dtype=float32)
-------
../benchmarks/LIA-lin-noInterval-trainData-datafold-graphs/test_data/SpamAssassin-loop.i.v+cfa-reducer.c-1_000.smt2
true label:[1, 0, 0, 0, -4, 1, 0, 0, 0, 1]
true label rank:[3 2 2 2 1 3 2 2 2 3]
predicted label:tf.Tensor(
[-0.18387178  0.05440965  0.06837677 -0.0271286  -0.18273227 -0.00400313
  0.02749681  0.0696483   0.02361039  0.03763899], shape=(10,), dtype=float32)
rounded label:tf.Tensor([0. 0. 0. 0. 0. 0. 0. 0. 0. 0.], shape=(10,), dtype=float32)
predicted label rank:[1 1 1 1 1 1 1 1 1 1]
mse:tf.Tensor(1.7921782, shape=(), dtype=float32)
-------
../benchmarks/LIA-lin-noInterval-trainData-datafold-graphs/test_data/chc-lia-lin-0018_000.smt2
true label:[0]
true label rank:[1]
predicted label:tf.Tensor([-0.02052717], shape=(1,), dtype=float32)
rounded label:tf.Tensor([0.], shape=(1,), dtype=float32)
predicted label rank:[1]
mse:tf.Tensor(0.00042136476, shape=(), dtype=float32)
-------
../benchmarks/LIA-lin-noInterval-trainData-datafold-graphs/test_data/minepump_spec3_product49_true-unreach-call.cil.c.flat_000.smt2
true label:[0, 1, 0, 0]
true label rank:[1 2 1 1]
predicted label:tf.Tensor([-9.015345  -0.5857868 -3.6679983 -1.403213 ], shape=(4,), dtype=float32)
rounded label:tf.Tensor([-9. -1. -4. -1.], shape=(4,), dtype=float32)
predicted label rank:[1 3 2 3]
mse:tf.Tensor(24.803593, shape=(), dtype=float32)
-------
../benchmarks/LIA-lin-noInterval-trainData-datafold-graphs/test_data/break_single_merged_safe.c-1_000.smt2
true label:[0, 0, 0]
true label rank:[1 1 1]
predicted label:tf.Tensor([ 0.01749251 -0.02584879 -0.02551182], shape=(3,), dtype=float32)
rounded label:tf.Tensor([0. 0. 0.], shape=(3,), dtype=float32)
predicted label rank:[1 1 1]
mse:tf.Tensor(0.000541667, shape=(), dtype=float32)
-------
../benchmarks/LIA-lin-noInterval-trainData-datafold-graphs/test_data/chc-lia-lin-0102_000.smt2
true label:[1, 1]
true label rank:[1 1]
predicted label:tf.Tensor([-0.01939249  0.01353249], shape=(2,), dtype=float32)
rounded label:tf.Tensor([0. 0.], shape=(2,), dtype=float32)
predicted label rank:[1 1]
mse:tf.Tensor(1.0061395, shape=(), dtype=float32)
-------
../benchmarks/LIA-lin-noInterval-trainData-datafold-graphs/test_data/amebsa.smt2-0078_000.smt2
true label:[3, 5, 1, 4, 4, 3, 4, 1, 4, 4, 3, 1, 4, 4, 3, 5, 4, 4, 3, 4, 4, 4, 3, 4, 4]
true label rank:[2 4 1 3 3 2 3 1 3 3 2 1 3 3 2 4 3 3 2 3 3 3 2 3 3]
predicted label:tf.Tensor(
[-0.03007943  0.0032672  -0.01379585 -0.01931964  0.02691077  0.0571877
  0.00213687  0.03414733  0.04168424  0.01951491  0.03297607  0.05071862
  0.03165104  0.00737571  0.01570528 -0.00385409  0.05020973  0.06854781
  0.02470064  0.02141003 -0.02128175  0.01330818  0.08286325  0.03235101
  0.07199472], shape=(25,), dtype=float32)
rounded label:tf.Tensor(
[0. 0. 0. 0. 0. 0. 0. 0. 0. 0. 0. 0. 0. 0. 0. 0. 0. 0. 0. 0. 0. 0. 0. 0.
 0.], shape=(25,), dtype=float32)
predicted label rank:[1 1 1 1 1 1 1 1 1 1 1 1 1 1 1 1 1 1 1 1 1 1 1 1 1]
mse:tf.Tensor(13.081097, shape=(), dtype=float32)
-------
../benchmarks/LIA-lin-noInterval-trainData-datafold-graphs/test_data/s3_clnt_1.cil-1.c-1_000.smt2
true label:[1, 0, 4096, 0, 0, 1, 0, 0, 0, 1, 0, 0, 4368, 1, 1, 0, 0, 4384, 0, 1, 0, 0, 4400, 0, 1, 0, 0, 4448, 0, 1, 0, 0, 4528, 0, 1, 0, 0, 4096, 0, 0, 1, 0, 0, 4096, 0, 0, 0]
true label rank:[2 1 3 1 1 2 1 1 1 2 1 1 4 2 2 1 1 5 1 2 1 1 6 1 2 1 1 7 1 2 1 1 8 1 2 1 1
 3 1 1 2 1 1 3 1 1 1]
predicted label:tf.Tensor(
[ 2.0288862e-01 -6.9288582e-01  3.6532905e+00 -6.8469584e-01
  3.0455005e-01 -2.4637496e-01  9.6351206e-01  1.6771280e+00
 -2.7084318e-01  3.7217836e-03  5.3616609e-02  1.8353809e-02
  1.4845245e-02 -5.5708002e-02  3.7433926e-02  4.8974238e-02
  6.2797040e-02  5.1267140e-02 -9.9842064e-03 -3.3475548e-02
  2.1742126e-03 -3.9666791e-02 -2.5463860e-02 -2.7538208e-02
  8.3141424e-02  4.3883078e-02 -4.5893006e-03  1.1522869e-01
  1.3170510e-02 -1.6714729e-02 -7.8532835e-03 -2.5965733e-02
  2.6129724e-03  1.1530487e-03 -4.1479848e-02  5.5281252e-02
  1.2571861e-01  2.8675884e-01  1.2428447e-01  2.0243647e-02
 -7.3263193e-03  2.8904824e-02  1.6426194e-02 -1.8411780e-02
 -1.7324327e-02  1.3162835e-02  5.0744638e-03], shape=(47,), dtype=float32)
rounded label:tf.Tensor(
[ 0. -1.  4. -1.  0.  0.  1.  2.  0.  0.  0.  0.  0.  0.  0.  0.  0.  0.
  0.  0.  0.  0.  0.  0.  0.  0.  0.  0.  0.  0.  0.  0.  0.  0.  0.  0.
  0.  0.  0.  0.  0.  0.  0.  0.  0.  0.  0.], shape=(47,), dtype=float32)
predicted label rank:[2 1 5 1 2 2 3 4 2 2 2 2 2 2 2 2 2 2 2 2 2 2 2 2 2 2 2 2 2 2 2 2 2 2 2 2 2
 2 2 2 2 2 2 2 2 2 2]
mse:tf.Tensor(3154138.5, shape=(), dtype=float32)
-------
../benchmarks/LIA-lin-noInterval-trainData-datafold-graphs/test_data/sum3_000.smt2
true label:[0]
true label rank:[1]
predicted label:tf.Tensor([-0.0150356], shape=(1,), dtype=float32)
rounded label:tf.Tensor([0.], shape=(1,), dtype=float32)
predicted label rank:[1]
mse:tf.Tensor(0.00022606926, shape=(), dtype=float32)
-------
../benchmarks/LIA-lin-noInterval-trainData-datafold-graphs/test_data/spline-fixed.smt2-0003_000.smt2
true label:[3, 3, 3]
true label rank:[1 1 1]
predicted label:tf.Tensor([0.00257899 0.00638922 0.00193668], shape=(3,), dtype=float32)
rounded label:tf.Tensor([0. 0. 0.], shape=(3,), dtype=float32)
predicted label rank:[1 1 1]
mse:tf.Tensor(8.978208, shape=(), dtype=float32)
-------
../benchmarks/LIA-lin-noInterval-trainData-datafold-graphs/test_data/underapprox_2-2.c-1_000.smt2
true label:[0]
true label rank:[1]
predicted label:tf.Tensor([-0.01592365], shape=(1,), dtype=float32)
rounded label:tf.Tensor([0.], shape=(1,), dtype=float32)
predicted label rank:[1]
mse:tf.Tensor(0.00025356255, shape=(), dtype=float32)
-------
../benchmarks/LIA-lin-noInterval-trainData-datafold-graphs/test_data/21.c_000.smt2
true label:[1, 0, 0, 1, 1, 0, 1, 0, 1, 0, 1, 1, 2000]
true label rank:[2 1 1 2 2 1 2 1 2 1 2 2 3]
predicted label:tf.Tensor(
[ 0.02441452 -0.0549483   0.025884    0.00890115  0.0150273   0.01213418
  0.00489011  0.05025637 -0.01733296  0.00346079 -0.00175016  0.04462263
  0.00809474], shape=(13,), dtype=float32)
rounded label:tf.Tensor([0. 0. 0. 0. 0. 0. 0. 0. 0. 0. 0. 0. 0.], shape=(13,), dtype=float32)
predicted label rank:[1 1 1 1 1 1 1 1 1 1 1 1 1]
mse:tf.Tensor(307690.38, shape=(), dtype=float32)
-------
../benchmarks/LIA-lin-noInterval-trainData-datafold-graphs/test_data/spline-fixed.smt2-0001_000.smt2
true label:[3, 3]
true label rank:[1 1]
predicted label:tf.Tensor([-0.02331355  0.00939574], shape=(2,), dtype=float32)
rounded label:tf.Tensor([0. 0.], shape=(2,), dtype=float32)
predicted label rank:[1 1]
mse:tf.Tensor(9.0420685, shape=(), dtype=float32)
-------
../benchmarks/LIA-lin-noInterval-trainData-datafold-graphs/test_data/bandec.smt2-0238_000.smt2
true label:[2, 3, 3, 2, 3, 3, 2, 1, 2, 3, 3, 2, 1, 3, 3]
true label rank:[2 3 3 2 3 3 2 1 2 3 3 2 1 3 3]
predicted label:tf.Tensor(
[ 0.00380854  0.00473288 -0.00406361 -0.00302221 -0.00952767  0.00281953
  0.00201264  0.0270175   0.02448613  0.0052527   0.00656292 -0.00715201
  0.02245685 -0.00072949  0.03661233], shape=(15,), dtype=float32)
rounded label:tf.Tensor([0. 0. 0. 0. 0. 0. 0. 0. 0. 0. 0. 0. 0. 0. 0.], shape=(15,), dtype=float32)
predicted label rank:[1 1 1 1 1 1 1 1 1 1 1 1 1 1 1]
mse:tf.Tensor(6.238268, shape=(), dtype=float32)
-------
../benchmarks/LIA-lin-noInterval-trainData-datafold-graphs/test_data/barthe2-big2_merged_safe.c-1_000.smt2
true label:[1, 1, 1, 0, 1, 1, 1, 0, 1]
true label rank:[2 2 2 1 2 2 2 1 2]
predicted label:tf.Tensor(
[ 0.01602774  0.01992134 -0.01207797  0.02442622  0.01406762  0.00467146
  0.04310539  0.10886315  0.04355071], shape=(9,), dtype=float32)
rounded label:tf.Tensor([0. 0. 0. 0. 0. 0. 0. 0. 0.], shape=(9,), dtype=float32)
predicted label rank:[1 1 1 1 1 1 1 1 1]
mse:tf.Tensor(0.7509655, shape=(), dtype=float32)
-------
../benchmarks/LIA-lin-noInterval-trainData-datafold-graphs/test_data/bouncy_one_counter_000.smt2
true label:[0, 0]
true label rank:[1 1]
predicted label:tf.Tensor([0.00282671 0.02144262], shape=(2,), dtype=float32)
rounded label:tf.Tensor([0. 0.], shape=(2,), dtype=float32)
predicted label rank:[1 1]
mse:tf.Tensor(0.00023388804, shape=(), dtype=float32)
-------
../benchmarks/LIA-lin-noInterval-trainData-datafold-graphs/test_data/tridag.smt2-0014_000.smt2
true label:[4]
true label rank:[1]
predicted label:tf.Tensor([-0.00709421], shape=(1,), dtype=float32)
rounded label:tf.Tensor([0.], shape=(1,), dtype=float32)
predicted label rank:[1]
mse:tf.Tensor(16.056805, shape=(), dtype=float32)
-------
../benchmarks/LIA-lin-noInterval-trainData-datafold-graphs/test_data/bandec.smt2-0131_000.smt2
true label:[2, 1, 2, 2, 3, 2, 1, 1, 3]
true label rank:[2 1 2 2 3 2 1 1 3]
predicted label:tf.Tensor(
[-0.02179187 -0.00020768 -0.01432306 -0.00549639  0.00651308  0.01410163
  0.02777942  0.03688863 -0.0010124 ], shape=(9,), dtype=float32)
rounded label:tf.Tensor([0. 0. 0. 0. 0. 0. 0. 0. 0.], shape=(9,), dtype=float32)
predicted label rank:[1 1 1 1 1 1 1 1 1]
mse:tf.Tensor(4.1056886, shape=(), dtype=float32)
-------
../benchmarks/LIA-lin-noInterval-trainData-datafold-graphs/test_data/heapsort_true-unreach-call.c.flat_000.smt2
true label:[2, 2, 2]
true label rank:[1 1 1]
predicted label:tf.Tensor([ 0.05323789  0.24177684 -0.22890975], shape=(3,), dtype=float32)
rounded label:tf.Tensor([0. 0. 0.], shape=(3,), dtype=float32)
predicted label rank:[1 1 1]
mse:tf.Tensor(3.9497566, shape=(), dtype=float32)
-------
../benchmarks/LIA-lin-noInterval-trainData-datafold-graphs/test_data/test_locks_12.c-1_000.smt2
true label:[0, 0, 0, 0, 0, 0, 0, 0, 0, 0, 0, 0, 0, 0, 0, 0, 0, 0, 0, 0, 0, 0, 0, 0, 0, 0, 0, 0, 0, 0, 0, 0, 0, 0, 0, 0, 0, 0, 0, 0, 0, 0, 0, 0, 0, 0, 0, 0, 0, 0, 0, 0, 0, 0, 0, 0, 0, 0, 0, 0, 0, 0, 0, 0, 0, 0, 0, 0, 0, 0, 0, 0, 0, 0, 0, 0, 0, 0, 0, 0, 0, 0, 0, 0, 0, 0, 0, 0, 0, 0, 0, 0, 0, 0, 0, 0, 0, 0, 0, 0, 0, 0, 0, 0, 0, 0, 0, 0]
true label rank:[1 1 1 1 1 1 1 1 1 1 1 1 1 1 1 1 1 1 1 1 1 1 1 1 1 1 1 1 1 1 1 1 1 1 1 1 1
 1 1 1 1 1 1 1 1 1 1 1 1 1 1 1 1 1 1 1 1 1 1 1 1 1 1 1 1 1 1 1 1 1 1 1 1 1
 1 1 1 1 1 1 1 1 1 1 1 1 1 1 1 1 1 1 1 1 1 1 1 1 1 1 1 1 1 1 1 1 1 1]
predicted label:tf.Tensor(
[ 0.0087306  -0.0244342  -0.00068823  0.05399181  0.00225731  0.00126646
  0.01289599  0.04087567 -0.01173671  0.01861896 -0.01862219  0.17666176
  0.10332575  0.04410208  0.0854549   0.08771095  0.01218072  0.0421606
  0.10870575  0.04019842  0.05158648  0.05996054  0.01882044  0.13011143
  0.05515637 -0.00364437  0.01188838  0.02249637  0.03532876  0.03202311
  0.10306454  0.05934153  0.04587852 -0.01516728 -0.02663558 -0.00921487
 -0.00522779  0.02377639  0.01941379 -0.00880223 -0.02566933 -0.02176793
  0.0638466   0.02026837 -0.00169997  0.01359697  0.06074367  0.02995205
  0.08902362  0.0288141  -0.015718    0.01212204 -0.0090029  -0.02365635
 -0.01097773 -0.0357448  -0.00077814 -0.03301502 -0.00271229 -0.01615701
  0.02121229  0.02185021  0.02968084  0.0029329  -0.01487515 -0.00503894
  0.01130402 -0.02530239 -0.00406956 -0.00194979 -0.01773561 -0.01304054
  0.01784053  0.0180907  -0.00299976 -0.00490489  0.0106914   0.01501884
  0.05675213  0.0124618  -0.03048472 -0.015532   -0.01997924  0.107592
  0.14922674  0.01377026  0.10493983  0.08428182 -0.01560257 -0.04152614
  0.06823038  0.0125796   0.02283216  0.00417858 -0.0252296  -0.0506009
  0.03923033  0.04766612  0.08570006  0.08689145  0.12708643  0.01705952
  0.03924948  0.01631256  0.21730773  0.05940117  0.09350568  0.02870214], shape=(108,), dtype=float32)
rounded label:tf.Tensor(
[0. 0. 0. 0. 0. 0. 0. 0. 0. 0. 0. 0. 0. 0. 0. 0. 0. 0. 0. 0. 0. 0. 0. 0.
 0. 0. 0. 0. 0. 0. 0. 0. 0. 0. 0. 0. 0. 0. 0. 0. 0. 0. 0. 0. 0. 0. 0. 0.
 0. 0. 0. 0. 0. 0. 0. 0. 0. 0. 0. 0. 0. 0. 0. 0. 0. 0. 0. 0. 0. 0. 0. 0.
 0. 0. 0. 0. 0. 0. 0. 0. 0. 0. 0. 0. 0. 0. 0. 0. 0. 0. 0. 0. 0. 0. 0. 0.
 0. 0. 0. 0. 0. 0. 0. 0. 0. 0. 0. 0.], shape=(108,), dtype=float32)
predicted label rank:[1 1 1 1 1 1 1 1 1 1 1 1 1 1 1 1 1 1 1 1 1 1 1 1 1 1 1 1 1 1 1 1 1 1 1 1 1
 1 1 1 1 1 1 1 1 1 1 1 1 1 1 1 1 1 1 1 1 1 1 1 1 1 1 1 1 1 1 1 1 1 1 1 1 1
 1 1 1 1 1 1 1 1 1 1 1 1 1 1 1 1 1 1 1 1 1 1 1 1 1 1 1 1 1 1 1 1 1 1]
mse:tf.Tensor(0.0029672948, shape=(), dtype=float32)
-------
../benchmarks/LIA-lin-noInterval-trainData-datafold-graphs/test_data/bandec.smt2-0178_000.smt2
true label:[2, 1, 2, 3, 3, 2, 1, 1, 2, 2, 3, 3, 2, 1, 1, 3, 3]
true label rank:[2 1 2 3 3 2 1 1 2 2 3 3 2 1 1 3 3]
predicted label:tf.Tensor(
[-0.00843972 -0.00048207  0.00476073  0.01557478 -0.01738187  0.01454783
  0.03599067  0.02549378  0.00523907  0.03156639  0.03236881  0.01716986
  0.01547531  0.0406865  -0.00262486  0.01954979  0.01976024], shape=(17,), dtype=float32)
rounded label:tf.Tensor([0. 0. 0. 0. 0. 0. 0. 0. 0. 0. 0. 0. 0. 0. 0. 0. 0.], shape=(17,), dtype=float32)
predicted label rank:[1 1 1 1 1 1 1 1 1 1 1 1 1 1 1 1 1]
mse:tf.Tensor(4.82558, shape=(), dtype=float32)
-------
../benchmarks/LIA-lin-noInterval-trainData-datafold-graphs/test_data/gj2007_m_3_000.smt2
true label:[0, 1, 0, 1, 1, 1, 0, 1, 1, 1, 0, 1, 1, 1, 0, 1, 1, 1, 0, 1]
true label rank:[1 2 1 2 2 2 1 2 2 2 1 2 2 2 1 2 2 2 1 2]
predicted label:tf.Tensor(
[-0.04348303  0.03244054  0.03865835  0.00247537 -0.02566887  0.02111017
  0.05253761  0.03825644  0.00280849  0.04657673  0.05715491  0.052587
 -0.03711677 -0.00735935  0.01503173  0.02692125  0.02967664  0.04854963
 -0.03770979  0.03237974], shape=(20,), dtype=float32)
rounded label:tf.Tensor([0. 0. 0. 0. 0. 0. 0. 0. 0. 0. 0. 0. 0. 0. 0. 0. 0. 0. 0. 0.], shape=(20,), dtype=float32)
predicted label rank:[1 1 1 1 1 1 1 1 1 1 1 1 1 1 1 1 1 1 1 1]
mse:tf.Tensor(0.67493993, shape=(), dtype=float32)
-------
../benchmarks/LIA-lin-noInterval-trainData-datafold-graphs/test_data/while_after_while_if_merged_safe.c-1_000.smt2
true label:[0, 0, 1, 0, 0, 0, 0]
true label rank:[1 1 2 1 1 1 1]
predicted label:tf.Tensor(
[-0.03222077 -0.00310317  0.03359112  0.06151143  0.03621748 -0.00137499
  0.03011437], shape=(7,), dtype=float32)
rounded label:tf.Tensor([0. 0. 0. 0. 0. 0. 0.], shape=(7,), dtype=float32)
predicted label rank:[1 1 1 1 1 1 1]
mse:tf.Tensor(0.13442829, shape=(), dtype=float32)
-------
../benchmarks/LIA-lin-noInterval-trainData-datafold-graphs/test_data/break_safe.c-1_000.smt2
true label:[0, -1, 0, 0, 0]
true label rank:[2 1 2 2 2]
predicted label:tf.Tensor([0.03612332 0.01037068 0.01702154 0.00860886 0.01866433], shape=(5,), dtype=float32)
rounded label:tf.Tensor([0. 0. 0. 0. 0.], shape=(5,), dtype=float32)
predicted label rank:[1 1 1 1 1]
mse:tf.Tensor(0.2045732, shape=(), dtype=float32)
-------
../benchmarks/LIA-lin-noInterval-trainData-datafold-graphs/test_data/bandec.smt2-0033_000.smt2
true label:[2, 3, 3]
true label rank:[1 2 2]
predicted label:tf.Tensor([0.002579   0.00638923 0.00193669], shape=(3,), dtype=float32)
rounded label:tf.Tensor([0. 0. 0.], shape=(3,), dtype=float32)
predicted label rank:[1 1 1]
mse:tf.Tensor(7.3132606, shape=(), dtype=float32)
-------
../benchmarks/LIA-lin-noInterval-trainData-datafold-graphs/test_data/id_build.i.p+sep-reducer.c-1_000.smt2
true label:[5, 4, 0]
true label rank:[3 2 1]
predicted label:tf.Tensor([0.04405396 0.02996204 0.0453603 ], shape=(3,), dtype=float32)
rounded label:tf.Tensor([0. 0. 0.], shape=(3,), dtype=float32)
predicted label rank:[1 1 1]
mse:tf.Tensor(13.441552, shape=(), dtype=float32)
-------
../benchmarks/LIA-lin-noInterval-trainData-datafold-graphs/test_data/test_locks_8.c-1_000.smt2
true label:[0, 0, 0, 0, 0, 0, 0, 0, 0, 0, 0, 0, 0, 0, 0, 0, 0, 0, 0, 0, 0, 0, 0, 0, 0, 0, 0, 0, 0, 0, 0, 0, 0, 0, 0, 0, 0, 0, 0, 0, 0, 0, 0, 0, 0, 0, 0, 0]
true label rank:[1 1 1 1 1 1 1 1 1 1 1 1 1 1 1 1 1 1 1 1 1 1 1 1 1 1 1 1 1 1 1 1 1 1 1 1 1
 1 1 1 1 1 1 1 1 1 1 1]
predicted label:tf.Tensor(
[ 0.0108562  -0.00794999  0.00027695  0.0229136   0.00228729 -0.01872224
 -0.00564453  0.09585574  0.02021972  0.04592604  0.03360244  0.10154461
  0.08551922  0.07560528  0.03305555  0.02198313  0.03884868 -0.00072583
 -0.04037685 -0.00362112  0.03408321  0.03113597  0.04271516  0.05958173
  0.01189777  0.00720473 -0.00116092 -0.00441893 -0.01105805 -0.01222131
  0.05841556  0.0068925   0.12353118  0.08261884 -0.01075505  0.02109151
 -0.00114693  0.04408675  0.04860059 -0.04240845  0.00887786  0.00504703
  0.11349214  0.00828853 -0.0272352   0.05155472 -0.01583385  0.08359809], shape=(48,), dtype=float32)
rounded label:tf.Tensor(
[0. 0. 0. 0. 0. 0. 0. 0. 0. 0. 0. 0. 0. 0. 0. 0. 0. 0. 0. 0. 0. 0. 0. 0.
 0. 0. 0. 0. 0. 0. 0. 0. 0. 0. 0. 0. 0. 0. 0. 0. 0. 0. 0. 0. 0. 0. 0. 0.], shape=(48,), dtype=float32)
predicted label rank:[1 1 1 1 1 1 1 1 1 1 1 1 1 1 1 1 1 1 1 1 1 1 1 1 1 1 1 1 1 1 1 1 1 1 1 1 1
 1 1 1 1 1 1 1 1 1 1 1]
mse:tf.Tensor(0.0022061488, shape=(), dtype=float32)
-------
../benchmarks/LIA-lin-noInterval-trainData-datafold-graphs/test_data/loop__loop2_000.smt2
true label:[1, 0, 0, 0]
true label rank:[2 1 1 1]
predicted label:tf.Tensor([ 0.00764785  0.02085581 -0.02041506 -0.02956117], shape=(4,), dtype=float32)
rounded label:tf.Tensor([0. 0. 0. 0.], shape=(4,), dtype=float32)
predicted label rank:[1 1 1 1]
mse:tf.Tensor(0.24662207, shape=(), dtype=float32)
-------
../benchmarks/LIA-lin-noInterval-trainData-datafold-graphs/test_data/bandec.smt2-0157_000.smt2
true label:[2, 2, 4, 4]
true label rank:[1 1 2 2]
predicted label:tf.Tensor([-0.01908562  0.00821867  0.00475223  0.01176356], shape=(4,), dtype=float32)
rounded label:tf.Tensor([0. 0. 0. 0.], shape=(4,), dtype=float32)
predicted label rank:[1 1 1 1]
mse:tf.Tensor(9.977983, shape=(), dtype=float32)
-------
../benchmarks/LIA-lin-noInterval-trainData-datafold-graphs/test_data/28.c_000.smt2
true label:[0, 0, 1, 1, 0, 0]
true label rank:[1 1 2 2 1 1]
predicted label:tf.Tensor([ 0.0177003  -0.00106147  0.01320314  0.01001286  0.00765544  0.01322432], shape=(6,), dtype=float32)
rounded label:tf.Tensor([0. 0. 0. 0. 0. 0.], shape=(6,), dtype=float32)
predicted label rank:[1 1 1 1 1 1]
mse:tf.Tensor(0.32573178, shape=(), dtype=float32)
-------
../benchmarks/LIA-lin-noInterval-trainData-datafold-graphs/test_data/apache-get-tag.i.p+nlh-reducer.c-1_000.smt2
true label:[0, 0, 60, 59, 1, 1, 1, 1, 1, 0]
true label rank:[1 1 4 3 2 2 2 2 2 1]
predicted label:tf.Tensor(
[-4.730323    0.57962406 -0.01234148 -0.02527275 -0.04265214 -0.01812922
  0.03956414  0.10619786  1.4621005   3.148833  ], shape=(10,), dtype=float32)
rounded label:tf.Tensor([-5.  1.  0.  0.  0.  0.  0.  0.  1.  3.], shape=(10,), dtype=float32)
predicted label rank:[1 3 2 2 2 2 2 2 3 4]
mse:tf.Tensor(712.21497, shape=(), dtype=float32)
-------
../benchmarks/LIA-lin-noInterval-trainData-datafold-graphs/test_data/four1.smt2-0046_000.smt2
true label:[5, 4, 3, 2, 1]
true label rank:[5 4 3 2 1]
predicted label:tf.Tensor([ 0.0104029   0.0061608  -0.00906568 -0.00861544 -0.00218663], shape=(5,), dtype=float32)
rounded label:tf.Tensor([0. 0. 0. 0. 0.], shape=(5,), dtype=float32)
predicted label rank:[1 1 1 1 1]
mse:tf.Tensor(10.988045, shape=(), dtype=float32)
-------
../benchmarks/LIA-lin-noInterval-trainData-datafold-graphs/test_data/bouncy_two_counters_equality_000.smt2
true label:[0, 0, 0, 0]
true label rank:[1 1 1 1]
predicted label:tf.Tensor([-0.02011581  0.01123804  0.01128054  0.00842326], shape=(4,), dtype=float32)
rounded label:tf.Tensor([0. 0. 0. 0.], shape=(4,), dtype=float32)
predicted label rank:[1 1 1 1]
mse:tf.Tensor(0.00018228528, shape=(), dtype=float32)
-------
../benchmarks/LIA-lin-noInterval-trainData-datafold-graphs/test_data/chc-lia-lin-0031_000.smt2
true label:[0, 0, 0]
true label rank:[1 1 1]
predicted label:tf.Tensor([0.00763931 0.01126468 0.00333148], shape=(3,), dtype=float32)
rounded label:tf.Tensor([0. 0. 0.], shape=(3,), dtype=float32)
predicted label rank:[1 1 1]
mse:tf.Tensor(6.545025e-05, shape=(), dtype=float32)
-------
../benchmarks/LIA-lin-noInterval-trainData-datafold-graphs/test_data/chc-lia-lin-0000_000.smt2
true label:[0, 0]
true label rank:[1 1]
predicted label:tf.Tensor([-0.01503558  0.0131674 ], shape=(2,), dtype=float32)
rounded label:tf.Tensor([0. 0.], shape=(2,), dtype=float32)
predicted label rank:[1 1]
mse:tf.Tensor(0.00019972463, shape=(), dtype=float32)
-------
../benchmarks/LIA-lin-noInterval-trainData-datafold-graphs/test_data/test_locks_10.c-1_000.smt2
true label:[0, 0, 0, 0, 0, 0, 0, 0, 0, 0, 0, 0, 0, 0, 0, 0, 0, 0, 0, 0, 0, 0, 0, 0, 0, 0, 0, 0, 0, 0, 0, 0, 0, 0, 0, 0, 0, 0, 0, 0, 0, 0, 0, 0, 0, 0, 0, 0, 0, 0, 0, 0, 0, 0, 0, 0, 0, 0, 0, 0, 0, 0, 0, 0, 0, 0, 0, 0, 0, 0, 0, 0, 0, 0, 0]
true label rank:[1 1 1 1 1 1 1 1 1 1 1 1 1 1 1 1 1 1 1 1 1 1 1 1 1 1 1 1 1 1 1 1 1 1 1 1 1
 1 1 1 1 1 1 1 1 1 1 1 1 1 1 1 1 1 1 1 1 1 1 1 1 1 1 1 1 1 1 1 1 1 1 1 1 1
 1]
predicted label:tf.Tensor(
[ 0.01055118  0.02439537  0.01371052  0.05219615  0.10694381  0.08316691
 -0.05810004  0.0175443   0.1714593   0.18637785  0.08406403  0.07196305
 -0.02993519  0.06018764  0.03956671  0.06776834  0.01493412  0.02066414
 -0.001208    0.01956214  0.02063961  0.04032127  0.03530827 -0.01292862
  0.03921997 -0.00096869 -0.06010583  0.00586145  0.05952004  0.04243977
  0.08666128  0.04136267  0.02402145  0.02905699 -0.00545591  0.04491429
  0.11768997  0.00349197  0.01623604 -0.01929656  0.10070677 -0.02440908
  0.02231227 -0.04959239  0.03418374 -0.00561483 -0.00464746  0.01448464
 -0.0072999  -0.00590279 -0.00853791  0.03504271 -0.0224697  -0.00517694
  0.03757745  0.10466098  0.02859621 -0.05123519 -0.03735238  0.02038564
 -0.04166105  0.0054553   0.02685403  0.01495955  0.0216564   0.01247289
  0.04617039  0.02412791 -0.01390939  0.01841329 -0.02788163 -0.05499587
  0.00447962 -0.00036964  0.04277398], shape=(75,), dtype=float32)
rounded label:tf.Tensor(
[0. 0. 0. 0. 0. 0. 0. 0. 0. 0. 0. 0. 0. 0. 0. 0. 0. 0. 0. 0. 0. 0. 0. 0.
 0. 0. 0. 0. 0. 0. 0. 0. 0. 0. 0. 0. 0. 0. 0. 0. 0. 0. 0. 0. 0. 0. 0. 0.
 0. 0. 0. 0. 0. 0. 0. 0. 0. 0. 0. 0. 0. 0. 0. 0. 0. 0. 0. 0. 0. 0. 0. 0.
 0. 0. 0.], shape=(75,), dtype=float32)
predicted label rank:[1 1 1 1 1 1 1 1 1 1 1 1 1 1 1 1 1 1 1 1 1 1 1 1 1 1 1 1 1 1 1 1 1 1 1 1 1
 1 1 1 1 1 1 1 1 1 1 1 1 1 1 1 1 1 1 1 1 1 1 1 1 1 1 1 1 1 1 1 1 1 1 1 1 1
 1]
mse:tf.Tensor(0.002691082, shape=(), dtype=float32)
-------
../benchmarks/LIA-lin-noInterval-trainData-datafold-graphs/test_data/bandec.smt2-0181_000.smt2
true label:[2, 1, 2, 3, 3, 2, 1, 1, 2, 2, 3, 3, 2, 1, 1, 3, 3]
true label rank:[2 1 2 3 3 2 1 1 2 2 3 3 2 1 1 3 3]
predicted label:tf.Tensor(
[-0.00843972 -0.00048206  0.00476074  0.01557479 -0.01738186  0.01454783
  0.03599067  0.02549377  0.00523907  0.03156636  0.03236881  0.01716985
  0.01547531  0.04068653 -0.00262485  0.0195498   0.01976024], shape=(17,), dtype=float32)
rounded label:tf.Tensor([0. 0. 0. 0. 0. 0. 0. 0. 0. 0. 0. 0. 0. 0. 0. 0. 0.], shape=(17,), dtype=float32)
predicted label rank:[1 1 1 1 1 1 1 1 1 1 1 1 1 1 1 1 1]
mse:tf.Tensor(4.82558, shape=(), dtype=float32)
-------
../benchmarks/LIA-lin-noInterval-trainData-datafold-graphs/test_data/s3_srvr_1a.cil.c-1_000.smt2
true label:[0, 8466, 0, 0, 0]
true label rank:[1 2 1 1 1]
predicted label:tf.Tensor([-0.02194414 -0.1516085   0.37261304  0.02145056 -0.008157  ], shape=(5,), dtype=float32)
rounded label:tf.Tensor([0. 0. 0. 0. 0.], shape=(5,), dtype=float32)
predicted label rank:[1 1 1 1 1]
mse:tf.Tensor(14335144.0, shape=(), dtype=float32)
-------
../benchmarks/LIA-lin-noInterval-trainData-datafold-graphs/test_data/03.c_000.smt2
true label:[1, 1, 2, 1, 1, 1, 2, 1, 1, 1]
true label rank:[1 1 2 1 1 1 2 1 1 1]
predicted label:tf.Tensor(
[ 0.00162102  0.00108919  0.00523122 -0.00717727  0.01846145 -0.00574078
  0.04946504  0.03511855  0.04277883  0.03004972], shape=(10,), dtype=float32)
rounded label:tf.Tensor([0. 0. 0. 0. 0. 0. 0. 0. 0. 0.], shape=(10,), dtype=float32)
predicted label rank:[1 1 1 1 1 1 1 1 1 1]
mse:tf.Tensor(1.5555682, shape=(), dtype=float32)
-------
../benchmarks/LIA-lin-noInterval-trainData-datafold-graphs/test_data/PRODUCER_CONSUMER_3_000.smt2
true label:[0, 0, 0, 0, 1, 0, 0, 0, 1, 1, 0, 0, 0, 0, 0, 0, 0, 0, 0, 0, 0]
true label rank:[1 1 1 1 2 1 1 1 2 2 1 1 1 1 1 1 1 1 1 1 1]
predicted label:tf.Tensor(
[ 3.1210535e+00  3.7473166e+00 -1.8059239e+00  5.9996831e-01
  9.9106140e-02  1.4498001e-01  3.2898882e-01  1.3490184e-02
  1.7443214e-02  3.0253760e-03  4.9169078e-02 -2.7501129e-02
  9.1484934e-02  2.8468093e-03  1.4846332e-01  6.3215822e-02
 -2.2866972e-02  2.2005527e-03  2.5170190e-02 -7.8677976e-01
  8.3296609e-01], shape=(21,), dtype=float32)
rounded label:tf.Tensor(
[ 3.  4. -2.  1.  0.  0.  0.  0.  0.  0.  0.  0.  0.  0.  0.  0.  0.  0.
  0. -1.  1.], shape=(21,), dtype=float32)
predicted label rank:[5 6 1 4 3 3 3 3 3 3 3 3 3 3 3 3 3 3 3 2 4]
mse:tf.Tensor(1.5074621, shape=(), dtype=float32)
-------
../benchmarks/LIA-lin-noInterval-trainData-datafold-graphs/test_data/jm2006_variant_true-unreach-call.c.flat_000.smt2
true label:[1, 0, 1, 0]
true label rank:[2 1 2 1]
predicted label:tf.Tensor([ 0.00776546  0.00669747 -0.01767848 -0.00950264], shape=(4,), dtype=float32)
rounded label:tf.Tensor([0. 0. 0. 0.], shape=(4,), dtype=float32)
predicted label rank:[1 1 1 1]
mse:tf.Tensor(0.5050835, shape=(), dtype=float32)
-------
../benchmarks/LIA-lin-noInterval-trainData-datafold-graphs/test_data/minepump_spec4_product57_true-unreach-call.cil.c.flat_000.smt2
true label:[0, 1, 0]
true label rank:[1 2 1]
predicted label:tf.Tensor([-7.2292557 -3.2236173  5.0969095], shape=(3,), dtype=float32)
rounded label:tf.Tensor([-7. -3.  5.], shape=(3,), dtype=float32)
predicted label rank:[1 2 3]
mse:tf.Tensor(32.026524, shape=(), dtype=float32)
-------
../benchmarks/LIA-lin-noInterval-trainData-datafold-graphs/test_data/s_multipl_11_000.smt2
true label:[0]
true label rank:[1]
predicted label:tf.Tensor([0.01128054], shape=(1,), dtype=float32)
rounded label:tf.Tensor([0.], shape=(1,), dtype=float32)
predicted label rank:[1]
mse:tf.Tensor(0.00012725058, shape=(), dtype=float32)
-------
../benchmarks/LIA-lin-noInterval-trainData-datafold-graphs/test_data/bandec.smt2-0188_000.smt2
true label:[2, 2, 3, 3, 2, 1, 3, 3]
true label rank:[2 2 3 3 2 1 3 3]
predicted label:tf.Tensor(
[ 0.00087417  0.0022519  -0.00313236  0.0549712   0.02206568  0.00958058
  0.02699593  0.02273797], shape=(8,), dtype=float32)
rounded label:tf.Tensor([0. 0. 0. 0. 0. 0. 0. 0.], shape=(8,), dtype=float32)
predicted label rank:[1 1 1 1 1 1 1 1]
mse:tf.Tensor(6.034437, shape=(), dtype=float32)
-------
../benchmarks/LIA-lin-noInterval-trainData-datafold-graphs/test_data/count_by_1_variant_true-unreach-call.c.flat_000.smt2
true label:[0]
true label rank:[1]
predicted label:tf.Tensor([-0.00903938], shape=(1,), dtype=float32)
rounded label:tf.Tensor([0.], shape=(1,), dtype=float32)
predicted label rank:[1]
mse:tf.Tensor(8.1710314e-05, shape=(), dtype=float32)
-------
../benchmarks/LIA-lin-noInterval-trainData-datafold-graphs/test_data/minepump_spec1_product58_true-unreach-call.cil.c.flat_000.smt2
true label:[0, 0, 0]
true label rank:[1 1 1]
predicted label:tf.Tensor([-5.730656  -4.1998234  5.7283883], shape=(3,), dtype=float32)
rounded label:tf.Tensor([-6. -4.  6.], shape=(3,), dtype=float32)
predicted label rank:[1 2 3]
mse:tf.Tensor(27.764456, shape=(), dtype=float32)
-------
../benchmarks/LIA-lin-noInterval-trainData-datafold-graphs/test_data/nest-if3_true-unreach-call.c.flat_000.smt2
true label:[1, 1, 1, 1, 2, 1]
true label rank:[1 1 1 1 2 1]
predicted label:tf.Tensor([-0.04553157  0.09324893  0.0167505  -0.01645926  0.0439931   0.02366075], shape=(6,), dtype=float32)
rounded label:tf.Tensor([0. 0. 0. 0. 0. 0.], shape=(6,), dtype=float32)
predicted label rank:[1 1 1 1 1 1]
mse:tf.Tensor(1.4490839, shape=(), dtype=float32)
-------
../benchmarks/LIA-lin-noInterval-trainData-datafold-graphs/test_data/08.c_000.smt2
true label:[0, 0, 0, 0, 1, 100, 0, 0, 0, 0]
true label rank:[1 1 1 1 2 3 1 1 1 1]
predicted label:tf.Tensor(
[ 0.02806553  0.03528018  0.03927311  0.05288338  0.00808555 -0.00229824
  0.02356095  0.00499533  0.00495863  0.01667714], shape=(10,), dtype=float32)
rounded label:tf.Tensor([0. 0. 0. 0. 0. 0. 0. 0. 0. 0.], shape=(10,), dtype=float32)
predicted label rank:[1 1 1 1 1 1 1 1 1 1]
mse:tf.Tensor(1000.14514, shape=(), dtype=float32)
-------
../benchmarks/LIA-lin-noInterval-trainData-datafold-graphs/test_data/25.c_000.smt2
true label:[0, 0, 0, 0, 0, 0, 0, 0, 0, 0, 0, 0, 0, 0, 0, 0, 0, 0, 0, 1]
true label rank:[1 1 1 1 1 1 1 1 1 1 1 1 1 1 1 1 1 1 1 2]
predicted label:tf.Tensor(
[ 0.02229948  0.02484867 -0.0113115  -0.04068258  0.02886936  0.01644419
  0.00511234  0.0149203  -0.01347199  0.04523021  0.05930478  0.04327769
  0.04654823  0.0099778   0.04757036 -0.02327192 -0.00884956  0.00069351
  0.01801519  0.01255768], shape=(20,), dtype=float32)
rounded label:tf.Tensor([0. 0. 0. 0. 0. 0. 0. 0. 0. 0. 0. 0. 0. 0. 0. 0. 0. 0. 0. 0.], shape=(20,), dtype=float32)
predicted label rank:[1 1 1 1 1 1 1 1 1 1 1 1 1 1 1 1 1 1 1 1]
mse:tf.Tensor(0.049619205, shape=(), dtype=float32)
-------
../benchmarks/LIA-lin-noInterval-trainData-datafold-graphs/test_data/bandec.smt2-0159_000.smt2
true label:[2, 2, 3, 3, 2, 1, 3, 3]
true label rank:[2 2 3 3 2 1 3 3]
predicted label:tf.Tensor(
[0.03703484 0.01875615 0.0005578  0.01572206 0.00196137 0.02108417
 0.04314812 0.03342497], shape=(8,), dtype=float32)
rounded label:tf.Tensor([0. 0. 0. 0. 0. 0. 0. 0.], shape=(8,), dtype=float32)
predicted label rank:[1 1 1 1 1 1 1 1]
mse:tf.Tensor(6.0218883, shape=(), dtype=float32)
-------
../benchmarks/LIA-lin-noInterval-trainData-datafold-graphs/test_data/large_const_true-unreach-call.c.flat_000.smt2
true label:[1, 0, 0, 0, 1, 1]
true label rank:[2 1 1 1 2 2]
predicted label:tf.Tensor(
[-1.4620282e-02  1.0028794e-01  3.5117507e-01  2.5511160e-04
  3.5846777e-02  1.1972658e-02], shape=(6,), dtype=float32)
rounded label:tf.Tensor([0. 0. 0. 0. 0. 0.], shape=(6,), dtype=float32)
predicted label rank:[1 1 1 1 1 1]
mse:tf.Tensor(0.5114376, shape=(), dtype=float32)
-------
../benchmarks/LIA-lin-noInterval-trainData-datafold-graphs/test_data/spline-fixed.smt2-0008_000.smt2
true label:[3]
true label rank:[1]
predicted label:tf.Tensor([0.00939573], shape=(1,), dtype=float32)
rounded label:tf.Tensor([0.], shape=(1,), dtype=float32)
predicted label rank:[1]
mse:tf.Tensor(8.943713, shape=(), dtype=float32)
-------
../benchmarks/LIA-lin-noInterval-trainData-datafold-graphs/test_data/count_by_2_m_nest_000.smt2
true label:[0, 0, 0]
true label rank:[1 1 1]
predicted label:tf.Tensor([ 0.01189644  0.00552071 -0.01260769], shape=(3,), dtype=float32)
rounded label:tf.Tensor([0. 0. 0.], shape=(3,), dtype=float32)
predicted label rank:[1 1 1]
mse:tf.Tensor(0.00011031915, shape=(), dtype=float32)
-------
../benchmarks/LIA-lin-noInterval-trainData-datafold-graphs/test_data/12.c_000.smt2
true label:[0, 0, 0, 0, 1, 1, 1, 1, 2, 1, 1, 1, 0, 0, 1]
true label rank:[1 1 1 1 2 2 2 2 3 2 2 2 1 1 2]
predicted label:tf.Tensor(
[ 0.08021425  0.07366494 -0.01455363  0.05306657  0.01276905  0.0001988
  0.00385096  0.07461217  0.01869139  0.00334163  0.01062719  0.03281233
  0.05720476  0.00084089  0.00699731], shape=(15,), dtype=float32)
rounded label:tf.Tensor([0. 0. 0. 0. 0. 0. 0. 0. 0. 0. 0. 0. 0. 0. 0.], shape=(15,), dtype=float32)
predicted label rank:[1 1 1 1 1 1 1 1 1 1 1 1 1 1 1]
mse:tf.Tensor(0.7773548, shape=(), dtype=float32)
-------
../benchmarks/LIA-lin-noInterval-trainData-datafold-graphs/test_data/four1.smt2-0027_000.smt2
true label:[4, 3, 2, 2, 1]
true label rank:[4 3 2 2 1]
predicted label:tf.Tensor([-0.00280236  0.00800704  0.02372951  0.01500134  0.05462281], shape=(5,), dtype=float32)
rounded label:tf.Tensor([0. 0. 0. 0. 0.], shape=(5,), dtype=float32)
predicted label rank:[1 1 1 1 1]
mse:tf.Tensor(6.7428102, shape=(), dtype=float32)
-------
../benchmarks/LIA-lin-noInterval-trainData-datafold-graphs/test_data/gcd01_true-unreach-call_true-no-overflow_true-termination_000.smt2
true label:[1, 1, 1, 1, 1, 1, 1, 1]
true label rank:[1 1 1 1 1 1 1 1]
predicted label:tf.Tensor(
[-0.01859247  0.01815892  0.00843844  0.00507533 -0.02897857  0.00463989
  0.04381109  0.04902375], shape=(8,), dtype=float32)
rounded label:tf.Tensor([0. 0. 0. 0. 0. 0. 0. 0.], shape=(8,), dtype=float32)
predicted label rank:[1 1 1 1 1 1 1 1]
mse:tf.Tensor(0.9803505, shape=(), dtype=float32)
-------
../benchmarks/LIA-lin-noInterval-trainData-datafold-graphs/test_data/chc-lia-lin-0016_000.smt2
true label:[0]
true label rank:[1]
predicted label:tf.Tensor([0.08134399], shape=(1,), dtype=float32)
rounded label:tf.Tensor([0.], shape=(1,), dtype=float32)
predicted label rank:[1]
mse:tf.Tensor(0.006616844, shape=(), dtype=float32)
-------
../benchmarks/LIA-lin-noInterval-trainData-datafold-graphs/test_data/apache-get-tag.i.v+nlh-reducer.c-1_000.smt2
true label:[1, 0, 1, 0, 1, 1, 1, 1]
true label rank:[2 1 2 1 2 2 2 2]
predicted label:tf.Tensor(
[-0.03050441  0.02174716  0.08176144  0.0077111  -0.00840204  0.01181993
  0.07091575  0.12273799], shape=(8,), dtype=float32)
rounded label:tf.Tensor([0. 0. 0. 0. 0. 0. 0. 0.], shape=(8,), dtype=float32)
predicted label rank:[1 1 1 1 1 1 1 1]
mse:tf.Tensor(0.6914743, shape=(), dtype=float32)
-------
../benchmarks/LIA-lin-noInterval-trainData-datafold-graphs/test_data/bandec.smt2-0036_000.smt2
true label:[2, 1, 1, 3, 3, 3]
true label rank:[2 1 1 3 3 3]
predicted label:tf.Tensor([ 0.01623197  0.02292819  0.04487944  0.0580281  -0.00818799  0.06770393], shape=(6,), dtype=float32)
rounded label:tf.Tensor([0. 0. 0. 0. 0. 0.], shape=(6,), dtype=float32)
predicted label rank:[1 1 1 1 1 1]
mse:tf.Tensor(5.350836, shape=(), dtype=float32)
-------
../benchmarks/LIA-lin-noInterval-trainData-datafold-graphs/test_data/bandec.smt2-0260_000.smt2
true label:[2, 2, 2, 3, 2, 1, 2, 3, 3, 2, 1, 3, 3]
true label rank:[2 2 2 3 2 1 2 3 3 2 1 3 3]
predicted label:tf.Tensor(
[ 0.00064712  0.0056831   0.00029205 -0.00158872 -0.00436313  0.01739209
  0.05706669  0.03026738  0.03282981  0.01427201 -0.01758142  0.03795536
 -0.01200092], shape=(13,), dtype=float32)
rounded label:tf.Tensor([0. 0. 0. 0. 0. 0. 0. 0. 0. 0. 0. 0. 0.], shape=(13,), dtype=float32)
predicted label rank:[1 1 1 1 1 1 1 1 1 1 1 1 1]
mse:tf.Tensor(5.3991475, shape=(), dtype=float32)
-------
mean(mse_list):285598.25
