best_valid_epoch:2.0
train loss:17.074324
valid loss:46.65999
test loss list:tf.Tensor(4.3455496, shape=(), dtype=float32)
mean test loss:4.3455496
mean loss list:tf.Tensor(2.2777421, shape=(), dtype=float32)
mean mean loss:2.2777421
accuracy list:[<tf.Tensor: shape=(), dtype=float64, numpy=0.08928571428571429>]
mean accuracy:0.08928571428571429
-------
true label:[5]
true label rank:[1]
predicted label:tf.Tensor([4.3692055], shape=(1,), dtype=float32)
predicted label rank:[1]
mse:tf.Tensor(0.39790174, shape=(), dtype=float32)
-------
true label:[5]
true label rank:[1]
predicted label:tf.Tensor([4.309575], shape=(1,), dtype=float32)
predicted label rank:[1]
mse:tf.Tensor(0.47668657, shape=(), dtype=float32)
-------
true label:[5]
true label rank:[1]
predicted label:tf.Tensor([4.1101213], shape=(1,), dtype=float32)
predicted label rank:[1]
mse:tf.Tensor(0.7918842, shape=(), dtype=float32)
-------
true label:[5]
true label rank:[1]
predicted label:tf.Tensor([4.309575], shape=(1,), dtype=float32)
predicted label rank:[1]
mse:tf.Tensor(0.47668657, shape=(), dtype=float32)
-------
true label:[5]
true label rank:[1]
predicted label:tf.Tensor([4.2684345], shape=(1,), dtype=float32)
predicted label rank:[1]
mse:tf.Tensor(0.535188, shape=(), dtype=float32)
-------
true label:[4, 7, 3]
true label rank:[2 3 1]
predicted label:tf.Tensor([3.6011496 3.5943568 1.9204123], shape=(3,), dtype=float32)
predicted label rank:[3 2 1]
mse:tf.Tensor(4.3076653, shape=(), dtype=float32)
-------
true label:[3]
true label rank:[1]
predicted label:tf.Tensor([3.9639256], shape=(1,), dtype=float32)
predicted label rank:[1]
mse:tf.Tensor(0.92915255, shape=(), dtype=float32)
-------
true label:[7, 3, 3, 4, 3]
true label rank:[3 1 1 2 1]
predicted label:tf.Tensor([4.0601454 2.4868567 2.7456782 2.3728201 0.5974622], shape=(5,), dtype=float32)
predicted label rank:[5 3 4 2 1]
mse:tf.Tensor(3.478129, shape=(), dtype=float32)
-------
true label:[6, 3, 7, 5, 3]
true label rank:[3 1 4 2 1]
predicted label:tf.Tensor([3.9026358 1.8300393 3.0292811 2.3243945 1.7319483], shape=(5,), dtype=float32)
predicted label rank:[5 2 4 3 1]
mse:tf.Tensor(6.060235, shape=(), dtype=float32)
-------
true label:[6, 3, 7, 5, 6, 5, 3, 3]
true label rank:[3 1 4 2 3 2 1 1]
predicted label:tf.Tensor(
[3.8626587 1.8708658 2.5530238 2.1600277 2.0592134 2.5825856 2.1884851
 1.337091 ], shape=(8,), dtype=float32)
predicted label rank:[8 2 6 4 3 7 5 1]
mse:tf.Tensor(7.310216, shape=(), dtype=float32)
-------
true label:[3, 7, 4, 3, 3]
true label rank:[1 3 2 1 1]
predicted label:tf.Tensor([3.4634676 3.1376996 2.2796733 3.1294901 0.8388443], shape=(5,), dtype=float32)
predicted label rank:[5 4 2 3 1]
mse:tf.Tensor(4.55581, shape=(), dtype=float32)
-------
true label:[6, 3]
true label rank:[2 1]
predicted label:tf.Tensor([4.368134  1.7069583], shape=(2,), dtype=float32)
predicted label rank:[2 1]
mse:tf.Tensor(2.1674716, shape=(), dtype=float32)
-------
true label:[7, 3, 3, 3]
true label rank:[2 1 1 1]
predicted label:tf.Tensor([3.844429  2.0070968 2.229351  1.7075675], shape=(4,), dtype=float32)
predicted label rank:[4 2 3 1]
mse:tf.Tensor(3.3019416, shape=(), dtype=float32)
-------
true label:[3, 3, 6, 5, 3, 6, 3, 4, 3]
true label rank:[1 1 4 3 1 4 1 2 1]
predicted label:tf.Tensor(
[3.892171  3.3465893 3.4532893 2.8017206 2.4273467 3.5515585 2.2800431
 2.534127  0.6297434], shape=(9,), dtype=float32)
predicted label rank:[9 6 7 5 3 8 2 4 1]
mse:tf.Tensor(2.9824774, shape=(), dtype=float32)
-------
true label:[3]
true label rank:[1]
predicted label:tf.Tensor([3.9220443], shape=(1,), dtype=float32)
predicted label rank:[1]
mse:tf.Tensor(0.85016567, shape=(), dtype=float32)
-------
true label:[5, 3, 4, 4]
true label rank:[3 1 2 2]
predicted label:tf.Tensor([3.8033614 2.0259223 2.2051153 1.6485783], shape=(4,), dtype=float32)
predicted label rank:[4 2 3 1]
mse:tf.Tensor(2.7828918, shape=(), dtype=float32)
-------
true label:[8, 4, 4, 7]
true label rank:[3 1 1 2]
predicted label:tf.Tensor([3.9727192 1.8809608 2.1705043 2.8233318], shape=(4,), dtype=float32)
predicted label rank:[4 1 2 3]
mse:tf.Tensor(10.375232, shape=(), dtype=float32)
-------
mean(mse_list):3.0458667
