best_valid_epoch:40.0
train loss:0.936139
valid loss:0.5949999
test loss list:tf.Tensor(1069.3873, shape=(), dtype=float32)
mean test loss:1069.3873
mean loss list:tf.Tensor(1073.7408, shape=(), dtype=float32)
mean mean loss:1073.7408
accuracy list:[<tf.Tensor: shape=(), dtype=float64, numpy=0.002243829468960359>]
mean accuracy:0.002243829468960359
-------
../benchmarks/LIA-lin-noInterval-trainData-datafold-mono-direction-layer-graph/test_data/04.c_000.smt2
true label:[3]
true label rank:[1]
predicted label:tf.Tensor([0.20118716], shape=(1,), dtype=float32)
rounded label:tf.Tensor([0.], shape=(1,), dtype=float32)
predicted label rank:[1]
mse:tf.Tensor(7.8333535, shape=(), dtype=float32)
-------
../benchmarks/LIA-lin-noInterval-trainData-datafold-mono-direction-layer-graph/test_data/s_multipl_11_000.smt2
true label:[3, 3]
true label rank:[1 1]
predicted label:tf.Tensor([0.21766904 0.06118708], shape=(2,), dtype=float32)
rounded label:tf.Tensor([0. 0.], shape=(2,), dtype=float32)
predicted label rank:[1 1]
mse:tf.Tensor(8.188993, shape=(), dtype=float32)
-------
../benchmarks/LIA-lin-noInterval-trainData-datafold-mono-direction-layer-graph/test_data/chc-lia-lin-0260_000.smt2
true label:[393, 6, 5, 178, 220, 16, 16, 16, 16, 16, 16, 16, 16, 16, 16, 16, 16, 16, 16, 16, 16, 16, 16, 16, 16, 18, 16, 16, 16, 16, 16, 16, 16, 16, 16, 16, 16, 16, 16, 16, 16, 16, 16, 16, 16, 16, 16, 16, 16, 16, 16, 16, 16, 16, 16, 16, 16, 16, 16, 16, 16, 16, 16, 16, 10]
true label rank:[8 2 1 6 7 4 4 4 4 4 4 4 4 4 4 4 4 4 4 4 4 4 4 4 4 5 4 4 4 4 4 4 4 4 4 4 4
 4 4 4 4 4 4 4 4 4 4 4 4 4 4 4 4 4 4 4 4 4 4 4 4 4 4 4 3]
predicted label:tf.Tensor(
[ 2.4177971e+01  8.8759340e-02  2.5410641e-02  1.3489807e+01
  2.5457577e+01  1.6376996e+00  2.6630792e-01 -1.5001905e-01
  8.8115019e-01  1.0497774e+00  1.2139067e-02  7.9580373e-01
  1.4913287e+00  7.5971884e-01  1.4374896e+00  5.2785450e-01
  1.1284218e+00  2.0152512e-01  1.0104364e+00  4.5176768e-01
  1.2156178e+00  9.4959754e-01  6.5281886e-01  1.0517634e+00
  1.0485312e+00  6.9858170e-01  7.0991999e-01  4.6078524e-01
  5.0821877e-01 -5.6666535e-01  4.2605299e-01  2.3857355e+00
  3.9009988e-01  4.5791075e-01  1.3923279e+00  1.8834090e-01
  4.5822507e-01  8.8938469e-01  1.5542659e-01  4.1882187e-01
  1.9889725e+00  8.7531006e-01  1.6920314e+00  6.9457531e-01
  3.4401016e+00 -6.3939065e-02  7.1065623e-01 -8.4144473e-02
  1.0212374e-01  1.1698157e+00  1.2054265e+00  5.5267978e-01
  4.6265277e-01  1.5191132e+00  1.7958908e+00  6.7789698e-01
  1.6795652e+00  1.4933035e+00  1.7114770e+00  1.5158617e+00
  1.1090909e+00  1.3034155e+00  5.3507984e-01  1.2600429e+00
  6.6402115e-02], shape=(65,), dtype=float32)
rounded label:tf.Tensor(
[24.  0.  0. 13. 25.  2.  0. -0.  1.  1.  0.  1.  1.  1.  1.  1.  1.  0.
  1.  0.  1.  1.  1.  1.  1.  1.  1.  0.  1. -1.  0.  2.  0.  0.  1.  0.
  0.  1.  0.  0.  2.  1.  2.  1.  3. -0.  1. -0.  0.  1.  1.  1.  0.  2.
  2.  1.  2.  1.  2.  2.  1.  1.  1.  1.  0.], shape=(65,), dtype=float32)
predicted label rank:[7 2 2 6 8 4 2 2 3 3 2 3 3 3 3 3 3 2 3 2 3 3 3 3 3 3 3 2 3 1 2 4 2 2 3 2 2
 3 2 2 4 3 4 3 5 2 3 2 2 3 3 3 2 4 4 3 4 3 4 4 3 3 3 3 2]
mse:tf.Tensor(3302.3687, shape=(), dtype=float32)
-------
../benchmarks/LIA-lin-noInterval-trainData-datafold-mono-direction-layer-graph/test_data/metros_3_e3_1275_e2_454_000.smt2
true label:[18, 10, 10, 16, 10, 10, 10, 10, 44, 18, 10, 10, 9, 14, 7, 9, 7, 8, 6, 6, 10, 7, 13]
true label rank:[ 9  5  5  8  5  5  5  5 10  9  5  5  4  7  2  4  2  3  1  1  5  2  6]
predicted label:tf.Tensor(
[ 7.9257455   2.2324007   0.21067166  0.85473204  2.3324676   2.9537463
  0.5777736  -0.45400268  8.11768     4.794985    0.44131255  1.5236801
  2.3034601   0.30451834  2.7387311   1.6637752   0.8915233   0.8081664
  1.2311506   1.156852    2.0638747   1.4173605   2.701853  ], shape=(23,), dtype=float32)
rounded label:tf.Tensor(
[ 8.  2.  0.  1.  2.  3.  1. -0.  8.  5.  0.  2.  2.  0.  3.  2.  1.  1.
  1.  1.  2.  1.  3.], shape=(23,), dtype=float32)
predicted label rank:[6 3 1 2 3 4 2 1 6 5 1 3 3 1 4 3 2 2 2 2 3 2 4]
mse:tf.Tensor(132.97798, shape=(), dtype=float32)
-------
../benchmarks/LIA-lin-noInterval-trainData-datafold-mono-direction-layer-graph/test_data/chc-lia-lin-0115_000.smt2
true label:[44]
true label rank:[1]
predicted label:tf.Tensor([9.520815], shape=(1,), dtype=float32)
rounded label:tf.Tensor([10.], shape=(1,), dtype=float32)
predicted label rank:[1]
mse:tf.Tensor(1188.8143, shape=(), dtype=float32)
-------
../benchmarks/LIA-lin-noInterval-trainData-datafold-mono-direction-layer-graph/test_data/bouncy_two_counters_equality_000.smt2
true label:[3, 3]
true label rank:[1 1]
predicted label:tf.Tensor([0.21766904 0.06118708], shape=(2,), dtype=float32)
rounded label:tf.Tensor([0. 0.], shape=(2,), dtype=float32)
predicted label rank:[1 1]
mse:tf.Tensor(8.188993, shape=(), dtype=float32)
-------
../benchmarks/LIA-lin-noInterval-trainData-datafold-mono-direction-layer-graph/test_data/sum3_000.smt2
true label:[3]
true label rank:[1]
predicted label:tf.Tensor([0.20836869], shape=(1,), dtype=float32)
rounded label:tf.Tensor([0.], shape=(1,), dtype=float32)
predicted label rank:[1]
mse:tf.Tensor(7.793205, shape=(), dtype=float32)
-------
../benchmarks/LIA-lin-noInterval-trainData-datafold-mono-direction-layer-graph/test_data/underapprox_2-2.c-1_000.smt2
true label:[3]
true label rank:[1]
predicted label:tf.Tensor([0.20118716], shape=(1,), dtype=float32)
rounded label:tf.Tensor([0.], shape=(1,), dtype=float32)
predicted label rank:[1]
mse:tf.Tensor(7.8333535, shape=(), dtype=float32)
-------
../benchmarks/LIA-lin-noInterval-trainData-datafold-mono-direction-layer-graph/test_data/03.c_000.smt2
true label:[3, 3, 4]
true label rank:[1 1 2]
predicted label:tf.Tensor([0.19416577 0.07872936 0.06318456], shape=(3,), dtype=float32)
rounded label:tf.Tensor([0. 0. 0.], shape=(3,), dtype=float32)
predicted label rank:[1 1 1]
mse:tf.Tensor(10.635015, shape=(), dtype=float32)
-------
../benchmarks/LIA-lin-noInterval-trainData-datafold-mono-direction-layer-graph/test_data/loop__loop2_000.smt2
true label:[5]
true label rank:[1]
predicted label:tf.Tensor([0.9421266], shape=(1,), dtype=float32)
rounded label:tf.Tensor([1.], shape=(1,), dtype=float32)
predicted label rank:[1]
mse:tf.Tensor(16.466335, shape=(), dtype=float32)
-------
../benchmarks/LIA-lin-noInterval-trainData-datafold-mono-direction-layer-graph/test_data/minepump_spec1_product58_true-unreach-call.cil.c.flat_000.smt2
true label:[119, 17]
true label rank:[2 1]
predicted label:tf.Tensor([24.834023   0.6501814], shape=(2,), dtype=float32)
rounded label:tf.Tensor([25.  1.], shape=(2,), dtype=float32)
predicted label rank:[2 1]
mse:tf.Tensor(4567.274, shape=(), dtype=float32)
-------
../benchmarks/LIA-lin-noInterval-trainData-datafold-mono-direction-layer-graph/test_data/dillig01.c_000.smt2
true label:[20]
true label rank:[1]
predicted label:tf.Tensor([3.6700618], shape=(1,), dtype=float32)
rounded label:tf.Tensor([4.], shape=(1,), dtype=float32)
predicted label rank:[1]
mse:tf.Tensor(266.6669, shape=(), dtype=float32)
-------
../benchmarks/LIA-lin-noInterval-trainData-datafold-mono-direction-layer-graph/test_data/minepump_spec2_product58_true-unreach-call.cil.c.flat_000.smt2
true label:[145, 17]
true label rank:[2 1]
predicted label:tf.Tensor([30.733332    0.58271587], shape=(2,), dtype=float32)
rounded label:tf.Tensor([31.  1.], shape=(2,), dtype=float32)
predicted label rank:[2 1]
mse:tf.Tensor(6663.1997, shape=(), dtype=float32)
-------
../benchmarks/LIA-lin-noInterval-trainData-datafold-mono-direction-layer-graph/test_data/chc-lia-lin-0303_000.smt2
true label:[6, 5, 7, 44, 30, 4, 6, 7, 7, 4, 6, 26, 6, 5, 5, 4, 5, 6, 5, 3, 3, 4, 9, 6, 6, 5, 4, 5, 4, 3, 6, 4, 4, 4, 5, 5, 3, 7, 5, 3, 4]
true label rank:[4 3 5 9 8 2 4 5 5 2 4 7 4 3 3 2 3 4 3 1 1 2 6 4 4 3 2 3 2 1 4 2 2 2 3 3 1
 5 3 1 2]
predicted label:tf.Tensor(
[ 7.9669986   1.3798041  -0.09104595 11.122687    4.290832    0.13060033
  0.11508828  0.9271121   0.78189325  4.65431    -3.5192833  10.723774
  1.2957631   5.2027745  11.026155   -0.36478388 -2.114155    0.63617337
  3.201888   -1.5699286  -3.986939    5.846052    2.407934    2.6851697
  9.358068    0.7737465   2.4960704   3.3933597   5.196167    0.12089634
 -0.32686996  5.6015186   8.23599     3.3992472   3.4845195   4.707389
 -1.9000659   3.3301487  -6.2055597   1.600831    0.20195824], shape=(41,), dtype=float32)
rounded label:tf.Tensor(
[ 8.  1. -0. 11.  4.  0.  0.  1.  1.  5. -4. 11.  1.  5. 11. -0. -2.  1.
  3. -2. -4.  6.  2.  3.  9.  1.  2.  3.  5.  0. -0.  6.  8.  3.  3.  5.
 -2.  3. -6.  2.  0.], shape=(41,), dtype=float32)
predicted label rank:[11  5  4 13  8  4  4  5  5  9  2 13  5  9 13  4  3  5  7  3  2 10  6  7
 12  5  6  7  9  4  4 10 11  7  7  9  3  7  1  6  4]
mse:tf.Tensor(69.09284, shape=(), dtype=float32)
-------
../benchmarks/LIA-lin-noInterval-trainData-datafold-mono-direction-layer-graph/test_data/four1.smt2-0027_000.smt2
true label:[3, 4]
true label rank:[1 2]
predicted label:tf.Tensor([0.14199392 0.09610164], shape=(2,), dtype=float32)
rounded label:tf.Tensor([0. 0.], shape=(2,), dtype=float32)
predicted label rank:[1 1]
mse:tf.Tensor(11.704309, shape=(), dtype=float32)
-------
../benchmarks/LIA-lin-noInterval-trainData-datafold-mono-direction-layer-graph/test_data/bandec.smt2-0033_000.smt2
true label:[3]
true label rank:[1]
predicted label:tf.Tensor([0.24417478], shape=(1,), dtype=float32)
rounded label:tf.Tensor([0.], shape=(1,), dtype=float32)
predicted label rank:[1]
mse:tf.Tensor(7.594573, shape=(), dtype=float32)
-------
../benchmarks/LIA-lin-noInterval-trainData-datafold-mono-direction-layer-graph/test_data/SYNAPSE_3_e7_1444_e7_638_000.smt2
true label:[94, 8, 5, 4, 4, 3, 3, 4, 10, 26, 22]
true label rank:[8 4 3 2 2 1 1 2 5 7 6]
predicted label:tf.Tensor(
[25.014906    0.14316535  1.9588389   0.15119952  0.1816955   0.35017118
  0.07725652  0.06542847  0.5170021   1.2348967   5.6200104 ], shape=(11,), dtype=float32)
rounded label:tf.Tensor([25.  0.  2.  0.  0.  0.  0.  0.  1.  1.  6.], shape=(11,), dtype=float32)
predicted label rank:[5 1 3 1 1 1 1 1 2 2 4]
mse:tf.Tensor(532.9, shape=(), dtype=float32)
-------
../benchmarks/LIA-lin-noInterval-trainData-datafold-mono-direction-layer-graph/test_data/spline-fixed.smt2-0003_000.smt2
true label:[3]
true label rank:[1]
predicted label:tf.Tensor([0.24417478], shape=(1,), dtype=float32)
rounded label:tf.Tensor([0.], shape=(1,), dtype=float32)
predicted label rank:[1]
mse:tf.Tensor(7.594573, shape=(), dtype=float32)
-------
../benchmarks/LIA-lin-noInterval-trainData-datafold-mono-direction-layer-graph/test_data/21.c_000.smt2
true label:[7, 3, 5, 3]
true label rank:[3 1 2 1]
predicted label:tf.Tensor([0.86803496 0.14313173 0.31398672 0.07339877], shape=(4,), dtype=float32)
rounded label:tf.Tensor([1. 0. 0. 0.], shape=(4,), dtype=float32)
predicted label rank:[2 1 1 1]
mse:tf.Tensor(19.071602, shape=(), dtype=float32)
-------
../benchmarks/LIA-lin-noInterval-trainData-datafold-mono-direction-layer-graph/test_data/barthe2_merged_safe.c-1_000.smt2
true label:[6, 6]
true label rank:[1 1]
predicted label:tf.Tensor([0.8131915 0.2113176], shape=(2,), dtype=float32)
rounded label:tf.Tensor([1. 0.], shape=(2,), dtype=float32)
predicted label rank:[2 1]
mse:tf.Tensor(30.205914, shape=(), dtype=float32)
-------
../benchmarks/LIA-lin-noInterval-trainData-datafold-mono-direction-layer-graph/test_data/break_safe.c-1_000.smt2
true label:[5, 4, 3]
true label rank:[3 2 1]
predicted label:tf.Tensor([0.3126511  0.05011627 0.06482653], shape=(3,), dtype=float32)
rounded label:tf.Tensor([0. 0. 0.], shape=(3,), dtype=float32)
predicted label rank:[1 1 1]
mse:tf.Tensor(15.396022, shape=(), dtype=float32)
-------
../benchmarks/LIA-lin-noInterval-trainData-datafold-mono-direction-layer-graph/test_data/02.c_000.smt2
true label:[6, 5, 4, 3]
true label rank:[4 3 2 1]
predicted label:tf.Tensor([ 0.931563   -0.05325156  0.05491234  0.03218173], shape=(4,), dtype=float32)
rounded label:tf.Tensor([ 1. -0.  0.  0.], shape=(4,), dtype=float32)
predicted label rank:[2 1 1 1]
mse:tf.Tensor(18.899017, shape=(), dtype=float32)
-------
../benchmarks/LIA-lin-noInterval-trainData-datafold-mono-direction-layer-graph/test_data/apache-get-tag.i.p+nlh-reducer.c-1_000.smt2
true label:[63, 6, 6, 10, 64, 14]
true label rank:[4 1 1 2 5 3]
predicted label:tf.Tensor([6.0875673  0.11611639 0.08488181 0.3941677  8.494447   1.296057  ], shape=(6,), dtype=float32)
rounded label:tf.Tensor([6. 0. 0. 0. 8. 1.], shape=(6,), dtype=float32)
predicted label rank:[3 1 1 1 4 2]
mse:tf.Tensor(1107.1937, shape=(), dtype=float32)
-------
../benchmarks/LIA-lin-noInterval-trainData-datafold-mono-direction-layer-graph/test_data/bandec.smt2-0260_000.smt2
true label:[3, 4, 4]
true label rank:[1 2 2]
predicted label:tf.Tensor([0.33108288 0.38728374 0.07811526], shape=(3,), dtype=float32)
rounded label:tf.Tensor([0. 0. 0.], shape=(3,), dtype=float32)
predicted label rank:[1 1 1]
mse:tf.Tensor(11.852005, shape=(), dtype=float32)
-------
../benchmarks/LIA-lin-noInterval-trainData-datafold-mono-direction-layer-graph/test_data/heapsort_true-unreach-call.c.flat_000.smt2
true label:[8, 6, 23, 30, 38]
true label rank:[2 1 3 4 5]
predicted label:tf.Tensor([0.549597   0.16132054 0.00650764 0.5709255  1.8492708 ], shape=(5,), dtype=float32)
rounded label:tf.Tensor([1. 0. 0. 1. 2.], shape=(5,), dtype=float32)
predicted label rank:[2 1 1 2 3]
mse:tf.Tensor(558.249, shape=(), dtype=float32)
-------
../benchmarks/LIA-lin-noInterval-trainData-datafold-mono-direction-layer-graph/test_data/apache-get-tag.i.v+nlh-reducer.c-1_000.smt2
true label:[5, 6, 6, 10, 14]
true label rank:[1 2 2 3 4]
predicted label:tf.Tensor([0.10746803 0.11554086 0.10185662 0.24204619 0.39497054], shape=(5,), dtype=float32)
rounded label:tf.Tensor([0. 0. 0. 0. 0.], shape=(5,), dtype=float32)
predicted label rank:[1 1 1 1 1]
mse:tf.Tensor(74.73326, shape=(), dtype=float32)
-------
../benchmarks/LIA-lin-noInterval-trainData-datafold-mono-direction-layer-graph/test_data/reverse_ret_unsafe.c_000.smt2
true label:[3, 3, 3, 3, 3, 3, 3, 3, 3]
true label rank:[1 1 1 1 1 1 1 1 1]
predicted label:tf.Tensor(
[11.708175    5.8099284  10.244436   19.607077   22.75271     2.248034
  0.28515726  1.4176905   0.9373424 ], shape=(9,), dtype=float32)
rounded label:tf.Tensor([12.  6. 10. 20. 23.  2.  0.  1.  1.], shape=(9,), dtype=float32)
predicted label rank:[6 4 5 7 8 3 1 2 2]
mse:tf.Tensor(90.76316, shape=(), dtype=float32)
-------
../benchmarks/LIA-lin-noInterval-trainData-datafold-mono-direction-layer-graph/test_data/nest-if3_true-unreach-call.c.flat_000.smt2
true label:[6, 5]
true label rank:[2 1]
predicted label:tf.Tensor([0.52964944 0.06545658], shape=(2,), dtype=float32)
rounded label:tf.Tensor([1. 0.], shape=(2,), dtype=float32)
predicted label rank:[2 1]
mse:tf.Tensor(27.13723, shape=(), dtype=float32)
-------
../benchmarks/LIA-lin-noInterval-trainData-datafold-mono-direction-layer-graph/test_data/apache-get-tag.i.v+lhb-reducer.c-1_000.smt2
true label:[11, 6, 8, 15]
true label rank:[3 1 2 4]
predicted label:tf.Tensor([ 0.7698565   0.0572882   0.01848816 -0.04809134], shape=(4,), dtype=float32)
rounded label:tf.Tensor([ 1.  0.  0. -0.], shape=(4,), dtype=float32)
predicted label rank:[2 1 1 1]
mse:tf.Tensor(107.53031, shape=(), dtype=float32)
-------
../benchmarks/LIA-lin-noInterval-trainData-datafold-mono-direction-layer-graph/test_data/28.c_000.smt2
true label:[5, 3, 6, 3, 3]
true label rank:[2 1 3 1 1]
predicted label:tf.Tensor([0.33095232 0.08176968 0.18108825 0.01926432 0.02727135], shape=(5,), dtype=float32)
rounded label:tf.Tensor([0. 0. 0. 0. 0.], shape=(5,), dtype=float32)
predicted label rank:[1 1 1 1 1]
mse:tf.Tensor(16.379541, shape=(), dtype=float32)
-------
../benchmarks/LIA-lin-noInterval-trainData-datafold-mono-direction-layer-graph/test_data/stalmark_000.smt2
true label:[10]
true label rank:[1]
predicted label:tf.Tensor([1.4667628], shape=(1,), dtype=float32)
rounded label:tf.Tensor([1.], shape=(1,), dtype=float32)
predicted label rank:[1]
mse:tf.Tensor(72.81614, shape=(), dtype=float32)
-------
../benchmarks/LIA-lin-noInterval-trainData-datafold-mono-direction-layer-graph/test_data/bouncy_one_counter_000.smt2
true label:[3, 4]
true label rank:[1 2]
predicted label:tf.Tensor([0.3255059  0.05520725], shape=(2,), dtype=float32)
rounded label:tf.Tensor([0. 0.], shape=(2,), dtype=float32)
predicted label rank:[1 1]
mse:tf.Tensor(11.357154, shape=(), dtype=float32)
-------
../benchmarks/LIA-lin-noInterval-trainData-datafold-mono-direction-layer-graph/test_data/diamond_1-1.c-1_000.smt2
true label:[4]
true label rank:[1]
predicted label:tf.Tensor([0.3396131], shape=(1,), dtype=float32)
rounded label:tf.Tensor([0.], shape=(1,), dtype=float32)
predicted label rank:[1]
mse:tf.Tensor(13.398432, shape=(), dtype=float32)
-------
../benchmarks/LIA-lin-noInterval-trainData-datafold-mono-direction-layer-graph/test_data/bandec.smt2-0238_000.smt2
true label:[3, 4, 4, 4]
true label rank:[1 2 2 2]
predicted label:tf.Tensor([0.22859937 0.10799712 0.05355111 0.02795245], shape=(4,), dtype=float32)
rounded label:tf.Tensor([0. 0. 0. 0.], shape=(4,), dtype=float32)
predicted label rank:[1 1 1 1]
mse:tf.Tensor(13.5449915, shape=(), dtype=float32)
-------
../benchmarks/LIA-lin-noInterval-trainData-datafold-mono-direction-layer-graph/test_data/four1.smt2-0044_000.smt2
true label:[3, 4]
true label rank:[1 2]
predicted label:tf.Tensor([0.3808929  0.09256031], shape=(2,), dtype=float32)
rounded label:tf.Tensor([0. 0.], shape=(2,), dtype=float32)
predicted label rank:[1 1]
mse:tf.Tensor(11.063904, shape=(), dtype=float32)
-------
../benchmarks/LIA-lin-noInterval-trainData-datafold-mono-direction-layer-graph/test_data/NetBSD_glob3_iny.c_000.smt2
true label:[101]
true label rank:[1]
predicted label:tf.Tensor([22.32786], shape=(1,), dtype=float32)
rounded label:tf.Tensor([22.], shape=(1,), dtype=float32)
predicted label rank:[1]
mse:tf.Tensor(6189.306, shape=(), dtype=float32)
-------
../benchmarks/LIA-lin-noInterval-trainData-datafold-mono-direction-layer-graph/test_data/chc-lia-lin-0002_000.smt2
true label:[3]
true label rank:[1]
predicted label:tf.Tensor([0.20836869], shape=(1,), dtype=float32)
rounded label:tf.Tensor([0.], shape=(1,), dtype=float32)
predicted label rank:[1]
mse:tf.Tensor(7.793205, shape=(), dtype=float32)
-------
../benchmarks/LIA-lin-noInterval-trainData-datafold-mono-direction-layer-graph/test_data/metros_1_e8_725_e3_556_000.smt2
true label:[30, 11, 11, 17, 17, 8, 8, 8, 8, 8, 8, 8, 8, 64, 44, 16, 8, 12, 16, 8, 8, 8, 5, 29, 22, 17, 11, 10, 10, 7, 5]
true label rank:[11  5  5  8  8  3  3  3  3  3  3  3  3 13 12  7  3  6  7  3  3  3  1 10
  9  8  5  4  4  2  1]
predicted label:tf.Tensor(
[ 8.511627    0.8889647   1.993604    2.1064706   4.202572    1.6937282
  0.14807682 -0.05211842 -0.03433424  1.1585128   0.5398506   1.766339
  1.3460896   9.012012    6.415857    1.8873765   1.4834201   0.8172921
  2.4318895   1.1665299   2.3394907   2.4036696   0.5210802   3.5725217
  1.3516605  -0.05541134  1.2396394   2.5788608   1.599695    0.33367658
 -0.23599902], shape=(31,), dtype=float32)
rounded label:tf.Tensor(
[ 9.  1.  2.  2.  4.  2.  0. -0. -0.  1.  1.  2.  1.  9.  6.  2.  1.  1.
  2.  1.  2.  2.  1.  4.  1. -0.  1.  3.  2.  0. -0.], shape=(31,), dtype=float32)
predicted label rank:[7 2 3 3 5 3 1 1 1 2 2 3 2 7 6 3 2 2 3 2 3 3 2 5 2 1 2 4 3 1 1]
mse:tf.Tensor(265.18677, shape=(), dtype=float32)
-------
../benchmarks/LIA-lin-noInterval-trainData-datafold-mono-direction-layer-graph/test_data/bandec.smt2-0181_000.smt2
true label:[3, 4, 4]
true label rank:[1 2 2]
predicted label:tf.Tensor([0.44371706 0.10008872 0.12263677], shape=(3,), dtype=float32)
rounded label:tf.Tensor([0. 0. 0.], shape=(3,), dtype=float32)
predicted label rank:[1 1 1]
mse:tf.Tensor(12.259278, shape=(), dtype=float32)
-------
../benchmarks/LIA-lin-noInterval-trainData-datafold-mono-direction-layer-graph/test_data/metros_4_e3_1091_e2_1317_000.smt2
true label:[18, 10, 10, 16, 10, 10, 10, 10, 44, 18, 10, 10, 9, 14, 7, 9, 7, 8, 6, 6, 10, 7, 13]
true label rank:[ 9  5  5  8  5  5  5  5 10  9  5  5  4  7  2  4  2  3  1  1  5  2  6]
predicted label:tf.Tensor(
[ 7.9257455   2.2324007   0.21067166  0.85473204  2.3324676   2.9537463
  0.5777736  -0.45400268  8.11768     4.794985    0.44131255  1.5236801
  2.3034601   0.30451834  2.7387311   1.6637752   0.8915233   0.8081664
  1.2311506   1.156852    2.0638747   1.4173605   2.701853  ], shape=(23,), dtype=float32)
rounded label:tf.Tensor(
[ 8.  2.  0.  1.  2.  3.  1. -0.  8.  5.  0.  2.  2.  0.  3.  2.  1.  1.
  1.  1.  2.  1.  3.], shape=(23,), dtype=float32)
predicted label rank:[6 3 1 2 3 4 2 1 6 5 1 3 3 1 4 3 2 2 2 2 3 2 4]
mse:tf.Tensor(132.97798, shape=(), dtype=float32)
-------
../benchmarks/LIA-lin-noInterval-trainData-datafold-mono-direction-layer-graph/test_data/metros_4_e3_1091_e3_522_000.smt2
true label:[18, 10, 10, 16, 10, 10, 10, 10, 44, 18, 10, 10, 9, 14, 7, 9, 7, 8, 6, 6, 10, 7, 13]
true label rank:[ 9  5  5  8  5  5  5  5 10  9  5  5  4  7  2  4  2  3  1  1  5  2  6]
predicted label:tf.Tensor(
[ 9.514959    2.1080763   1.1462802   1.6074011   2.2188625   3.0165744
  1.0580621  -0.26195917  7.9650574   3.8838363   0.68385035  1.1975636
  1.8568223   0.6885878   2.5119023   2.2505147   1.7224269   0.72074413
  1.263361    0.8410909  -0.5402217   2.036624    2.0789661 ], shape=(23,), dtype=float32)
rounded label:tf.Tensor(
[10.  2.  1.  2.  2.  3.  1. -0.  8.  4.  1.  1.  2.  1.  3.  2.  2.  1.
  1.  1. -1.  2.  2.], shape=(23,), dtype=float32)
predicted label rank:[8 4 3 4 4 5 3 2 7 6 3 3 4 3 5 4 4 3 3 3 1 4 4]
mse:tf.Tensor(132.83734, shape=(), dtype=float32)
-------
../benchmarks/LIA-lin-noInterval-trainData-datafold-mono-direction-layer-graph/test_data/const_1-1.c-1_000.smt2
true label:[3]
true label rank:[1]
predicted label:tf.Tensor([0.20118716], shape=(1,), dtype=float32)
rounded label:tf.Tensor([0.], shape=(1,), dtype=float32)
predicted label rank:[1]
mse:tf.Tensor(7.8333535, shape=(), dtype=float32)
-------
../benchmarks/LIA-lin-noInterval-trainData-datafold-mono-direction-layer-graph/test_data/SYNAPSE_6_e3_1666_e5_1558_000.smt2
true label:[130, 11, 11, 4, 4, 3, 3, 4, 8, 14, 14, 9]
true label rank:[7 5 5 2 2 1 1 2 3 6 6 4]
predicted label:tf.Tensor(
[2.6545185e+01 1.0360755e+00 1.5859079e+00 1.2064296e-01 3.0786210e-01
 1.1564028e-01 1.5774265e-02 8.0359951e-03 8.4895873e-01 2.5324185e+00
 8.5402322e-01 2.4874849e+00], shape=(12,), dtype=float32)
rounded label:tf.Tensor([27.  1.  2.  0.  0.  0.  0.  0.  1.  3.  1.  2.], shape=(12,), dtype=float32)
predicted label rank:[5 2 3 1 1 1 1 1 2 4 2 3]
mse:tf.Tensor(945.8765, shape=(), dtype=float32)
-------
../benchmarks/LIA-lin-noInterval-trainData-datafold-mono-direction-layer-graph/test_data/inductive5_000.smt2
true label:[5]
true label rank:[1]
predicted label:tf.Tensor([0.41865477], shape=(1,), dtype=float32)
rounded label:tf.Tensor([0.], shape=(1,), dtype=float32)
predicted label rank:[1]
mse:tf.Tensor(20.988722, shape=(), dtype=float32)
-------
../benchmarks/LIA-lin-noInterval-trainData-datafold-mono-direction-layer-graph/test_data/nest-if1.c_000.smt2
true label:[37]
true label rank:[1]
predicted label:tf.Tensor([7.079113], shape=(1,), dtype=float32)
rounded label:tf.Tensor([7.], shape=(1,), dtype=float32)
predicted label rank:[1]
mse:tf.Tensor(895.25946, shape=(), dtype=float32)
-------
../benchmarks/LIA-lin-noInterval-trainData-datafold-mono-direction-layer-graph/test_data/chc-lia-lin-0140_000.smt2
true label:[7, 5, 3, 3, 6, 3, 7, 5, 6, 3]
true label rank:[4 2 1 1 3 1 4 2 3 1]
predicted label:tf.Tensor(
[1.4430296  0.15230921 0.37071377 0.10191684 0.35095844 0.10558835
 0.2395956  0.02789748 0.21715228 0.01905171], shape=(10,), dtype=float32)
rounded label:tf.Tensor([1. 0. 0. 0. 0. 0. 0. 0. 0. 0.], shape=(10,), dtype=float32)
predicted label rank:[2 1 1 1 1 1 1 1 1 1]
mse:tf.Tensor(22.27336, shape=(), dtype=float32)
-------
../benchmarks/LIA-lin-noInterval-trainData-datafold-mono-direction-layer-graph/test_data/counter.correct.nts_000.smt2
true label:[5, 4, 6, 6, 3]
true label rank:[3 2 4 4 1]
predicted label:tf.Tensor([0.019617   0.05308972 0.1989289  0.02537741 0.01651012], shape=(5,), dtype=float32)
rounded label:tf.Tensor([0. 0. 0. 0. 0.], shape=(5,), dtype=float32)
predicted label rank:[1 1 1 1 1]
mse:tf.Tensor(23.726416, shape=(), dtype=float32)
-------
../benchmarks/LIA-lin-noInterval-trainData-datafold-mono-direction-layer-graph/test_data/test_locks_8.c-1_000.smt2
true label:[5, 7, 7, 5, 5, 5, 5, 5, 8, 8, 9, 5, 8]
true label rank:[1 2 2 1 1 1 1 1 3 3 4 1 3]
predicted label:tf.Tensor(
[ 2.2246218   0.25922394  0.0891853   0.11965069  0.73169076  0.569368
 -0.05614821  0.04195434  0.55257505  0.4790612   0.24272674  1.1392667
  1.2702767 ], shape=(13,), dtype=float32)
rounded label:tf.Tensor([ 2.  0.  0.  0.  1.  1. -0.  0.  1.  0.  0.  1.  1.], shape=(13,), dtype=float32)
predicted label rank:[3 1 1 1 2 2 1 1 2 1 1 2 2]
mse:tf.Tensor(35.509747, shape=(), dtype=float32)
-------
../benchmarks/LIA-lin-noInterval-trainData-datafold-mono-direction-layer-graph/test_data/loop__loop_000.smt2
true label:[5]
true label rank:[1]
predicted label:tf.Tensor([0.9421266], shape=(1,), dtype=float32)
rounded label:tf.Tensor([1.], shape=(1,), dtype=float32)
predicted label rank:[1]
mse:tf.Tensor(16.466335, shape=(), dtype=float32)
-------
../benchmarks/LIA-lin-noInterval-trainData-datafold-mono-direction-layer-graph/test_data/bandec.smt2-0036_000.smt2
true label:[3, 4, 4]
true label rank:[1 2 2]
predicted label:tf.Tensor([0.12456053 0.56208324 0.495652  ], shape=(3,), dtype=float32)
rounded label:tf.Tensor([0. 1. 0.], shape=(3,), dtype=float32)
predicted label rank:[1 2 1]
mse:tf.Tensor(10.789294, shape=(), dtype=float32)
-------
../benchmarks/LIA-lin-noInterval-trainData-datafold-mono-direction-layer-graph/test_data/bandec.smt2-0157_000.smt2
true label:[3]
true label rank:[1]
predicted label:tf.Tensor([0.36089772], shape=(1,), dtype=float32)
rounded label:tf.Tensor([0.], shape=(1,), dtype=float32)
predicted label rank:[1]
mse:tf.Tensor(6.9648604, shape=(), dtype=float32)
-------
../benchmarks/LIA-lin-noInterval-trainData-datafold-mono-direction-layer-graph/test_data/PRODUCER_CONSUMER_3_000.smt2
true label:[69, 44, 12, 12, 5, 5, 5, 5, 8, 14, 7, 7, 27]
true label rank:[8 7 4 4 1 1 1 1 3 5 2 2 6]
predicted label:tf.Tensor(
[ 9.246015    2.4632215   0.43364382  0.6058411   0.71880484  0.4961586
 -0.13142711  0.31988668  0.11902356  0.53799146  1.3799827   2.0639231
  6.6423116 ], shape=(13,), dtype=float32)
rounded label:tf.Tensor([ 9.  2.  0.  1.  1.  0. -0.  0.  0.  1.  1.  2.  7.], shape=(13,), dtype=float32)
predicted label rank:[5 3 1 2 2 1 1 1 1 2 2 3 4]
mse:tf.Tensor(489.2322, shape=(), dtype=float32)
-------
../benchmarks/LIA-lin-noInterval-trainData-datafold-mono-direction-layer-graph/test_data/chc-lia-lin-0276_000.smt2
true label:[275, 6, 5, 183, 5, 7, 6, 7, 7, 5, 7, 5, 7, 5, 75, 14, 14, 14, 14, 14, 14, 14, 14, 14, 14, 14, 14, 14, 14, 14, 14, 14, 14, 14, 14, 14, 14, 14, 14, 14, 14, 14, 14, 14, 14, 16, 14, 14, 14, 14, 14, 14, 14, 14, 14, 14, 14, 14, 14, 14, 14, 14, 14, 14, 14, 14, 14, 14, 14, 14, 14, 14, 14, 14, 9]
true label rank:[9 2 1 8 1 3 2 3 3 1 3 1 3 1 7 5 5 5 5 5 5 5 5 5 5 5 5 5 5 5 5 5 5 5 5 5 5
 5 5 5 5 5 5 5 5 6 5 5 5 5 5 5 5 5 5 5 5 5 5 5 5 5 5 5 5 5 5 5 5 5 5 5 5 5
 4]
predicted label:tf.Tensor(
[ 2.0884457e+01  6.7632556e-02 -8.7989181e-02  1.5262226e+01
  2.5450876e-01  6.0807562e-01 -7.8034252e-02  1.1956763e-01
  2.7882877e-01  4.0004551e-01  6.2031364e-01  4.8182428e-02
 -2.9238892e-01  1.9693258e-01  8.4261551e+00  6.0314924e-01
  1.8154325e+00  3.7770987e-01  1.0075206e+00  9.3828118e-01
  1.0716403e+00  8.0530500e-01  8.4196746e-01  4.4363952e-01
  6.1950934e-01  6.2420034e-01  3.9410043e-01  9.0372419e-01
  6.4471149e-01  6.3631356e-02  3.3454597e-01  1.6661165e+00
  2.0470801e-01  1.0368346e+00 -9.3363680e-02  8.3145332e-01
 -7.6969378e-02  6.9888198e-01  8.5298121e-02  1.3270646e-02
  1.2512627e+00  7.9105771e-01  7.5716472e-01  1.3693631e-01
  1.7238086e+00  4.5242071e-02  2.9317325e-01  3.1033158e-03
 -2.3805311e-01  7.9369676e-01  7.1311343e-01  4.8867589e-01
  1.6921696e-01  1.0262486e+00  8.6570603e-01  4.0119511e-01
  7.2188973e-01  1.0438702e+00  1.4364235e+00  1.5980468e+00
  8.3693379e-01  1.0966456e+00  2.8805432e-01  1.7453270e+00
  1.1433306e+00  6.8480545e-01  1.6436146e+00  1.1101872e-01
  1.0803504e+00  1.6940391e+00  8.0029374e-01  8.0851591e-01
  1.0893413e+00  1.4388056e+00  2.9544485e-01], shape=(75,), dtype=float32)
rounded label:tf.Tensor(
[21.  0. -0. 15.  0.  1. -0.  0.  0.  0.  1.  0. -0.  0.  8.  1.  2.  0.
  1.  1.  1.  1.  1.  0.  1.  1.  0.  1.  1.  0.  0.  2.  0.  1. -0.  1.
 -0.  1.  0.  0.  1.  1.  1.  0.  2.  0.  0.  0. -0.  1.  1.  0.  0.  1.
  1.  0.  1.  1.  1.  2.  1.  1.  0.  2.  1.  1.  2.  0.  1.  2.  1.  1.
  1.  1.  0.], shape=(75,), dtype=float32)
predicted label rank:[6 1 1 5 1 2 1 1 1 1 2 1 1 1 4 2 3 1 2 2 2 2 2 1 2 2 1 2 2 1 1 3 1 2 1 2 1
 2 1 1 2 2 2 1 3 1 1 1 1 2 2 1 1 2 2 1 2 2 2 3 2 2 1 3 2 2 3 1 2 3 2 2 2 2
 1]
mse:tf.Tensor(1440.8905, shape=(), dtype=float32)
-------
../benchmarks/LIA-lin-noInterval-trainData-datafold-mono-direction-layer-graph/test_data/test_locks_10.c-1_000.smt2
true label:[8, 8, 5, 5, 8, 7, 5, 7, 5, 5, 5, 8, 5, 5, 5, 11]
true label rank:[3 3 1 1 3 2 1 2 1 1 1 3 1 1 1 4]
predicted label:tf.Tensor(
[ 3.0638638  -0.08725572  1.1806451  -0.09751375  0.9471741   1.4478909
 -0.20936415 -0.04032218  0.07035899  1.351828    0.09277278  0.9822011
  1.2556252   0.6516229   2.5190148   0.38426247], shape=(16,), dtype=float32)
rounded label:tf.Tensor([ 3. -0.  1. -0.  1.  1. -0. -0.  0.  1.  0.  1.  1.  1.  3.  0.], shape=(16,), dtype=float32)
predicted label rank:[3 1 2 1 2 2 1 1 1 2 1 2 2 2 3 1]
mse:tf.Tensor(34.395744, shape=(), dtype=float32)
-------
../benchmarks/LIA-lin-noInterval-trainData-datafold-mono-direction-layer-graph/test_data/amebsa.smt2-0078_000.smt2
true label:[4, 6, 5, 5, 6, 5]
true label rank:[1 3 2 2 3 2]
predicted label:tf.Tensor([1.2033086 1.2519418 3.2187788 1.7355642 3.3792324 1.8839102], shape=(6,), dtype=float32)
rounded label:tf.Tensor([1. 1. 3. 2. 3. 2.], shape=(6,), dtype=float32)
predicted label rank:[1 1 3 2 3 2]
mse:tf.Tensor(10.128878, shape=(), dtype=float32)
-------
../benchmarks/LIA-lin-noInterval-trainData-datafold-mono-direction-layer-graph/test_data/jm2006_true-unreach-call.c.flat_000.smt2
true label:[3]
true label rank:[1]
predicted label:tf.Tensor([0.4564908], shape=(1,), dtype=float32)
rounded label:tf.Tensor([0.], shape=(1,), dtype=float32)
predicted label rank:[1]
mse:tf.Tensor(6.4694395, shape=(), dtype=float32)
-------
../benchmarks/LIA-lin-noInterval-trainData-datafold-mono-direction-layer-graph/test_data/002-horn_000.smt2
true label:[7, 4, 5, 3]
true label rank:[4 2 3 1]
predicted label:tf.Tensor([0.97378653 0.08810483 0.13079786 0.01458274], shape=(4,), dtype=float32)
rounded label:tf.Tensor([1. 0. 0. 0.], shape=(4,), dtype=float32)
predicted label rank:[2 1 1 1]
mse:tf.Tensor(21.060005, shape=(), dtype=float32)
-------
../benchmarks/LIA-lin-noInterval-trainData-datafold-mono-direction-layer-graph/test_data/chc-lia-lin-0016_000.smt2
true label:[10]
true label rank:[1]
predicted label:tf.Tensor([1.3063058], shape=(1,), dtype=float32)
rounded label:tf.Tensor([1.], shape=(1,), dtype=float32)
predicted label rank:[1]
mse:tf.Tensor(75.580315, shape=(), dtype=float32)
-------
../benchmarks/LIA-lin-noInterval-trainData-datafold-mono-direction-layer-graph/test_data/MOESI_2_e8_926_e8_2138_000.smt2
true label:[175, 46, 4, 4, 12, 3, 3, 3, 3, 4, 4, 8, 4, 4, 6, 6, 4, 4, 4, 4, 12, 18, 7, 6, 5, 8, 8]
true label rank:[10  9  2  2  7  1  1  1  1  2  2  6  2  2  4  4  2  2  2  2  7  8  5  4
  3  6  6]
predicted label:tf.Tensor(
[28.790709    2.430891    0.9798541   0.7523203   1.4923997   0.36744654
 -0.11707363  0.23097719  0.10215728  0.7376307   0.15321279  1.9180288
  0.6139978   1.1757095   4.3647923   1.3655658  -0.71284366  0.72681475
  0.5512965   0.04985237  0.7140045   5.9246016   1.8076248   3.3536296
  5.996047    1.0773139   5.6896396 ], shape=(27,), dtype=float32)
rounded label:tf.Tensor(
[29.  2.  1.  1.  1.  0. -0.  0.  0.  1.  0.  2.  1.  1.  4.  1. -1.  1.
  1.  0.  1.  6.  2.  3.  6.  1.  6.], shape=(27,), dtype=float32)
predicted label rank:[8 4 3 3 3 2 2 2 2 3 2 4 3 3 6 3 1 3 3 2 3 7 4 5 7 3 7]
mse:tf.Tensor(887.63214, shape=(), dtype=float32)
-------
../benchmarks/LIA-lin-noInterval-trainData-datafold-mono-direction-layer-graph/test_data/minepump_spec5_product59_true-unreach-call.cil.c.flat_000.smt2
true label:[262, 9]
true label rank:[2 1]
predicted label:tf.Tensor([54.605133    0.06616998], shape=(2,), dtype=float32)
rounded label:tf.Tensor([55.  0.], shape=(2,), dtype=float32)
predicted label rank:[2 1]
mse:tf.Tensor(21546.22, shape=(), dtype=float32)
-------
../benchmarks/LIA-lin-noInterval-trainData-datafold-mono-direction-layer-graph/test_data/SpamAssassin-loop.i.v+cfa-reducer.c-1_000.smt2
true label:[12, 7, 11]
true label rank:[3 1 2]
predicted label:tf.Tensor([1.2290175  0.1033145  0.20300183], shape=(3,), dtype=float32)
rounded label:tf.Tensor([1. 0. 0.], shape=(3,), dtype=float32)
predicted label rank:[2 1 1]
mse:tf.Tensor(93.3845, shape=(), dtype=float32)
-------
../benchmarks/LIA-lin-noInterval-trainData-datafold-mono-direction-layer-graph/test_data/013b-horn_000.smt2
true label:[7, 6, 5, 6]
true label rank:[3 2 1 2]
predicted label:tf.Tensor([ 0.62099725  0.17802942  0.07912833 -0.07011719], shape=(4,), dtype=float32)
rounded label:tf.Tensor([ 1.  0.  0. -0.], shape=(4,), dtype=float32)
predicted label rank:[2 1 1 1]
mse:tf.Tensor(33.91208, shape=(), dtype=float32)
-------
../benchmarks/LIA-lin-noInterval-trainData-datafold-mono-direction-layer-graph/test_data/barthe2-big2_merged_safe.c-1_000.smt2
true label:[3, 7, 8]
true label rank:[1 2 3]
predicted label:tf.Tensor([0.12726723 0.1459626  0.39335802], shape=(3,), dtype=float32)
rounded label:tf.Tensor([0. 0. 0.], shape=(3,), dtype=float32)
predicted label rank:[1 1 1]
mse:tf.Tensor(37.69714, shape=(), dtype=float32)
-------
../benchmarks/LIA-lin-noInterval-trainData-datafold-mono-direction-layer-graph/test_data/bandec.smt2-0188_000.smt2
true label:[3, 4, 4]
true label rank:[1 2 2]
predicted label:tf.Tensor([0.15979633 0.21688245 0.17866254], shape=(3,), dtype=float32)
rounded label:tf.Tensor([0. 0. 0.], shape=(3,), dtype=float32)
predicted label rank:[1 1 1]
mse:tf.Tensor(12.327118, shape=(), dtype=float32)
-------
../benchmarks/LIA-lin-noInterval-trainData-datafold-mono-direction-layer-graph/test_data/count_by_2_m_nest_000.smt2
true label:[4, 3]
true label rank:[2 1]
predicted label:tf.Tensor([0.06321301 0.09897324], shape=(2,), dtype=float32)
rounded label:tf.Tensor([0. 0.], shape=(2,), dtype=float32)
predicted label rank:[1 1]
mse:tf.Tensor(11.957124, shape=(), dtype=float32)
-------
../benchmarks/LIA-lin-noInterval-trainData-datafold-mono-direction-layer-graph/test_data/16.c_000.smt2
true label:[6, 3, 3]
true label rank:[2 1 1]
predicted label:tf.Tensor([0.75920653 0.15179543 0.00414013], shape=(3,), dtype=float32)
rounded label:tf.Tensor([1. 0. 0.], shape=(3,), dtype=float32)
predicted label rank:[2 1 1]
mse:tf.Tensor(14.85112, shape=(), dtype=float32)
-------
../benchmarks/LIA-lin-noInterval-trainData-datafold-mono-direction-layer-graph/test_data/bandec.smt2-0159_000.smt2
true label:[3, 4, 4, 4]
true label rank:[1 2 2 2]
predicted label:tf.Tensor([0.32439435 0.3717244  0.02422281 0.0550895 ], shape=(4,), dtype=float32)
rounded label:tf.Tensor([0. 0. 0. 0.], shape=(4,), dtype=float32)
predicted label rank:[1 1 1 1]
mse:tf.Tensor(12.923094, shape=(), dtype=float32)
-------
../benchmarks/LIA-lin-noInterval-trainData-datafold-mono-direction-layer-graph/test_data/SYNAPSE_123_e8_953_e7_1465_000.smt2
true label:[153, 40, 6, 6, 6, 6, 6, 6, 6, 4, 10, 14, 26, 16, 7, 5]
true label rank:[10  9  3  3  3  3  3  3  3  1  5  6  8  7  4  2]
predicted label:tf.Tensor(
[23.315935    3.8798919   0.2284324   0.37556693  0.07082361  0.25477046
 -0.25000206  0.43970373  0.11740792  1.0527802   0.16161683  2.3006892
  5.874727    3.7651982   5.642313    0.9491075 ], shape=(16,), dtype=float32)
rounded label:tf.Tensor([23.  4.  0.  0.  0.  0. -0.  0.  0.  1.  0.  2.  6.  4.  6.  1.], shape=(16,), dtype=float32)
predicted label rank:[6 4 1 1 1 1 1 1 1 2 1 3 5 4 5 2]
mse:tf.Tensor(1198.4772, shape=(), dtype=float32)
-------
../benchmarks/LIA-lin-noInterval-trainData-datafold-mono-direction-layer-graph/test_data/loop__upcount_000.smt2
true label:[5]
true label rank:[1]
predicted label:tf.Tensor([0.6979016], shape=(1,), dtype=float32)
rounded label:tf.Tensor([1.], shape=(1,), dtype=float32)
predicted label rank:[1]
mse:tf.Tensor(18.508049, shape=(), dtype=float32)
-------
../benchmarks/LIA-lin-noInterval-trainData-datafold-mono-direction-layer-graph/test_data/while_after_while_if_merged_safe.c-1_000.smt2
true label:[4, 3, 4, 3]
true label rank:[2 1 2 1]
predicted label:tf.Tensor([0.6694649  0.13439967 0.19579083 0.11159444], shape=(4,), dtype=float32)
rounded label:tf.Tensor([1. 0. 0. 0.], shape=(4,), dtype=float32)
predicted label rank:[2 1 1 1]
mse:tf.Tensor(10.529757, shape=(), dtype=float32)
-------
../benchmarks/LIA-lin-noInterval-trainData-datafold-mono-direction-layer-graph/test_data/PRODUCER_CONSUMER_all_000.smt2
true label:[91, 50, 41, 12, 12, 5, 5, 5, 5, 8, 12, 12, 84]
true label rank:[7 5 4 3 3 1 1 1 1 2 3 3 6]
predicted label:tf.Tensor(
[13.99557     2.5512471  -0.24791265  0.6462564   0.8388256   0.6818634
 -0.08473165 -0.02667081  0.07195044  1.1425354   0.7240788   2.5998344
 15.918123  ], shape=(13,), dtype=float32)
rounded label:tf.Tensor([14.  3. -0.  1.  1.  1. -0. -0.  0.  1.  1.  3. 16.], shape=(13,), dtype=float32)
predicted label rank:[4 3 1 2 2 2 1 1 1 2 2 3 5]
mse:tf.Tensor(1163.6666, shape=(), dtype=float32)
-------
../benchmarks/LIA-lin-noInterval-trainData-datafold-mono-direction-layer-graph/test_data/bound.c_000.smt2
true label:[39]
true label rank:[1]
predicted label:tf.Tensor([8.423613], shape=(1,), dtype=float32)
rounded label:tf.Tensor([8.], shape=(1,), dtype=float32)
predicted label rank:[1]
mse:tf.Tensor(934.91547, shape=(), dtype=float32)
-------
../benchmarks/LIA-lin-noInterval-trainData-datafold-mono-direction-layer-graph/test_data/svd-some-loop.c_000.smt2
true label:[187]
true label rank:[1]
predicted label:tf.Tensor([44.209496], shape=(1,), dtype=float32)
rounded label:tf.Tensor([44.], shape=(1,), dtype=float32)
predicted label rank:[1]
mse:tf.Tensor(20389.127, shape=(), dtype=float32)
-------
../benchmarks/LIA-lin-noInterval-trainData-datafold-mono-direction-layer-graph/test_data/chc-lia-lin-0125_000.smt2
true label:[154]
true label rank:[1]
predicted label:tf.Tensor([40.821854], shape=(1,), dtype=float32)
rounded label:tf.Tensor([41.], shape=(1,), dtype=float32)
predicted label rank:[1]
mse:tf.Tensor(12809.293, shape=(), dtype=float32)
-------
../benchmarks/LIA-lin-noInterval-trainData-datafold-mono-direction-layer-graph/test_data/cyclic.smt2-0007_000.smt2
true label:[3, 4]
true label rank:[1 2]
predicted label:tf.Tensor([0.04267146 0.07599977], shape=(2,), dtype=float32)
rounded label:tf.Tensor([0. 0.], shape=(2,), dtype=float32)
predicted label rank:[1 1]
mse:tf.Tensor(12.071785, shape=(), dtype=float32)
-------
../benchmarks/LIA-lin-noInterval-trainData-datafold-mono-direction-layer-graph/test_data/hysteresis_2_000.smt2
true label:[101, 104, 18, 16, 14, 12]
true label rank:[5 6 4 3 2 1]
predicted label:tf.Tensor([13.69949     9.55266     0.29819667  0.26576984  0.71788883  0.5042181 ], shape=(6,), dtype=float32)
rounded label:tf.Tensor([14. 10.  0.  0.  1.  1.], shape=(6,), dtype=float32)
predicted label rank:[4 3 1 1 2 2]
mse:tf.Tensor(2901.861, shape=(), dtype=float32)
-------
../benchmarks/LIA-lin-noInterval-trainData-datafold-mono-direction-layer-graph/test_data/rotation_vc.correct.1.nts_000.smt2
true label:[14, 3, 10, 8, 8, 8, 7, 11, 10, 7, 7, 5, 6]
true label rank:[8 1 6 5 5 5 4 7 6 4 4 2 3]
predicted label:tf.Tensor(
[ 1.7772827   0.24035092  0.7685971   0.3717735   0.28726926  0.55139387
 -0.02286191  0.28231004  0.8558887   0.29206222 -0.08750981  0.3176543
  0.291711  ], shape=(13,), dtype=float32)
rounded label:tf.Tensor([ 2.  0.  1.  0.  0.  1. -0.  0.  1.  0. -0.  0.  0.], shape=(13,), dtype=float32)
predicted label rank:[3 1 2 1 1 2 1 1 2 1 1 1 1]
mse:tf.Tensor(62.533035, shape=(), dtype=float32)
-------
../benchmarks/LIA-lin-noInterval-trainData-datafold-mono-direction-layer-graph/test_data/s3_srvr_1a.cil.c-1_000.smt2
true label:[3, 28, 4]
true label rank:[1 3 2]
predicted label:tf.Tensor([ 0.05900466  3.5634928  -0.02833932], shape=(3,), dtype=float32)
rounded label:tf.Tensor([ 0.  4. -0.], shape=(3,), dtype=float32)
predicted label rank:[1 2 1]
mse:tf.Tensor(207.33998, shape=(), dtype=float32)
-------
../benchmarks/LIA-lin-noInterval-trainData-datafold-mono-direction-layer-graph/test_data/spline-fixed.smt2-0008_000.smt2
true label:[3]
true label rank:[1]
predicted label:tf.Tensor([0.14858304], shape=(1,), dtype=float32)
rounded label:tf.Tensor([0.], shape=(1,), dtype=float32)
predicted label rank:[1]
mse:tf.Tensor(8.130579, shape=(), dtype=float32)
-------
../benchmarks/LIA-lin-noInterval-trainData-datafold-mono-direction-layer-graph/test_data/tridag.smt2-0024_000.smt2
true label:[4, 5, 5]
true label rank:[1 2 2]
predicted label:tf.Tensor([ 0.15058675  0.07031669 -0.01033343], shape=(3,), dtype=float32)
rounded label:tf.Tensor([ 0.  0. -0.], shape=(3,), dtype=float32)
predicted label rank:[1 1 1]
mse:tf.Tensor(21.407732, shape=(), dtype=float32)
-------
../benchmarks/LIA-lin-noInterval-trainData-datafold-mono-direction-layer-graph/test_data/s3_srvr_8.cil.c-1_000.smt2
true label:[6, 46, 42, 5, 6, 6, 6, 6, 6, 5, 6, 5, 5, 6]
true label rank:[2 4 3 1 2 2 2 2 2 1 2 1 1 2]
predicted label:tf.Tensor(
[ 4.25844     5.478697    3.8178606   0.23795271  1.4893004   1.3707547
 -0.7262317   0.34759378  0.5328257   2.2971141  -0.03615256  1.5970628
  0.84416     1.9386846 ], shape=(14,), dtype=float32)
rounded label:tf.Tensor([ 4.  5.  4.  0.  1.  1. -1.  0.  1.  2. -0.  2.  1.  2.], shape=(14,), dtype=float32)
predicted label rank:[5 6 5 2 3 3 1 2 3 4 2 4 3 4]
mse:tf.Tensor(240.25044, shape=(), dtype=float32)
-------
../benchmarks/LIA-lin-noInterval-trainData-datafold-mono-direction-layer-graph/test_data/MOESI_2_e3_1523_000.smt2
true label:[193, 64, 4, 4, 20, 5, 5, 5, 5, 4, 4, 8, 4, 4, 6, 6, 4, 4, 4, 4, 12, 23, 8, 9, 6, 8, 8]
true label rank:[10  9  1  1  7  2  2  2  2  1  1  4  1  1  3  3  1  1  1  1  6  8  4  5
  3  4  4]
predicted label:tf.Tensor(
[28.033573    3.9210367   0.891063    0.61436665  1.7276679   0.5778245
  0.15312842  0.10944977 -0.29270327  0.6534399  -0.11605465  1.462543
  0.54386836  0.83552134  4.316425    1.1413789  -0.56119686  0.23987131
  0.27382064  0.07692695  2.0084991   7.690523    0.6394767   3.1842952
  6.9100394   0.2951603   4.7350416 ], shape=(27,), dtype=float32)
rounded label:tf.Tensor(
[28.  4.  1.  1.  2.  1.  0.  0. -0.  1. -0.  1.  1.  1.  4.  1. -1.  0.
  0.  0.  2.  8.  1.  3.  7.  0.  5.], shape=(27,), dtype=float32)
predicted label rank:[10  6  3  3  4  3  2  2  2  3  2  3  3  3  6  3  1  2  2  2  4  9  3  5
  8  2  7]
mse:tf.Tensor(1183.3315, shape=(), dtype=float32)
-------
../benchmarks/LIA-lin-noInterval-trainData-datafold-mono-direction-layer-graph/test_data/minepump_spec5_product55_true-unreach-call.cil.c.flat_000.smt2
true label:[38, 26, 15, 14, 13, 19, 18, 5, 10, 15, 10, 46, 46, 27, 49, 34, 13]
true label rank:[11  8  5  4  3  7  6  1  2  5  2 12 12  9 13 10  3]
predicted label:tf.Tensor(
[ 4.1307735   0.795122    0.74404633  0.8842907   0.8786148   2.7851315
  0.89284885  0.7071997   1.1170315   2.374866    1.9542477   4.217352
 11.3085165   0.040847    3.4669104   2.341132    0.34281194], shape=(17,), dtype=float32)
rounded label:tf.Tensor([ 4.  1.  1.  1.  1.  3.  1.  1.  1.  2.  2.  4. 11.  0.  3.  2.  0.], shape=(17,), dtype=float32)
predicted label rank:[5 2 2 2 2 4 2 2 2 3 3 5 6 1 4 3 1]
mse:tf.Tensor(593.73334, shape=(), dtype=float32)
-------
../benchmarks/LIA-lin-noInterval-trainData-datafold-mono-direction-layer-graph/test_data/NetBSD_g_Ctoc.c_000.smt2
true label:[71]
true label rank:[1]
predicted label:tf.Tensor([15.240671], shape=(1,), dtype=float32)
rounded label:tf.Tensor([15.], shape=(1,), dtype=float32)
predicted label rank:[1]
mse:tf.Tensor(3109.103, shape=(), dtype=float32)
-------
../benchmarks/LIA-lin-noInterval-trainData-datafold-mono-direction-layer-graph/test_data/minepump_spec3_product49_true-unreach-call.cil.c.flat_000.smt2
true label:[84, 81, 9]
true label rank:[3 2 1]
predicted label:tf.Tensor([ 8.200814   13.847141    0.09489834], shape=(3,), dtype=float32)
rounded label:tf.Tensor([ 8. 14.  0.], shape=(3,), dtype=float32)
predicted label rank:[2 3 1]
mse:tf.Tensor(3444.7747, shape=(), dtype=float32)
-------
../benchmarks/LIA-lin-noInterval-trainData-datafold-mono-direction-layer-graph/test_data/chc-lia-lin-0278_000.smt2
true label:[4, 4, 4, 4, 4, 4, 4, 4, 4, 5, 5, 7, 6, 6, 5, 4, 4, 4, 4, 4, 16, 6, 22, 10, 5, 27, 8, 25, 6, 23, 8, 6, 18, 8, 12, 18, 8, 14, 12, 8, 10, 10, 7, 10, 10, 11, 7, 10, 14, 8, 12, 12, 10, 8, 8, 8, 8, 8, 16]
true label rank:[ 1  1  1  1  1  1  1  1  1  2  2  4  3  3  2  1  1  1  1  1 10  3 12  6
  2 15  5 14  3 13  5  3 11  5  8 11  5  9  8  5  6  6  4  6  6  7  4  6
  9  5  8  8  6  5  5  5  5  5 10]
predicted label:tf.Tensor(
[ 0.13016063  0.12438945  0.04502184  0.06866512  0.12254529  0.12111086
  0.10299636 -0.0492847  -0.04085264  0.7814843   0.54935265  0.29367596
 -0.01552743 -0.3640377   1.1734006   0.22672397  0.34517097  0.68130916
  0.82088697  0.5022509   1.7679315   0.01094767 -1.0983808   1.4965653
  0.03937291  2.675511    2.5798283   4.238549    1.1608129  -1.9564675
  0.01643455  2.0379138   3.2361095   3.6779048   3.2995052   3.6224024
  0.2031821   3.3536124  -3.5565066   0.37998116  4.970272    2.1996894
  2.9019432   3.8097692   1.8239002   2.6533139   0.3973298   2.2925918
  1.3169861   0.13716042  2.3935542   0.4531393   1.577842    2.7760787
  2.6705017  -0.46848392  1.2909303   1.5427308   1.4007052 ], shape=(59,), dtype=float32)
rounded label:tf.Tensor(
[ 0.  0.  0.  0.  0.  0.  0. -0. -0.  1.  1.  0. -0. -0.  1.  0.  0.  1.
  1.  1.  2.  0. -1.  1.  0.  3.  3.  4.  1. -2.  0.  2.  3.  4.  3.  4.
  0.  3. -4.  0.  5.  2.  3.  4.  2.  3.  0.  2.  1.  0.  2.  0.  2.  3.
  3. -0.  1.  2.  1.], shape=(59,), dtype=float32)
predicted label rank:[4 4 4 4 4 4 4 4 4 5 5 4 4 4 5 4 4 5 5 5 6 4 3 5 4 7 7 8 5 2 4 6 7 8 7 8 4
 7 1 4 9 6 7 8 6 7 4 6 5 4 6 4 6 7 7 4 5 6 5]
mse:tf.Tensor(90.527466, shape=(), dtype=float32)
-------
../benchmarks/LIA-lin-noInterval-trainData-datafold-mono-direction-layer-graph/test_data/chc-lia-lin-0102_000.smt2
true label:[4, 4]
true label rank:[1 1]
predicted label:tf.Tensor([0.08893074 0.06386838], shape=(2,), dtype=float32)
rounded label:tf.Tensor([0. 0.], shape=(2,), dtype=float32)
predicted label rank:[1 1]
mse:tf.Tensor(15.394797, shape=(), dtype=float32)
-------
../benchmarks/LIA-lin-noInterval-trainData-datafold-mono-direction-layer-graph/test_data/traverse3_unsafe.c_000.smt2
true label:[4, 4, 4, 4, 4, 3, 3, 3, 3, 3, 3]
true label rank:[2 2 2 2 2 1 1 1 1 1 1]
predicted label:tf.Tensor(
[11.941396    7.9351606  14.381417   24.66547    30.278927   -2.2490282
  0.04148051  0.6418861   0.47570562  4.724137   -1.3677036 ], shape=(11,), dtype=float32)
rounded label:tf.Tensor([12.  8. 14. 25. 30. -2.  0.  1.  0.  5. -1.], shape=(11,), dtype=float32)
predicted label rank:[ 7  6  8  9 10  1  3  4  3  5  2]
mse:tf.Tensor(124.932365, shape=(), dtype=float32)
-------
../benchmarks/LIA-lin-noInterval-trainData-datafold-mono-direction-layer-graph/test_data/chc-lia-lin-0065_000.smt2
true label:[3, 6, 4]
true label rank:[1 3 2]
predicted label:tf.Tensor([0.35910666 0.05705664 0.03553285], shape=(3,), dtype=float32)
rounded label:tf.Tensor([0. 0. 0.], shape=(3,), dtype=float32)
predicted label rank:[1 1 1]
mse:tf.Tensor(19.336632, shape=(), dtype=float32)
-------
../benchmarks/LIA-lin-noInterval-trainData-datafold-mono-direction-layer-graph/test_data/gulwani_fig1a.c_000.smt2
true label:[18]
true label rank:[1]
predicted label:tf.Tensor([3.1698847], shape=(1,), dtype=float32)
rounded label:tf.Tensor([3.], shape=(1,), dtype=float32)
predicted label rank:[1]
mse:tf.Tensor(219.93233, shape=(), dtype=float32)
-------
../benchmarks/LIA-lin-noInterval-trainData-datafold-mono-direction-layer-graph/test_data/chc-lia-lin-0018_000.smt2
true label:[5]
true label rank:[1]
predicted label:tf.Tensor([0.25775504], shape=(1,), dtype=float32)
rounded label:tf.Tensor([0.], shape=(1,), dtype=float32)
predicted label rank:[1]
mse:tf.Tensor(22.488886, shape=(), dtype=float32)
-------
../benchmarks/LIA-lin-noInterval-trainData-datafold-mono-direction-layer-graph/test_data/car_all_e2_108_000.smt2
true label:[108, 80, 32, 12, 12, 12, 12, 32, 18, 22, 7, 27, 32]
true label rank:[8 7 6 2 2 2 2 6 3 4 1 5 6]
predicted label:tf.Tensor(
[15.3226795   5.1476464   3.2585402   0.64554083  1.2047789   1.5932554
  0.29264474 -0.15659827  2.5139701   2.9807642  -0.11211178  3.116106
  7.393954  ], shape=(13,), dtype=float32)
rounded label:tf.Tensor([15.  5.  3.  1.  1.  2.  0. -0.  3.  3. -0.  3.  7.], shape=(13,), dtype=float32)
predicted label rank:[7 5 4 2 2 3 1 1 4 4 1 4 6]
mse:tf.Tensor(1413.1486, shape=(), dtype=float32)
-------
../benchmarks/LIA-lin-noInterval-trainData-datafold-mono-direction-layer-graph/test_data/bandec.smt2-0178_000.smt2
true label:[3, 4, 4]
true label rank:[1 2 2]
predicted label:tf.Tensor([0.44371706 0.10008872 0.12263677], shape=(3,), dtype=float32)
rounded label:tf.Tensor([0. 0. 0.], shape=(3,), dtype=float32)
predicted label rank:[1 1 1]
mse:tf.Tensor(12.259278, shape=(), dtype=float32)
-------
../benchmarks/LIA-lin-noInterval-trainData-datafold-mono-direction-layer-graph/test_data/bandec.smt2-0131_000.smt2
true label:[3, 4]
true label rank:[1 2]
predicted label:tf.Tensor([0.7356287  0.13026881], shape=(2,), dtype=float32)
rounded label:tf.Tensor([1. 0.], shape=(2,), dtype=float32)
predicted label rank:[2 1]
mse:tf.Tensor(10.051099, shape=(), dtype=float32)
-------
../benchmarks/LIA-lin-noInterval-trainData-datafold-mono-direction-layer-graph/test_data/count_by_1_variant_true-unreach-call.c.flat_000.smt2
true label:[3]
true label rank:[1]
predicted label:tf.Tensor([0.1341737], shape=(1,), dtype=float32)
rounded label:tf.Tensor([0.], shape=(1,), dtype=float32)
predicted label rank:[1]
mse:tf.Tensor(8.212961, shape=(), dtype=float32)
-------
../benchmarks/LIA-lin-noInterval-trainData-datafold-mono-direction-layer-graph/test_data/dillig33.c_000.smt2
true label:[40]
true label rank:[1]
predicted label:tf.Tensor([8.608837], shape=(1,), dtype=float32)
rounded label:tf.Tensor([9.], shape=(1,), dtype=float32)
predicted label rank:[1]
mse:tf.Tensor(985.4051, shape=(), dtype=float32)
-------
../benchmarks/LIA-lin-noInterval-trainData-datafold-mono-direction-layer-graph/test_data/gcd01_true-unreach-call_true-no-overflow_true-termination_000.smt2
true label:[3, 5, 3]
true label rank:[1 2 1]
predicted label:tf.Tensor([0.30717868 0.10196125 0.00414013], shape=(3,), dtype=float32)
rounded label:tf.Tensor([0. 0. 0.], shape=(3,), dtype=float32)
predicted label rank:[1 1 1]
mse:tf.Tensor(13.405749, shape=(), dtype=float32)
-------
../benchmarks/LIA-lin-noInterval-trainData-datafold-mono-direction-layer-graph/test_data/s3_clnt_2_true-unreach-call_true-termination.cil.c.flat_000.smt2
true label:[20, 32, 40, 156, 69, 3]
true label rank:[2 3 4 6 5 1]
predicted label:tf.Tensor(
[  2.0471659    1.0985523    0.7689519  -11.669293     8.537792
   0.04139663], shape=(6,), dtype=float32)
rounded label:tf.Tensor([  2.   1.   1. -12.   9.   0.], shape=(6,), dtype=float32)
predicted label rank:[4 3 3 1 5 2]
mse:tf.Tensor(5765.617, shape=(), dtype=float32)
-------
../benchmarks/LIA-lin-noInterval-trainData-datafold-mono-direction-layer-graph/test_data/metros_1_e2_1102_000.smt2
true label:[30, 11, 11, 17, 17, 8, 8, 8, 8, 8, 8, 8, 8, 64, 34, 6, 8, 12, 16, 8, 8, 8, 7, 31, 22, 17, 11, 10, 10, 7, 5]
true label rank:[11  6  6  9  9  4  4  4  4  4  4  4  4 14 13  2  4  7  8  4  4  4  3 12
 10  9  6  5  5  3  1]
predicted label:tf.Tensor(
[ 8.869007    0.60331327  1.1210287   1.2524357   4.6459227   2.4681647
  0.27654445  0.76192945  0.21263146  1.0066366   0.52311075  2.092175
  1.6656106   7.32487     6.41572     0.38400277  1.0663936   0.56248415
  1.9841995   0.66600716  2.242767    1.5496057   0.9351118   2.8901684
  1.614654    2.47783     1.9837748   3.3622804   0.5802318  -0.2555647
 -1.153471  ], shape=(31,), dtype=float32)
rounded label:tf.Tensor(
[ 9.  1.  1.  1.  5.  2.  0.  1.  0.  1.  1.  2.  2.  7.  6.  0.  1.  1.
  2.  1.  2.  2.  1.  3.  2.  2.  2.  3.  1. -0. -1.], shape=(31,), dtype=float32)
predicted label rank:[9 3 3 3 6 4 2 3 2 3 3 4 4 8 7 2 3 3 4 3 4 4 3 5 4 4 4 5 3 2 1]
mse:tf.Tensor(248.46153, shape=(), dtype=float32)
-------
../benchmarks/LIA-lin-noInterval-trainData-datafold-mono-direction-layer-graph/test_data/08.c_000.smt2
true label:[8, 7, 3, 4, 4]
true label rank:[4 3 1 2 2]
predicted label:tf.Tensor(
[ 7.1568984e-01 -1.7992221e-04 -9.8742314e-02  5.8261134e-02
  9.1601267e-02], shape=(5,), dtype=float32)
rounded label:tf.Tensor([ 1. -0. -0.  0.  0.], shape=(5,), dtype=float32)
predicted label rank:[2 1 1 1 1]
mse:tf.Tensor(28.495754, shape=(), dtype=float32)
-------
../benchmarks/LIA-lin-noInterval-trainData-datafold-mono-direction-layer-graph/test_data/minepump_spec5_product47_true-unreach-call.cil.c.flat_000.smt2
true label:[27, 19, 12, 14, 14, 14, 11, 10, 13, 8, 12, 28, 22, 11, 27, 25, 9]
true label rank:[11  8  5  7  7  7  4  3  6  1  5 12  9  4 11 10  2]
predicted label:tf.Tensor(
[ 3.3886728   0.75000155  0.6158018   0.42458183  0.7674022   2.6013372
  0.30622676 -0.339651    1.3360889   1.9952235   0.42855233  3.45702
  3.7789977   0.55934983  2.3541543   1.1852307  -0.04137512], shape=(17,), dtype=float32)
rounded label:tf.Tensor([ 3.  1.  1.  0.  1.  3.  0. -0.  1.  2.  0.  3.  4.  1.  2.  1. -0.], shape=(17,), dtype=float32)
predicted label rank:[4 2 2 1 2 4 1 1 2 3 1 4 5 2 3 2 1]
mse:tf.Tensor(255.08385, shape=(), dtype=float32)
-------
../benchmarks/LIA-lin-noInterval-trainData-datafold-mono-direction-layer-graph/test_data/chc-lia-lin-0270_000.smt2
true label:[275, 6, 5, 183, 5, 7, 6, 7, 7, 5, 7, 5, 7, 5, 75, 14, 14, 14, 14, 14, 14, 14, 14, 14, 14, 14, 14, 14, 14, 14, 14, 14, 14, 14, 14, 14, 14, 14, 14, 14, 14, 14, 14, 14, 14, 14, 14, 14, 14, 14, 14, 14, 14, 14, 14, 14, 14, 14, 14, 14, 14, 14, 14, 14, 14, 14, 14, 14, 14, 14, 14, 16, 14, 14, 9]
true label rank:[9 2 1 8 1 3 2 3 3 1 3 1 3 1 7 5 5 5 5 5 5 5 5 5 5 5 5 5 5 5 5 5 5 5 5 5 5
 5 5 5 5 5 5 5 5 5 5 5 5 5 5 5 5 5 5 5 5 5 5 5 5 5 5 5 5 5 5 5 5 5 5 6 5 5
 4]
predicted label:tf.Tensor(
[ 2.0884457e+01  6.7632556e-02 -9.0123326e-02  1.5262226e+01
  2.5450876e-01  6.0807562e-01 -7.8034252e-02  1.1956763e-01
  2.7882877e-01  4.0004551e-01  6.2031364e-01  4.8182428e-02
 -2.9238892e-01  1.9693258e-01  8.4261551e+00  6.0314924e-01
  1.8154325e+00  3.7770987e-01  1.0075206e+00  9.3828118e-01
  1.0716403e+00  8.0530500e-01  8.4196746e-01  4.4363952e-01
  6.1950934e-01  6.2420034e-01  3.9410043e-01  9.0372419e-01
  6.4471149e-01  6.3631356e-02  3.3454597e-01  1.6661165e+00
  2.0470801e-01  1.0368346e+00 -9.3363680e-02  8.3145332e-01
 -7.6969378e-02  6.9888198e-01  8.5298121e-02  1.3270646e-02
  1.2512627e+00  7.9105771e-01  7.5716472e-01  1.3693631e-01
  1.7238086e+00  4.1547872e-02  2.9077011e-01 -1.3051048e-01
 -5.8239824e-01  7.1373266e-01  7.6813787e-01  5.3807718e-01
  2.5918680e-01  1.0746024e+00  8.7395239e-01  4.4509670e-01
  9.7902250e-01  1.3044345e+00  1.0322365e+00  2.0156338e+00
  5.8118051e-01  1.1607558e+00  9.8868221e-02  1.7248371e+00
  1.1784986e+00  5.8095932e-01  1.7572167e+00  2.7801237e-01
  1.4254830e+00  1.8303349e+00  6.3021672e-01  9.3595278e-01
  1.1494324e+00  1.4388056e+00  2.9544485e-01], shape=(75,), dtype=float32)
rounded label:tf.Tensor(
[21.  0. -0. 15.  0.  1. -0.  0.  0.  0.  1.  0. -0.  0.  8.  1.  2.  0.
  1.  1.  1.  1.  1.  0.  1.  1.  0.  1.  1.  0.  0.  2.  0.  1. -0.  1.
 -0.  1.  0.  0.  1.  1.  1.  0.  2.  0.  0. -0. -1.  1.  1.  1.  0.  1.
  1.  0.  1.  1.  1.  2.  1.  1.  0.  2.  1.  1.  2.  0.  1.  2.  1.  1.
  1.  1.  0.], shape=(75,), dtype=float32)
predicted label rank:[7 2 2 6 2 3 2 2 2 2 3 2 2 2 5 3 4 2 3 3 3 3 3 2 3 3 2 3 3 2 2 4 2 3 2 3 2
 3 2 2 3 3 3 2 4 2 2 2 1 3 3 3 2 3 3 2 3 3 3 4 3 3 2 4 3 3 4 2 3 4 3 3 3 3
 2]
mse:tf.Tensor(1440.6772, shape=(), dtype=float32)
-------
../benchmarks/LIA-lin-noInterval-trainData-datafold-mono-direction-layer-graph/test_data/06.c_000.smt2
true label:[6, 3, 7, 5, 6, 3]
true label rank:[3 1 4 2 3 1]
predicted label:tf.Tensor([ 0.5547801   0.11229194 -0.04361132  0.17731062  0.19899037  0.02568492], shape=(6,), dtype=float32)
rounded label:tf.Tensor([ 1.  0. -0.  0.  0.  0.], shape=(6,), dtype=float32)
predicted label rank:[2 1 1 1 1 1]
mse:tf.Tensor(25.559725, shape=(), dtype=float32)
-------
../benchmarks/LIA-lin-noInterval-trainData-datafold-mono-direction-layer-graph/test_data/minepump_spec4_product57_true-unreach-call.cil.c.flat_000.smt2
true label:[111, 25]
true label rank:[2 1]
predicted label:tf.Tensor([23.033327   0.9879966], shape=(2,), dtype=float32)
rounded label:tf.Tensor([23.  1.], shape=(2,), dtype=float32)
predicted label rank:[2 1]
mse:tf.Tensor(4157.356, shape=(), dtype=float32)
-------
../benchmarks/LIA-lin-noInterval-trainData-datafold-mono-direction-layer-graph/test_data/nest-if.c_000.smt2
true label:[34]
true label rank:[1]
predicted label:tf.Tensor([5.9117427], shape=(1,), dtype=float32)
rounded label:tf.Tensor([6.], shape=(1,), dtype=float32)
predicted label rank:[1]
mse:tf.Tensor(788.9502, shape=(), dtype=float32)
-------
../benchmarks/LIA-lin-noInterval-trainData-datafold-mono-direction-layer-graph/test_data/chc-lia-lin-0264_000.smt2
true label:[393, 6, 5, 178, 220, 16, 16, 16, 16, 16, 16, 16, 16, 16, 16, 16, 16, 16, 16, 16, 16, 16, 16, 16, 16, 16, 16, 16, 16, 16, 16, 16, 16, 16, 16, 16, 16, 16, 16, 16, 16, 16, 16, 16, 16, 16, 16, 16, 16, 16, 16, 16, 16, 16, 16, 18, 16, 16, 16, 16, 16, 16, 16, 16, 10]
true label rank:[8 2 1 6 7 4 4 4 4 4 4 4 4 4 4 4 4 4 4 4 4 4 4 4 4 4 4 4 4 4 4 4 4 4 4 4 4
 4 4 4 4 4 4 4 4 4 4 4 4 4 4 4 4 4 4 5 4 4 4 4 4 4 4 4 3]
predicted label:tf.Tensor(
[ 2.4177971e+01  8.8759340e-02 -7.9816580e-04  1.3489807e+01
  2.5457577e+01  1.6376996e+00  2.6630792e-01 -1.5001905e-01
  8.8115019e-01  1.0497774e+00  1.2139067e-02  7.9580373e-01
  1.4913287e+00  7.5971884e-01  1.4374896e+00  5.2785450e-01
  1.1284218e+00  2.0152512e-01  1.0104364e+00  4.5176768e-01
  1.2156178e+00  9.4959754e-01  6.5281886e-01  1.0517634e+00
  1.0485312e+00  7.0606244e-01  6.9921803e-01  1.3362283e-01
  8.8377988e-01 -3.9158487e-01  5.9574759e-01  2.5048132e+00
  4.1669565e-01  5.4810238e-01  1.2085577e+00  3.8886839e-01
  8.2100105e-01  6.9818318e-01  2.5849327e-01  4.0380627e-01
  1.8797587e+00  7.2108090e-01  2.1898251e+00  7.0630658e-01
  3.5228381e+00  7.4602216e-02  7.4134701e-01  1.9363433e-01
  2.5331426e-01  9.1391098e-01  1.3256966e+00  2.2168937e-01
  5.4532951e-01  1.5593697e+00  1.7522393e+00  7.6225126e-01
  1.7722086e+00  1.4933035e+00  1.7114770e+00  1.5158617e+00
  1.1090909e+00  1.3034155e+00  5.3507984e-01  1.2600429e+00
  6.6402115e-02], shape=(65,), dtype=float32)
rounded label:tf.Tensor(
[24.  0. -0. 13. 25.  2.  0. -0.  1.  1.  0.  1.  1.  1.  1.  1.  1.  0.
  1.  0.  1.  1.  1.  1.  1.  1.  1.  0.  1. -0.  1.  3.  0.  1.  1.  0.
  1.  1.  0.  0.  2.  1.  2.  1.  4.  0.  1.  0.  0.  1.  1.  0.  1.  2.
  2.  1.  2.  1.  2.  2.  1.  1.  1.  1.  0.], shape=(65,), dtype=float32)
predicted label rank:[7 1 1 6 8 3 1 1 2 2 1 2 2 2 2 2 2 1 2 1 2 2 2 2 2 2 2 1 2 1 2 4 1 2 2 1 2
 2 1 1 3 2 3 2 5 1 2 1 1 2 2 1 2 3 3 2 3 2 3 3 2 2 2 2 1]
mse:tf.Tensor(3301.6155, shape=(), dtype=float32)
-------
../benchmarks/LIA-lin-noInterval-trainData-datafold-mono-direction-layer-graph/test_data/id_build.i.p+sep-reducer.c-1_000.smt2
true label:[5, 3]
true label rank:[2 1]
predicted label:tf.Tensor([0.44292432 0.01478784], shape=(2,), dtype=float32)
rounded label:tf.Tensor([0. 0.], shape=(2,), dtype=float32)
predicted label rank:[1 1]
mse:tf.Tensor(14.839214, shape=(), dtype=float32)
-------
../benchmarks/LIA-lin-noInterval-trainData-datafold-mono-direction-layer-graph/test_data/25.c_000.smt2
true label:[6, 3, 7, 5, 3]
true label rank:[3 1 4 2 1]
predicted label:tf.Tensor([0.8781613  0.11395077 0.08040416 0.2552467  0.18104525], shape=(5,), dtype=float32)
rounded label:tf.Tensor([1. 0. 0. 0. 0.], shape=(5,), dtype=float32)
predicted label rank:[2 1 1 1 1]
mse:tf.Tensor(22.5805, shape=(), dtype=float32)
-------
../benchmarks/LIA-lin-noInterval-trainData-datafold-mono-direction-layer-graph/test_data/chc-lia-lin-0036_000.smt2
true label:[17]
true label rank:[1]
predicted label:tf.Tensor([2.9450526], shape=(1,), dtype=float32)
rounded label:tf.Tensor([3.], shape=(1,), dtype=float32)
predicted label rank:[1]
mse:tf.Tensor(197.54153, shape=(), dtype=float32)
-------
../benchmarks/LIA-lin-noInterval-trainData-datafold-mono-direction-layer-graph/test_data/spline-fixed.smt2-0001_000.smt2
true label:[3]
true label rank:[1]
predicted label:tf.Tensor([0.14858304], shape=(1,), dtype=float32)
rounded label:tf.Tensor([0.], shape=(1,), dtype=float32)
predicted label rank:[1]
mse:tf.Tensor(8.130579, shape=(), dtype=float32)
-------
../benchmarks/LIA-lin-noInterval-trainData-datafold-mono-direction-layer-graph/test_data/chc-lia-lin-0259_000.smt2
true label:[4, 4, 4, 5, 5, 5, 3, 5, 5, 5, 3, 4, 4, 8, 6, 18, 10, 7, 8, 22, 8, 6, 8, 10, 26, 10, 10, 6, 10, 12, 6, 10, 10, 10, 6, 8, 8, 10, 12, 12, 10, 10, 10, 10, 6, 8, 10, 10, 10, 6, 8, 8]
true label rank:[ 2  2  2  3  3  3  1  3  3  3  1  2  2  6  4  9  7  5  6 10  6  4  6  7
 11  7  7  4  7  8  4  7  7  7  4  6  6  7  8  8  7  7  7  7  4  6  7  7
  7  4  6  6]
predicted label:tf.Tensor(
[ 0.13016063  0.12438945  0.04502184  0.0796722   0.22845012  0.2086302
  0.03071165  0.07602826  0.163409   -0.09185813  0.22836259  0.16803716
  0.00559894  0.46458676  0.07782524  1.2838837   0.5365007   0.14461885
  0.85047543  3.515866    1.514615    0.88798404 -0.27260932  1.3107642
  1.5259373   0.8669039   1.3833716   0.6864988   1.402153    0.13731349
 -0.7513881   2.1773465   0.2852332   2.0376487   1.6221011   1.1119611
  0.73755085  1.336755   -0.92071843  0.01691014  2.864644    1.7087002
  2.5301132   2.1435513   1.8355668   1.142611    0.34048498  1.0109657
  1.1551566   0.9855157   0.8667681   0.2593367 ], shape=(52,), dtype=float32)
rounded label:tf.Tensor(
[ 0.  0.  0.  0.  0.  0.  0.  0.  0. -0.  0.  0.  0.  0.  0.  1.  1.  0.
  1.  4.  2.  1. -0.  1.  2.  1.  1.  1.  1.  0. -1.  2.  0.  2.  2.  1.
  1.  1. -1.  0.  3.  2.  3.  2.  2.  1.  0.  1.  1.  1.  1.  0.], shape=(52,), dtype=float32)
predicted label rank:[2 2 2 2 2 2 2 2 2 2 2 2 2 2 2 3 3 2 3 6 4 3 2 3 4 3 3 3 3 2 1 4 2 4 4 3 3
 3 1 2 5 4 5 4 4 3 2 3 3 3 3 2]
mse:tf.Tensor(73.22833, shape=(), dtype=float32)
-------
../benchmarks/LIA-lin-noInterval-trainData-datafold-mono-direction-layer-graph/test_data/four1.smt2-0033_000.smt2
true label:[3, 4]
true label rank:[1 2]
predicted label:tf.Tensor([ 0.3671712  -0.03431594], shape=(2,), dtype=float32)
rounded label:tf.Tensor([ 0. -0.], shape=(2,), dtype=float32)
predicted label rank:[1 1]
mse:tf.Tensor(11.603746, shape=(), dtype=float32)
-------
../benchmarks/LIA-lin-noInterval-trainData-datafold-mono-direction-layer-graph/test_data/durationThm_3_e2_63_e7_21_000.smt2
true label:[33, 13]
true label rank:[2 1]
predicted label:tf.Tensor([5.06384    0.31088373], shape=(2,), dtype=float32)
rounded label:tf.Tensor([5. 0.], shape=(2,), dtype=float32)
predicted label rank:[2 1]
mse:tf.Tensor(470.72137, shape=(), dtype=float32)
-------
../benchmarks/LIA-lin-noInterval-trainData-datafold-mono-direction-layer-graph/test_data/loop__while_after_while_if_000.smt2
true label:[4, 7, 6]
true label rank:[1 3 2]
predicted label:tf.Tensor([0.3490584  0.08911756 0.13406774], shape=(3,), dtype=float32)
rounded label:tf.Tensor([0. 0. 0.], shape=(3,), dtype=float32)
predicted label rank:[1 1 1]
mse:tf.Tensor(31.832945, shape=(), dtype=float32)
-------
../benchmarks/LIA-lin-noInterval-trainData-datafold-mono-direction-layer-graph/test_data/bandec.smt2-0210_000.smt2
true label:[3, 4, 4, 4]
true label rank:[1 2 2 2]
predicted label:tf.Tensor([0.14153904 0.11741249 0.10846937 0.03701308], shape=(4,), dtype=float32)
rounded label:tf.Tensor([0. 0. 0. 0.], shape=(4,), dtype=float32)
predicted label rank:[1 1 1 1]
mse:tf.Tensor(13.52364, shape=(), dtype=float32)
-------
../benchmarks/LIA-lin-noInterval-trainData-datafold-mono-direction-layer-graph/test_data/chc-lia-lin-0028_000.smt2
true label:[4]
true label rank:[1]
predicted label:tf.Tensor([0.81852496], shape=(1,), dtype=float32)
rounded label:tf.Tensor([1.], shape=(1,), dtype=float32)
predicted label rank:[1]
mse:tf.Tensor(10.121784, shape=(), dtype=float32)
-------
../benchmarks/LIA-lin-noInterval-trainData-datafold-mono-direction-layer-graph/test_data/MOESI_1_e3_1884_e7_1875_000.smt2
true label:[214, 18, 19, 26, 4, 4, 10, 10, 5, 5, 5, 5, 4, 4, 8, 3, 3, 10, 3, 3, 3, 3, 8, 15, 9, 6, 14, 14]
true label rank:[13 10 11 12  2  2  7  7  3  3  3  3  2  2  5  1  1  7  1  1  1  1  5  9
  6  4  8  8]
predicted label:tf.Tensor(
[37.01643     0.3063922   3.7791321   5.9625688   0.82638896  0.74919677
 -0.09541941  0.3642376   0.22164702  0.43342924  0.33706304  0.39246222
  0.54795873  0.354787    2.4171772   0.41653    -0.6241014   0.5959623
  1.4606342   0.29630065 -1.8801038   2.3325007   2.1534266   3.006411
  4.995881    0.35493135  4.532384    4.5811057 ], shape=(28,), dtype=float32)
rounded label:tf.Tensor(
[37.  0.  4.  6.  1.  1. -0.  0.  0.  0.  0.  0.  1.  0.  2.  0. -1.  1.
  1.  0. -2.  2.  2.  3.  5.  0.  5.  5.], shape=(28,), dtype=float32)
predicted label rank:[10  3  7  9  4  4  3  3  3  3  3  3  4  3  5  3  2  4  4  3  1  5  5  6
  8  3  8  8]
mse:tf.Tensor(1184.7971, shape=(), dtype=float32)
-------
../benchmarks/LIA-lin-noInterval-trainData-datafold-mono-direction-layer-graph/test_data/nest-len.c_000.smt2
true label:[77]
true label rank:[1]
predicted label:tf.Tensor([15.904505], shape=(1,), dtype=float32)
rounded label:tf.Tensor([16.], shape=(1,), dtype=float32)
predicted label rank:[1]
mse:tf.Tensor(3732.6597, shape=(), dtype=float32)
-------
../benchmarks/LIA-lin-noInterval-trainData-datafold-mono-direction-layer-graph/test_data/durationThm_2_e1_118_000.smt2
true label:[73, 41]
true label rank:[2 1]
predicted label:tf.Tensor([11.847102   4.6402006], shape=(2,), dtype=float32)
rounded label:tf.Tensor([12.  5.], shape=(2,), dtype=float32)
predicted label rank:[2 1]
mse:tf.Tensor(2530.856, shape=(), dtype=float32)
-------
../benchmarks/LIA-lin-noInterval-trainData-datafold-mono-direction-layer-graph/test_data/minepump_spec2_product60_true-unreach-call.cil.c.flat_000.smt2
true label:[56, 23, 9, 18, 33, 26, 15, 13, 20, 20, 49, 47, 29, 44, 48, 39, 29]
true label rank:[15  6  1  4  9  7  3  2  5  5 14 12  8 11 13 10  8]
predicted label:tf.Tensor(
[ 6.704258    1.5041429   0.4894497   1.9509848   4.57209     5.130639
 -0.09137262  0.08230513  3.5412712   5.26729     6.385948    3.7073896
  4.057813    3.301022    6.309558    3.2704754   1.2156894 ], shape=(17,), dtype=float32)
rounded label:tf.Tensor([ 7.  2.  0.  2.  5.  5. -0.  0.  4.  5.  6.  4.  4.  3.  6.  3.  1.], shape=(17,), dtype=float32)
predicted label rank:[8 3 1 3 6 6 1 1 5 6 7 5 5 4 7 4 2]
mse:tf.Tensor(888.4567, shape=(), dtype=float32)
-------
../benchmarks/LIA-lin-noInterval-trainData-datafold-mono-direction-layer-graph/test_data/chc-lia-lin-0031_000.smt2
true label:[3]
true label rank:[1]
predicted label:tf.Tensor([0.2975082], shape=(1,), dtype=float32)
rounded label:tf.Tensor([0.], shape=(1,), dtype=float32)
predicted label rank:[1]
mse:tf.Tensor(7.3034616, shape=(), dtype=float32)
-------
../benchmarks/LIA-lin-noInterval-trainData-datafold-mono-direction-layer-graph/test_data/inf6.correct.nts.horn-0001_000.smt2
true label:[3, 4, 4, 4]
true label rank:[1 2 2 2]
predicted label:tf.Tensor([ 0.14107826  0.06707942 -0.02196143 -0.02962942], shape=(4,), dtype=float32)
rounded label:tf.Tensor([ 0.  0. -0. -0.], shape=(4,), dtype=float32)
predicted label rank:[1 1 1 1]
mse:tf.Tensor(14.0138445, shape=(), dtype=float32)
-------
../benchmarks/LIA-lin-noInterval-trainData-datafold-mono-direction-layer-graph/test_data/MOESI_2_e8_101_000.smt2
true label:[187, 58, 4, 4, 12, 3, 3, 3, 3, 4, 4, 8, 4, 4, 6, 6, 4, 4, 4, 4, 12, 21, 8, 7, 6, 8, 8]
true label rank:[9 8 2 2 6 1 1 1 1 2 2 5 2 2 3 3 2 2 2 2 6 7 5 4 3 5 5]
predicted label:tf.Tensor(
[ 2.8368946e+01  3.1173286e+00  1.2174106e+00  1.7230341e-01
  9.7280049e-01  3.2429427e-01 -2.3309678e-02  8.1883579e-02
 -1.5136249e-02  7.8693449e-01  3.1657392e-01  1.8921878e+00
  1.9350499e-01  9.7891331e-01  3.8134170e+00  1.0253744e+00
 -1.5039836e+00  1.0172978e-01  8.1360841e-01  1.0303378e-01
  1.7941666e+00  7.6831651e+00  1.0868164e+00  3.7398214e+00
  5.8428011e+00  5.7245541e-01  5.7204704e+00], shape=(27,), dtype=float32)
rounded label:tf.Tensor(
[28.  3.  1.  0.  1.  0. -0.  0. -0.  1.  0.  2.  0.  1.  4.  1. -2.  0.
  1.  0.  2.  8.  1.  4.  6.  1.  6.], shape=(27,), dtype=float32)
predicted label rank:[9 5 3 2 3 2 2 2 2 3 2 4 2 3 6 3 1 2 3 2 4 8 3 6 7 3 7]
mse:tf.Tensor(1071.8259, shape=(), dtype=float32)
-------
../benchmarks/LIA-lin-noInterval-trainData-datafold-mono-direction-layer-graph/test_data/bandec.smt2-0148_000.smt2
true label:[3, 4, 4]
true label rank:[1 2 2]
predicted label:tf.Tensor([0.22948427 0.46173978 0.2706867 ], shape=(3,), dtype=float32)
rounded label:tf.Tensor([0. 0. 0.], shape=(3,), dtype=float32)
predicted label rank:[1 1 1]
mse:tf.Tensor(11.367607, shape=(), dtype=float32)
-------
../benchmarks/LIA-lin-noInterval-trainData-datafold-mono-direction-layer-graph/test_data/durationThm_1_e3_173_000.smt2
true label:[111, 55]
true label rank:[2 1]
predicted label:tf.Tensor([18.644428   9.8165245], shape=(2,), dtype=float32)
rounded label:tf.Tensor([19. 10.], shape=(2,), dtype=float32)
predicted label rank:[2 1]
mse:tf.Tensor(5285.55, shape=(), dtype=float32)
-------
../benchmarks/LIA-lin-noInterval-trainData-datafold-mono-direction-layer-graph/test_data/seesaw.c_000.smt2
true label:[75]
true label rank:[1]
predicted label:tf.Tensor([14.10253], shape=(1,), dtype=float32)
rounded label:tf.Tensor([14.], shape=(1,), dtype=float32)
predicted label rank:[1]
mse:tf.Tensor(3708.5017, shape=(), dtype=float32)
-------
../benchmarks/LIA-lin-noInterval-trainData-datafold-mono-direction-layer-graph/test_data/SYNAPSE_5_e2_1525_000.smt2
true label:[130, 11, 11, 4, 4, 3, 3, 4, 8, 14, 14, 9]
true label rank:[7 5 5 2 2 1 1 2 3 6 6 4]
predicted label:tf.Tensor(
[2.6545185e+01 1.0360755e+00 1.5859079e+00 1.2064296e-01 3.0786210e-01
 1.1564028e-01 1.5774265e-02 8.0359951e-03 8.4895873e-01 2.5324185e+00
 8.5402322e-01 2.4874849e+00], shape=(12,), dtype=float32)
rounded label:tf.Tensor([27.  1.  2.  0.  0.  0.  0.  0.  1.  3.  1.  2.], shape=(12,), dtype=float32)
predicted label rank:[5 2 3 1 1 1 1 1 2 4 2 3]
mse:tf.Tensor(945.8765, shape=(), dtype=float32)
-------
../benchmarks/LIA-lin-noInterval-trainData-datafold-mono-direction-layer-graph/test_data/s3_clnt_1.cil-1.c-1_000.smt2
true label:[46, 57, 6, 6, 5, 6, 5, 9, 6, 5, 3]
true label rank:[5 6 3 3 2 3 2 4 3 2 1]
predicted label:tf.Tensor(
[14.245559   10.15867     1.4948298   2.2828927   3.3301866   1.9166322
  1.1753111   0.73341465 -0.13085854  2.7870812   0.10483906], shape=(11,), dtype=float32)
rounded label:tf.Tensor([14. 10.  1.  2.  3.  2.  1.  1. -0.  3.  0.], shape=(11,), dtype=float32)
predicted label rank:[6 5 2 3 4 3 2 2 1 4 1]
mse:tf.Tensor(308.16922, shape=(), dtype=float32)
-------
../benchmarks/LIA-lin-noInterval-trainData-datafold-mono-direction-layer-graph/test_data/listcounter.correct.nts_000.smt2
true label:[4, 3, 4, 3, 3]
true label rank:[2 1 2 1 1]
predicted label:tf.Tensor([ 0.15325655 -0.01576729  0.09725791  0.21328053  0.01048584], shape=(5,), dtype=float32)
rounded label:tf.Tensor([ 0. -0.  0.  0.  0.], shape=(5,), dtype=float32)
predicted label rank:[1 1 1 1 1]
mse:tf.Tensor(11.165337, shape=(), dtype=float32)
-------
../benchmarks/LIA-lin-noInterval-trainData-datafold-mono-direction-layer-graph/test_data/nested4.c_000.smt2
true label:[24]
true label rank:[1]
predicted label:tf.Tensor([4.477598], shape=(1,), dtype=float32)
rounded label:tf.Tensor([4.], shape=(1,), dtype=float32)
predicted label rank:[1]
mse:tf.Tensor(381.12418, shape=(), dtype=float32)
-------
../benchmarks/LIA-lin-noInterval-trainData-datafold-mono-direction-layer-graph/test_data/test_locks_12.c-1_000.smt2
true label:[5, 7, 13, 5, 5, 5, 5, 5, 5, 5, 5, 5, 5, 7, 8, 8, 8, 8, 8]
true label rank:[1 2 4 1 1 1 1 1 1 1 1 1 1 2 3 3 3 3 3]
predicted label:tf.Tensor(
[ 3.4530137   0.5022909   0.3806399   0.9166791   0.3976642   1.5190985
  0.524414    0.6422192   0.06285927  1.3592105  -0.3032924   0.56788754
  0.9954014   0.4972416   4.5433617   0.4861345   1.0892789   0.38193545
  0.5592927 ], shape=(19,), dtype=float32)
rounded label:tf.Tensor(
[ 3.  1.  0.  1.  0.  2.  1.  1.  0.  1. -0.  1.  1.  0.  5.  0.  1.  0.
  1.], shape=(19,), dtype=float32)
predicted label rank:[4 2 1 2 1 3 2 2 1 2 1 2 2 1 5 1 2 1 2]
mse:tf.Tensor(35.059998, shape=(), dtype=float32)
-------
../benchmarks/LIA-lin-noInterval-trainData-datafold-mono-direction-layer-graph/test_data/car_4_e3_57_e4_1047_000.smt2
true label:[25, 26, 30, 13, 26, 30, 14, 14, 14, 14, 14, 14, 14, 14, 34, 21, 11, 7, 8, 9]
true label rank:[ 8  9 10  5  9 10  6  6  6  6  6  6  6  6 11  7  4  1  2  3]
predicted label:tf.Tensor(
[9.006886   2.0764997  2.1347811  0.34017906 3.061152   6.651651
 0.09830169 0.10985708 1.2145956  2.9443333  2.2159934  2.4216166
 1.9742212  0.12201746 3.5968344  1.1584426  2.0042353  0.53369534
 0.630018   1.3443767 ], shape=(20,), dtype=float32)
rounded label:tf.Tensor([9. 2. 2. 0. 3. 7. 0. 0. 1. 3. 2. 2. 2. 0. 4. 1. 2. 1. 1. 1.], shape=(20,), dtype=float32)
predicted label rank:[7 3 3 1 4 6 1 1 2 4 3 3 3 1 5 2 3 2 2 2]
mse:tf.Tensor(283.596, shape=(), dtype=float32)
-------
../benchmarks/LIA-lin-noInterval-trainData-datafold-mono-direction-layer-graph/test_data/destroy_test_dangling_unsafe.c_000.smt2
true label:[4, 4, 4, 4, 3, 3, 3, 3, 3]
true label rank:[2 2 2 2 1 1 1 1 1]
predicted label:tf.Tensor(
[13.489464   11.0808     11.442048   32.941772   29.243336    0.96254635
  0.44917262  1.0442319   1.1153841 ], shape=(9,), dtype=float32)
rounded label:tf.Tensor([13. 11. 11. 33. 29.  1.  0.  1.  1.], shape=(9,), dtype=float32)
predicted label rank:[4 3 3 6 5 2 1 2 2]
mse:tf.Tensor(193.32726, shape=(), dtype=float32)
-------
../benchmarks/LIA-lin-noInterval-trainData-datafold-mono-direction-layer-graph/test_data/jm2006_variant_true-unreach-call.c.flat_000.smt2
true label:[3]
true label rank:[1]
predicted label:tf.Tensor([0.65894985], shape=(1,), dtype=float32)
rounded label:tf.Tensor([1.], shape=(1,), dtype=float32)
predicted label rank:[1]
mse:tf.Tensor(5.480516, shape=(), dtype=float32)
-------
../benchmarks/LIA-lin-noInterval-trainData-datafold-mono-direction-layer-graph/test_data/SYNAPSE_2_e8_1118_e7_1043_000.smt2
true label:[126, 5, 8, 4, 4, 3, 3, 4, 14, 12, 14, 18]
true label rank:[8 3 4 2 2 1 1 2 6 5 6 7]
predicted label:tf.Tensor(
[3.1683777e+01 4.4935557e-01 2.1999769e+00 2.7822226e-02 1.9035223e-01
 2.8353196e-01 1.5601737e-02 1.3045877e-02 1.2433046e+00 2.2585249e+00
 1.0486723e+00 3.7138064e+00], shape=(12,), dtype=float32)
rounded label:tf.Tensor([32.  0.  2.  0.  0.  0.  0.  0.  1.  2.  1.  4.], shape=(12,), dtype=float32)
predicted label rank:[5 1 3 1 1 1 1 1 2 3 2 4]
mse:tf.Tensor(803.48615, shape=(), dtype=float32)
-------
../benchmarks/LIA-lin-noInterval-trainData-datafold-mono-direction-layer-graph/test_data/gj2007_m_3_000.smt2
true label:[4, 4, 4, 4, 4]
true label rank:[1 1 1 1 1]
predicted label:tf.Tensor([0.5641781  0.02477838 0.13796921 0.10037608 0.28452858], shape=(5,), dtype=float32)
rounded label:tf.Tensor([1. 0. 0. 0. 0.], shape=(5,), dtype=float32)
predicted label rank:[2 1 1 1 1]
mse:tf.Tensor(14.306867, shape=(), dtype=float32)
-------
../benchmarks/LIA-lin-noInterval-trainData-datafold-mono-direction-layer-graph/test_data/loop__barthe2_000.smt2
true label:[5]
true label rank:[1]
predicted label:tf.Tensor([0.9421266], shape=(1,), dtype=float32)
rounded label:tf.Tensor([1.], shape=(1,), dtype=float32)
predicted label rank:[1]
mse:tf.Tensor(16.466335, shape=(), dtype=float32)
-------
../benchmarks/LIA-lin-noInterval-trainData-datafold-mono-direction-layer-graph/test_data/minepump_spec5_product56_true-unreach-call.cil.c.flat_000.smt2
true label:[44, 32, 25, 18, 10, 10, 21, 51, 36, 8, 61, 59, 29, 44, 48, 39, 13]
true label rank:[11  8  6  4  2  2  5 13  9  1 15 14  7 11 12 10  3]
predicted label:tf.Tensor(
[ 6.037089    1.5214418   0.97686166  0.9149151   0.7015312   1.5457518
 -0.10735685  1.6358469   8.420254    3.099636    7.662757    5.321745
  5.3678675   3.593309    4.32711     1.6621643   0.11834671], shape=(17,), dtype=float32)
rounded label:tf.Tensor([ 6.  2.  1.  1.  1.  2. -0.  2.  8.  3.  8.  5.  5.  4.  4.  2.  0.], shape=(17,), dtype=float32)
predicted label rank:[7 3 2 2 2 3 1 3 8 4 8 6 6 5 5 3 1]
mse:tf.Tensor(1085.2256, shape=(), dtype=float32)
-------
../benchmarks/LIA-lin-noInterval-trainData-datafold-mono-direction-layer-graph/test_data/large_const_true-unreach-call.c.flat_000.smt2
true label:[11, 5, 5]
true label rank:[2 1 1]
predicted label:tf.Tensor([ 1.2002759  -0.03051549 -0.00687351], shape=(3,), dtype=float32)
rounded label:tf.Tensor([ 1. -0. -0.], shape=(3,), dtype=float32)
predicted label rank:[2 1 1]
mse:tf.Tensor(48.803158, shape=(), dtype=float32)
-------
../benchmarks/LIA-lin-noInterval-trainData-datafold-mono-direction-layer-graph/test_data/minepump_spec2_product64_true-unreach-call.cil.c.flat_000.smt2
true label:[193, 13]
true label rank:[2 1]
predicted label:tf.Tensor([42.24395    0.3882652], shape=(2,), dtype=float32)
rounded label:tf.Tensor([42.  0.], shape=(2,), dtype=float32)
predicted label rank:[2 1]
mse:tf.Tensor(11443.221, shape=(), dtype=float32)
-------
../benchmarks/LIA-lin-noInterval-trainData-datafold-mono-direction-layer-graph/test_data/chc-lia-lin-0265_000.smt2
true label:[393, 6, 5, 178, 220, 16, 16, 16, 16, 16, 16, 16, 16, 16, 16, 16, 16, 16, 16, 16, 16, 16, 16, 16, 16, 16, 16, 16, 16, 16, 16, 16, 16, 16, 16, 16, 16, 16, 16, 18, 16, 16, 16, 16, 16, 16, 16, 16, 16, 16, 16, 16, 16, 16, 16, 16, 16, 16, 16, 16, 16, 16, 16, 16, 10]
true label rank:[8 2 1 6 7 4 4 4 4 4 4 4 4 4 4 4 4 4 4 4 4 4 4 4 4 4 4 4 4 4 4 4 4 4 4 4 4
 4 4 5 4 4 4 4 4 4 4 4 4 4 4 4 4 4 4 4 4 4 4 4 4 4 4 4 3]
predicted label:tf.Tensor(
[ 2.4177971e+01  8.8759340e-02  2.2777380e-02  1.3489807e+01
  2.5457577e+01  1.6376996e+00  2.6630792e-01 -1.5001905e-01
  8.8115019e-01  1.0497774e+00  1.2139067e-02  7.9580373e-01
  1.4913287e+00  7.5971884e-01  1.4374896e+00  5.2785450e-01
  1.1284218e+00  2.0152512e-01  1.0104364e+00  4.5176768e-01
  1.2156178e+00  9.4959754e-01  6.5281886e-01  1.0517634e+00
  1.0485312e+00  7.0606244e-01  6.9921803e-01  1.3362283e-01
  8.8377988e-01 -3.9158487e-01  5.9574759e-01  2.5048132e+00
  4.1669565e-01  5.4810238e-01  1.2085577e+00  3.8886839e-01
  8.2100105e-01  6.9818318e-01  2.5849327e-01  5.9000063e-01
  1.8632133e+00  8.7531006e-01  1.6920314e+00  6.9457531e-01
  3.4401016e+00 -6.3939065e-02  7.1065623e-01 -8.4144473e-02
  1.0212374e-01  1.1698157e+00  1.2054265e+00  5.5267978e-01
  4.6265277e-01  1.5191132e+00  1.7958908e+00  6.7789698e-01
  1.6795652e+00  1.4933035e+00  1.7114770e+00  1.5158617e+00
  1.1090909e+00  1.3034155e+00  5.3507984e-01  1.2600429e+00
  6.6402115e-02], shape=(65,), dtype=float32)
rounded label:tf.Tensor(
[24.  0.  0. 13. 25.  2.  0. -0.  1.  1.  0.  1.  1.  1.  1.  1.  1.  0.
  1.  0.  1.  1.  1.  1.  1.  1.  1.  0.  1. -0.  1.  3.  0.  1.  1.  0.
  1.  1.  0.  1.  2.  1.  2.  1.  3. -0.  1. -0.  0.  1.  1.  1.  0.  2.
  2.  1.  2.  1.  2.  2.  1.  1.  1.  1.  0.], shape=(65,), dtype=float32)
predicted label rank:[6 1 1 5 7 3 1 1 2 2 1 2 2 2 2 2 2 1 2 1 2 2 2 2 2 2 2 1 2 1 2 4 1 2 2 1 2
 2 1 2 3 2 3 2 4 1 2 1 1 2 2 2 1 3 3 2 3 2 3 3 2 2 2 2 1]
mse:tf.Tensor(3301.9104, shape=(), dtype=float32)
-------
../benchmarks/LIA-lin-noInterval-trainData-datafold-mono-direction-layer-graph/test_data/four1.smt2-0046_000.smt2
true label:[3, 4]
true label rank:[1 2]
predicted label:tf.Tensor([0.3808929  0.09256031], shape=(2,), dtype=float32)
rounded label:tf.Tensor([0. 0.], shape=(2,), dtype=float32)
predicted label rank:[1 1]
mse:tf.Tensor(11.063904, shape=(), dtype=float32)
-------
../benchmarks/LIA-lin-noInterval-trainData-datafold-mono-direction-layer-graph/test_data/tridag.smt2-0014_000.smt2
true label:[3]
true label rank:[1]
predicted label:tf.Tensor([0.08431262], shape=(1,), dtype=float32)
rounded label:tf.Tensor([0.], shape=(1,), dtype=float32)
predicted label rank:[1]
mse:tf.Tensor(8.501232, shape=(), dtype=float32)
-------
../benchmarks/LIA-lin-noInterval-trainData-datafold-mono-direction-layer-graph/test_data/nested-while_merged_safe.c-1_000.smt2
true label:[4, 4, 4, 7, 6, 9]
true label rank:[1 1 1 3 2 4]
predicted label:tf.Tensor([0.74075    0.02632128 0.07334682 0.0836335  0.17508696 0.41240472], shape=(6,), dtype=float32)
rounded label:tf.Tensor([1. 0. 0. 0. 0. 0.], shape=(6,), dtype=float32)
predicted label rank:[2 1 1 1 1 1]
mse:tf.Tensor(32.89066, shape=(), dtype=float32)
-------
../benchmarks/LIA-lin-noInterval-trainData-datafold-mono-direction-layer-graph/test_data/12.c_000.smt2
true label:[8, 5, 3, 3, 3, 6, 3]
true label rank:[4 2 1 1 1 3 1]
predicted label:tf.Tensor(
[1.5261168  0.15230921 0.37071377 0.06428574 0.06051538 0.18116966
 0.11004097], shape=(7,), dtype=float32)
rounded label:tf.Tensor([2. 0. 0. 0. 0. 0. 0.], shape=(7,), dtype=float32)
predicted label rank:[2 1 1 1 1 1 1]
mse:tf.Tensor(18.827723, shape=(), dtype=float32)
-------
../benchmarks/LIA-lin-noInterval-trainData-datafold-mono-direction-layer-graph/test_data/reverse_div_unsafe.c_000.smt2
true label:[4, 4, 4, 4, 3, 3, 3, 3, 3]
true label rank:[2 2 2 2 1 1 1 1 1]
predicted label:tf.Tensor(
[ 1.4372642e+01  1.1234070e+01  1.0788151e+01  3.3749565e+01
  2.1083229e+01  8.0934954e-01  6.7642939e-01 -3.2466650e-02
  1.3422537e-01], shape=(9,), dtype=float32)
rounded label:tf.Tensor([14. 11. 11. 34. 21.  1.  1. -0.  0.], shape=(9,), dtype=float32)
predicted label rank:[4 3 3 6 5 2 2 1 1]
mse:tf.Tensor(160.62762, shape=(), dtype=float32)
-------
../benchmarks/LIA-lin-noInterval-trainData-datafold-mono-direction-layer-graph/test_data/xy10.c_000.smt2
true label:[19]
true label rank:[1]
predicted label:tf.Tensor([3.6158187], shape=(1,), dtype=float32)
rounded label:tf.Tensor([4.], shape=(1,), dtype=float32)
predicted label rank:[1]
mse:tf.Tensor(236.67302, shape=(), dtype=float32)
-------
../benchmarks/LIA-lin-noInterval-trainData-datafold-mono-direction-layer-graph/test_data/break_single_merged_safe.c-1_000.smt2
true label:[4, 5]
true label rank:[1 2]
predicted label:tf.Tensor([0.24484447 0.13618222], shape=(2,), dtype=float32)
rounded label:tf.Tensor([0. 0.], shape=(2,), dtype=float32)
predicted label rank:[1 1]
mse:tf.Tensor(18.878958, shape=(), dtype=float32)
-------
../benchmarks/LIA-lin-noInterval-trainData-datafold-mono-direction-layer-graph/test_data/nested6.c_000.smt2
true label:[48]
true label rank:[1]
predicted label:tf.Tensor([8.341531], shape=(1,), dtype=float32)
rounded label:tf.Tensor([8.], shape=(1,), dtype=float32)
predicted label rank:[1]
mse:tf.Tensor(1572.7943, shape=(), dtype=float32)
-------
../benchmarks/LIA-lin-noInterval-trainData-datafold-mono-direction-layer-graph/test_data/chc-lia-lin-0017_000.smt2
true label:[5, 4, 4, 4]
true label rank:[2 1 1 1]
predicted label:tf.Tensor([0.57705486 0.05518455 0.04119218 0.03113051], shape=(4,), dtype=float32)
rounded label:tf.Tensor([1. 0. 0. 0.], shape=(4,), dtype=float32)
predicted label rank:[2 1 1 1]
mse:tf.Tensor(16.637024, shape=(), dtype=float32)
-------
../benchmarks/LIA-lin-noInterval-trainData-datafold-mono-direction-layer-graph/test_data/chc-lia-lin-0000_000.smt2
true label:[3]
true label rank:[1]
predicted label:tf.Tensor([0.20836869], shape=(1,), dtype=float32)
rounded label:tf.Tensor([0.], shape=(1,), dtype=float32)
predicted label rank:[1]
mse:tf.Tensor(7.793205, shape=(), dtype=float32)
-------
../benchmarks/LIA-lin-noInterval-trainData-datafold-mono-direction-layer-graph/test_data/chc-lia-lin-0091_000.smt2
true label:[8, 7, 3, 4, 4]
true label rank:[4 3 1 2 2]
predicted label:tf.Tensor(
[ 7.1568984e-01 -1.7992221e-04 -9.8742314e-02  5.8261134e-02
  9.1601267e-02], shape=(5,), dtype=float32)
rounded label:tf.Tensor([ 1. -0. -0.  0.  0.], shape=(5,), dtype=float32)
predicted label rank:[2 1 1 1 1]
mse:tf.Tensor(28.495754, shape=(), dtype=float32)
-------
../benchmarks/LIA-lin-noInterval-trainData-datafold-mono-direction-layer-graph/test_data/dillig17.c_000.smt2
true label:[36]
true label rank:[1]
predicted label:tf.Tensor([6.6461287], shape=(1,), dtype=float32)
rounded label:tf.Tensor([7.], shape=(1,), dtype=float32)
predicted label rank:[1]
mse:tf.Tensor(861.6497, shape=(), dtype=float32)
-------
mean(mse_list):1051.4308
