best_valid_epoch:36.0
train loss:0.03581625
valid loss:0.036310844
test loss list:tf.Tensor(0.019068092, shape=(), dtype=float32)
mean test loss:0.019068092
mean loss list:tf.Tensor(0.12679347, shape=(), dtype=float32)
mean mean loss:0.12679347
accuracy list:[<tf.Tensor: shape=(), dtype=float64, numpy=0.9780893952673094>]
mean accuracy:0.9780893952673094
-------
../benchmarks/LIA-lin-noInterval-trainData-datafold-graphs/test_data/chc-lia-lin-0140_000.smt2
true label:[1, 1, 1, 0, 1, 1, 1, 1, 1, 0]
true label rank:[2 2 2 1 2 2 2 2 2 1]
predicted label:tf.Tensor(
[1.         1.         0.99996424 0.0065684  0.9996536  0.9789057
 0.99062854 0.8817279  0.99790287 0.00154476], shape=(10,), dtype=float32)
rounded label:tf.Tensor([1. 1. 1. 0. 1. 1. 1. 1. 1. 0.], shape=(10,), dtype=float32)
predicted label rank:[2 2 2 1 2 2 2 2 2 1]
mse:tf.Tensor(0.001457114, shape=(), dtype=float32)
-------
../benchmarks/LIA-lin-noInterval-trainData-datafold-graphs/test_data/metros_3_e3_1275_e2_454_000.smt2
true label:[1, 1, 1, 1, 1, 1, 1, 1, 1, 1, 1, 1, 1, 1, 1, 1, 1, 1, 1, 1, 1, 1, 1]
true label rank:[1 1 1 1 1 1 1 1 1 1 1 1 1 1 1 1 1 1 1 1 1 1 1]
predicted label:tf.Tensor([1. 1. 1. 1. 1. 1. 1. 1. 1. 1. 1. 1. 1. 1. 1. 1. 1. 1. 1. 1. 1. 1. 1.], shape=(23,), dtype=float32)
rounded label:tf.Tensor([1. 1. 1. 1. 1. 1. 1. 1. 1. 1. 1. 1. 1. 1. 1. 1. 1. 1. 1. 1. 1. 1. 1.], shape=(23,), dtype=float32)
predicted label rank:[1 1 1 1 1 1 1 1 1 1 1 1 1 1 1 1 1 1 1 1 1 1 1]
mse:tf.Tensor(0.0, shape=(), dtype=float32)
-------
../benchmarks/LIA-lin-noInterval-trainData-datafold-graphs/test_data/jm2006_variant_true-unreach-call.c.flat_000.smt2
true label:[1]
true label rank:[1]
predicted label:tf.Tensor([0.9999999], shape=(1,), dtype=float32)
rounded label:tf.Tensor([1.], shape=(1,), dtype=float32)
predicted label rank:[1]
mse:tf.Tensor(1.4210855e-14, shape=(), dtype=float32)
-------
../benchmarks/LIA-lin-noInterval-trainData-datafold-graphs/test_data/test_locks_10.c-1_000.smt2
true label:[1, 1, 1, 1, 1, 1, 1, 1, 1, 1, 1, 1, 1, 1, 1, 0]
true label rank:[2 2 2 2 2 2 2 2 2 2 2 2 2 2 2 1]
predicted label:tf.Tensor(
[9.9999797e-01 9.9999988e-01 9.9179488e-01 9.9422294e-01 1.0000000e+00
 1.0000000e+00 9.9982172e-01 9.9999988e-01 9.9999988e-01 9.9963558e-01
 1.0000000e+00 1.0000000e+00 1.0000000e+00 1.0000000e+00 1.0000000e+00
 1.9551097e-05], shape=(16,), dtype=float32)
rounded label:tf.Tensor([1. 1. 1. 1. 1. 1. 1. 1. 1. 1. 1. 1. 1. 1. 1. 0.], shape=(16,), dtype=float32)
predicted label rank:[2 2 2 2 2 2 2 2 2 2 2 2 2 2 2 1]
mse:tf.Tensor(6.3039583e-06, shape=(), dtype=float32)
-------
../benchmarks/LIA-lin-noInterval-trainData-datafold-graphs/test_data/PRODUCER_CONSUMER_all_000.smt2
true label:[1, 1, 1, 1, 1, 1, 1, 1, 1, 1, 1, 1, 1]
true label rank:[1 1 1 1 1 1 1 1 1 1 1 1 1]
predicted label:tf.Tensor([1. 1. 1. 1. 1. 1. 1. 1. 1. 1. 1. 1. 1.], shape=(13,), dtype=float32)
rounded label:tf.Tensor([1. 1. 1. 1. 1. 1. 1. 1. 1. 1. 1. 1. 1.], shape=(13,), dtype=float32)
predicted label rank:[1 1 1 1 1 1 1 1 1 1 1 1 1]
mse:tf.Tensor(0.0, shape=(), dtype=float32)
-------
../benchmarks/LIA-lin-noInterval-trainData-datafold-graphs/test_data/minepump_spec4_product57_true-unreach-call.cil.c.flat_000.smt2
true label:[1, 0]
true label rank:[2 1]
predicted label:tf.Tensor([1. 0.], shape=(2,), dtype=float32)
rounded label:tf.Tensor([1. 0.], shape=(2,), dtype=float32)
predicted label rank:[2 1]
mse:tf.Tensor(0.0, shape=(), dtype=float32)
-------
../benchmarks/LIA-lin-noInterval-trainData-datafold-graphs/test_data/25.c_000.smt2
true label:[1, 1, 1, 1, 1]
true label rank:[1 1 1 1 1]
predicted label:tf.Tensor([0.99871504 0.96579975 0.99997437 0.9875589  0.9698835 ], shape=(5,), dtype=float32)
rounded label:tf.Tensor([1. 1. 1. 1. 1.], shape=(5,), dtype=float32)
predicted label rank:[1 1 1 1 1]
mse:tf.Tensor(0.00044661868, shape=(), dtype=float32)
-------
../benchmarks/LIA-lin-noInterval-trainData-datafold-graphs/test_data/bandec.smt2-0148_000.smt2
true label:[0, 0, 0]
true label rank:[1 1 1]
predicted label:tf.Tensor([1.4999354e-23 1.4943775e-24 0.0000000e+00], shape=(3,), dtype=float32)
rounded label:tf.Tensor([0. 0. 0.], shape=(3,), dtype=float32)
predicted label rank:[1 1 1]
mse:tf.Tensor(0.0, shape=(), dtype=float32)
-------
../benchmarks/LIA-lin-noInterval-trainData-datafold-graphs/test_data/car_all_e2_108_000.smt2
true label:[1, 1, 1, 1, 1, 1, 1, 1, 1, 1, 1, 1, 1]
true label rank:[1 1 1 1 1 1 1 1 1 1 1 1 1]
predicted label:tf.Tensor([1. 1. 1. 1. 1. 1. 1. 1. 1. 1. 1. 1. 1.], shape=(13,), dtype=float32)
rounded label:tf.Tensor([1. 1. 1. 1. 1. 1. 1. 1. 1. 1. 1. 1. 1.], shape=(13,), dtype=float32)
predicted label rank:[1 1 1 1 1 1 1 1 1 1 1 1 1]
mse:tf.Tensor(0.0, shape=(), dtype=float32)
-------
../benchmarks/LIA-lin-noInterval-trainData-datafold-graphs/test_data/break_single_merged_safe.c-1_000.smt2
true label:[1, 1]
true label rank:[1 1]
predicted label:tf.Tensor([0.99998534 0.99943215], shape=(2,), dtype=float32)
rounded label:tf.Tensor([1. 1.], shape=(2,), dtype=float32)
predicted label rank:[1 1]
mse:tf.Tensor(1.6133626e-07, shape=(), dtype=float32)
-------
../benchmarks/LIA-lin-noInterval-trainData-datafold-graphs/test_data/metros_4_e3_1091_e3_522_000.smt2
true label:[1, 1, 1, 1, 1, 1, 1, 1, 1, 1, 1, 1, 1, 1, 1, 1, 1, 1, 1, 1, 1, 1, 1]
true label rank:[1 1 1 1 1 1 1 1 1 1 1 1 1 1 1 1 1 1 1 1 1 1 1]
predicted label:tf.Tensor([1. 1. 1. 1. 1. 1. 1. 1. 1. 1. 1. 1. 1. 1. 1. 1. 1. 1. 1. 1. 1. 1. 1.], shape=(23,), dtype=float32)
rounded label:tf.Tensor([1. 1. 1. 1. 1. 1. 1. 1. 1. 1. 1. 1. 1. 1. 1. 1. 1. 1. 1. 1. 1. 1. 1.], shape=(23,), dtype=float32)
predicted label rank:[1 1 1 1 1 1 1 1 1 1 1 1 1 1 1 1 1 1 1 1 1 1 1]
mse:tf.Tensor(0.0, shape=(), dtype=float32)
-------
../benchmarks/LIA-lin-noInterval-trainData-datafold-graphs/test_data/chc-lia-lin-0102_000.smt2
true label:[0, 0]
true label rank:[1 1]
predicted label:tf.Tensor([5.1647391e-02 2.8839127e-05], shape=(2,), dtype=float32)
rounded label:tf.Tensor([0. 0.], shape=(2,), dtype=float32)
predicted label rank:[1 1]
mse:tf.Tensor(0.0013337269, shape=(), dtype=float32)
-------
../benchmarks/LIA-lin-noInterval-trainData-datafold-graphs/test_data/jm2006_true-unreach-call.c.flat_000.smt2
true label:[1]
true label rank:[1]
predicted label:tf.Tensor([0.9999995], shape=(1,), dtype=float32)
rounded label:tf.Tensor([1.], shape=(1,), dtype=float32)
predicted label rank:[1]
mse:tf.Tensor(2.2737368e-13, shape=(), dtype=float32)
-------
../benchmarks/LIA-lin-noInterval-trainData-datafold-graphs/test_data/four1.smt2-0033_000.smt2
true label:[0, 0]
true label rank:[1 1]
predicted label:tf.Tensor([2.508555e-14 5.259346e-24], shape=(2,), dtype=float32)
rounded label:tf.Tensor([0. 0.], shape=(2,), dtype=float32)
predicted label rank:[1 1]
mse:tf.Tensor(3.146424e-28, shape=(), dtype=float32)
-------
../benchmarks/LIA-lin-noInterval-trainData-datafold-graphs/test_data/03.c_000.smt2
true label:[1, 1, 1]
true label rank:[1 1 1]
predicted label:tf.Tensor([0.9473261 0.9827428 0.9929817], shape=(3,), dtype=float32)
rounded label:tf.Tensor([1. 1. 1.], shape=(3,), dtype=float32)
predicted label rank:[1 1 1]
mse:tf.Tensor(0.0010405352, shape=(), dtype=float32)
-------
../benchmarks/LIA-lin-noInterval-trainData-datafold-graphs/test_data/chc-lia-lin-0065_000.smt2
true label:[0, 1, 1]
true label rank:[1 2 2]
predicted label:tf.Tensor([0.4447467  0.99647933 0.7130933 ], shape=(3,), dtype=float32)
rounded label:tf.Tensor([0. 1. 1.], shape=(3,), dtype=float32)
predicted label rank:[1 2 2]
mse:tf.Tensor(0.09337583, shape=(), dtype=float32)
-------
../benchmarks/LIA-lin-noInterval-trainData-datafold-graphs/test_data/chc-lia-lin-0278_000.smt2
true label:[0, 0, 0, 0, 0, 0, 0, 0, 0, 0, 0, 0, 0, 0, 0, 0, 0, 0, 0, 0, 1, 0, 1, 1, 0, 1, 1, 1, 1, 1, 1, 1, 1, 1, 1, 1, 1, 1, 1, 1, 1, 1, 1, 1, 1, 1, 1, 1, 1, 1, 1, 1, 1, 1, 1, 1, 1, 1, 1]
true label rank:[1 1 1 1 1 1 1 1 1 1 1 1 1 1 1 1 1 1 1 1 2 1 2 2 1 2 2 2 2 2 2 2 2 2 2 2 2
 2 2 2 2 2 2 2 2 2 2 2 2 2 2 2 2 2 2 2 2 2 2]
predicted label:tf.Tensor(
[2.6043639e-01 9.3815453e-02 4.6005834e-02 1.4019384e-02 2.5579026e-01
 6.3336916e-02 1.1155432e-01 1.5580619e-03 2.7377211e-02 1.7037466e-02
 6.8314090e-02 6.6784948e-02 5.3967454e-02 6.4475238e-02 1.6407335e-02
 2.5656796e-04 2.9287251e-02 3.3757612e-02 2.1008490e-02 8.4391192e-02
 1.0000000e+00 9.7164851e-01 1.0000000e+00 1.0000000e+00 9.7381026e-01
 1.0000000e+00 1.0000000e+00 1.0000000e+00 1.0000000e+00 1.0000000e+00
 1.0000000e+00 1.0000000e+00 1.0000000e+00 1.0000000e+00 1.0000000e+00
 1.0000000e+00 1.0000000e+00 1.0000000e+00 1.0000000e+00 1.0000000e+00
 1.0000000e+00 1.0000000e+00 1.0000000e+00 1.0000000e+00 1.0000000e+00
 1.0000000e+00 1.0000000e+00 1.0000000e+00 1.0000000e+00 1.0000000e+00
 1.0000000e+00 1.0000000e+00 1.0000000e+00 1.0000000e+00 1.0000000e+00
 1.0000000e+00 1.0000000e+00 1.0000000e+00 1.0000000e+00], shape=(59,), dtype=float32)
rounded label:tf.Tensor(
[0. 0. 0. 0. 0. 0. 0. 0. 0. 0. 0. 0. 0. 0. 0. 0. 0. 0. 0. 0. 1. 1. 1. 1.
 1. 1. 1. 1. 1. 1. 1. 1. 1. 1. 1. 1. 1. 1. 1. 1. 1. 1. 1. 1. 1. 1. 1. 1.
 1. 1. 1. 1. 1. 1. 1. 1. 1. 1. 1.], shape=(59,), dtype=float32)
predicted label rank:[1 1 1 1 1 1 1 1 1 1 1 1 1 1 1 1 1 1 1 1 2 2 2 2 2 2 2 2 2 2 2 2 2 2 2 2 2
 2 2 2 2 2 2 2 2 2 2 2 2 2 2 2 2 2 2 2 2 2 2]
mse:tf.Tensor(0.035259355, shape=(), dtype=float32)
-------
../benchmarks/LIA-lin-noInterval-trainData-datafold-graphs/test_data/loop__barthe2_000.smt2
true label:[1]
true label rank:[1]
predicted label:tf.Tensor([1.], shape=(1,), dtype=float32)
rounded label:tf.Tensor([1.], shape=(1,), dtype=float32)
predicted label rank:[1]
mse:tf.Tensor(0.0, shape=(), dtype=float32)
-------
../benchmarks/LIA-lin-noInterval-trainData-datafold-graphs/test_data/minepump_spec1_product58_true-unreach-call.cil.c.flat_000.smt2
true label:[1, 0]
true label rank:[2 1]
predicted label:tf.Tensor([1.0000000e+00 4.5111972e-35], shape=(2,), dtype=float32)
rounded label:tf.Tensor([1. 0.], shape=(2,), dtype=float32)
predicted label rank:[2 1]
mse:tf.Tensor(0.0, shape=(), dtype=float32)
-------
../benchmarks/LIA-lin-noInterval-trainData-datafold-graphs/test_data/metros_1_e8_725_e3_556_000.smt2
true label:[1, 1, 1, 1, 1, 1, 1, 1, 1, 1, 1, 1, 1, 1, 1, 1, 1, 1, 1, 1, 1, 1, 1, 1, 1, 1, 1, 1, 1, 1, 1]
true label rank:[1 1 1 1 1 1 1 1 1 1 1 1 1 1 1 1 1 1 1 1 1 1 1 1 1 1 1 1 1 1 1]
predicted label:tf.Tensor(
[1. 1. 1. 1. 1. 1. 1. 1. 1. 1. 1. 1. 1. 1. 1. 1. 1. 1. 1. 1. 1. 1. 1. 1.
 1. 1. 1. 1. 1. 1. 1.], shape=(31,), dtype=float32)
rounded label:tf.Tensor(
[1. 1. 1. 1. 1. 1. 1. 1. 1. 1. 1. 1. 1. 1. 1. 1. 1. 1. 1. 1. 1. 1. 1. 1.
 1. 1. 1. 1. 1. 1. 1.], shape=(31,), dtype=float32)
predicted label rank:[1 1 1 1 1 1 1 1 1 1 1 1 1 1 1 1 1 1 1 1 1 1 1 1 1 1 1 1 1 1 1]
mse:tf.Tensor(0.0, shape=(), dtype=float32)
-------
../benchmarks/LIA-lin-noInterval-trainData-datafold-graphs/test_data/16.c_000.smt2
true label:[1, 1, 0]
true label rank:[2 2 1]
predicted label:tf.Tensor([0.9999994  0.9999794  0.00141792], shape=(3,), dtype=float32)
rounded label:tf.Tensor([1. 1. 0.], shape=(3,), dtype=float32)
predicted label rank:[2 2 1]
mse:tf.Tensor(6.703105e-07, shape=(), dtype=float32)
-------
../benchmarks/LIA-lin-noInterval-trainData-datafold-graphs/test_data/apache-get-tag.i.v+lhb-reducer.c-1_000.smt2
true label:[1, 1, 1, 0]
true label rank:[2 2 2 1]
predicted label:tf.Tensor([1.0000000e+00 9.9979907e-01 1.0000000e+00 3.0962945e-17], shape=(4,), dtype=float32)
rounded label:tf.Tensor([1. 1. 1. 0.], shape=(4,), dtype=float32)
predicted label rank:[2 2 2 1]
mse:tf.Tensor(1.0092941e-08, shape=(), dtype=float32)
-------
../benchmarks/LIA-lin-noInterval-trainData-datafold-graphs/test_data/chc-lia-lin-0260_000.smt2
true label:[1, 0, 0, 1, 1, 1, 1, 1, 1, 1, 1, 1, 1, 1, 1, 1, 1, 1, 1, 1, 1, 1, 1, 1, 1, 1, 1, 1, 1, 1, 1, 1, 1, 1, 1, 1, 1, 1, 1, 1, 1, 1, 1, 1, 1, 1, 1, 1, 1, 1, 1, 1, 1, 1, 1, 1, 1, 1, 1, 1, 1, 1, 1, 1, 1]
true label rank:[2 1 1 2 2 2 2 2 2 2 2 2 2 2 2 2 2 2 2 2 2 2 2 2 2 2 2 2 2 2 2 2 2 2 2 2 2
 2 2 2 2 2 2 2 2 2 2 2 2 2 2 2 2 2 2 2 2 2 2 2 2 2 2 2 2]
predicted label:tf.Tensor(
[1.0000000e+00 4.5499616e-04 1.1019379e-06 1.0000000e+00 1.0000000e+00
 1.0000000e+00 1.0000000e+00 9.9996412e-01 9.9999845e-01 9.9998689e-01
 9.9999881e-01 9.9999988e-01 1.0000000e+00 9.9999940e-01 9.9998999e-01
 1.0000000e+00 9.9999988e-01 1.0000000e+00 1.0000000e+00 1.0000000e+00
 1.0000000e+00 1.0000000e+00 1.0000000e+00 1.0000000e+00 1.0000000e+00
 1.0000000e+00 1.0000000e+00 1.0000000e+00 1.0000000e+00 1.0000000e+00
 1.0000000e+00 1.0000000e+00 1.0000000e+00 1.0000000e+00 1.0000000e+00
 1.0000000e+00 1.0000000e+00 1.0000000e+00 1.0000000e+00 1.0000000e+00
 1.0000000e+00 1.0000000e+00 1.0000000e+00 1.0000000e+00 1.0000000e+00
 1.0000000e+00 1.0000000e+00 1.0000000e+00 1.0000000e+00 1.0000000e+00
 1.0000000e+00 1.0000000e+00 1.0000000e+00 1.0000000e+00 1.0000000e+00
 1.0000000e+00 1.0000000e+00 1.0000000e+00 1.0000000e+00 1.0000000e+00
 1.0000000e+00 1.0000000e+00 1.0000000e+00 1.0000000e+00 1.0000000e+00], shape=(65,), dtype=float32)
rounded label:tf.Tensor(
[1. 0. 0. 1. 1. 1. 1. 1. 1. 1. 1. 1. 1. 1. 1. 1. 1. 1. 1. 1. 1. 1. 1. 1.
 1. 1. 1. 1. 1. 1. 1. 1. 1. 1. 1. 1. 1. 1. 1. 1. 1. 1. 1. 1. 1. 1. 1. 1.
 1. 1. 1. 1. 1. 1. 1. 1. 1. 1. 1. 1. 1. 1. 1. 1. 1.], shape=(65,), dtype=float32)
predicted label rank:[2 1 1 2 2 2 2 2 2 2 2 2 2 2 2 2 2 2 2 2 2 2 2 2 2 2 2 2 2 2 2 2 2 2 2 2 2
 2 2 2 2 2 2 2 2 2 2 2 2 2 2 2 2 2 2 2 2 2 2 2 2 2 2 2 2]
mse:tf.Tensor(3.2090255e-09, shape=(), dtype=float32)
-------
../benchmarks/LIA-lin-noInterval-trainData-datafold-graphs/test_data/loop__loop_000.smt2
true label:[1]
true label rank:[1]
predicted label:tf.Tensor([1.], shape=(1,), dtype=float32)
rounded label:tf.Tensor([1.], shape=(1,), dtype=float32)
predicted label rank:[1]
mse:tf.Tensor(0.0, shape=(), dtype=float32)
-------
../benchmarks/LIA-lin-noInterval-trainData-datafold-graphs/test_data/durationThm_1_e3_173_000.smt2
true label:[1, 1]
true label rank:[1 1]
predicted label:tf.Tensor([1. 1.], shape=(2,), dtype=float32)
rounded label:tf.Tensor([1. 1.], shape=(2,), dtype=float32)
predicted label rank:[1 1]
mse:tf.Tensor(0.0, shape=(), dtype=float32)
-------
../benchmarks/LIA-lin-noInterval-trainData-datafold-graphs/test_data/four1.smt2-0027_000.smt2
true label:[0, 0]
true label rank:[1 1]
predicted label:tf.Tensor([8.4120394e-14 5.7697580e-19], shape=(2,), dtype=float32)
rounded label:tf.Tensor([0. 0.], shape=(2,), dtype=float32)
predicted label rank:[1 1]
mse:tf.Tensor(3.5381205e-27, shape=(), dtype=float32)
-------
../benchmarks/LIA-lin-noInterval-trainData-datafold-graphs/test_data/28.c_000.smt2
true label:[1, 1, 1, 1, 0]
true label rank:[2 2 2 2 1]
predicted label:tf.Tensor([9.9749291e-01 9.9251819e-01 4.3190664e-01 1.0797856e-01 1.1009660e-04], shape=(5,), dtype=float32)
rounded label:tf.Tensor([1. 1. 0. 0. 0.], shape=(5,), dtype=float32)
predicted label rank:[2 2 1 1 1]
mse:tf.Tensor(0.2236989, shape=(), dtype=float32)
-------
../benchmarks/LIA-lin-noInterval-trainData-datafold-graphs/test_data/chc-lia-lin-0000_000.smt2
true label:[1]
true label rank:[1]
predicted label:tf.Tensor([0.99889684], shape=(1,), dtype=float32)
rounded label:tf.Tensor([1.], shape=(1,), dtype=float32)
predicted label rank:[1]
mse:tf.Tensor(1.216968e-06, shape=(), dtype=float32)
-------
../benchmarks/LIA-lin-noInterval-trainData-datafold-graphs/test_data/bandec.smt2-0260_000.smt2
true label:[0, 0, 0]
true label rank:[1 1 1]
predicted label:tf.Tensor([1.0615758e-28 6.7471349e-09 0.0000000e+00], shape=(3,), dtype=float32)
rounded label:tf.Tensor([0. 0. 0.], shape=(3,), dtype=float32)
predicted label rank:[1 1 1]
mse:tf.Tensor(1.517461e-17, shape=(), dtype=float32)
-------
../benchmarks/LIA-lin-noInterval-trainData-datafold-graphs/test_data/seesaw.c_000.smt2
true label:[1]
true label rank:[1]
predicted label:tf.Tensor([1.], shape=(1,), dtype=float32)
rounded label:tf.Tensor([1.], shape=(1,), dtype=float32)
predicted label rank:[1]
mse:tf.Tensor(0.0, shape=(), dtype=float32)
-------
../benchmarks/LIA-lin-noInterval-trainData-datafold-graphs/test_data/nest-if.c_000.smt2
true label:[1]
true label rank:[1]
predicted label:tf.Tensor([1.], shape=(1,), dtype=float32)
rounded label:tf.Tensor([1.], shape=(1,), dtype=float32)
predicted label rank:[1]
mse:tf.Tensor(0.0, shape=(), dtype=float32)
-------
../benchmarks/LIA-lin-noInterval-trainData-datafold-graphs/test_data/id_build.i.p+sep-reducer.c-1_000.smt2
true label:[1, 0]
true label rank:[2 1]
predicted label:tf.Tensor([9.99998450e-01 1.04699706e-04], shape=(2,), dtype=float32)
rounded label:tf.Tensor([1. 0.], shape=(2,), dtype=float32)
predicted label rank:[2 1]
mse:tf.Tensor(5.482215e-09, shape=(), dtype=float32)
-------
../benchmarks/LIA-lin-noInterval-trainData-datafold-graphs/test_data/FIREFLY_8_e2_1711_e2_2673_000.smt2
true label:[0, 0, 0, 0, 0, 0, 0, 0, 1, 1, 1, 1, 1, 1, 1, 1, 1, 1, 1, 1, 1, 1, 1, 1, 1, 1, 1, 1, 1, 1, 1, 1, 1, 1, 1]
true label rank:[1 1 1 1 1 1 1 1 2 2 2 2 2 2 2 2 2 2 2 2 2 2 2 2 2 2 2 2 2 2 2 2 2 2 2]
predicted label:tf.Tensor(
[2.6783464e-10 1.6957295e-10 5.7207886e-04 4.7524227e-06 1.3762985e-03
 1.0000000e+00 1.0000000e+00 1.0000000e+00 1.0000000e+00 1.0000000e+00
 1.0000000e+00 1.0000000e+00 1.0000000e+00 1.0000000e+00 1.0000000e+00
 1.0000000e+00 1.0000000e+00 1.0000000e+00 1.0000000e+00 1.0000000e+00
 1.0000000e+00 1.0000000e+00 1.0000000e+00 1.0000000e+00 1.0000000e+00
 1.0000000e+00 1.0000000e+00 1.0000000e+00 1.0000000e+00 1.0000000e+00
 1.0000000e+00 1.0000000e+00 1.0000000e+00 1.0000000e+00 1.0000000e+00], shape=(35,), dtype=float32)
rounded label:tf.Tensor(
[0. 0. 0. 0. 0. 1. 1. 1. 1. 1. 1. 1. 1. 1. 1. 1. 1. 1. 1. 1. 1. 1. 1. 1.
 1. 1. 1. 1. 1. 1. 1. 1. 1. 1. 1.], shape=(35,), dtype=float32)
predicted label rank:[1 1 1 1 1 2 2 2 2 2 2 2 2 2 2 2 2 2 2 2 2 2 2 2 2 2 2 2 2 2 2 2 2 2 2]
mse:tf.Tensor(0.08571435, shape=(), dtype=float32)
-------
../benchmarks/LIA-lin-noInterval-trainData-datafold-graphs/test_data/inductive5_000.smt2
true label:[1]
true label rank:[1]
predicted label:tf.Tensor([0.9998431], shape=(1,), dtype=float32)
rounded label:tf.Tensor([1.], shape=(1,), dtype=float32)
predicted label rank:[1]
mse:tf.Tensor(2.4611154e-08, shape=(), dtype=float32)
-------
../benchmarks/LIA-lin-noInterval-trainData-datafold-graphs/test_data/const_1-1.c-1_000.smt2
true label:[1]
true label rank:[1]
predicted label:tf.Tensor([0.36829636], shape=(1,), dtype=float32)
rounded label:tf.Tensor([0.], shape=(1,), dtype=float32)
predicted label rank:[1]
mse:tf.Tensor(0.39904946, shape=(), dtype=float32)
-------
../benchmarks/LIA-lin-noInterval-trainData-datafold-graphs/test_data/chc-lia-lin-0016_000.smt2
true label:[1]
true label rank:[1]
predicted label:tf.Tensor([1.], shape=(1,), dtype=float32)
rounded label:tf.Tensor([1.], shape=(1,), dtype=float32)
predicted label rank:[1]
mse:tf.Tensor(0.0, shape=(), dtype=float32)
-------
../benchmarks/LIA-lin-noInterval-trainData-datafold-graphs/test_data/large_const_true-unreach-call.c.flat_000.smt2
true label:[1, 1, 0]
true label rank:[2 2 1]
predicted label:tf.Tensor([1.000000e+00 1.000000e+00 3.823743e-04], shape=(3,), dtype=float32)
rounded label:tf.Tensor([1. 1. 0.], shape=(3,), dtype=float32)
predicted label rank:[2 2 1]
mse:tf.Tensor(4.8736705e-08, shape=(), dtype=float32)
-------
../benchmarks/LIA-lin-noInterval-trainData-datafold-graphs/test_data/inf6.correct.nts.horn-0001_000.smt2
true label:[0, 0, 0, 0]
true label rank:[1 1 1 1]
predicted label:tf.Tensor([2.0164547e-05 5.9987508e-07 3.7685069e-08 7.2896958e-04], shape=(4,), dtype=float32)
rounded label:tf.Tensor([0. 0. 0. 0.], shape=(4,), dtype=float32)
predicted label rank:[1 1 1 1]
mse:tf.Tensor(1.329509e-07, shape=(), dtype=float32)
-------
../benchmarks/LIA-lin-noInterval-trainData-datafold-graphs/test_data/spline-fixed.smt2-0001_000.smt2
true label:[0]
true label rank:[1]
predicted label:tf.Tensor([2.1236606e-19], shape=(1,), dtype=float32)
rounded label:tf.Tensor([0.], shape=(1,), dtype=float32)
predicted label rank:[1]
mse:tf.Tensor(4.5099342e-38, shape=(), dtype=float32)
-------
../benchmarks/LIA-lin-noInterval-trainData-datafold-graphs/test_data/bound.c_000.smt2
true label:[1]
true label rank:[1]
predicted label:tf.Tensor([1.], shape=(1,), dtype=float32)
rounded label:tf.Tensor([1.], shape=(1,), dtype=float32)
predicted label rank:[1]
mse:tf.Tensor(0.0, shape=(), dtype=float32)
-------
../benchmarks/LIA-lin-noInterval-trainData-datafold-graphs/test_data/12.c_000.smt2
true label:[1, 1, 1, 0, 0, 1, 1]
true label rank:[2 2 2 1 1 2 2]
predicted label:tf.Tensor(
[1.0000000e+00 1.0000000e+00 9.9999940e-01 3.8101597e-04 1.3737143e-05
 9.9999952e-01 9.9966955e-01], shape=(7,), dtype=float32)
rounded label:tf.Tensor([1. 1. 1. 0. 0. 1. 1.], shape=(7,), dtype=float32)
predicted label rank:[2 2 2 1 1 2 2]
mse:tf.Tensor(3.6365492e-08, shape=(), dtype=float32)
-------
../benchmarks/LIA-lin-noInterval-trainData-datafold-graphs/test_data/bandec.smt2-0159_000.smt2
true label:[0, 0, 0, 0]
true label rank:[1 1 1 1]
predicted label:tf.Tensor([2.3797297e-12 5.0898700e-07 1.4110292e-01 0.0000000e+00], shape=(4,), dtype=float32)
rounded label:tf.Tensor([0. 0. 0. 0.], shape=(4,), dtype=float32)
predicted label rank:[1 1 1 1]
mse:tf.Tensor(0.004977509, shape=(), dtype=float32)
-------
../benchmarks/LIA-lin-noInterval-trainData-datafold-graphs/test_data/break_safe.c-1_000.smt2
true label:[1, 1, 0]
true label rank:[2 2 1]
predicted label:tf.Tensor([0.9999833  0.99997425 0.6437707 ], shape=(3,), dtype=float32)
rounded label:tf.Tensor([1. 1. 1.], shape=(3,), dtype=float32)
predicted label rank:[1 1 1]
mse:tf.Tensor(0.1381469, shape=(), dtype=float32)
-------
../benchmarks/LIA-lin-noInterval-trainData-datafold-graphs/test_data/chc-lia-lin-0028_000.smt2
true label:[1]
true label rank:[1]
predicted label:tf.Tensor([1.], shape=(1,), dtype=float32)
rounded label:tf.Tensor([1.], shape=(1,), dtype=float32)
predicted label rank:[1]
mse:tf.Tensor(0.0, shape=(), dtype=float32)
-------
../benchmarks/LIA-lin-noInterval-trainData-datafold-graphs/test_data/loop__loop2_000.smt2
true label:[1]
true label rank:[1]
predicted label:tf.Tensor([1.], shape=(1,), dtype=float32)
rounded label:tf.Tensor([1.], shape=(1,), dtype=float32)
predicted label rank:[1]
mse:tf.Tensor(0.0, shape=(), dtype=float32)
-------
../benchmarks/LIA-lin-noInterval-trainData-datafold-graphs/test_data/barthe2-big2_merged_safe.c-1_000.smt2
true label:[1, 1, 1]
true label rank:[1 1 1]
predicted label:tf.Tensor([0.9997596 1.        1.       ], shape=(3,), dtype=float32)
rounded label:tf.Tensor([1. 1. 1.], shape=(3,), dtype=float32)
predicted label rank:[1 1 1]
mse:tf.Tensor(1.9261735e-08, shape=(), dtype=float32)
-------
../benchmarks/LIA-lin-noInterval-trainData-datafold-graphs/test_data/test_locks_12.c-1_000.smt2
true label:[1, 1, 0, 1, 1, 1, 1, 1, 1, 1, 1, 1, 1, 1, 1, 1, 1, 1, 1]
true label rank:[2 2 1 2 2 2 2 2 2 2 2 2 2 2 2 2 2 2 2]
predicted label:tf.Tensor(
[9.9994934e-01 1.0000000e+00 9.7916381e-07 9.7095370e-01 9.8599017e-01
 9.9998784e-01 1.0000000e+00 1.0000000e+00 9.9999917e-01 1.0000000e+00
 1.0000000e+00 1.0000000e+00 1.0000000e+00 1.0000000e+00 1.0000000e+00
 1.0000000e+00 1.0000000e+00 1.0000000e+00 1.0000000e+00], shape=(19,), dtype=float32)
rounded label:tf.Tensor([1. 1. 0. 1. 1. 1. 1. 1. 1. 1. 1. 1. 1. 1. 1. 1. 1. 1. 1.], shape=(19,), dtype=float32)
predicted label rank:[2 2 1 2 2 2 2 2 2 2 2 2 2 2 2 2 2 2 2]
mse:tf.Tensor(5.473503e-05, shape=(), dtype=float32)
-------
../benchmarks/LIA-lin-noInterval-trainData-datafold-graphs/test_data/count_by_2_m_nest_000.smt2
true label:[1, 1]
true label rank:[1 1]
predicted label:tf.Tensor([0.77699566 0.9964605 ], shape=(2,), dtype=float32)
rounded label:tf.Tensor([1. 1.], shape=(2,), dtype=float32)
predicted label rank:[1 1]
mse:tf.Tensor(0.024871733, shape=(), dtype=float32)
-------
../benchmarks/LIA-lin-noInterval-trainData-datafold-graphs/test_data/metros_4_e3_1091_e2_1317_000.smt2
true label:[1, 1, 1, 1, 1, 1, 1, 1, 1, 1, 1, 1, 1, 1, 1, 1, 1, 1, 1, 1, 1, 1, 1]
true label rank:[1 1 1 1 1 1 1 1 1 1 1 1 1 1 1 1 1 1 1 1 1 1 1]
predicted label:tf.Tensor([1. 1. 1. 1. 1. 1. 1. 1. 1. 1. 1. 1. 1. 1. 1. 1. 1. 1. 1. 1. 1. 1. 1.], shape=(23,), dtype=float32)
rounded label:tf.Tensor([1. 1. 1. 1. 1. 1. 1. 1. 1. 1. 1. 1. 1. 1. 1. 1. 1. 1. 1. 1. 1. 1. 1.], shape=(23,), dtype=float32)
predicted label rank:[1 1 1 1 1 1 1 1 1 1 1 1 1 1 1 1 1 1 1 1 1 1 1]
mse:tf.Tensor(0.0, shape=(), dtype=float32)
-------
../benchmarks/LIA-lin-noInterval-trainData-datafold-graphs/test_data/counter.correct.nts_000.smt2
true label:[1, 1, 1, 1, 0]
true label rank:[2 2 2 2 1]
predicted label:tf.Tensor([0.149184   0.36499318 0.09035159 0.9685542  0.01669829], shape=(5,), dtype=float32)
rounded label:tf.Tensor([0. 0. 0. 1. 0.], shape=(5,), dtype=float32)
predicted label rank:[1 1 1 2 1]
mse:tf.Tensor(0.39116985, shape=(), dtype=float32)
-------
../benchmarks/LIA-lin-noInterval-trainData-datafold-graphs/test_data/nested-while_merged_safe.c-1_000.smt2
true label:[1, 1, 1, 0, 0, 0]
true label rank:[2 2 2 1 1 1]
predicted label:tf.Tensor(
[9.9999976e-01 9.9978632e-01 1.0000000e+00 9.9999905e-01 9.9999881e-01
 9.0979918e-11], shape=(6,), dtype=float32)
rounded label:tf.Tensor([1. 1. 1. 1. 1. 0.], shape=(6,), dtype=float32)
predicted label rank:[2 2 2 2 2 1]
mse:tf.Tensor(0.33333263, shape=(), dtype=float32)
-------
../benchmarks/LIA-lin-noInterval-trainData-datafold-graphs/test_data/SYNAPSE_6_e3_1666_e5_1558_000.smt2
true label:[1, 1, 1, 1, 1, 1, 1, 1, 1, 1, 1, 1]
true label rank:[1 1 1 1 1 1 1 1 1 1 1 1]
predicted label:tf.Tensor(
[1.        1.        1.        1.        0.9999887 0.9999999 0.9999999
 1.        1.        1.        1.        1.       ], shape=(12,), dtype=float32)
rounded label:tf.Tensor([1. 1. 1. 1. 1. 1. 1. 1. 1. 1. 1. 1.], shape=(12,), dtype=float32)
predicted label rank:[1 1 1 1 1 1 1 1 1 1 1 1]
mse:tf.Tensor(1.06901155e-11, shape=(), dtype=float32)
-------
../benchmarks/LIA-lin-noInterval-trainData-datafold-graphs/test_data/four1.smt2-0044_000.smt2
true label:[0, 0]
true label rank:[1 1]
predicted label:tf.Tensor([3.0889289e-12 6.8722773e-07], shape=(2,), dtype=float32)
rounded label:tf.Tensor([0. 0.], shape=(2,), dtype=float32)
predicted label rank:[1 1]
mse:tf.Tensor(2.3614097e-13, shape=(), dtype=float32)
-------
../benchmarks/LIA-lin-noInterval-trainData-datafold-graphs/test_data/bandec.smt2-0033_000.smt2
true label:[0]
true label rank:[1]
predicted label:tf.Tensor([0.], shape=(1,), dtype=float32)
rounded label:tf.Tensor([0.], shape=(1,), dtype=float32)
predicted label rank:[1]
mse:tf.Tensor(0.0, shape=(), dtype=float32)
-------
../benchmarks/LIA-lin-noInterval-trainData-datafold-graphs/test_data/gcd01_true-unreach-call_true-no-overflow_true-termination_000.smt2
true label:[1, 1, 0]
true label rank:[2 2 1]
predicted label:tf.Tensor([9.9728048e-01 1.0000000e+00 2.8092618e-06], shape=(3,), dtype=float32)
rounded label:tf.Tensor([1. 1. 0.], shape=(3,), dtype=float32)
predicted label rank:[2 2 1]
mse:tf.Tensor(2.4652684e-06, shape=(), dtype=float32)
-------
../benchmarks/LIA-lin-noInterval-trainData-datafold-graphs/test_data/bandec.smt2-0188_000.smt2
true label:[0, 0, 0]
true label rank:[1 1 1]
predicted label:tf.Tensor([6.514868e-14 2.390070e-11 0.000000e+00], shape=(3,), dtype=float32)
rounded label:tf.Tensor([0. 0. 0.], shape=(3,), dtype=float32)
predicted label rank:[1 1 1]
mse:tf.Tensor(1.9041591e-22, shape=(), dtype=float32)
-------
../benchmarks/LIA-lin-noInterval-trainData-datafold-graphs/test_data/02.c_000.smt2
true label:[1, 1, 1, 0]
true label rank:[2 2 2 1]
predicted label:tf.Tensor([0.9999976  0.9999981  0.79166967 0.00224531], shape=(4,), dtype=float32)
rounded label:tf.Tensor([1. 1. 1. 0.], shape=(4,), dtype=float32)
predicted label rank:[2 2 2 1]
mse:tf.Tensor(0.010851642, shape=(), dtype=float32)
-------
../benchmarks/LIA-lin-noInterval-trainData-datafold-graphs/test_data/metros_1_e2_1102_000.smt2
true label:[1, 1, 1, 1, 1, 1, 1, 1, 1, 1, 1, 1, 1, 1, 1, 1, 1, 1, 1, 1, 1, 1, 1, 1, 1, 1, 1, 1, 1, 1, 1]
true label rank:[1 1 1 1 1 1 1 1 1 1 1 1 1 1 1 1 1 1 1 1 1 1 1 1 1 1 1 1 1 1 1]
predicted label:tf.Tensor(
[1. 1. 1. 1. 1. 1. 1. 1. 1. 1. 1. 1. 1. 1. 1. 1. 1. 1. 1. 1. 1. 1. 1. 1.
 1. 1. 1. 1. 1. 1. 1.], shape=(31,), dtype=float32)
rounded label:tf.Tensor(
[1. 1. 1. 1. 1. 1. 1. 1. 1. 1. 1. 1. 1. 1. 1. 1. 1. 1. 1. 1. 1. 1. 1. 1.
 1. 1. 1. 1. 1. 1. 1.], shape=(31,), dtype=float32)
predicted label rank:[1 1 1 1 1 1 1 1 1 1 1 1 1 1 1 1 1 1 1 1 1 1 1 1 1 1 1 1 1 1 1]
mse:tf.Tensor(0.0, shape=(), dtype=float32)
-------
../benchmarks/LIA-lin-noInterval-trainData-datafold-graphs/test_data/bandec.smt2-0157_000.smt2
true label:[0]
true label rank:[1]
predicted label:tf.Tensor([0.], shape=(1,), dtype=float32)
rounded label:tf.Tensor([0.], shape=(1,), dtype=float32)
predicted label rank:[1]
mse:tf.Tensor(0.0, shape=(), dtype=float32)
-------
../benchmarks/LIA-lin-noInterval-trainData-datafold-graphs/test_data/test_locks_8.c-1_000.smt2
true label:[1, 1, 1, 1, 1, 1, 1, 1, 1, 1, 0, 1, 1]
true label rank:[2 2 2 2 2 2 2 2 2 2 1 2 2]
predicted label:tf.Tensor(
[9.9940336e-01 1.0000000e+00 9.9842936e-01 9.9573427e-01 9.9999905e-01
 9.7641003e-01 9.9993217e-01 7.5647789e-01 9.9987245e-01 1.0000000e+00
 6.4532104e-04 8.3326757e-01 1.0000000e+00], shape=(13,), dtype=float32)
rounded label:tf.Tensor([1. 1. 1. 1. 1. 1. 1. 1. 1. 1. 0. 1. 1.], shape=(13,), dtype=float32)
predicted label rank:[2 2 2 2 2 2 2 2 2 2 1 2 2]
mse:tf.Tensor(0.006744666, shape=(), dtype=float32)
-------
../benchmarks/LIA-lin-noInterval-trainData-datafold-graphs/test_data/chc-lia-lin-0259_000.smt2
true label:[0, 0, 0, 0, 0, 0, 0, 0, 0, 0, 0, 0, 0, 1, 0, 1, 1, 0, 1, 1, 1, 1, 1, 1, 1, 1, 1, 1, 1, 1, 1, 1, 1, 1, 1, 1, 1, 1, 1, 1, 1, 1, 1, 1, 1, 1, 1, 1, 1, 1, 1, 1]
true label rank:[1 1 1 1 1 1 1 1 1 1 1 1 1 2 1 2 2 1 2 2 2 2 2 2 2 2 2 2 2 2 2 2 2 2 2 2 2
 2 2 2 2 2 2 2 2 2 2 2 2 2 2 2]
predicted label:tf.Tensor(
[2.5554389e-01 9.0616114e-02 2.8694808e-02 6.5950397e-03 3.5052294e-01
 5.5333753e-03 1.8874064e-01 2.8536990e-04 1.5755793e-02 1.2098512e-03
 2.5704688e-01 1.5814744e-01 1.2391398e-02 6.5412628e-04 1.0427521e-02
 9.8247021e-01 5.5767827e-02 9.9667776e-01 8.1973486e-03 1.0000000e+00
 9.9845719e-01 9.9998093e-01 1.0000000e+00 1.0000000e+00 1.0000000e+00
 1.0000000e+00 1.0000000e+00 1.0000000e+00 1.0000000e+00 1.0000000e+00
 1.0000000e+00 1.0000000e+00 1.0000000e+00 1.0000000e+00 1.0000000e+00
 1.0000000e+00 1.0000000e+00 1.0000000e+00 1.0000000e+00 1.0000000e+00
 1.0000000e+00 1.0000000e+00 1.0000000e+00 1.0000000e+00 1.0000000e+00
 1.0000000e+00 1.0000000e+00 1.0000000e+00 1.0000000e+00 1.0000000e+00
 1.0000000e+00 1.0000000e+00], shape=(52,), dtype=float32)
rounded label:tf.Tensor(
[0. 0. 0. 0. 0. 0. 0. 0. 0. 0. 0. 0. 0. 0. 0. 1. 0. 1. 0. 1. 1. 1. 1. 1.
 1. 1. 1. 1. 1. 1. 1. 1. 1. 1. 1. 1. 1. 1. 1. 1. 1. 1. 1. 1. 1. 1. 1. 1.
 1. 1. 1. 1.], shape=(52,), dtype=float32)
predicted label rank:[1 1 1 1 1 1 1 1 1 1 1 1 1 1 1 2 1 2 1 2 2 2 2 2 2 2 2 2 2 2 2 2 2 2 2 2 2
 2 2 2 2 2 2 2 2 2 2 2 2 2 2 2]
mse:tf.Tensor(0.08061754, shape=(), dtype=float32)
-------
../benchmarks/LIA-lin-noInterval-trainData-datafold-graphs/test_data/08.c_000.smt2
true label:[1, 1, 1, 1, 1]
true label rank:[1 1 1 1 1]
predicted label:tf.Tensor([0.9146498  0.9978816  0.9907584  0.97216237 0.9870178 ], shape=(5,), dtype=float32)
rounded label:tf.Tensor([1. 1. 1. 1. 1.], shape=(5,), dtype=float32)
predicted label rank:[1 1 1 1 1]
mse:tf.Tensor(0.0016636051, shape=(), dtype=float32)
-------
../benchmarks/LIA-lin-noInterval-trainData-datafold-graphs/test_data/four1.smt2-0046_000.smt2
true label:[0, 0]
true label rank:[1 1]
predicted label:tf.Tensor([2.4271598e-13 7.1594212e-07], shape=(2,), dtype=float32)
rounded label:tf.Tensor([0. 0.], shape=(2,), dtype=float32)
predicted label rank:[1 1]
mse:tf.Tensor(2.5628656e-13, shape=(), dtype=float32)
-------
../benchmarks/LIA-lin-noInterval-trainData-datafold-graphs/test_data/chc-lia-lin-0115_000.smt2
true label:[1]
true label rank:[1]
predicted label:tf.Tensor([1.], shape=(1,), dtype=float32)
rounded label:tf.Tensor([1.], shape=(1,), dtype=float32)
predicted label rank:[1]
mse:tf.Tensor(0.0, shape=(), dtype=float32)
-------
../benchmarks/LIA-lin-noInterval-trainData-datafold-graphs/test_data/underapprox_2-2.c-1_000.smt2
true label:[1]
true label rank:[1]
predicted label:tf.Tensor([0.31047606], shape=(1,), dtype=float32)
rounded label:tf.Tensor([0.], shape=(1,), dtype=float32)
predicted label rank:[1]
mse:tf.Tensor(0.47544324, shape=(), dtype=float32)
-------
../benchmarks/LIA-lin-noInterval-trainData-datafold-graphs/test_data/bouncy_two_counters_equality_000.smt2
true label:[1, 1]
true label rank:[1 1]
predicted label:tf.Tensor([0.9760668  0.99900985], shape=(2,), dtype=float32)
rounded label:tf.Tensor([1. 1.], shape=(2,), dtype=float32)
predicted label rank:[1 1]
mse:tf.Tensor(0.00028688856, shape=(), dtype=float32)
-------
../benchmarks/LIA-lin-noInterval-trainData-datafold-graphs/test_data/SpamAssassin-loop.i.v+cfa-reducer.c-1_000.smt2
true label:[1, 1, 0]
true label rank:[2 2 1]
predicted label:tf.Tensor([9.9999988e-01 9.9995995e-01 9.0602282e-25], shape=(3,), dtype=float32)
rounded label:tf.Tensor([1. 1. 0.], shape=(3,), dtype=float32)
predicted label rank:[2 2 1]
mse:tf.Tensor(5.347876e-10, shape=(), dtype=float32)
-------
../benchmarks/LIA-lin-noInterval-trainData-datafold-graphs/test_data/chc-lia-lin-0002_000.smt2
true label:[1]
true label rank:[1]
predicted label:tf.Tensor([0.9993622], shape=(1,), dtype=float32)
rounded label:tf.Tensor([1.], shape=(1,), dtype=float32)
predicted label rank:[1]
mse:tf.Tensor(4.0682622e-07, shape=(), dtype=float32)
-------
../benchmarks/LIA-lin-noInterval-trainData-datafold-graphs/test_data/s3_clnt_1.cil-1.c-1_000.smt2
true label:[1, 1, 1, 1, 1, 1, 1, 1, 0, 1, 0]
true label rank:[2 2 2 2 2 2 2 2 1 2 1]
predicted label:tf.Tensor(
[0.         1.         0.9999999  0.9999987  1.         1.
 1.         1.         0.00216815 1.         0.48615465], shape=(11,), dtype=float32)
rounded label:tf.Tensor([0. 1. 1. 1. 1. 1. 1. 1. 0. 1. 0.], shape=(11,), dtype=float32)
predicted label rank:[1 2 2 2 2 2 2 2 1 2 1]
mse:tf.Tensor(0.11239555, shape=(), dtype=float32)
-------
../benchmarks/LIA-lin-noInterval-trainData-datafold-graphs/test_data/nest-len.c_000.smt2
true label:[1]
true label rank:[1]
predicted label:tf.Tensor([1.], shape=(1,), dtype=float32)
rounded label:tf.Tensor([1.], shape=(1,), dtype=float32)
predicted label rank:[1]
mse:tf.Tensor(0.0, shape=(), dtype=float32)
-------
../benchmarks/LIA-lin-noInterval-trainData-datafold-graphs/test_data/heapsort_true-unreach-call.c.flat_000.smt2
true label:[1, 1, 1, 1, 0]
true label rank:[2 2 2 2 1]
predicted label:tf.Tensor([1. 1. 1. 1. 0.], shape=(5,), dtype=float32)
rounded label:tf.Tensor([1. 1. 1. 1. 0.], shape=(5,), dtype=float32)
predicted label rank:[2 2 2 2 1]
mse:tf.Tensor(0.0, shape=(), dtype=float32)
-------
../benchmarks/LIA-lin-noInterval-trainData-datafold-graphs/test_data/apache-get-tag.i.p+nlh-reducer.c-1_000.smt2
true label:[0, 1, 1, 1, 0, 0]
true label rank:[1 2 2 2 1 1]
predicted label:tf.Tensor(
[2.02947215e-10 9.99998689e-01 9.99998569e-01 1.00000000e+00
 1.79694149e-38 1.09190956e-01], shape=(6,), dtype=float32)
rounded label:tf.Tensor([0. 1. 1. 1. 0. 0.], shape=(6,), dtype=float32)
predicted label rank:[1 2 2 2 1 1]
mse:tf.Tensor(0.0019871108, shape=(), dtype=float32)
-------
../benchmarks/LIA-lin-noInterval-trainData-datafold-graphs/test_data/stalmark_000.smt2
true label:[1]
true label rank:[1]
predicted label:tf.Tensor([1.], shape=(1,), dtype=float32)
rounded label:tf.Tensor([1.], shape=(1,), dtype=float32)
predicted label rank:[1]
mse:tf.Tensor(0.0, shape=(), dtype=float32)
-------
../benchmarks/LIA-lin-noInterval-trainData-datafold-graphs/test_data/chc-lia-lin-0125_000.smt2
true label:[1]
true label rank:[1]
predicted label:tf.Tensor([1.], shape=(1,), dtype=float32)
rounded label:tf.Tensor([1.], shape=(1,), dtype=float32)
predicted label rank:[1]
mse:tf.Tensor(0.0, shape=(), dtype=float32)
-------
../benchmarks/LIA-lin-noInterval-trainData-datafold-graphs/test_data/21.c_000.smt2
true label:[1, 1, 1, 1]
true label rank:[1 1 1 1]
predicted label:tf.Tensor([1.         0.9999976  0.999997   0.99943906], shape=(4,), dtype=float32)
rounded label:tf.Tensor([1. 1. 1. 1.], shape=(4,), dtype=float32)
predicted label rank:[1 1 1 1]
mse:tf.Tensor(7.866687e-08, shape=(), dtype=float32)
-------
../benchmarks/LIA-lin-noInterval-trainData-datafold-graphs/test_data/bandec.smt2-0238_000.smt2
true label:[0, 0, 0, 0]
true label rank:[1 1 1 1]
predicted label:tf.Tensor([3.7265005e-07 3.6520327e-12 1.6850367e-05 0.0000000e+00], shape=(4,), dtype=float32)
rounded label:tf.Tensor([0. 0. 0. 0.], shape=(4,), dtype=float32)
predicted label rank:[1 1 1 1]
mse:tf.Tensor(7.101843e-11, shape=(), dtype=float32)
-------
../benchmarks/LIA-lin-noInterval-trainData-datafold-graphs/test_data/loop__while_after_while_if_000.smt2
true label:[1, 1, 1]
true label rank:[1 1 1]
predicted label:tf.Tensor([1. 1. 1.], shape=(3,), dtype=float32)
rounded label:tf.Tensor([1. 1. 1.], shape=(3,), dtype=float32)
predicted label rank:[1 1 1]
mse:tf.Tensor(0.0, shape=(), dtype=float32)
-------
../benchmarks/LIA-lin-noInterval-trainData-datafold-graphs/test_data/06.c_000.smt2
true label:[1, 1, 1, 1, 1, 0]
true label rank:[2 2 2 2 2 1]
predicted label:tf.Tensor([0.9954057  0.94336414 0.7256589  0.9273172  0.4540839  0.00360601], shape=(6,), dtype=float32)
rounded label:tf.Tensor([1. 1. 1. 1. 0. 0.], shape=(6,), dtype=float32)
predicted label rank:[2 2 2 2 1 1]
mse:tf.Tensor(0.06363532, shape=(), dtype=float32)
-------
../benchmarks/LIA-lin-noInterval-trainData-datafold-graphs/test_data/bandec.smt2-0210_000.smt2
true label:[0, 0, 0, 0]
true label rank:[1 1 1 1]
predicted label:tf.Tensor([7.0916450e-12 2.1425736e-13 2.6708546e-03 0.0000000e+00], shape=(4,), dtype=float32)
rounded label:tf.Tensor([0. 0. 0. 0.], shape=(4,), dtype=float32)
predicted label rank:[1 1 1 1]
mse:tf.Tensor(1.783366e-06, shape=(), dtype=float32)
-------
../benchmarks/LIA-lin-noInterval-trainData-datafold-graphs/test_data/chc-lia-lin-0303_000.smt2
true label:[0, 0, 0, 1, 0, 0, 0, 1, 1, 1, 1, 1, 1, 1, 1, 1, 1, 1, 1, 1, 1, 1, 1, 1, 1, 1, 1, 1, 1, 1, 1, 1, 1, 1, 1, 1, 1, 1, 1, 1, 0]
true label rank:[1 1 1 2 1 1 1 2 2 2 2 2 2 2 2 2 2 2 2 2 2 2 2 2 2 2 2 2 2 2 2 2 2 2 2 2 2
 2 2 2 1]
predicted label:tf.Tensor(
[0.0000000e+00 1.5859962e-04 4.4761282e-06 1.0000000e+00 0.0000000e+00
 4.5132138e-06 7.9098041e-04 1.0000000e+00 1.0000000e+00 1.0000000e+00
 1.0000000e+00 1.0000000e+00 1.0000000e+00 1.0000000e+00 1.0000000e+00
 1.0000000e+00 1.0000000e+00 1.0000000e+00 1.0000000e+00 1.0000000e+00
 1.0000000e+00 1.0000000e+00 1.0000000e+00 1.0000000e+00 1.0000000e+00
 1.0000000e+00 1.0000000e+00 1.0000000e+00 1.0000000e+00 1.0000000e+00
 1.0000000e+00 1.0000000e+00 1.0000000e+00 1.0000000e+00 9.9915910e-01
 1.0000000e+00 9.9996519e-01 4.2990196e-02 1.0000000e+00 1.0000000e+00
 0.0000000e+00], shape=(41,), dtype=float32)
rounded label:tf.Tensor(
[0. 0. 0. 1. 0. 0. 0. 1. 1. 1. 1. 1. 1. 1. 1. 1. 1. 1. 1. 1. 1. 1. 1. 1.
 1. 1. 1. 1. 1. 1. 1. 1. 1. 1. 1. 1. 1. 0. 1. 1. 0.], shape=(41,), dtype=float32)
predicted label rank:[1 1 1 2 1 1 1 2 2 2 2 2 2 2 2 2 2 2 2 2 2 2 2 2 2 2 2 2 2 2 2 2 2 2 2 2 2
 1 2 2 1]
mse:tf.Tensor(0.022338271, shape=(), dtype=float32)
-------
../benchmarks/LIA-lin-noInterval-trainData-datafold-graphs/test_data/nest-if3_true-unreach-call.c.flat_000.smt2
true label:[1, 1]
true label rank:[1 1]
predicted label:tf.Tensor([1. 1.], shape=(2,), dtype=float32)
rounded label:tf.Tensor([1. 1.], shape=(2,), dtype=float32)
predicted label rank:[1 1]
mse:tf.Tensor(0.0, shape=(), dtype=float32)
-------
../benchmarks/LIA-lin-noInterval-trainData-datafold-graphs/test_data/chc-lia-lin-0017_000.smt2
true label:[1, 1, 1, 0]
true label rank:[2 2 2 1]
predicted label:tf.Tensor([1.00000000e+00 9.99999762e-01 9.99990702e-01 1.02670565e-05], shape=(4,), dtype=float32)
rounded label:tf.Tensor([1. 1. 1. 0.], shape=(4,), dtype=float32)
predicted label rank:[2 2 2 1]
mse:tf.Tensor(4.7982035e-11, shape=(), dtype=float32)
-------
../benchmarks/LIA-lin-noInterval-trainData-datafold-graphs/test_data/chc-lia-lin-0091_000.smt2
true label:[1, 1, 1, 1, 1]
true label rank:[1 1 1 1 1]
predicted label:tf.Tensor([0.9146496  0.9978715  0.9905426  0.97216225 0.9870178 ], shape=(5,), dtype=float32)
rounded label:tf.Tensor([1. 1. 1. 1. 1.], shape=(5,), dtype=float32)
predicted label rank:[1 1 1 1 1]
mse:tf.Tensor(0.001664428, shape=(), dtype=float32)
-------
../benchmarks/LIA-lin-noInterval-trainData-datafold-graphs/test_data/diamond_1-1.c-1_000.smt2
true label:[1]
true label rank:[1]
predicted label:tf.Tensor([0.9778926], shape=(1,), dtype=float32)
rounded label:tf.Tensor([1.], shape=(1,), dtype=float32)
predicted label rank:[1]
mse:tf.Tensor(0.0004887381, shape=(), dtype=float32)
-------
../benchmarks/LIA-lin-noInterval-trainData-datafold-graphs/test_data/bandec.smt2-0131_000.smt2
true label:[0, 0]
true label rank:[1 1]
predicted label:tf.Tensor([7.6233206e-22 0.0000000e+00], shape=(2,), dtype=float32)
rounded label:tf.Tensor([0. 0.], shape=(2,), dtype=float32)
predicted label rank:[1 1]
mse:tf.Tensor(0.0, shape=(), dtype=float32)
-------
../benchmarks/LIA-lin-noInterval-trainData-datafold-graphs/test_data/dillig01.c_000.smt2
true label:[1]
true label rank:[1]
predicted label:tf.Tensor([1.], shape=(1,), dtype=float32)
rounded label:tf.Tensor([1.], shape=(1,), dtype=float32)
predicted label rank:[1]
mse:tf.Tensor(0.0, shape=(), dtype=float32)
-------
../benchmarks/LIA-lin-noInterval-trainData-datafold-graphs/test_data/013b-horn_000.smt2
true label:[1, 1, 1, 0]
true label rank:[2 2 2 1]
predicted label:tf.Tensor([1.0000000e+00 1.0000000e+00 9.9999928e-01 1.3576035e-08], shape=(4,), dtype=float32)
rounded label:tf.Tensor([1. 1. 1. 0.], shape=(4,), dtype=float32)
predicted label rank:[2 2 2 1]
mse:tf.Tensor(1.2794377e-13, shape=(), dtype=float32)
-------
../benchmarks/LIA-lin-noInterval-trainData-datafold-graphs/test_data/nest-if1.c_000.smt2
true label:[1]
true label rank:[1]
predicted label:tf.Tensor([1.], shape=(1,), dtype=float32)
rounded label:tf.Tensor([1.], shape=(1,), dtype=float32)
predicted label rank:[1]
mse:tf.Tensor(0.0, shape=(), dtype=float32)
-------
../benchmarks/LIA-lin-noInterval-trainData-datafold-graphs/test_data/chc-lia-lin-0265_000.smt2
true label:[1, 0, 0, 1, 1, 1, 1, 1, 1, 1, 1, 1, 1, 1, 1, 1, 1, 1, 1, 1, 1, 1, 1, 1, 1, 1, 1, 1, 1, 1, 1, 1, 1, 1, 1, 1, 1, 1, 1, 1, 1, 1, 1, 1, 1, 1, 1, 1, 1, 1, 1, 1, 1, 1, 1, 1, 1, 1, 1, 1, 1, 1, 1, 1, 1]
true label rank:[2 1 1 2 2 2 2 2 2 2 2 2 2 2 2 2 2 2 2 2 2 2 2 2 2 2 2 2 2 2 2 2 2 2 2 2 2
 2 2 2 2 2 2 2 2 2 2 2 2 2 2 2 2 2 2 2 2 2 2 2 2 2 2 2 2]
predicted label:tf.Tensor(
[1.0000000e+00 4.4459940e-04 1.1589423e-07 1.0000000e+00 1.0000000e+00
 1.0000000e+00 1.0000000e+00 9.9996412e-01 9.9999845e-01 9.9998689e-01
 9.9999881e-01 9.9999988e-01 1.0000000e+00 9.9999940e-01 9.9998999e-01
 1.0000000e+00 9.9999988e-01 1.0000000e+00 1.0000000e+00 1.0000000e+00
 1.0000000e+00 1.0000000e+00 1.0000000e+00 1.0000000e+00 1.0000000e+00
 1.0000000e+00 1.0000000e+00 1.0000000e+00 1.0000000e+00 1.0000000e+00
 1.0000000e+00 1.0000000e+00 1.0000000e+00 1.0000000e+00 1.0000000e+00
 1.0000000e+00 1.0000000e+00 1.0000000e+00 1.0000000e+00 1.0000000e+00
 1.0000000e+00 1.0000000e+00 1.0000000e+00 1.0000000e+00 1.0000000e+00
 1.0000000e+00 1.0000000e+00 1.0000000e+00 1.0000000e+00 1.0000000e+00
 1.0000000e+00 1.0000000e+00 1.0000000e+00 1.0000000e+00 1.0000000e+00
 1.0000000e+00 1.0000000e+00 1.0000000e+00 1.0000000e+00 1.0000000e+00
 1.0000000e+00 1.0000000e+00 1.0000000e+00 1.0000000e+00 1.0000000e+00], shape=(65,), dtype=float32)
rounded label:tf.Tensor(
[1. 0. 0. 1. 1. 1. 1. 1. 1. 1. 1. 1. 1. 1. 1. 1. 1. 1. 1. 1. 1. 1. 1. 1.
 1. 1. 1. 1. 1. 1. 1. 1. 1. 1. 1. 1. 1. 1. 1. 1. 1. 1. 1. 1. 1. 1. 1. 1.
 1. 1. 1. 1. 1. 1. 1. 1. 1. 1. 1. 1. 1. 1. 1. 1. 1.], shape=(65,), dtype=float32)
predicted label rank:[2 1 1 2 2 2 2 2 2 2 2 2 2 2 2 2 2 2 2 2 2 2 2 2 2 2 2 2 2 2 2 2 2 2 2 2 2
 2 2 2 2 2 2 2 2 2 2 2 2 2 2 2 2 2 2 2 2 2 2 2 2 2 2 2 2]
mse:tf.Tensor(3.0651168e-09, shape=(), dtype=float32)
-------
../benchmarks/LIA-lin-noInterval-trainData-datafold-graphs/test_data/sum3_000.smt2
true label:[1]
true label rank:[1]
predicted label:tf.Tensor([0.9993622], shape=(1,), dtype=float32)
rounded label:tf.Tensor([1.], shape=(1,), dtype=float32)
predicted label rank:[1]
mse:tf.Tensor(4.0682622e-07, shape=(), dtype=float32)
-------
../benchmarks/LIA-lin-noInterval-trainData-datafold-graphs/test_data/apache-get-tag.i.v+nlh-reducer.c-1_000.smt2
true label:[0, 1, 1, 1, 0]
true label rank:[1 2 2 2 1]
predicted label:tf.Tensor([9.9960333e-01 9.9999774e-01 9.9888855e-01 1.0000000e+00 1.6015591e-23], shape=(5,), dtype=float32)
rounded label:tf.Tensor([1. 1. 1. 1. 0.], shape=(5,), dtype=float32)
predicted label rank:[2 2 2 2 1]
mse:tf.Tensor(0.19984162, shape=(), dtype=float32)
-------
../benchmarks/LIA-lin-noInterval-trainData-datafold-graphs/test_data/bouncy_one_counter_000.smt2
true label:[1, 1]
true label rank:[1 1]
predicted label:tf.Tensor([0.9998197 0.9996766], shape=(2,), dtype=float32)
rounded label:tf.Tensor([1. 1.], shape=(2,), dtype=float32)
predicted label rank:[1 1]
mse:tf.Tensor(6.855334e-08, shape=(), dtype=float32)
-------
../benchmarks/LIA-lin-noInterval-trainData-datafold-graphs/test_data/bandec.smt2-0181_000.smt2
true label:[0, 0, 0]
true label rank:[1 1 1]
predicted label:tf.Tensor([3.8094930e-18 1.0604246e-24 0.0000000e+00], shape=(3,), dtype=float32)
rounded label:tf.Tensor([0. 0. 0.], shape=(3,), dtype=float32)
predicted label rank:[1 1 1]
mse:tf.Tensor(4.837412e-36, shape=(), dtype=float32)
-------
../benchmarks/LIA-lin-noInterval-trainData-datafold-graphs/test_data/xy10.c_000.smt2
true label:[1]
true label rank:[1]
predicted label:tf.Tensor([1.], shape=(1,), dtype=float32)
rounded label:tf.Tensor([1.], shape=(1,), dtype=float32)
predicted label rank:[1]
mse:tf.Tensor(0.0, shape=(), dtype=float32)
-------
../benchmarks/LIA-lin-noInterval-trainData-datafold-graphs/test_data/NetBSD_g_Ctoc.c_000.smt2
true label:[1]
true label rank:[1]
predicted label:tf.Tensor([1.], shape=(1,), dtype=float32)
rounded label:tf.Tensor([1.], shape=(1,), dtype=float32)
predicted label rank:[1]
mse:tf.Tensor(0.0, shape=(), dtype=float32)
-------
../benchmarks/LIA-lin-noInterval-trainData-datafold-graphs/test_data/s3_srvr_8.cil.c-1_000.smt2
true label:[1, 1, 1, 1, 0, 1, 1, 1, 1, 1, 1, 1, 1, 1]
true label rank:[2 2 2 2 1 2 2 2 2 2 2 2 2 2]
predicted label:tf.Tensor(
[1.0000000e+00 1.0000000e+00 1.0000000e+00 9.9998283e-01 1.5975261e-15
 1.0000000e+00 1.0000000e+00 1.0000000e+00 1.0000000e+00 1.0000000e+00
 1.0000000e+00 1.0000000e+00 1.0000000e+00 1.0000000e+00], shape=(14,), dtype=float32)
rounded label:tf.Tensor([1. 1. 1. 1. 0. 1. 1. 1. 1. 1. 1. 1. 1. 1.], shape=(14,), dtype=float32)
predicted label rank:[2 2 2 2 1 2 2 2 2 2 2 2 2 2]
mse:tf.Tensor(2.1048305e-11, shape=(), dtype=float32)
-------
../benchmarks/LIA-lin-noInterval-trainData-datafold-graphs/test_data/chc-lia-lin-0276_000.smt2
true label:[1, 0, 0, 1, 1, 1, 1, 1, 1, 1, 1, 1, 1, 1, 1, 1, 1, 1, 1, 1, 1, 1, 1, 1, 1, 1, 1, 1, 1, 1, 1, 1, 1, 1, 1, 1, 1, 1, 1, 1, 1, 1, 1, 1, 1, 1, 1, 1, 1, 1, 1, 1, 1, 1, 1, 1, 1, 1, 1, 1, 1, 1, 1, 1, 1, 1, 1, 1, 1, 1, 1, 1, 1, 1, 1]
true label rank:[2 1 1 2 2 2 2 2 2 2 2 2 2 2 2 2 2 2 2 2 2 2 2 2 2 2 2 2 2 2 2 2 2 2 2 2 2
 2 2 2 2 2 2 2 2 2 2 2 2 2 2 2 2 2 2 2 2 2 2 2 2 2 2 2 2 2 2 2 2 2 2 2 2 2
 2]
predicted label:tf.Tensor(
[1.000000e+00 4.698280e-05 6.452492e-05 1.000000e+00 9.966576e-01
 1.000000e+00 1.000000e+00 1.000000e+00 1.000000e+00 9.999906e-01
 1.000000e+00 9.999927e-01 1.000000e+00 9.999893e-01 1.000000e+00
 9.999999e-01 9.999820e-01 1.000000e+00 1.000000e+00 9.999999e-01
 1.000000e+00 1.000000e+00 1.000000e+00 1.000000e+00 1.000000e+00
 1.000000e+00 1.000000e+00 1.000000e+00 1.000000e+00 1.000000e+00
 1.000000e+00 1.000000e+00 1.000000e+00 1.000000e+00 1.000000e+00
 1.000000e+00 1.000000e+00 1.000000e+00 1.000000e+00 1.000000e+00
 1.000000e+00 1.000000e+00 1.000000e+00 1.000000e+00 1.000000e+00
 1.000000e+00 1.000000e+00 1.000000e+00 1.000000e+00 1.000000e+00
 1.000000e+00 1.000000e+00 1.000000e+00 1.000000e+00 1.000000e+00
 1.000000e+00 1.000000e+00 1.000000e+00 1.000000e+00 1.000000e+00
 1.000000e+00 1.000000e+00 1.000000e+00 1.000000e+00 1.000000e+00
 1.000000e+00 1.000000e+00 1.000000e+00 1.000000e+00 1.000000e+00
 1.000000e+00 1.000000e+00 1.000000e+00 1.000000e+00 1.000000e+00], shape=(75,), dtype=float32)
rounded label:tf.Tensor(
[1. 0. 0. 1. 1. 1. 1. 1. 1. 1. 1. 1. 1. 1. 1. 1. 1. 1. 1. 1. 1. 1. 1. 1.
 1. 1. 1. 1. 1. 1. 1. 1. 1. 1. 1. 1. 1. 1. 1. 1. 1. 1. 1. 1. 1. 1. 1. 1.
 1. 1. 1. 1. 1. 1. 1. 1. 1. 1. 1. 1. 1. 1. 1. 1. 1. 1. 1. 1. 1. 1. 1. 1.
 1. 1. 1.], shape=(75,), dtype=float32)
predicted label rank:[2 1 1 2 2 2 2 2 2 2 2 2 2 2 2 2 2 2 2 2 2 2 2 2 2 2 2 2 2 2 2 2 2 2 2 2 2
 2 2 2 2 2 2 2 2 2 2 2 2 2 2 2 2 2 2 2 2 2 2 2 2 2 2 2 2 2 2 2 2 2 2 2 2 2
 2]
mse:tf.Tensor(1.4904697e-07, shape=(), dtype=float32)
-------
../benchmarks/LIA-lin-noInterval-trainData-datafold-graphs/test_data/SYNAPSE_5_e2_1525_000.smt2
true label:[1, 1, 1, 1, 1, 1, 1, 1, 1, 1, 1, 1]
true label rank:[1 1 1 1 1 1 1 1 1 1 1 1]
predicted label:tf.Tensor(
[1.        1.        1.        1.        0.9999894 1.        0.9999999
 1.        1.        1.        1.        1.       ], shape=(12,), dtype=float32)
rounded label:tf.Tensor([1. 1. 1. 1. 1. 1. 1. 1. 1. 1. 1. 1.], shape=(12,), dtype=float32)
predicted label rank:[1 1 1 1 1 1 1 1 1 1 1 1]
mse:tf.Tensor(9.381533e-12, shape=(), dtype=float32)
-------
../benchmarks/LIA-lin-noInterval-trainData-datafold-graphs/test_data/002-horn_000.smt2
true label:[1, 1, 1, 0]
true label rank:[2 2 2 1]
predicted label:tf.Tensor([1.000000e+00 9.999914e-01 9.999999e-01 8.095227e-05], shape=(4,), dtype=float32)
rounded label:tf.Tensor([1. 1. 1. 0.], shape=(4,), dtype=float32)
predicted label rank:[2 2 2 1]
mse:tf.Tensor(1.6567382e-09, shape=(), dtype=float32)
-------
../benchmarks/LIA-lin-noInterval-trainData-datafold-graphs/test_data/gulwani_fig1a.c_000.smt2
true label:[1]
true label rank:[1]
predicted label:tf.Tensor([1.], shape=(1,), dtype=float32)
rounded label:tf.Tensor([1.], shape=(1,), dtype=float32)
predicted label rank:[1]
mse:tf.Tensor(0.0, shape=(), dtype=float32)
-------
../benchmarks/LIA-lin-noInterval-trainData-datafold-graphs/test_data/loop__upcount_000.smt2
true label:[1]
true label rank:[1]
predicted label:tf.Tensor([1.], shape=(1,), dtype=float32)
rounded label:tf.Tensor([1.], shape=(1,), dtype=float32)
predicted label rank:[1]
mse:tf.Tensor(0.0, shape=(), dtype=float32)
-------
../benchmarks/LIA-lin-noInterval-trainData-datafold-graphs/test_data/chc-lia-lin-0018_000.smt2
true label:[0]
true label rank:[1]
predicted label:tf.Tensor([0.05695368], shape=(1,), dtype=float32)
rounded label:tf.Tensor([0.], shape=(1,), dtype=float32)
predicted label rank:[1]
mse:tf.Tensor(0.0032437216, shape=(), dtype=float32)
-------
../benchmarks/LIA-lin-noInterval-trainData-datafold-graphs/test_data/car_4_e3_57_e4_1047_000.smt2
true label:[1, 1, 1, 1, 1, 1, 1, 1, 1, 1, 1, 1, 1, 1, 1, 1, 1, 1, 1, 1]
true label rank:[1 1 1 1 1 1 1 1 1 1 1 1 1 1 1 1 1 1 1 1]
predicted label:tf.Tensor([1. 1. 1. 1. 1. 1. 1. 1. 1. 1. 1. 1. 1. 1. 1. 1. 1. 1. 1. 1.], shape=(20,), dtype=float32)
rounded label:tf.Tensor([1. 1. 1. 1. 1. 1. 1. 1. 1. 1. 1. 1. 1. 1. 1. 1. 1. 1. 1. 1.], shape=(20,), dtype=float32)
predicted label rank:[1 1 1 1 1 1 1 1 1 1 1 1 1 1 1 1 1 1 1 1]
mse:tf.Tensor(0.0, shape=(), dtype=float32)
-------
../benchmarks/LIA-lin-noInterval-trainData-datafold-graphs/test_data/dillig17.c_000.smt2
true label:[1]
true label rank:[1]
predicted label:tf.Tensor([1.], shape=(1,), dtype=float32)
rounded label:tf.Tensor([1.], shape=(1,), dtype=float32)
predicted label rank:[1]
mse:tf.Tensor(0.0, shape=(), dtype=float32)
-------
../benchmarks/LIA-lin-noInterval-trainData-datafold-graphs/test_data/minepump_spec2_product58_true-unreach-call.cil.c.flat_000.smt2
true label:[1, 0]
true label rank:[2 1]
predicted label:tf.Tensor([1. 0.], shape=(2,), dtype=float32)
rounded label:tf.Tensor([1. 0.], shape=(2,), dtype=float32)
predicted label rank:[2 1]
mse:tf.Tensor(0.0, shape=(), dtype=float32)
-------
../benchmarks/LIA-lin-noInterval-trainData-datafold-graphs/test_data/NetBSD_glob3_iny.c_000.smt2
true label:[1]
true label rank:[1]
predicted label:tf.Tensor([1.], shape=(1,), dtype=float32)
rounded label:tf.Tensor([1.], shape=(1,), dtype=float32)
predicted label rank:[1]
mse:tf.Tensor(0.0, shape=(), dtype=float32)
-------
../benchmarks/LIA-lin-noInterval-trainData-datafold-graphs/test_data/durationThm_2_e1_118_000.smt2
true label:[1, 1]
true label rank:[1 1]
predicted label:tf.Tensor([1. 1.], shape=(2,), dtype=float32)
rounded label:tf.Tensor([1. 1.], shape=(2,), dtype=float32)
predicted label rank:[1 1]
mse:tf.Tensor(0.0, shape=(), dtype=float32)
-------
../benchmarks/LIA-lin-noInterval-trainData-datafold-graphs/test_data/PRODUCER_CONSUMER_3_000.smt2
true label:[1, 1, 1, 1, 1, 1, 1, 1, 1, 1, 1, 1, 1]
true label rank:[1 1 1 1 1 1 1 1 1 1 1 1 1]
predicted label:tf.Tensor(
[1.        1.        1.        1.        1.        1.        1.
 1.        1.        0.9995396 1.        1.        1.       ], shape=(13,), dtype=float32)
rounded label:tf.Tensor([1. 1. 1. 1. 1. 1. 1. 1. 1. 1. 1. 1. 1.], shape=(13,), dtype=float32)
predicted label rank:[1 1 1 1 1 1 1 1 1 1 1 1 1]
mse:tf.Tensor(1.6304272e-08, shape=(), dtype=float32)
-------
../benchmarks/LIA-lin-noInterval-trainData-datafold-graphs/test_data/listcounter.correct.nts_000.smt2
true label:[0, 1, 0, 1, 0]
true label rank:[1 2 1 2 1]
predicted label:tf.Tensor([0.91701156 0.8377626  0.06647984 0.99225265 0.12639031], shape=(5,), dtype=float32)
rounded label:tf.Tensor([1. 1. 0. 1. 0.], shape=(5,), dtype=float32)
predicted label rank:[2 2 1 2 1]
mse:tf.Tensor(0.17753705, shape=(), dtype=float32)
-------
../benchmarks/LIA-lin-noInterval-trainData-datafold-graphs/test_data/chc-lia-lin-0031_000.smt2
true label:[1]
true label rank:[1]
predicted label:tf.Tensor([0.99995685], shape=(1,), dtype=float32)
rounded label:tf.Tensor([1.], shape=(1,), dtype=float32)
predicted label rank:[1]
mse:tf.Tensor(1.8622472e-09, shape=(), dtype=float32)
-------
../benchmarks/LIA-lin-noInterval-trainData-datafold-graphs/test_data/dillig33.c_000.smt2
true label:[1]
true label rank:[1]
predicted label:tf.Tensor([1.], shape=(1,), dtype=float32)
rounded label:tf.Tensor([1.], shape=(1,), dtype=float32)
predicted label rank:[1]
mse:tf.Tensor(0.0, shape=(), dtype=float32)
-------
../benchmarks/LIA-lin-noInterval-trainData-datafold-graphs/test_data/chc-lia-lin-0264_000.smt2
true label:[1, 0, 0, 1, 1, 1, 1, 1, 1, 1, 1, 1, 1, 1, 1, 1, 1, 1, 1, 1, 1, 1, 1, 1, 1, 1, 1, 1, 1, 1, 1, 1, 1, 1, 1, 1, 1, 1, 1, 1, 1, 1, 1, 1, 1, 1, 1, 1, 1, 1, 1, 1, 1, 1, 1, 1, 1, 1, 1, 1, 1, 1, 1, 1, 1]
true label rank:[2 1 1 2 2 2 2 2 2 2 2 2 2 2 2 2 2 2 2 2 2 2 2 2 2 2 2 2 2 2 2 2 2 2 2 2 2
 2 2 2 2 2 2 2 2 2 2 2 2 2 2 2 2 2 2 2 2 2 2 2 2 2 2 2 2]
predicted label:tf.Tensor(
[1.0000000e+00 4.0266194e-04 2.2495475e-07 1.0000000e+00 1.0000000e+00
 1.0000000e+00 1.0000000e+00 9.9996412e-01 9.9999845e-01 9.9998689e-01
 9.9999881e-01 9.9999988e-01 1.0000000e+00 9.9999940e-01 9.9998999e-01
 1.0000000e+00 9.9999988e-01 1.0000000e+00 1.0000000e+00 1.0000000e+00
 1.0000000e+00 1.0000000e+00 1.0000000e+00 1.0000000e+00 1.0000000e+00
 1.0000000e+00 1.0000000e+00 1.0000000e+00 1.0000000e+00 1.0000000e+00
 1.0000000e+00 1.0000000e+00 1.0000000e+00 1.0000000e+00 1.0000000e+00
 1.0000000e+00 1.0000000e+00 1.0000000e+00 1.0000000e+00 1.0000000e+00
 1.0000000e+00 1.0000000e+00 1.0000000e+00 1.0000000e+00 1.0000000e+00
 1.0000000e+00 1.0000000e+00 1.0000000e+00 1.0000000e+00 1.0000000e+00
 1.0000000e+00 1.0000000e+00 1.0000000e+00 1.0000000e+00 1.0000000e+00
 1.0000000e+00 1.0000000e+00 1.0000000e+00 1.0000000e+00 1.0000000e+00
 1.0000000e+00 1.0000000e+00 1.0000000e+00 1.0000000e+00 1.0000000e+00], shape=(65,), dtype=float32)
rounded label:tf.Tensor(
[1. 0. 0. 1. 1. 1. 1. 1. 1. 1. 1. 1. 1. 1. 1. 1. 1. 1. 1. 1. 1. 1. 1. 1.
 1. 1. 1. 1. 1. 1. 1. 1. 1. 1. 1. 1. 1. 1. 1. 1. 1. 1. 1. 1. 1. 1. 1. 1.
 1. 1. 1. 1. 1. 1. 1. 1. 1. 1. 1. 1. 1. 1. 1. 1. 1.], shape=(65,), dtype=float32)
predicted label rank:[2 1 1 2 2 2 2 2 2 2 2 2 2 2 2 2 2 2 2 2 2 2 2 2 2 2 2 2 2 2 2 2 2 2 2 2 2
 2 2 2 2 2 2 2 2 2 2 2 2 2 2 2 2 2 2 2 2 2 2 2 2 2 2 2 2]
mse:tf.Tensor(2.5184714e-09, shape=(), dtype=float32)
-------
../benchmarks/LIA-lin-noInterval-trainData-datafold-graphs/test_data/nested4.c_000.smt2
true label:[1]
true label rank:[1]
predicted label:tf.Tensor([1.], shape=(1,), dtype=float32)
rounded label:tf.Tensor([1.], shape=(1,), dtype=float32)
predicted label rank:[1]
mse:tf.Tensor(0.0, shape=(), dtype=float32)
-------
../benchmarks/LIA-lin-noInterval-trainData-datafold-graphs/test_data/nested6.c_000.smt2
true label:[1]
true label rank:[1]
predicted label:tf.Tensor([1.], shape=(1,), dtype=float32)
rounded label:tf.Tensor([1.], shape=(1,), dtype=float32)
predicted label rank:[1]
mse:tf.Tensor(0.0, shape=(), dtype=float32)
-------
../benchmarks/LIA-lin-noInterval-trainData-datafold-graphs/test_data/SYNAPSE_3_e7_1444_e7_638_000.smt2
true label:[1, 1, 1, 1, 1, 1, 1, 1, 1, 1, 1]
true label rank:[1 1 1 1 1 1 1 1 1 1 1]
predicted label:tf.Tensor(
[1.         1.         1.         0.99999976 0.9989145  0.9999995
 0.999998   0.9999845  1.         1.         1.        ], shape=(11,), dtype=float32)
rounded label:tf.Tensor([1. 1. 1. 1. 1. 1. 1. 1. 1. 1. 1.], shape=(11,), dtype=float32)
predicted label rank:[1 1 1 1 1 1 1 1 1 1 1]
mse:tf.Tensor(1.07145254e-07, shape=(), dtype=float32)
-------
../benchmarks/LIA-lin-noInterval-trainData-datafold-graphs/test_data/amebsa.smt2-0078_000.smt2
true label:[0, 0, 0, 0, 0, 0]
true label rank:[1 1 1 1 1 1]
predicted label:tf.Tensor(
[0.0000000e+00 0.0000000e+00 7.0223383e-16 1.6439532e-24 1.3522334e-01
 4.7310979e-15], shape=(6,), dtype=float32)
rounded label:tf.Tensor([0. 0. 0. 0. 0. 0.], shape=(6,), dtype=float32)
predicted label rank:[1 1 1 1 1 1]
mse:tf.Tensor(0.0030475587, shape=(), dtype=float32)
-------
../benchmarks/LIA-lin-noInterval-trainData-datafold-graphs/test_data/svd-some-loop.c_000.smt2
true label:[1]
true label rank:[1]
predicted label:tf.Tensor([1.], shape=(1,), dtype=float32)
rounded label:tf.Tensor([1.], shape=(1,), dtype=float32)
predicted label rank:[1]
mse:tf.Tensor(0.0, shape=(), dtype=float32)
-------
../benchmarks/LIA-lin-noInterval-trainData-datafold-graphs/test_data/cyclic.smt2-0007_000.smt2
true label:[0, 0]
true label rank:[1 1]
predicted label:tf.Tensor([1.95747e-07 3.66398e-02], shape=(2,), dtype=float32)
rounded label:tf.Tensor([0. 0.], shape=(2,), dtype=float32)
predicted label rank:[1 1]
mse:tf.Tensor(0.0006712374, shape=(), dtype=float32)
-------
../benchmarks/LIA-lin-noInterval-trainData-datafold-graphs/test_data/SYNAPSE_2_e8_1118_e7_1043_000.smt2
true label:[1, 1, 1, 1, 1, 1, 1, 1, 1, 1, 1, 1]
true label rank:[1 1 1 1 1 1 1 1 1 1 1 1]
predicted label:tf.Tensor(
[1.         1.         1.         1.         0.99999535 1.
 0.9999999  1.         1.         1.         1.         1.        ], shape=(12,), dtype=float32)
rounded label:tf.Tensor([1. 1. 1. 1. 1. 1. 1. 1. 1. 1. 1. 1.], shape=(12,), dtype=float32)
predicted label rank:[1 1 1 1 1 1 1 1 1 1 1 1]
mse:tf.Tensor(1.8024101e-12, shape=(), dtype=float32)
-------
../benchmarks/LIA-lin-noInterval-trainData-datafold-graphs/test_data/minepump_spec3_product49_true-unreach-call.cil.c.flat_000.smt2
true label:[1, 1, 0]
true label rank:[2 2 1]
predicted label:tf.Tensor([1.000000e+00 1.000000e+00 1.973754e-19], shape=(3,), dtype=float32)
rounded label:tf.Tensor([1. 1. 0.], shape=(3,), dtype=float32)
predicted label rank:[2 2 1]
mse:tf.Tensor(1.2985683e-38, shape=(), dtype=float32)
-------
../benchmarks/LIA-lin-noInterval-trainData-datafold-graphs/test_data/chc-lia-lin-0036_000.smt2
true label:[1]
true label rank:[1]
predicted label:tf.Tensor([1.], shape=(1,), dtype=float32)
rounded label:tf.Tensor([1.], shape=(1,), dtype=float32)
predicted label rank:[1]
mse:tf.Tensor(0.0, shape=(), dtype=float32)
-------
../benchmarks/LIA-lin-noInterval-trainData-datafold-graphs/test_data/spline-fixed.smt2-0003_000.smt2
true label:[0]
true label rank:[1]
predicted label:tf.Tensor([2.2646309e-18], shape=(1,), dtype=float32)
rounded label:tf.Tensor([0.], shape=(1,), dtype=float32)
predicted label rank:[1]
mse:tf.Tensor(5.128553e-36, shape=(), dtype=float32)
-------
../benchmarks/LIA-lin-noInterval-trainData-datafold-graphs/test_data/04.c_000.smt2
true label:[1]
true label rank:[1]
predicted label:tf.Tensor([0.99616027], shape=(1,), dtype=float32)
rounded label:tf.Tensor([1.], shape=(1,), dtype=float32)
predicted label rank:[1]
mse:tf.Tensor(1.4743536e-05, shape=(), dtype=float32)
-------
../benchmarks/LIA-lin-noInterval-trainData-datafold-graphs/test_data/s_multipl_11_000.smt2
true label:[1, 1]
true label rank:[1 1]
predicted label:tf.Tensor([0.9991296  0.99985456], shape=(2,), dtype=float32)
rounded label:tf.Tensor([1. 1.], shape=(2,), dtype=float32)
predicted label rank:[1 1]
mse:tf.Tensor(3.8937958e-07, shape=(), dtype=float32)
-------
../benchmarks/LIA-lin-noInterval-trainData-datafold-graphs/test_data/rotation_vc.correct.1.nts_000.smt2
true label:[1, 1, 1, 0, 1, 1, 1, 1, 1, 1, 1, 1, 0]
true label rank:[2 2 2 1 2 2 2 2 2 2 2 2 1]
predicted label:tf.Tensor(
[1.0000000e+00 1.0000000e+00 1.0740386e-16 2.4539616e-04 1.0000000e+00
 1.0000000e+00 1.0000000e+00 1.0000000e+00 1.0000000e+00 1.0000000e+00
 1.0000000e+00 1.0000000e+00 8.2631715e-02], shape=(13,), dtype=float32)
rounded label:tf.Tensor([1. 1. 0. 0. 1. 1. 1. 1. 1. 1. 1. 1. 0.], shape=(13,), dtype=float32)
predicted label rank:[2 2 1 1 2 2 2 2 2 2 2 2 1]
mse:tf.Tensor(0.077448316, shape=(), dtype=float32)
-------
../benchmarks/LIA-lin-noInterval-trainData-datafold-graphs/test_data/bandec.smt2-0178_000.smt2
true label:[0, 0, 0]
true label rank:[1 1 1]
predicted label:tf.Tensor([4.7818304e-22 1.4921104e-24 0.0000000e+00], shape=(3,), dtype=float32)
rounded label:tf.Tensor([0. 0. 0.], shape=(3,), dtype=float32)
predicted label rank:[1 1 1]
mse:tf.Tensor(0.0, shape=(), dtype=float32)
-------
../benchmarks/LIA-lin-noInterval-trainData-datafold-graphs/test_data/while_after_while_if_merged_safe.c-1_000.smt2
true label:[1, 1, 1, 1]
true label rank:[1 1 1 1]
predicted label:tf.Tensor([0.9999789  0.99448943 0.9999924  0.9960031 ], shape=(4,), dtype=float32)
rounded label:tf.Tensor([1. 1. 1. 1.], shape=(4,), dtype=float32)
predicted label rank:[1 1 1 1]
mse:tf.Tensor(1.1585537e-05, shape=(), dtype=float32)
-------
../benchmarks/LIA-lin-noInterval-trainData-datafold-graphs/test_data/tridag.smt2-0014_000.smt2
true label:[0]
true label rank:[1]
predicted label:tf.Tensor([1.5483623e-05], shape=(1,), dtype=float32)
rounded label:tf.Tensor([0.], shape=(1,), dtype=float32)
predicted label rank:[1]
mse:tf.Tensor(2.397426e-10, shape=(), dtype=float32)
-------
../benchmarks/LIA-lin-noInterval-trainData-datafold-graphs/test_data/s3_srvr_1a.cil.c-1_000.smt2
true label:[0, 1, 1]
true label rank:[1 2 2]
predicted label:tf.Tensor([0.1075458 1.        1.       ], shape=(3,), dtype=float32)
rounded label:tf.Tensor([0. 1. 1.], shape=(3,), dtype=float32)
predicted label rank:[1 2 2]
mse:tf.Tensor(0.0038553663, shape=(), dtype=float32)
-------
../benchmarks/LIA-lin-noInterval-trainData-datafold-graphs/test_data/chc-lia-lin-0270_000.smt2
true label:[1, 0, 0, 1, 1, 1, 1, 1, 1, 1, 1, 1, 1, 1, 1, 1, 1, 1, 1, 1, 1, 1, 1, 1, 1, 1, 1, 1, 1, 1, 1, 1, 1, 1, 1, 1, 1, 1, 1, 1, 1, 1, 1, 1, 1, 1, 1, 1, 1, 1, 1, 1, 1, 1, 1, 1, 1, 1, 1, 1, 1, 1, 1, 1, 1, 1, 1, 1, 1, 1, 1, 1, 1, 1, 1]
true label rank:[2 1 1 2 2 2 2 2 2 2 2 2 2 2 2 2 2 2 2 2 2 2 2 2 2 2 2 2 2 2 2 2 2 2 2 2 2
 2 2 2 2 2 2 2 2 2 2 2 2 2 2 2 2 2 2 2 2 2 2 2 2 2 2 2 2 2 2 2 2 2 2 2 2 2
 2]
predicted label:tf.Tensor(
[1.0000000e+00 4.3187294e-05 3.5277382e-01 1.0000000e+00 9.9665761e-01
 1.0000000e+00 1.0000000e+00 1.0000000e+00 1.0000000e+00 9.9999058e-01
 1.0000000e+00 9.9999273e-01 1.0000000e+00 9.9998927e-01 1.0000000e+00
 9.9999988e-01 9.9998200e-01 1.0000000e+00 1.0000000e+00 9.9999988e-01
 1.0000000e+00 1.0000000e+00 1.0000000e+00 1.0000000e+00 1.0000000e+00
 1.0000000e+00 1.0000000e+00 1.0000000e+00 1.0000000e+00 1.0000000e+00
 1.0000000e+00 1.0000000e+00 1.0000000e+00 1.0000000e+00 1.0000000e+00
 1.0000000e+00 1.0000000e+00 1.0000000e+00 1.0000000e+00 1.0000000e+00
 1.0000000e+00 1.0000000e+00 1.0000000e+00 1.0000000e+00 1.0000000e+00
 1.0000000e+00 1.0000000e+00 1.0000000e+00 1.0000000e+00 1.0000000e+00
 1.0000000e+00 1.0000000e+00 1.0000000e+00 1.0000000e+00 1.0000000e+00
 1.0000000e+00 1.0000000e+00 1.0000000e+00 1.0000000e+00 1.0000000e+00
 1.0000000e+00 1.0000000e+00 1.0000000e+00 1.0000000e+00 1.0000000e+00
 1.0000000e+00 1.0000000e+00 1.0000000e+00 1.0000000e+00 1.0000000e+00
 1.0000000e+00 1.0000000e+00 1.0000000e+00 1.0000000e+00 1.0000000e+00], shape=(75,), dtype=float32)
rounded label:tf.Tensor(
[1. 0. 0. 1. 1. 1. 1. 1. 1. 1. 1. 1. 1. 1. 1. 1. 1. 1. 1. 1. 1. 1. 1. 1.
 1. 1. 1. 1. 1. 1. 1. 1. 1. 1. 1. 1. 1. 1. 1. 1. 1. 1. 1. 1. 1. 1. 1. 1.
 1. 1. 1. 1. 1. 1. 1. 1. 1. 1. 1. 1. 1. 1. 1. 1. 1. 1. 1. 1. 1. 1. 1. 1.
 1. 1. 1.], shape=(75,), dtype=float32)
predicted label rank:[2 1 1 2 2 2 2 2 2 2 2 2 2 2 2 2 2 2 2 2 2 2 2 2 2 2 2 2 2 2 2 2 2 2 2 2 2
 2 2 2 2 2 2 2 2 2 2 2 2 2 2 2 2 2 2 2 2 2 2 2 2 2 2 2 2 2 2 2 2 2 2 2 2 2
 2]
mse:tf.Tensor(0.0016594738, shape=(), dtype=float32)
-------
../benchmarks/LIA-lin-noInterval-trainData-datafold-graphs/test_data/spline-fixed.smt2-0008_000.smt2
true label:[0]
true label rank:[1]
predicted label:tf.Tensor([3.603426e-19], shape=(1,), dtype=float32)
rounded label:tf.Tensor([0.], shape=(1,), dtype=float32)
predicted label rank:[1]
mse:tf.Tensor(1.2984678e-37, shape=(), dtype=float32)
-------
../benchmarks/LIA-lin-noInterval-trainData-datafold-graphs/test_data/gj2007_m_3_000.smt2
true label:[1, 1, 1, 1, 1]
true label rank:[1 1 1 1 1]
predicted label:tf.Tensor([0.9999665 0.9999504 0.9999542 0.9964514 0.9959306], shape=(5,), dtype=float32)
rounded label:tf.Tensor([1. 1. 1. 1. 1.], shape=(5,), dtype=float32)
predicted label rank:[1 1 1 1 1]
mse:tf.Tensor(5.8316627e-06, shape=(), dtype=float32)
-------
../benchmarks/LIA-lin-noInterval-trainData-datafold-graphs/test_data/count_by_1_variant_true-unreach-call.c.flat_000.smt2
true label:[1]
true label rank:[1]
predicted label:tf.Tensor([0.99928707], shape=(1,), dtype=float32)
rounded label:tf.Tensor([1.], shape=(1,), dtype=float32)
predicted label rank:[1]
mse:tf.Tensor(5.0827083e-07, shape=(), dtype=float32)
-------
../benchmarks/LIA-lin-noInterval-trainData-datafold-graphs/test_data/durationThm_3_e2_63_e7_21_000.smt2
true label:[1, 1]
true label rank:[1 1]
predicted label:tf.Tensor([1.         0.99999917], shape=(2,), dtype=float32)
rounded label:tf.Tensor([1. 1.], shape=(2,), dtype=float32)
predicted label rank:[1 1]
mse:tf.Tensor(3.4816594e-13, shape=(), dtype=float32)
-------
../benchmarks/LIA-lin-noInterval-trainData-datafold-graphs/test_data/barthe2_merged_safe.c-1_000.smt2
true label:[1, 1]
true label rank:[1 1]
predicted label:tf.Tensor([1.        0.9999999], shape=(2,), dtype=float32)
rounded label:tf.Tensor([1. 1.], shape=(2,), dtype=float32)
predicted label rank:[1 1]
mse:tf.Tensor(7.1054274e-15, shape=(), dtype=float32)
-------
../benchmarks/LIA-lin-noInterval-trainData-datafold-graphs/test_data/tridag.smt2-0024_000.smt2
true label:[0, 0, 0]
true label rank:[1 1 1]
predicted label:tf.Tensor([4.4329308e-08 1.1748393e-06 5.5627577e-04], shape=(3,), dtype=float32)
rounded label:tf.Tensor([0. 0. 0.], shape=(3,), dtype=float32)
predicted label rank:[1 1 1]
mse:tf.Tensor(1.0314804e-07, shape=(), dtype=float32)
-------
../benchmarks/LIA-lin-noInterval-trainData-datafold-graphs/test_data/SYNAPSE_123_e8_953_e7_1465_000.smt2
true label:[1, 1, 1, 1, 1, 1, 1, 1, 1, 1, 1, 1, 1, 1, 1, 1]
true label rank:[1 1 1 1 1 1 1 1 1 1 1 1 1 1 1 1]
predicted label:tf.Tensor([1. 1. 1. 1. 1. 1. 1. 1. 1. 1. 1. 1. 1. 1. 1. 1.], shape=(16,), dtype=float32)
rounded label:tf.Tensor([1. 1. 1. 1. 1. 1. 1. 1. 1. 1. 1. 1. 1. 1. 1. 1.], shape=(16,), dtype=float32)
predicted label rank:[1 1 1 1 1 1 1 1 1 1 1 1 1 1 1 1]
mse:tf.Tensor(0.0, shape=(), dtype=float32)
-------
../benchmarks/LIA-lin-noInterval-trainData-datafold-graphs/test_data/bandec.smt2-0036_000.smt2
true label:[0, 0, 0]
true label rank:[1 1 1]
predicted label:tf.Tensor([1.9701569e-09 2.7676387e-29 0.0000000e+00], shape=(3,), dtype=float32)
rounded label:tf.Tensor([0. 0. 0.], shape=(3,), dtype=float32)
predicted label rank:[1 1 1]
mse:tf.Tensor(1.2938394e-18, shape=(), dtype=float32)
-------
mean(mse_list):0.02158984
