best_valid_epoch:7.0
train loss:3.1434978e-05
valid loss:0.07112335
test loss list:tf.Tensor(0.018800614, shape=(), dtype=float32)
mean test loss:0.018800614
mean loss list:tf.Tensor(0.1875, shape=(), dtype=float32)
mean mean loss:0.1875
accuracy list:[<tf.Tensor: shape=(), dtype=float64, numpy=0.9821428571428571>]
mean accuracy:0.9821428571428571
-------
true label:[1]
true label rank:[1]
predicted label:tf.Tensor([0.9997924], shape=(1,), dtype=float32)
rounded label:tf.Tensor([1.], shape=(1,), dtype=float32)
predicted label rank:[1]
mse:tf.Tensor(4.3098996e-08, shape=(), dtype=float32)
-------
true label:[1]
true label rank:[1]
predicted label:tf.Tensor([0.9998336], shape=(1,), dtype=float32)
rounded label:tf.Tensor([1.], shape=(1,), dtype=float32)
predicted label rank:[1]
mse:tf.Tensor(2.7694341e-08, shape=(), dtype=float32)
-------
true label:[1]
true label rank:[1]
predicted label:tf.Tensor([0.99984944], shape=(1,), dtype=float32)
rounded label:tf.Tensor([1.], shape=(1,), dtype=float32)
predicted label rank:[1]
mse:tf.Tensor(2.2668715e-08, shape=(), dtype=float32)
-------
true label:[1]
true label rank:[1]
predicted label:tf.Tensor([0.9998336], shape=(1,), dtype=float32)
rounded label:tf.Tensor([1.], shape=(1,), dtype=float32)
predicted label rank:[1]
mse:tf.Tensor(2.7694341e-08, shape=(), dtype=float32)
-------
true label:[1]
true label rank:[1]
predicted label:tf.Tensor([0.99981695], shape=(1,), dtype=float32)
rounded label:tf.Tensor([1.], shape=(1,), dtype=float32)
predicted label rank:[1]
mse:tf.Tensor(3.350579e-08, shape=(), dtype=float32)
-------
true label:[1, 1, 0]
true label rank:[2 2 1]
predicted label:tf.Tensor([0.99982363 0.9999255  0.00321494], shape=(3,), dtype=float32)
rounded label:tf.Tensor([1. 1. 0.], shape=(3,), dtype=float32)
predicted label rank:[2 2 1]
mse:tf.Tensor(3.4574903e-06, shape=(), dtype=float32)
-------
true label:[1]
true label rank:[1]
predicted label:tf.Tensor([0.99875855], shape=(1,), dtype=float32)
rounded label:tf.Tensor([1.], shape=(1,), dtype=float32)
predicted label rank:[1]
mse:tf.Tensor(1.541187e-06, shape=(), dtype=float32)
-------
true label:[1, 1, 1, 0, 0]
true label rank:[2 2 2 1 1]
predicted label:tf.Tensor([0.99993837 0.99876815 0.99714667 0.01639808 0.07050095], shape=(5,), dtype=float32)
rounded label:tf.Tensor([1. 1. 1. 0. 0.], shape=(5,), dtype=float32)
predicted label rank:[2 2 2 1 1]
mse:tf.Tensor(0.0010497889, shape=(), dtype=float32)
-------
true label:[1, 1, 1, 1, 1]
true label rank:[1 1 1 1 1]
predicted label:tf.Tensor([0.99940836 0.9995264  0.9999316  0.99982566 0.9937866 ], shape=(5,), dtype=float32)
rounded label:tf.Tensor([1. 1. 1. 1. 1.], shape=(5,), dtype=float32)
predicted label rank:[1 1 1 1 1]
mse:tf.Tensor(7.843219e-06, shape=(), dtype=float32)
-------
true label:[1, 1, 1, 1, 1, 1, 1, 0]
true label rank:[2 2 2 2 2 2 2 1]
predicted label:tf.Tensor(
[0.99913764 0.998765   0.9998128  0.9996203  0.9958532  0.99994063
 0.9873897  0.01266778], shape=(8,), dtype=float32)
rounded label:tf.Tensor([1. 1. 1. 1. 1. 1. 1. 0.], shape=(8,), dtype=float32)
predicted label rank:[2 2 2 2 2 2 2 1]
mse:tf.Tensor(4.2392545e-05, shape=(), dtype=float32)
-------
true label:[1, 1, 1, 1, 0]
true label rank:[2 2 2 2 1]
predicted label:tf.Tensor([0.99030507 0.9998703  0.9997905  0.9999356  0.04523064], shape=(5,), dtype=float32)
rounded label:tf.Tensor([1. 1. 1. 1. 0.], shape=(5,), dtype=float32)
predicted label rank:[2 2 2 2 1]
mse:tf.Tensor(0.00042797351, shape=(), dtype=float32)
-------
true label:[1, 0]
true label rank:[2 1]
predicted label:tf.Tensor([0.9998976  0.03328628], shape=(2,), dtype=float32)
rounded label:tf.Tensor([1. 0.], shape=(2,), dtype=float32)
predicted label rank:[2 1]
mse:tf.Tensor(0.0005539936, shape=(), dtype=float32)
-------
true label:[1, 1, 1, 0]
true label rank:[2 2 2 1]
predicted label:tf.Tensor([0.9999232  0.9578946  0.99574643 0.00275933], shape=(4,), dtype=float32)
rounded label:tf.Tensor([1. 1. 1. 0.], shape=(4,), dtype=float32)
predicted label rank:[2 2 2 1]
mse:tf.Tensor(0.00044964385, shape=(), dtype=float32)
-------
true label:[0, 0, 1, 1, 1, 1, 1, 0, 0]
true label rank:[1 1 2 2 2 2 2 1 1]
predicted label:tf.Tensor(
[0.01945323 0.32135    0.99993575 0.99986136 0.99888355 0.999908
 0.99940336 0.0220976  0.07824554], shape=(9,), dtype=float32)
rounded label:tf.Tensor([0. 0. 1. 1. 1. 1. 1. 0. 0.], shape=(9,), dtype=float32)
predicted label rank:[1 1 2 2 2 2 2 1 1]
mse:tf.Tensor(0.012250729, shape=(), dtype=float32)
-------
true label:[1]
true label rank:[1]
predicted label:tf.Tensor([0.9991715], shape=(1,), dtype=float32)
rounded label:tf.Tensor([1.], shape=(1,), dtype=float32)
predicted label rank:[1]
mse:tf.Tensor(6.864198e-07, shape=(), dtype=float32)
-------
true label:[1, 0, 1, 0]
true label rank:[2 1 2 1]
predicted label:tf.Tensor([0.9998481  0.9652717  0.991863   0.00867398], shape=(4,), dtype=float32)
rounded label:tf.Tensor([1. 1. 1. 0.], shape=(4,), dtype=float32)
predicted label rank:[2 2 2 1]
mse:tf.Tensor(0.23297273, shape=(), dtype=float32)
-------
true label:[1, 1, 1, 0]
true label rank:[2 2 2 1]
predicted label:tf.Tensor([9.998982e-01 9.997452e-01 9.997949e-01 6.177512e-04], shape=(4,), dtype=float32)
rounded label:tf.Tensor([1. 1. 1. 0.], shape=(4,), dtype=float32)
predicted label rank:[2 2 2 1]
mse:tf.Tensor(1.2474366e-07, shape=(), dtype=float32)
-------
mean(mse_list):0.0145741785
