best_valid_epoch:8.0
train loss:0.024552865
valid loss:0.12092367
test loss list:tf.Tensor(0.041858833, shape=(), dtype=float32)
mean test loss:0.041858833
mean loss list:tf.Tensor(0.1350366, shape=(), dtype=float32)
mean mean loss:0.1350366
accuracy list:[<tf.Tensor: shape=(), dtype=float64, numpy=0.94296875>]
mean accuracy:0.94296875
-------
../benchmarks/LIA-lin-noInterval-trainData-datafold-hybrid-direction-layer-graph/test_data/sum3_000.smt2
true label:[1]
true label rank:[1]
predicted label:tf.Tensor([0.9031708], shape=(1,), dtype=float32)
rounded label:tf.Tensor([1.], shape=(1,), dtype=float32)
predicted label rank:[1]
mse:tf.Tensor(0.009375889, shape=(), dtype=float32)
-------
../benchmarks/LIA-lin-noInterval-trainData-datafold-hybrid-direction-layer-graph/test_data/amebsa.smt2-0078_000.smt2
true label:[0, 0, 0, 0, 0, 0]
true label rank:[1 1 1 1 1 1]
predicted label:tf.Tensor(
[4.2404372e-01 1.5330756e-01 8.6816549e-03 1.2847781e-03 2.5843893e-12
 3.3483505e-03], shape=(6,), dtype=float32)
rounded label:tf.Tensor([0. 0. 0. 0. 0. 0.], shape=(6,), dtype=float32)
predicted label rank:[1 1 1 1 1 1]
mse:tf.Tensor(0.03390075, shape=(), dtype=float32)
-------
../benchmarks/LIA-lin-noInterval-trainData-datafold-hybrid-direction-layer-graph/test_data/chc-lia-lin-0115_000.smt2
true label:[1]
true label rank:[1]
predicted label:tf.Tensor([1.], shape=(1,), dtype=float32)
rounded label:tf.Tensor([1.], shape=(1,), dtype=float32)
predicted label rank:[1]
mse:tf.Tensor(0.0, shape=(), dtype=float32)
-------
../benchmarks/LIA-lin-noInterval-trainData-datafold-hybrid-direction-layer-graph/test_data/car_all_e2_108_000.smt2
true label:[1, 1, 1, 1, 1, 1, 1, 1, 1, 1, 1, 1, 1]
true label rank:[1 1 1 1 1 1 1 1 1 1 1 1 1]
predicted label:tf.Tensor([1. 1. 1. 1. 1. 1. 1. 1. 1. 1. 1. 1. 1.], shape=(13,), dtype=float32)
rounded label:tf.Tensor([1. 1. 1. 1. 1. 1. 1. 1. 1. 1. 1. 1. 1.], shape=(13,), dtype=float32)
predicted label rank:[1 1 1 1 1 1 1 1 1 1 1 1 1]
mse:tf.Tensor(0.0, shape=(), dtype=float32)
-------
../benchmarks/LIA-lin-noInterval-trainData-datafold-hybrid-direction-layer-graph/test_data/destroy_test_dangling_unsafe.c_000.smt2
true label:[0, 0, 0, 0, 0, 0, 0, 0, 0]
true label rank:[1 1 1 1 1 1 1 1 1]
predicted label:tf.Tensor(
[6.9447344e-07 1.7782431e-31 1.0888659e-37 2.2194316e-33 2.9747336e-34
 1.6550452e-02 9.5814496e-05 6.0020939e-06 6.4237970e-09], shape=(9,), dtype=float32)
rounded label:tf.Tensor([0. 0. 0. 0. 0. 0. 0. 0. 0.], shape=(9,), dtype=float32)
predicted label rank:[1 1 1 1 1 1 1 1 1]
mse:tf.Tensor(3.0436295e-05, shape=(), dtype=float32)
-------
../benchmarks/LIA-lin-noInterval-trainData-datafold-hybrid-direction-layer-graph/test_data/metros_4_e3_1091_e3_522_000.smt2
true label:[1, 1, 1, 1, 1, 1, 1, 1, 1, 1, 1, 1, 1, 1, 1, 1, 1, 1, 1, 1, 1, 1, 1]
true label rank:[1 1 1 1 1 1 1 1 1 1 1 1 1 1 1 1 1 1 1 1 1 1 1]
predicted label:tf.Tensor(
[1.         0.9999819  1.         0.98527867 1.         1.
 0.9999965  1.         1.         1.         1.         1.
 1.         1.         1.         1.         1.         1.
 1.         1.         1.         1.         1.        ], shape=(23,), dtype=float32)
rounded label:tf.Tensor([1. 1. 1. 1. 1. 1. 1. 1. 1. 1. 1. 1. 1. 1. 1. 1. 1. 1. 1. 1. 1. 1. 1.], shape=(23,), dtype=float32)
predicted label rank:[1 1 1 1 1 1 1 1 1 1 1 1 1 1 1 1 1 1 1 1 1 1 1]
mse:tf.Tensor(9.422522e-06, shape=(), dtype=float32)
-------
../benchmarks/LIA-lin-noInterval-trainData-datafold-hybrid-direction-layer-graph/test_data/four1.smt2-0027_000.smt2
true label:[0, 0]
true label rank:[1 1]
predicted label:tf.Tensor([0.12388059 0.00223258], shape=(2,), dtype=float32)
rounded label:tf.Tensor([0. 0.], shape=(2,), dtype=float32)
predicted label rank:[1 1]
mse:tf.Tensor(0.007675693, shape=(), dtype=float32)
-------
../benchmarks/LIA-lin-noInterval-trainData-datafold-hybrid-direction-layer-graph/test_data/rotation_vc.correct.1.nts_000.smt2
true label:[1, 1, 1, 0, 1, 1, 1, 1, 1, 1, 1, 1, 0]
true label rank:[2 2 2 1 2 2 2 2 2 2 2 2 1]
predicted label:tf.Tensor(
[0.9541395  0.44795224 0.10826987 0.9991294  0.9925957  0.93305576
 0.98062825 0.99275434 0.9999403  0.9742836  0.9968386  0.8472893
 0.01626912], shape=(13,), dtype=float32)
rounded label:tf.Tensor([1. 0. 0. 1. 1. 1. 1. 1. 1. 1. 1. 1. 0.], shape=(13,), dtype=float32)
predicted label rank:[2 1 1 2 2 2 2 2 2 2 2 2 1]
mse:tf.Tensor(0.16380943, shape=(), dtype=float32)
-------
../benchmarks/LIA-lin-noInterval-trainData-datafold-hybrid-direction-layer-graph/test_data/dillig33.c_000.smt2
true label:[1]
true label rank:[1]
predicted label:tf.Tensor([1.], shape=(1,), dtype=float32)
rounded label:tf.Tensor([1.], shape=(1,), dtype=float32)
predicted label rank:[1]
mse:tf.Tensor(0.0, shape=(), dtype=float32)
-------
../benchmarks/LIA-lin-noInterval-trainData-datafold-hybrid-direction-layer-graph/test_data/spline-fixed.smt2-0001_000.smt2
true label:[0]
true label rank:[1]
predicted label:tf.Tensor([0.00918373], shape=(1,), dtype=float32)
rounded label:tf.Tensor([0.], shape=(1,), dtype=float32)
predicted label rank:[1]
mse:tf.Tensor(8.434098e-05, shape=(), dtype=float32)
-------
../benchmarks/LIA-lin-noInterval-trainData-datafold-hybrid-direction-layer-graph/test_data/06.c_000.smt2
true label:[1, 1, 1, 1, 1, 0]
true label rank:[2 2 2 2 2 1]
predicted label:tf.Tensor([0.9717211  0.79595447 0.9931789  0.93685794 0.7629887  0.05731151], shape=(6,), dtype=float32)
rounded label:tf.Tensor([1. 1. 1. 1. 1. 0.], shape=(6,), dtype=float32)
predicted label rank:[2 2 2 2 2 1]
mse:tf.Tensor(0.01765445, shape=(), dtype=float32)
-------
../benchmarks/LIA-lin-noInterval-trainData-datafold-hybrid-direction-layer-graph/test_data/bandec.smt2-0157_000.smt2
true label:[0]
true label rank:[1]
predicted label:tf.Tensor([0.1919199], shape=(1,), dtype=float32)
rounded label:tf.Tensor([0.], shape=(1,), dtype=float32)
predicted label rank:[1]
mse:tf.Tensor(0.036833245, shape=(), dtype=float32)
-------
../benchmarks/LIA-lin-noInterval-trainData-datafold-hybrid-direction-layer-graph/test_data/minepump_spec2_product60_true-unreach-call.cil.c.flat_000.smt2
true label:[1, 0]
true label rank:[2 1]
predicted label:tf.Tensor([1.0000000e+00 1.4033914e-04], shape=(2,), dtype=float32)
rounded label:tf.Tensor([1. 0.], shape=(2,), dtype=float32)
predicted label rank:[2 1]
mse:tf.Tensor(9.847536e-09, shape=(), dtype=float32)
-------
../benchmarks/LIA-lin-noInterval-trainData-datafold-hybrid-direction-layer-graph/test_data/barthe2_merged_safe.c-1_000.smt2
true label:[1, 1]
true label rank:[1 1]
predicted label:tf.Tensor([0.9988097  0.45475605], shape=(2,), dtype=float32)
rounded label:tf.Tensor([1. 0.], shape=(2,), dtype=float32)
predicted label rank:[2 1]
mse:tf.Tensor(0.14864622, shape=(), dtype=float32)
-------
../benchmarks/LIA-lin-noInterval-trainData-datafold-hybrid-direction-layer-graph/test_data/cyclic.smt2-0007_000.smt2
true label:[0, 0]
true label rank:[1 1]
predicted label:tf.Tensor([0.0034149 0.5276533], shape=(2,), dtype=float32)
rounded label:tf.Tensor([0. 1.], shape=(2,), dtype=float32)
predicted label rank:[1 2]
mse:tf.Tensor(0.13921481, shape=(), dtype=float32)
-------
../benchmarks/LIA-lin-noInterval-trainData-datafold-hybrid-direction-layer-graph/test_data/SpamAssassin-loop.i.v+cfa-reducer.c-1_000.smt2
true label:[1, 1, 0]
true label rank:[2 2 1]
predicted label:tf.Tensor([9.9992585e-01 9.8270869e-01 2.1813705e-05], shape=(3,), dtype=float32)
rounded label:tf.Tensor([1. 1. 0.], shape=(3,), dtype=float32)
predicted label rank:[2 2 1]
mse:tf.Tensor(9.96651e-05, shape=(), dtype=float32)
-------
../benchmarks/LIA-lin-noInterval-trainData-datafold-hybrid-direction-layer-graph/test_data/chc-lia-lin-0065_000.smt2
true label:[0, 1, 1]
true label rank:[1 2 2]
predicted label:tf.Tensor([0.40346247 0.91903555 0.8346077 ], shape=(3,), dtype=float32)
rounded label:tf.Tensor([0. 1. 1.], shape=(3,), dtype=float32)
predicted label rank:[1 2 2]
mse:tf.Tensor(0.06556394, shape=(), dtype=float32)
-------
../benchmarks/LIA-lin-noInterval-trainData-datafold-hybrid-direction-layer-graph/test_data/durationThm_1_e3_173_000.smt2
true label:[1, 1]
true label rank:[1 1]
predicted label:tf.Tensor([1.         0.99999917], shape=(2,), dtype=float32)
rounded label:tf.Tensor([1. 1.], shape=(2,), dtype=float32)
predicted label rank:[1 1]
mse:tf.Tensor(3.4816594e-13, shape=(), dtype=float32)
-------
../benchmarks/LIA-lin-noInterval-trainData-datafold-hybrid-direction-layer-graph/test_data/s3_srvr_1a.cil.c-1_000.smt2
true label:[0, 1, 1]
true label rank:[1 2 2]
predicted label:tf.Tensor([0.01352775 0.00015008 0.08551872], shape=(3,), dtype=float32)
rounded label:tf.Tensor([0. 0. 0.], shape=(3,), dtype=float32)
predicted label rank:[1 1 1]
mse:tf.Tensor(0.6120529, shape=(), dtype=float32)
-------
../benchmarks/LIA-lin-noInterval-trainData-datafold-hybrid-direction-layer-graph/test_data/SYNAPSE_6_e3_1666_e5_1558_000.smt2
true label:[1, 1, 1, 1, 1, 1, 1, 1, 1, 1, 1, 1]
true label rank:[1 1 1 1 1 1 1 1 1 1 1 1]
predicted label:tf.Tensor(
[1.         1.         1.         0.99994993 0.99999183 0.9997428
 0.9995723  1.         1.         1.         1.         1.        ], shape=(12,), dtype=float32)
rounded label:tf.Tensor([1. 1. 1. 1. 1. 1. 1. 1. 1. 1. 1. 1.], shape=(12,), dtype=float32)
predicted label rank:[1 1 1 1 1 1 1 1 1 1 1 1]
mse:tf.Tensor(2.097243e-08, shape=(), dtype=float32)
-------
../benchmarks/LIA-lin-noInterval-trainData-datafold-hybrid-direction-layer-graph/test_data/gulwani_fig1a.c_000.smt2
true label:[1]
true label rank:[1]
predicted label:tf.Tensor([1.], shape=(1,), dtype=float32)
rounded label:tf.Tensor([1.], shape=(1,), dtype=float32)
predicted label rank:[1]
mse:tf.Tensor(0.0, shape=(), dtype=float32)
-------
../benchmarks/LIA-lin-noInterval-trainData-datafold-hybrid-direction-layer-graph/test_data/minepump_spec4_product57_true-unreach-call.cil.c.flat_000.smt2
true label:[1, 0]
true label rank:[2 1]
predicted label:tf.Tensor([9.9610138e-01 1.7437858e-12], shape=(2,), dtype=float32)
rounded label:tf.Tensor([1. 0.], shape=(2,), dtype=float32)
predicted label rank:[2 1]
mse:tf.Tensor(7.5996213e-06, shape=(), dtype=float32)
-------
../benchmarks/LIA-lin-noInterval-trainData-datafold-hybrid-direction-layer-graph/test_data/SYNAPSE_5_e2_1525_000.smt2
true label:[1, 1, 1, 1, 1, 1, 1, 1, 1, 1, 1, 1]
true label rank:[1 1 1 1 1 1 1 1 1 1 1 1]
predicted label:tf.Tensor(
[1.         1.         1.         0.99994993 0.99999183 0.9997428
 0.9995723  1.         1.         1.         1.         1.        ], shape=(12,), dtype=float32)
rounded label:tf.Tensor([1. 1. 1. 1. 1. 1. 1. 1. 1. 1. 1. 1.], shape=(12,), dtype=float32)
predicted label rank:[1 1 1 1 1 1 1 1 1 1 1 1]
mse:tf.Tensor(2.097243e-08, shape=(), dtype=float32)
-------
../benchmarks/LIA-lin-noInterval-trainData-datafold-hybrid-direction-layer-graph/test_data/chc-lia-lin-0140_000.smt2
true label:[1, 1, 1, 0, 1, 1, 1, 1, 1, 0]
true label rank:[2 2 2 1 2 2 2 2 2 1]
predicted label:tf.Tensor(
[0.9972255  0.9895412  0.9838613  0.00496241 0.9411742  0.680242
 0.8650488  0.9500544  0.8552191  0.09081364], shape=(10,), dtype=float32)
rounded label:tf.Tensor([1. 1. 1. 0. 1. 1. 1. 1. 1. 0.], shape=(10,), dtype=float32)
predicted label rank:[2 2 2 1 2 2 2 2 2 1]
mse:tf.Tensor(0.015602281, shape=(), dtype=float32)
-------
../benchmarks/LIA-lin-noInterval-trainData-datafold-hybrid-direction-layer-graph/test_data/16.c_000.smt2
true label:[1, 1, 0]
true label rank:[2 2 1]
predicted label:tf.Tensor([0.99967194 0.8089036  0.02754858], shape=(3,), dtype=float32)
rounded label:tf.Tensor([1. 1. 0.], shape=(3,), dtype=float32)
predicted label rank:[2 2 1]
mse:tf.Tensor(0.012425625, shape=(), dtype=float32)
-------
../benchmarks/LIA-lin-noInterval-trainData-datafold-hybrid-direction-layer-graph/test_data/reverse_ret_unsafe.c_000.smt2
true label:[1, 1, 1, 1, 1, 0, 0, 0, 0]
true label rank:[2 2 2 2 2 1 1 1 1]
predicted label:tf.Tensor(
[9.0089206e-06 3.5247305e-22 2.4490902e-17 5.4070642e-37 9.0206746e-17
 3.8882145e-01 6.8282187e-03 3.2464993e-07 3.2020122e-09], shape=(9,), dtype=float32)
rounded label:tf.Tensor([0. 0. 0. 0. 0. 0. 0. 0. 0.], shape=(9,), dtype=float32)
predicted label rank:[1 1 1 1 1 1 1 1 1]
mse:tf.Tensor(0.57235676, shape=(), dtype=float32)
-------
../benchmarks/LIA-lin-noInterval-trainData-datafold-hybrid-direction-layer-graph/test_data/metros_1_e8_725_e3_556_000.smt2
true label:[1, 1, 1, 1, 1, 1, 1, 1, 1, 1, 1, 1, 1, 1, 1, 1, 1, 1, 1, 1, 1, 1, 1, 1, 1, 1, 1, 1, 1, 1, 1]
true label rank:[1 1 1 1 1 1 1 1 1 1 1 1 1 1 1 1 1 1 1 1 1 1 1 1 1 1 1 1 1 1 1]
predicted label:tf.Tensor(
[1.         1.         1.         1.         1.         1.
 1.         1.         1.         1.         1.         1.
 1.         1.         1.         1.         1.         1.
 1.         1.         1.         1.         0.9999993  1.
 1.         1.         1.         1.         1.         1.
 0.99993646], shape=(31,), dtype=float32)
rounded label:tf.Tensor(
[1. 1. 1. 1. 1. 1. 1. 1. 1. 1. 1. 1. 1. 1. 1. 1. 1. 1. 1. 1. 1. 1. 1. 1.
 1. 1. 1. 1. 1. 1. 1.], shape=(31,), dtype=float32)
predicted label rank:[1 1 1 1 1 1 1 1 1 1 1 1 1 1 1 1 1 1 1 1 1 1 1 1 1 1 1 1 1 1 1]
mse:tf.Tensor(1.3024706e-10, shape=(), dtype=float32)
-------
../benchmarks/LIA-lin-noInterval-trainData-datafold-hybrid-direction-layer-graph/test_data/loop__while_after_while_if_000.smt2
true label:[1, 1, 1]
true label rank:[1 1 1]
predicted label:tf.Tensor([0.761235   0.99990386 0.9937495 ], shape=(3,), dtype=float32)
rounded label:tf.Tensor([1. 1. 1.], shape=(3,), dtype=float32)
predicted label rank:[1 1 1]
mse:tf.Tensor(0.019015932, shape=(), dtype=float32)
-------
../benchmarks/LIA-lin-noInterval-trainData-datafold-hybrid-direction-layer-graph/test_data/28.c_000.smt2
true label:[1, 1, 1, 1, 0]
true label rank:[2 2 2 2 1]
predicted label:tf.Tensor([0.9885452  0.8839332  0.5719833  0.6118983  0.04143959], shape=(5,), dtype=float32)
rounded label:tf.Tensor([1. 1. 1. 1. 0.], shape=(5,), dtype=float32)
predicted label rank:[2 2 2 2 1]
mse:tf.Tensor(0.06982824, shape=(), dtype=float32)
-------
../benchmarks/LIA-lin-noInterval-trainData-datafold-hybrid-direction-layer-graph/test_data/listcounter.correct.nts_000.smt2
true label:[0, 1, 0, 1, 0]
true label rank:[1 2 1 2 1]
predicted label:tf.Tensor([0.672676   0.843936   0.5909817  0.7864223  0.09291121], shape=(5,), dtype=float32)
rounded label:tf.Tensor([1. 1. 1. 1. 0.], shape=(5,), dtype=float32)
predicted label rank:[2 2 2 2 1]
mse:tf.Tensor(0.17607127, shape=(), dtype=float32)
-------
../benchmarks/LIA-lin-noInterval-trainData-datafold-hybrid-direction-layer-graph/test_data/apache-get-tag.i.v+lhb-reducer.c-1_000.smt2
true label:[1, 1, 1, 0]
true label rank:[2 2 2 1]
predicted label:tf.Tensor([8.9061558e-01 8.2848144e-01 9.9157029e-01 1.7413497e-04], shape=(4,), dtype=float32)
rounded label:tf.Tensor([1. 1. 1. 0.], shape=(4,), dtype=float32)
predicted label rank:[2 2 2 1]
mse:tf.Tensor(0.0103636645, shape=(), dtype=float32)
-------
../benchmarks/LIA-lin-noInterval-trainData-datafold-hybrid-direction-layer-graph/test_data/nested6.c_000.smt2
true label:[1]
true label rank:[1]
predicted label:tf.Tensor([1.], shape=(1,), dtype=float32)
rounded label:tf.Tensor([1.], shape=(1,), dtype=float32)
predicted label rank:[1]
mse:tf.Tensor(0.0, shape=(), dtype=float32)
-------
../benchmarks/LIA-lin-noInterval-trainData-datafold-hybrid-direction-layer-graph/test_data/MOESI_1_e3_1884_e7_1875_000.smt2
true label:[1, 1, 1, 1, 1, 1, 1, 1, 1, 1, 1, 1, 1, 1, 1, 1, 1, 1, 1, 1, 1, 1, 1, 1, 1, 1, 1, 1]
true label rank:[1 1 1 1 1 1 1 1 1 1 1 1 1 1 1 1 1 1 1 1 1 1 1 1 1 1 1 1]
predicted label:tf.Tensor(
[1.         1.         1.         1.         0.9999882  1.
 1.         1.         0.9999136  0.9993402  0.99990886 0.9999424
 0.99987555 0.9992517  1.         0.9984989  0.9990211  1.
 0.9993881  0.9999937  0.99989784 0.9999992  1.         1.
 1.         1.         1.         1.        ], shape=(28,), dtype=float32)
rounded label:tf.Tensor(
[1. 1. 1. 1. 1. 1. 1. 1. 1. 1. 1. 1. 1. 1. 1. 1. 1. 1. 1. 1. 1. 1. 1. 1.
 1. 1. 1. 1.], shape=(28,), dtype=float32)
predicted label rank:[1 1 1 1 1 1 1 1 1 1 1 1 1 1 1 1 1 1 1 1 1 1 1 1 1 1 1 1]
mse:tf.Tensor(1.652277e-07, shape=(), dtype=float32)
-------
../benchmarks/LIA-lin-noInterval-trainData-datafold-hybrid-direction-layer-graph/test_data/chc-lia-lin-0036_000.smt2
true label:[1]
true label rank:[1]
predicted label:tf.Tensor([1.], shape=(1,), dtype=float32)
rounded label:tf.Tensor([1.], shape=(1,), dtype=float32)
predicted label rank:[1]
mse:tf.Tensor(0.0, shape=(), dtype=float32)
-------
../benchmarks/LIA-lin-noInterval-trainData-datafold-hybrid-direction-layer-graph/test_data/bandec.smt2-0178_000.smt2
true label:[0, 0, 0]
true label rank:[1 1 1]
predicted label:tf.Tensor([0.3166001  0.00867969 0.03131303], shape=(3,), dtype=float32)
rounded label:tf.Tensor([0. 0. 0.], shape=(3,), dtype=float32)
predicted label rank:[1 1 1]
mse:tf.Tensor(0.033763826, shape=(), dtype=float32)
-------
../benchmarks/LIA-lin-noInterval-trainData-datafold-hybrid-direction-layer-graph/test_data/002-horn_000.smt2
true label:[1, 1, 1, 0]
true label rank:[2 2 2 1]
predicted label:tf.Tensor([0.97631085 0.91586494 0.87796986 0.02611604], shape=(4,), dtype=float32)
rounded label:tf.Tensor([1. 1. 1. 0.], shape=(4,), dtype=float32)
predicted label rank:[2 2 2 1]
mse:tf.Tensor(0.0058033215, shape=(), dtype=float32)
-------
../benchmarks/LIA-lin-noInterval-trainData-datafold-hybrid-direction-layer-graph/test_data/nest-len.c_000.smt2
true label:[1]
true label rank:[1]
predicted label:tf.Tensor([1.], shape=(1,), dtype=float32)
rounded label:tf.Tensor([1.], shape=(1,), dtype=float32)
predicted label rank:[1]
mse:tf.Tensor(0.0, shape=(), dtype=float32)
-------
../benchmarks/LIA-lin-noInterval-trainData-datafold-hybrid-direction-layer-graph/test_data/pc_sfifo_2_true-unreach-call_false-termination.cil.c.flat_000.smt2
true label:[1, 1, 1, 1, 1, 1, 0]
true label rank:[2 2 2 2 2 2 1]
predicted label:tf.Tensor([1. 1. 1. 1. 1. 1. 1.], shape=(7,), dtype=float32)
rounded label:tf.Tensor([1. 1. 1. 1. 1. 1. 1.], shape=(7,), dtype=float32)
predicted label rank:[1 1 1 1 1 1 1]
mse:tf.Tensor(0.14285715, shape=(), dtype=float32)
-------
../benchmarks/LIA-lin-noInterval-trainData-datafold-hybrid-direction-layer-graph/test_data/minepump_spec2_product64_true-unreach-call.cil.c.flat_000.smt2
true label:[1, 0]
true label rank:[2 1]
predicted label:tf.Tensor([1.000000e+00 6.683111e-06], shape=(2,), dtype=float32)
rounded label:tf.Tensor([1. 0.], shape=(2,), dtype=float32)
predicted label rank:[2 1]
mse:tf.Tensor(2.2331987e-11, shape=(), dtype=float32)
-------
../benchmarks/LIA-lin-noInterval-trainData-datafold-hybrid-direction-layer-graph/test_data/four1.smt2-0046_000.smt2
true label:[0, 0]
true label rank:[1 1]
predicted label:tf.Tensor([0.06993613 0.26777297], shape=(2,), dtype=float32)
rounded label:tf.Tensor([0. 0.], shape=(2,), dtype=float32)
predicted label rank:[1 1]
mse:tf.Tensor(0.038296714, shape=(), dtype=float32)
-------
../benchmarks/LIA-lin-noInterval-trainData-datafold-hybrid-direction-layer-graph/test_data/minepump_spec5_product55_true-unreach-call.cil.c.flat_000.smt2
true label:[1, 0]
true label rank:[2 1]
predicted label:tf.Tensor([1.0000000e+00 1.3499277e-05], shape=(2,), dtype=float32)
rounded label:tf.Tensor([1. 0.], shape=(2,), dtype=float32)
predicted label rank:[2 1]
mse:tf.Tensor(9.111524e-11, shape=(), dtype=float32)
-------
../benchmarks/LIA-lin-noInterval-trainData-datafold-hybrid-direction-layer-graph/test_data/bandec.smt2-0188_000.smt2
true label:[0, 0, 0]
true label rank:[1 1 1]
predicted label:tf.Tensor([0.00384298 0.0298714  0.02909616], shape=(3,), dtype=float32)
rounded label:tf.Tensor([0. 0. 0.], shape=(3,), dtype=float32)
predicted label rank:[1 1 1]
mse:tf.Tensor(0.0005845519, shape=(), dtype=float32)
-------
../benchmarks/LIA-lin-noInterval-trainData-datafold-hybrid-direction-layer-graph/test_data/NetBSD_g_Ctoc.c_000.smt2
true label:[1]
true label rank:[1]
predicted label:tf.Tensor([1.], shape=(1,), dtype=float32)
rounded label:tf.Tensor([1.], shape=(1,), dtype=float32)
predicted label rank:[1]
mse:tf.Tensor(0.0, shape=(), dtype=float32)
-------
../benchmarks/LIA-lin-noInterval-trainData-datafold-hybrid-direction-layer-graph/test_data/durationThm_2_e1_118_000.smt2
true label:[1, 1]
true label rank:[1 1]
predicted label:tf.Tensor([1.         0.07674131], shape=(2,), dtype=float32)
rounded label:tf.Tensor([1. 0.], shape=(2,), dtype=float32)
predicted label rank:[2 1]
mse:tf.Tensor(0.42620328, shape=(), dtype=float32)
-------
../benchmarks/LIA-lin-noInterval-trainData-datafold-hybrid-direction-layer-graph/test_data/test_locks_8.c-1_000.smt2
true label:[1, 1, 1, 1, 1, 1, 1, 1, 1, 1, 0, 1, 1]
true label rank:[2 2 2 2 2 2 2 2 2 2 1 2 2]
predicted label:tf.Tensor(
[4.9541885e-01 9.3712085e-01 9.9444377e-01 9.9430382e-01 8.3855146e-01
 9.9960858e-01 9.9641186e-01 9.1176552e-01 1.1084375e-01 9.8935521e-01
 2.7865171e-04 9.9723047e-01 9.9963289e-01], shape=(13,), dtype=float32)
rounded label:tf.Tensor([0. 1. 1. 1. 1. 1. 1. 1. 0. 1. 0. 1. 1.], shape=(13,), dtype=float32)
predicted label rank:[1 2 2 2 2 2 2 2 1 2 1 2 2]
mse:tf.Tensor(0.08332332, shape=(), dtype=float32)
-------
../benchmarks/LIA-lin-noInterval-trainData-datafold-hybrid-direction-layer-graph/test_data/s3_clnt_1.cil-1.c-1_000.smt2
true label:[1, 1, 1, 1, 1, 1, 1, 1, 0, 1, 0]
true label rank:[2 2 2 2 2 2 2 2 1 2 1]
predicted label:tf.Tensor(
[1.0000000e+00 1.0000000e+00 9.9992287e-01 9.9689281e-01 1.5027919e-06
 3.3287162e-01 1.5405059e-01 1.0000000e+00 9.9708986e-01 1.0000000e+00
 9.0915555e-01], shape=(11,), dtype=float32)
rounded label:tf.Tensor([1. 1. 1. 1. 0. 0. 0. 1. 1. 1. 1.], shape=(11,), dtype=float32)
predicted label rank:[2 2 2 2 1 1 1 2 2 2 2]
mse:tf.Tensor(0.36194995, shape=(), dtype=float32)
-------
../benchmarks/LIA-lin-noInterval-trainData-datafold-hybrid-direction-layer-graph/test_data/dillig17.c_000.smt2
true label:[1]
true label rank:[1]
predicted label:tf.Tensor([1.], shape=(1,), dtype=float32)
rounded label:tf.Tensor([1.], shape=(1,), dtype=float32)
predicted label rank:[1]
mse:tf.Tensor(0.0, shape=(), dtype=float32)
-------
../benchmarks/LIA-lin-noInterval-trainData-datafold-hybrid-direction-layer-graph/test_data/minepump_spec1_product58_true-unreach-call.cil.c.flat_000.smt2
true label:[1, 0]
true label rank:[2 1]
predicted label:tf.Tensor([1.000000e+00 9.308106e-09], shape=(2,), dtype=float32)
rounded label:tf.Tensor([1. 0.], shape=(2,), dtype=float32)
predicted label rank:[2 1]
mse:tf.Tensor(4.332042e-17, shape=(), dtype=float32)
-------
../benchmarks/LIA-lin-noInterval-trainData-datafold-hybrid-direction-layer-graph/test_data/bandec.smt2-0131_000.smt2
true label:[0, 0]
true label rank:[1 1]
predicted label:tf.Tensor([0.00550693 0.07523498], shape=(2,), dtype=float32)
rounded label:tf.Tensor([0. 0.], shape=(2,), dtype=float32)
predicted label rank:[1 1]
mse:tf.Tensor(0.002845314, shape=(), dtype=float32)
-------
../benchmarks/LIA-lin-noInterval-trainData-datafold-hybrid-direction-layer-graph/test_data/metros_4_e3_1091_e2_1317_000.smt2
true label:[1, 1, 1, 1, 1, 1, 1, 1, 1, 1, 1, 1, 1, 1, 1, 1, 1, 1, 1, 1, 1, 1, 1]
true label rank:[1 1 1 1 1 1 1 1 1 1 1 1 1 1 1 1 1 1 1 1 1 1 1]
predicted label:tf.Tensor(
[1.         0.99999857 1.         0.97760296 0.99999964 1.
 0.99999964 1.         1.         1.         1.         1.
 1.         1.         1.         1.         1.         1.
 1.         1.         1.         1.         1.        ], shape=(23,), dtype=float32)
rounded label:tf.Tensor([1. 1. 1. 1. 1. 1. 1. 1. 1. 1. 1. 1. 1. 1. 1. 1. 1. 1. 1. 1. 1. 1. 1.], shape=(23,), dtype=float32)
predicted label rank:[1 1 1 1 1 1 1 1 1 1 1 1 1 1 1 1 1 1 1 1 1 1 1]
mse:tf.Tensor(2.1809888e-05, shape=(), dtype=float32)
-------
../benchmarks/LIA-lin-noInterval-trainData-datafold-hybrid-direction-layer-graph/test_data/spline-fixed.smt2-0008_000.smt2
true label:[0]
true label rank:[1]
predicted label:tf.Tensor([0.00918373], shape=(1,), dtype=float32)
rounded label:tf.Tensor([0.], shape=(1,), dtype=float32)
predicted label rank:[1]
mse:tf.Tensor(8.434098e-05, shape=(), dtype=float32)
-------
../benchmarks/LIA-lin-noInterval-trainData-datafold-hybrid-direction-layer-graph/test_data/dillig01.c_000.smt2
true label:[1]
true label rank:[1]
predicted label:tf.Tensor([1.], shape=(1,), dtype=float32)
rounded label:tf.Tensor([1.], shape=(1,), dtype=float32)
predicted label rank:[1]
mse:tf.Tensor(0.0, shape=(), dtype=float32)
-------
../benchmarks/LIA-lin-noInterval-trainData-datafold-hybrid-direction-layer-graph/test_data/jm2006_true-unreach-call.c.flat_000.smt2
true label:[1]
true label rank:[1]
predicted label:tf.Tensor([0.9841967], shape=(1,), dtype=float32)
rounded label:tf.Tensor([1.], shape=(1,), dtype=float32)
predicted label rank:[1]
mse:tf.Tensor(0.00024974358, shape=(), dtype=float32)
-------
../benchmarks/LIA-lin-noInterval-trainData-datafold-hybrid-direction-layer-graph/test_data/minepump_spec5_product59_true-unreach-call.cil.c.flat_000.smt2
true label:[1, 0]
true label rank:[2 1]
predicted label:tf.Tensor([1.         0.00107202], shape=(2,), dtype=float32)
rounded label:tf.Tensor([1. 0.], shape=(2,), dtype=float32)
predicted label rank:[2 1]
mse:tf.Tensor(5.746127e-07, shape=(), dtype=float32)
-------
../benchmarks/LIA-lin-noInterval-trainData-datafold-hybrid-direction-layer-graph/test_data/SYNAPSE_3_e7_1444_e7_638_000.smt2
true label:[1, 1, 1, 1, 1, 1, 1, 1, 1, 1, 1]
true label rank:[1 1 1 1 1 1 1 1 1 1 1]
predicted label:tf.Tensor(
[1.         0.9998419  0.99070454 0.93932384 0.9964261  0.9994242
 0.9533302  0.9999742  0.9999995  1.         1.        ], shape=(11,), dtype=float32)
rounded label:tf.Tensor([1. 1. 1. 1. 1. 1. 1. 1. 1. 1. 1.], shape=(11,), dtype=float32)
predicted label rank:[1 1 1 1 1 1 1 1 1 1 1]
mse:tf.Tensor(0.00054174545, shape=(), dtype=float32)
-------
../benchmarks/LIA-lin-noInterval-trainData-datafold-hybrid-direction-layer-graph/test_data/diamond_1-1.c-1_000.smt2
true label:[1]
true label rank:[1]
predicted label:tf.Tensor([0.987671], shape=(1,), dtype=float32)
rounded label:tf.Tensor([1.], shape=(1,), dtype=float32)
predicted label rank:[1]
mse:tf.Tensor(0.0001520038, shape=(), dtype=float32)
-------
../benchmarks/LIA-lin-noInterval-trainData-datafold-hybrid-direction-layer-graph/test_data/spline-fixed.smt2-0003_000.smt2
true label:[0]
true label rank:[1]
predicted label:tf.Tensor([0.05443048], shape=(1,), dtype=float32)
rounded label:tf.Tensor([0.], shape=(1,), dtype=float32)
predicted label rank:[1]
mse:tf.Tensor(0.0029626777, shape=(), dtype=float32)
-------
../benchmarks/LIA-lin-noInterval-trainData-datafold-hybrid-direction-layer-graph/test_data/bandec.smt2-0210_000.smt2
true label:[0, 0, 0, 0]
true label rank:[1 1 1 1]
predicted label:tf.Tensor([0.00640225 0.11163414 0.12456471 0.9931669 ], shape=(4,), dtype=float32)
rounded label:tf.Tensor([0. 0. 0. 1.], shape=(4,), dtype=float32)
predicted label rank:[1 1 1 2]
mse:tf.Tensor(0.2536, shape=(), dtype=float32)
-------
../benchmarks/LIA-lin-noInterval-trainData-datafold-hybrid-direction-layer-graph/test_data/heapsort_true-unreach-call.c.flat_000.smt2
true label:[1, 1, 1, 1, 0]
true label rank:[2 2 2 2 1]
predicted label:tf.Tensor([9.4353783e-01 1.0222346e-02 9.9116170e-01 9.9999106e-01 2.8994805e-07], shape=(5,), dtype=float32)
rounded label:tf.Tensor([1. 0. 1. 1. 0.], shape=(5,), dtype=float32)
predicted label rank:[2 1 2 2 1]
mse:tf.Tensor(0.1965852, shape=(), dtype=float32)
-------
../benchmarks/LIA-lin-noInterval-trainData-datafold-hybrid-direction-layer-graph/test_data/count_by_1_variant_true-unreach-call.c.flat_000.smt2
true label:[1]
true label rank:[1]
predicted label:tf.Tensor([0.8933692], shape=(1,), dtype=float32)
rounded label:tf.Tensor([1.], shape=(1,), dtype=float32)
predicted label rank:[1]
mse:tf.Tensor(0.011370128, shape=(), dtype=float32)
-------
../benchmarks/LIA-lin-noInterval-trainData-datafold-hybrid-direction-layer-graph/test_data/chc-lia-lin-0016_000.smt2
true label:[1]
true label rank:[1]
predicted label:tf.Tensor([0.9999989], shape=(1,), dtype=float32)
rounded label:tf.Tensor([1.], shape=(1,), dtype=float32)
predicted label rank:[1]
mse:tf.Tensor(1.1510792e-12, shape=(), dtype=float32)
-------
../benchmarks/LIA-lin-noInterval-trainData-datafold-hybrid-direction-layer-graph/test_data/03.c_000.smt2
true label:[1, 1, 1]
true label rank:[1 1 1]
predicted label:tf.Tensor([0.6725591  0.94479084 0.9729743 ], shape=(3,), dtype=float32)
rounded label:tf.Tensor([1. 1. 1.], shape=(3,), dtype=float32)
predicted label rank:[1 1 1]
mse:tf.Tensor(0.036998667, shape=(), dtype=float32)
-------
../benchmarks/LIA-lin-noInterval-trainData-datafold-hybrid-direction-layer-graph/test_data/chc-lia-lin-0303_000.smt2
true label:[0, 0, 0, 1, 0, 0, 0, 1, 1, 1, 1, 1, 1, 1, 1, 1, 1, 1, 1, 1, 1, 1, 1, 1, 1, 1, 1, 1, 1, 1, 1, 1, 1, 1, 1, 1, 1, 1, 1, 1, 0]
true label rank:[1 1 1 2 1 1 1 2 2 2 2 2 2 2 2 2 2 2 2 2 2 2 2 2 2 2 2 2 2 2 2 2 2 2 2 2 2
 2 2 2 1]
predicted label:tf.Tensor(
[2.3241937e-03 1.0781407e-02 3.1854779e-02 1.0000000e+00 5.4112405e-01
 3.1963468e-02 3.6329031e-04 9.7424614e-01 9.8179823e-01 9.9957490e-01
 1.0000000e+00 1.0000000e+00 9.9901485e-01 9.9999905e-01 1.0000000e+00
 1.0000000e+00 1.0000000e+00 1.0000000e+00 1.0000000e+00 9.9980021e-01
 9.9999952e-01 9.9983919e-01 1.0000000e+00 1.0000000e+00 1.0000000e+00
 1.0000000e+00 1.0000000e+00 1.0000000e+00 1.0000000e+00 9.9999940e-01
 1.0000000e+00 1.0000000e+00 1.0000000e+00 9.7623503e-01 9.9895096e-01
 1.0000000e+00 9.9230146e-01 1.0000000e+00 4.0984756e-01 9.4202781e-01
 8.6319447e-01], shape=(41,), dtype=float32)
rounded label:tf.Tensor(
[0. 0. 0. 1. 1. 0. 0. 1. 1. 1. 1. 1. 1. 1. 1. 1. 1. 1. 1. 1. 1. 1. 1. 1.
 1. 1. 1. 1. 1. 1. 1. 1. 1. 1. 1. 1. 1. 1. 0. 1. 1.], shape=(41,), dtype=float32)
predicted label rank:[1 1 1 2 2 1 1 2 2 2 2 2 2 2 2 2 2 2 2 2 2 2 2 2 2 2 2 2 2 2 2 2 2 2 2 2 2
 2 1 2 2]
mse:tf.Tensor(0.033983894, shape=(), dtype=float32)
-------
../benchmarks/LIA-lin-noInterval-trainData-datafold-hybrid-direction-layer-graph/test_data/reverse_div_unsafe.c_000.smt2
true label:[0, 0, 0, 0, 0, 0, 0, 0, 0]
true label rank:[1 1 1 1 1 1 1 1 1]
predicted label:tf.Tensor(
[1.8730658e-08 4.3682153e-36 2.9101222e-38 0.0000000e+00 1.7924685e-18
 1.0715170e-04 6.1681211e-09 9.9138109e-10 1.8212911e-09], shape=(9,), dtype=float32)
rounded label:tf.Tensor([0. 0. 0. 0. 0. 0. 0. 0. 0.], shape=(9,), dtype=float32)
predicted label rank:[1 1 1 1 1 1 1 1 1]
mse:tf.Tensor(1.2757209e-09, shape=(), dtype=float32)
-------
../benchmarks/LIA-lin-noInterval-trainData-datafold-hybrid-direction-layer-graph/test_data/nested4.c_000.smt2
true label:[1]
true label rank:[1]
predicted label:tf.Tensor([1.], shape=(1,), dtype=float32)
rounded label:tf.Tensor([1.], shape=(1,), dtype=float32)
predicted label rank:[1]
mse:tf.Tensor(0.0, shape=(), dtype=float32)
-------
../benchmarks/LIA-lin-noInterval-trainData-datafold-hybrid-direction-layer-graph/test_data/chc-lia-lin-0018_000.smt2
true label:[0]
true label rank:[1]
predicted label:tf.Tensor([0.6431589], shape=(1,), dtype=float32)
rounded label:tf.Tensor([1.], shape=(1,), dtype=float32)
predicted label rank:[1]
mse:tf.Tensor(0.41365337, shape=(), dtype=float32)
-------
../benchmarks/LIA-lin-noInterval-trainData-datafold-hybrid-direction-layer-graph/test_data/car_4_e3_57_e4_1047_000.smt2
true label:[1, 1, 1, 1, 1, 1, 1, 1, 1, 1, 1, 1, 1, 1, 1, 1, 1, 1, 1, 1]
true label rank:[1 1 1 1 1 1 1 1 1 1 1 1 1 1 1 1 1 1 1 1]
predicted label:tf.Tensor([1. 1. 1. 1. 1. 1. 1. 1. 1. 1. 1. 1. 1. 1. 1. 1. 1. 1. 1. 1.], shape=(20,), dtype=float32)
rounded label:tf.Tensor([1. 1. 1. 1. 1. 1. 1. 1. 1. 1. 1. 1. 1. 1. 1. 1. 1. 1. 1. 1.], shape=(20,), dtype=float32)
predicted label rank:[1 1 1 1 1 1 1 1 1 1 1 1 1 1 1 1 1 1 1 1]
mse:tf.Tensor(0.0, shape=(), dtype=float32)
-------
../benchmarks/LIA-lin-noInterval-trainData-datafold-hybrid-direction-layer-graph/test_data/chc-lia-lin-0002_000.smt2
true label:[1]
true label rank:[1]
predicted label:tf.Tensor([0.9031708], shape=(1,), dtype=float32)
rounded label:tf.Tensor([1.], shape=(1,), dtype=float32)
predicted label rank:[1]
mse:tf.Tensor(0.009375889, shape=(), dtype=float32)
-------
../benchmarks/LIA-lin-noInterval-trainData-datafold-hybrid-direction-layer-graph/test_data/chc-lia-lin-0091_000.smt2
true label:[1, 1, 1, 1, 1]
true label rank:[1 1 1 1 1]
predicted label:tf.Tensor([0.9951053  0.9974841  0.9312117  0.8890381  0.39575702], shape=(5,), dtype=float32)
rounded label:tf.Tensor([1. 1. 1. 1. 0.], shape=(5,), dtype=float32)
predicted label rank:[2 2 2 2 1]
mse:tf.Tensor(0.076436855, shape=(), dtype=float32)
-------
../benchmarks/LIA-lin-noInterval-trainData-datafold-hybrid-direction-layer-graph/test_data/loop__loop2_000.smt2
true label:[1]
true label rank:[1]
predicted label:tf.Tensor([0.9998818], shape=(1,), dtype=float32)
rounded label:tf.Tensor([1.], shape=(1,), dtype=float32)
predicted label rank:[1]
mse:tf.Tensor(1.3970297e-08, shape=(), dtype=float32)
-------
../benchmarks/LIA-lin-noInterval-trainData-datafold-hybrid-direction-layer-graph/test_data/s3_srvr_8.cil.c-1_000.smt2
true label:[1, 1, 1, 1, 0, 1, 1, 1, 1, 1, 1, 1, 1, 1]
true label rank:[2 2 2 2 1 2 2 2 2 2 2 2 2 2]
predicted label:tf.Tensor(
[9.9975693e-01 1.0000000e+00 1.0000000e+00 9.9994773e-01 3.9686303e-09
 9.9999630e-01 9.9985331e-01 9.9997771e-01 1.0000000e+00 9.9740863e-01
 7.9824901e-01 9.9999803e-01 9.3476105e-01 1.0000000e+00], shape=(14,), dtype=float32)
rounded label:tf.Tensor([1. 1. 1. 1. 0. 1. 1. 1. 1. 1. 1. 1. 1. 1.], shape=(14,), dtype=float32)
predicted label rank:[2 2 2 2 1 2 2 2 2 2 2 2 2 2]
mse:tf.Tensor(0.003211885, shape=(), dtype=float32)
-------
../benchmarks/LIA-lin-noInterval-trainData-datafold-hybrid-direction-layer-graph/test_data/metros_1_e2_1102_000.smt2
true label:[1, 1, 1, 1, 1, 1, 1, 1, 1, 1, 1, 1, 1, 1, 1, 1, 1, 1, 1, 1, 1, 1, 1, 1, 1, 1, 1, 1, 1, 1, 1]
true label rank:[1 1 1 1 1 1 1 1 1 1 1 1 1 1 1 1 1 1 1 1 1 1 1 1 1 1 1 1 1 1 1]
predicted label:tf.Tensor(
[1.         1.         1.         1.         1.         0.99995285
 1.         1.         1.         1.         1.         1.
 1.         1.         1.         1.         1.         1.
 1.         1.         1.         1.         1.         1.
 1.         1.         1.         1.         1.         1.
 0.9999186 ], shape=(31,), dtype=float32)
rounded label:tf.Tensor(
[1. 1. 1. 1. 1. 1. 1. 1. 1. 1. 1. 1. 1. 1. 1. 1. 1. 1. 1. 1. 1. 1. 1. 1.
 1. 1. 1. 1. 1. 1. 1.], shape=(31,), dtype=float32)
predicted label rank:[1 1 1 1 1 1 1 1 1 1 1 1 1 1 1 1 1 1 1 1 1 1 1 1 1 1 1 1 1 1 1]
mse:tf.Tensor(2.8555075e-10, shape=(), dtype=float32)
-------
../benchmarks/LIA-lin-noInterval-trainData-datafold-hybrid-direction-layer-graph/test_data/s3_clnt_2_true-unreach-call_true-termination.cil.c.flat_000.smt2
true label:[0, 0, 0, 1, 1, 0]
true label rank:[1 1 1 2 2 1]
predicted label:tf.Tensor(
[9.7562370e-05 1.7643005e-27 1.3498380e-10 1.0000000e+00 1.0000000e+00
 1.4548174e-01], shape=(6,), dtype=float32)
rounded label:tf.Tensor([0. 0. 0. 1. 1. 0.], shape=(6,), dtype=float32)
predicted label rank:[1 1 1 2 2 1]
mse:tf.Tensor(0.0035274907, shape=(), dtype=float32)
-------
../benchmarks/LIA-lin-noInterval-trainData-datafold-hybrid-direction-layer-graph/test_data/08.c_000.smt2
true label:[1, 1, 1, 1, 1]
true label rank:[1 1 1 1 1]
predicted label:tf.Tensor([0.9951053  0.9974841  0.9312117  0.8890381  0.39575702], shape=(5,), dtype=float32)
rounded label:tf.Tensor([1. 1. 1. 1. 0.], shape=(5,), dtype=float32)
predicted label rank:[2 2 2 2 1]
mse:tf.Tensor(0.076436855, shape=(), dtype=float32)
-------
../benchmarks/LIA-lin-noInterval-trainData-datafold-hybrid-direction-layer-graph/test_data/bandec.smt2-0033_000.smt2
true label:[0]
true label rank:[1]
predicted label:tf.Tensor([0.05443048], shape=(1,), dtype=float32)
rounded label:tf.Tensor([0.], shape=(1,), dtype=float32)
predicted label rank:[1]
mse:tf.Tensor(0.0029626777, shape=(), dtype=float32)
-------
../benchmarks/LIA-lin-noInterval-trainData-datafold-hybrid-direction-layer-graph/test_data/SYNAPSE_2_e8_1118_e7_1043_000.smt2
true label:[1, 1, 1, 1, 1, 1, 1, 1, 1, 1, 1, 1]
true label rank:[1 1 1 1 1 1 1 1 1 1 1 1]
predicted label:tf.Tensor(
[1.         0.99999875 1.         0.9958049  0.9999562  0.9999122
 0.99837613 0.9999783  1.         1.         1.         1.        ], shape=(12,), dtype=float32)
rounded label:tf.Tensor([1. 1. 1. 1. 1. 1. 1. 1. 1. 1. 1. 1.], shape=(12,), dtype=float32)
predicted label rank:[1 1 1 1 1 1 1 1 1 1 1 1]
mse:tf.Tensor(1.6871555e-06, shape=(), dtype=float32)
-------
../benchmarks/LIA-lin-noInterval-trainData-datafold-hybrid-direction-layer-graph/test_data/xy10.c_000.smt2
true label:[1]
true label rank:[1]
predicted label:tf.Tensor([1.], shape=(1,), dtype=float32)
rounded label:tf.Tensor([1.], shape=(1,), dtype=float32)
predicted label rank:[1]
mse:tf.Tensor(0.0, shape=(), dtype=float32)
-------
../benchmarks/LIA-lin-noInterval-trainData-datafold-hybrid-direction-layer-graph/test_data/chc-lia-lin-0278_000.smt2
true label:[0, 0, 0, 0, 0, 0, 0, 0, 0, 0, 0, 0, 0, 0, 0, 0, 0, 0, 0, 0, 1, 0, 1, 1, 0, 1, 1, 1, 1, 1, 1, 1, 1, 1, 1, 1, 1, 1, 1, 1, 1, 1, 1, 1, 1, 1, 1, 1, 1, 1, 1, 1, 1, 1, 1, 1, 1, 1, 1]
true label rank:[1 1 1 1 1 1 1 1 1 1 1 1 1 1 1 1 1 1 1 1 2 1 2 2 1 2 2 2 2 2 2 2 2 2 2 2 2
 2 2 2 2 2 2 2 2 2 2 2 2 2 2 2 2 2 2 2 2 2 2]
predicted label:tf.Tensor(
[0.05498379 0.54227    0.14763859 0.6787819  0.00298935 0.6123802
 0.9241185  0.97168183 0.05176303 0.9951194  0.97480863 0.92169636
 0.998377   0.63044065 0.91132337 0.07548797 0.2172313  0.56015337
 0.14972916 0.9997004  1.         0.87384903 1.         0.997306
 0.6896534  1.         0.99994355 1.         1.         1.
 1.         0.99898547 1.         1.         1.         1.
 1.         1.         1.         1.         1.         1.
 0.99999976 1.         1.         1.         1.         1.
 1.         1.         1.         1.         1.         1.
 1.         0.99992275 0.9999994  0.99999976 1.        ], shape=(59,), dtype=float32)
rounded label:tf.Tensor(
[0. 1. 0. 1. 0. 1. 1. 1. 0. 1. 1. 1. 1. 1. 1. 0. 0. 1. 0. 1. 1. 1. 1. 1.
 1. 1. 1. 1. 1. 1. 1. 1. 1. 1. 1. 1. 1. 1. 1. 1. 1. 1. 1. 1. 1. 1. 1. 1.
 1. 1. 1. 1. 1. 1. 1. 1. 1. 1. 1.], shape=(59,), dtype=float32)
predicted label rank:[1 2 1 2 1 2 2 2 1 2 2 2 2 2 2 1 1 2 1 2 2 2 2 2 2 2 2 2 2 2 2 2 2 2 2 2 2
 2 2 2 2 2 2 2 2 2 2 2 2 2 2 2 2 2 2 2 2 2 2]
mse:tf.Tensor(0.1796265, shape=(), dtype=float32)
-------
../benchmarks/LIA-lin-noInterval-trainData-datafold-hybrid-direction-layer-graph/test_data/metros_3_e3_1275_e2_454_000.smt2
true label:[1, 1, 1, 1, 1, 1, 1, 1, 1, 1, 1, 1, 1, 1, 1, 1, 1, 1, 1, 1, 1, 1, 1]
true label rank:[1 1 1 1 1 1 1 1 1 1 1 1 1 1 1 1 1 1 1 1 1 1 1]
predicted label:tf.Tensor(
[1.         0.99999857 1.         0.97760296 0.99999964 1.
 0.99999964 1.         1.         1.         1.         1.
 1.         1.         1.         1.         1.         1.
 1.         1.         1.         1.         1.        ], shape=(23,), dtype=float32)
rounded label:tf.Tensor([1. 1. 1. 1. 1. 1. 1. 1. 1. 1. 1. 1. 1. 1. 1. 1. 1. 1. 1. 1. 1. 1. 1.], shape=(23,), dtype=float32)
predicted label rank:[1 1 1 1 1 1 1 1 1 1 1 1 1 1 1 1 1 1 1 1 1 1 1]
mse:tf.Tensor(2.1809888e-05, shape=(), dtype=float32)
-------
../benchmarks/LIA-lin-noInterval-trainData-datafold-hybrid-direction-layer-graph/test_data/stalmark_000.smt2
true label:[1]
true label rank:[1]
predicted label:tf.Tensor([1.], shape=(1,), dtype=float32)
rounded label:tf.Tensor([1.], shape=(1,), dtype=float32)
predicted label rank:[1]
mse:tf.Tensor(0.0, shape=(), dtype=float32)
-------
../benchmarks/LIA-lin-noInterval-trainData-datafold-hybrid-direction-layer-graph/test_data/bound.c_000.smt2
true label:[1]
true label rank:[1]
predicted label:tf.Tensor([1.], shape=(1,), dtype=float32)
rounded label:tf.Tensor([1.], shape=(1,), dtype=float32)
predicted label rank:[1]
mse:tf.Tensor(0.0, shape=(), dtype=float32)
-------
../benchmarks/LIA-lin-noInterval-trainData-datafold-hybrid-direction-layer-graph/test_data/21.c_000.smt2
true label:[1, 1, 1, 1]
true label rank:[1 1 1 1]
predicted label:tf.Tensor([0.99970406 0.94146085 0.99062455 0.93983006], shape=(4,), dtype=float32)
rounded label:tf.Tensor([1. 1. 1. 1.], shape=(4,), dtype=float32)
predicted label rank:[1 1 1 1]
mse:tf.Tensor(0.0017838101, shape=(), dtype=float32)
-------
../benchmarks/LIA-lin-noInterval-trainData-datafold-hybrid-direction-layer-graph/test_data/013b-horn_000.smt2
true label:[1, 1, 1, 0]
true label rank:[2 2 2 1]
predicted label:tf.Tensor([0.98222375 0.8083208  0.8281077  0.01061979], shape=(4,), dtype=float32)
rounded label:tf.Tensor([1. 1. 1. 0.], shape=(4,), dtype=float32)
predicted label rank:[2 2 2 1]
mse:tf.Tensor(0.016679158, shape=(), dtype=float32)
-------
../benchmarks/LIA-lin-noInterval-trainData-datafold-hybrid-direction-layer-graph/test_data/MOESI_2_e8_926_e8_2138_000.smt2
true label:[1, 1, 1, 1, 1, 1, 1, 1, 1, 1, 1, 1, 1, 1, 1, 1, 1, 1, 1, 1, 1, 1, 1, 1, 1, 1, 1]
true label rank:[1 1 1 1 1 1 1 1 1 1 1 1 1 1 1 1 1 1 1 1 1 1 1 1 1 1 1]
predicted label:tf.Tensor(
[1.         1.         0.99822795 0.9997323  1.         0.9599589
 0.97604346 0.97184396 0.87618256 0.9998261  0.9985784  1.
 0.99999785 0.99999833 1.         1.         0.9999989  0.99999857
 1.         1.         1.         1.         1.         1.
 1.         1.         1.        ], shape=(27,), dtype=float32)
rounded label:tf.Tensor(
[1. 1. 1. 1. 1. 1. 1. 1. 1. 1. 1. 1. 1. 1. 1. 1. 1. 1. 1. 1. 1. 1. 1. 1.
 1. 1. 1.], shape=(27,), dtype=float32)
predicted label rank:[1 1 1 1 1 1 1 1 1 1 1 1 1 1 1 1 1 1 1 1 1 1 1 1 1 1 1]
mse:tf.Tensor(0.0006779996, shape=(), dtype=float32)
-------
../benchmarks/LIA-lin-noInterval-trainData-datafold-hybrid-direction-layer-graph/test_data/apache-get-tag.i.v+nlh-reducer.c-1_000.smt2
true label:[0, 1, 1, 1, 0]
true label rank:[1 2 2 2 1]
predicted label:tf.Tensor([0.5911246  0.87159204 0.9318974  0.98980147 0.0144724 ], shape=(5,), dtype=float32)
rounded label:tf.Tensor([1. 1. 1. 1. 0.], shape=(5,), dtype=float32)
predicted label rank:[2 2 2 2 1]
mse:tf.Tensor(0.07417367, shape=(), dtype=float32)
-------
../benchmarks/LIA-lin-noInterval-trainData-datafold-hybrid-direction-layer-graph/test_data/bouncy_one_counter_000.smt2
true label:[1, 1]
true label rank:[1 1]
predicted label:tf.Tensor([0.97574675 0.98370254], shape=(2,), dtype=float32)
rounded label:tf.Tensor([1. 1.], shape=(2,), dtype=float32)
predicted label rank:[1 1]
mse:tf.Tensor(0.00042691364, shape=(), dtype=float32)
-------
../benchmarks/LIA-lin-noInterval-trainData-datafold-hybrid-direction-layer-graph/test_data/SYNAPSE_123_e8_953_e7_1465_000.smt2
true label:[1, 1, 1, 1, 1, 1, 1, 1, 1, 1, 1, 1, 1, 1, 1, 1]
true label rank:[1 1 1 1 1 1 1 1 1 1 1 1 1 1 1 1]
predicted label:tf.Tensor(
[1.        1.        1.        1.        0.9999997 0.9999995 0.9999971
 1.        0.9999994 0.9999935 1.        1.        1.        1.
 1.        1.       ], shape=(16,), dtype=float32)
rounded label:tf.Tensor([1. 1. 1. 1. 1. 1. 1. 1. 1. 1. 1. 1. 1. 1. 1. 1.], shape=(16,), dtype=float32)
predicted label rank:[1 1 1 1 1 1 1 1 1 1 1 1 1 1 1 1]
mse:tf.Tensor(3.2132075e-12, shape=(), dtype=float32)
-------
../benchmarks/LIA-lin-noInterval-trainData-datafold-hybrid-direction-layer-graph/test_data/chc-lia-lin-0125_000.smt2
true label:[1]
true label rank:[1]
predicted label:tf.Tensor([1.], shape=(1,), dtype=float32)
rounded label:tf.Tensor([1.], shape=(1,), dtype=float32)
predicted label rank:[1]
mse:tf.Tensor(0.0, shape=(), dtype=float32)
-------
../benchmarks/LIA-lin-noInterval-trainData-datafold-hybrid-direction-layer-graph/test_data/hysteresis_2_000.smt2
true label:[1, 1]
true label rank:[1 1]
predicted label:tf.Tensor([1. 1.], shape=(2,), dtype=float32)
rounded label:tf.Tensor([1. 1.], shape=(2,), dtype=float32)
predicted label rank:[1 1]
mse:tf.Tensor(0.0, shape=(), dtype=float32)
-------
../benchmarks/LIA-lin-noInterval-trainData-datafold-hybrid-direction-layer-graph/test_data/04.c_000.smt2
true label:[1]
true label rank:[1]
predicted label:tf.Tensor([0.8918311], shape=(1,), dtype=float32)
rounded label:tf.Tensor([1.], shape=(1,), dtype=float32)
predicted label rank:[1]
mse:tf.Tensor(0.011700511, shape=(), dtype=float32)
-------
../benchmarks/LIA-lin-noInterval-trainData-datafold-hybrid-direction-layer-graph/test_data/loop__barthe2_000.smt2
true label:[1]
true label rank:[1]
predicted label:tf.Tensor([0.9998818], shape=(1,), dtype=float32)
rounded label:tf.Tensor([1.], shape=(1,), dtype=float32)
predicted label rank:[1]
mse:tf.Tensor(1.3970297e-08, shape=(), dtype=float32)
-------
../benchmarks/LIA-lin-noInterval-trainData-datafold-hybrid-direction-layer-graph/test_data/nest-if.c_000.smt2
true label:[1]
true label rank:[1]
predicted label:tf.Tensor([1.], shape=(1,), dtype=float32)
rounded label:tf.Tensor([1.], shape=(1,), dtype=float32)
predicted label rank:[1]
mse:tf.Tensor(0.0, shape=(), dtype=float32)
-------
../benchmarks/LIA-lin-noInterval-trainData-datafold-hybrid-direction-layer-graph/test_data/large_const_true-unreach-call.c.flat_000.smt2
true label:[1, 1, 0]
true label rank:[2 2 1]
predicted label:tf.Tensor([0.99951017 0.11065114 0.00449091], shape=(3,), dtype=float32)
rounded label:tf.Tensor([1. 0. 0.], shape=(3,), dtype=float32)
predicted label rank:[2 1 1]
mse:tf.Tensor(0.26365393, shape=(), dtype=float32)
-------
../benchmarks/LIA-lin-noInterval-trainData-datafold-hybrid-direction-layer-graph/test_data/chc-lia-lin-0265_000.smt2
true label:[1, 0, 0, 1, 1, 1, 1, 1, 1, 1, 1, 1, 1, 1, 1, 1, 1, 1, 1, 1, 1, 1, 1, 1, 1, 1, 1, 1, 1, 1, 1, 1, 1, 1, 1, 1, 1, 1, 1, 1, 1, 1, 1, 1, 1, 1, 1, 1, 1, 1, 1, 1, 1, 1, 1, 1, 1, 1, 1, 1, 1, 1, 1, 1, 1]
true label rank:[2 1 1 2 2 2 2 2 2 2 2 2 2 2 2 2 2 2 2 2 2 2 2 2 2 2 2 2 2 2 2 2 2 2 2 2 2
 2 2 2 2 2 2 2 2 2 2 2 2 2 2 2 2 2 2 2 2 2 2 2 2 2 2 2 2]
predicted label:tf.Tensor(
[1.         0.00140232 0.00710672 1.         1.         1.
 1.         1.         1.         1.         1.         1.
 1.         1.         1.         0.9999992  1.         1.
 1.         1.         1.         1.         1.         1.
 1.         1.         1.         1.         1.         1.
 1.         1.         1.         1.         0.99999976 1.
 1.         1.         1.         1.         1.         1.
 1.         1.         1.         1.         1.         1.
 1.         1.         1.         1.         1.         1.
 1.         1.         1.         1.         1.         1.
 1.         1.         1.         1.         0.99999917], shape=(65,), dtype=float32)
rounded label:tf.Tensor(
[1. 0. 0. 1. 1. 1. 1. 1. 1. 1. 1. 1. 1. 1. 1. 1. 1. 1. 1. 1. 1. 1. 1. 1.
 1. 1. 1. 1. 1. 1. 1. 1. 1. 1. 1. 1. 1. 1. 1. 1. 1. 1. 1. 1. 1. 1. 1. 1.
 1. 1. 1. 1. 1. 1. 1. 1. 1. 1. 1. 1. 1. 1. 1. 1. 1.], shape=(65,), dtype=float32)
predicted label rank:[2 1 1 2 2 2 2 2 2 2 2 2 2 2 2 2 2 2 2 2 2 2 2 2 2 2 2 2 2 2 2 2 2 2 2 2 2
 2 2 2 2 2 2 2 2 2 2 2 2 2 2 2 2 2 2 2 2 2 2 2 2 2 2 2 2]
mse:tf.Tensor(8.0726136e-07, shape=(), dtype=float32)
-------
../benchmarks/LIA-lin-noInterval-trainData-datafold-hybrid-direction-layer-graph/test_data/svd-some-loop.c_000.smt2
true label:[1]
true label rank:[1]
predicted label:tf.Tensor([1.], shape=(1,), dtype=float32)
rounded label:tf.Tensor([1.], shape=(1,), dtype=float32)
predicted label rank:[1]
mse:tf.Tensor(0.0, shape=(), dtype=float32)
-------
../benchmarks/LIA-lin-noInterval-trainData-datafold-hybrid-direction-layer-graph/test_data/counter.correct.nts_000.smt2
true label:[1, 1, 1, 1, 0]
true label rank:[2 2 2 2 1]
predicted label:tf.Tensor([0.81715786 0.3463241  0.03919706 0.8894235  0.04582176], shape=(5,), dtype=float32)
rounded label:tf.Tensor([1. 0. 0. 1. 0.], shape=(5,), dtype=float32)
predicted label rank:[2 1 1 2 1]
mse:tf.Tensor(0.2796385, shape=(), dtype=float32)
-------
../benchmarks/LIA-lin-noInterval-trainData-datafold-hybrid-direction-layer-graph/test_data/bandec.smt2-0159_000.smt2
true label:[0, 0, 0, 0]
true label rank:[1 1 1 1]
predicted label:tf.Tensor([0.00107124 0.03357598 0.08495599 0.00747684], shape=(4,), dtype=float32)
rounded label:tf.Tensor([0. 0. 0. 0.], shape=(4,), dtype=float32)
predicted label rank:[1 1 1 1]
mse:tf.Tensor(0.0021004793, shape=(), dtype=float32)
-------
../benchmarks/LIA-lin-noInterval-trainData-datafold-hybrid-direction-layer-graph/test_data/minepump_spec2_product58_true-unreach-call.cil.c.flat_000.smt2
true label:[1, 0]
true label rank:[2 1]
predicted label:tf.Tensor([1.000000e+00 5.701988e-10], shape=(2,), dtype=float32)
rounded label:tf.Tensor([1. 0.], shape=(2,), dtype=float32)
predicted label rank:[2 1]
mse:tf.Tensor(1.6256332e-19, shape=(), dtype=float32)
-------
../benchmarks/LIA-lin-noInterval-trainData-datafold-hybrid-direction-layer-graph/test_data/chc-lia-lin-0270_000.smt2
true label:[1, 0, 0, 1, 1, 1, 1, 1, 1, 1, 1, 1, 1, 1, 1, 1, 1, 1, 1, 1, 1, 1, 1, 1, 1, 1, 1, 1, 1, 1, 1, 1, 1, 1, 1, 1, 1, 1, 1, 1, 1, 1, 1, 1, 1, 1, 1, 1, 1, 1, 1, 1, 1, 1, 1, 1, 1, 1, 1, 1, 1, 1, 1, 1, 1, 1, 1, 1, 1, 1, 1, 1, 1, 1, 1]
true label rank:[2 1 1 2 2 2 2 2 2 2 2 2 2 2 2 2 2 2 2 2 2 2 2 2 2 2 2 2 2 2 2 2 2 2 2 2 2
 2 2 2 2 2 2 2 2 2 2 2 2 2 2 2 2 2 2 2 2 2 2 2 2 2 2 2 2 2 2 2 2 2 2 2 2 2
 2]
predicted label:tf.Tensor(
[1.         0.0077773  0.00302953 1.         0.9801627  0.99296874
 0.99998343 0.9997461  0.9999032  0.99894184 0.99996996 0.9999093
 0.99990344 0.99999225 1.         1.         1.         1.
 1.         1.         1.         1.         1.         1.
 1.         1.         1.         1.         1.         1.
 1.         1.         1.         1.         1.         1.
 1.         0.99999964 1.         1.         1.         1.
 1.         1.         1.         1.         1.         1.
 1.         1.         1.         1.         1.         1.
 1.         1.         1.         0.99999976 0.99999976 1.
 0.9999981  1.         1.         1.         1.         0.999998
 0.99999964 0.99999905 1.         1.         1.         1.
 1.         1.         0.99999917], shape=(75,), dtype=float32)
rounded label:tf.Tensor(
[1. 0. 0. 1. 1. 1. 1. 1. 1. 1. 1. 1. 1. 1. 1. 1. 1. 1. 1. 1. 1. 1. 1. 1.
 1. 1. 1. 1. 1. 1. 1. 1. 1. 1. 1. 1. 1. 1. 1. 1. 1. 1. 1. 1. 1. 1. 1. 1.
 1. 1. 1. 1. 1. 1. 1. 1. 1. 1. 1. 1. 1. 1. 1. 1. 1. 1. 1. 1. 1. 1. 1. 1.
 1. 1. 1.], shape=(75,), dtype=float32)
predicted label rank:[2 1 1 2 2 2 2 2 2 2 2 2 2 2 2 2 2 2 2 2 2 2 2 2 2 2 2 2 2 2 2 2 2 2 2 2 2
 2 2 2 2 2 2 2 2 2 2 2 2 2 2 2 2 2 2 2 2 2 2 2 2 2 2 2 2 2 2 2 2 2 2 2 2 2
 2]
mse:tf.Tensor(6.8511295e-06, shape=(), dtype=float32)
-------
../benchmarks/LIA-lin-noInterval-trainData-datafold-hybrid-direction-layer-graph/test_data/minepump_spec5_product47_true-unreach-call.cil.c.flat_000.smt2
true label:[1, 0]
true label rank:[2 1]
predicted label:tf.Tensor([1.         0.00124851], shape=(2,), dtype=float32)
rounded label:tf.Tensor([1. 0.], shape=(2,), dtype=float32)
predicted label rank:[2 1]
mse:tf.Tensor(7.79387e-07, shape=(), dtype=float32)
-------
../benchmarks/LIA-lin-noInterval-trainData-datafold-hybrid-direction-layer-graph/test_data/nest-if3_true-unreach-call.c.flat_000.smt2
true label:[1, 1]
true label rank:[1 1]
predicted label:tf.Tensor([0.99820244 0.9945853 ], shape=(2,), dtype=float32)
rounded label:tf.Tensor([1. 1.], shape=(2,), dtype=float32)
predicted label rank:[1 1]
mse:tf.Tensor(1.6275226e-05, shape=(), dtype=float32)
-------
../benchmarks/LIA-lin-noInterval-trainData-datafold-hybrid-direction-layer-graph/test_data/test_locks_10.c-1_000.smt2
true label:[1, 1, 1, 1, 1, 1, 1, 1, 1, 1, 1, 1, 1, 1, 1, 0]
true label rank:[2 2 2 2 2 2 2 2 2 2 2 2 2 2 2 1]
predicted label:tf.Tensor(
[9.0642184e-01 9.9969566e-01 8.4888965e-01 9.9980432e-01 9.9999988e-01
 9.9966633e-01 9.9536645e-01 1.8352211e-02 8.0318266e-01 8.3404857e-01
 1.0554135e-02 9.9993145e-01 9.9442840e-01 5.5616158e-01 3.1933188e-04
 6.4675510e-03], shape=(16,), dtype=float32)
rounded label:tf.Tensor([1. 1. 1. 1. 1. 1. 1. 0. 1. 1. 0. 1. 1. 1. 0. 0.], shape=(16,), dtype=float32)
predicted label rank:[2 2 2 2 2 2 2 1 2 2 1 2 2 2 1 1]
mse:tf.Tensor(0.2023095, shape=(), dtype=float32)
-------
../benchmarks/LIA-lin-noInterval-trainData-datafold-hybrid-direction-layer-graph/test_data/bouncy_two_counters_equality_000.smt2
true label:[1, 1]
true label rank:[1 1]
predicted label:tf.Tensor([0.91080594 0.9650887 ], shape=(2,), dtype=float32)
rounded label:tf.Tensor([1. 1.], shape=(2,), dtype=float32)
predicted label rank:[1 1]
mse:tf.Tensor(0.0045871884, shape=(), dtype=float32)
-------
../benchmarks/LIA-lin-noInterval-trainData-datafold-hybrid-direction-layer-graph/test_data/chc-lia-lin-0260_000.smt2
true label:[1, 0, 0, 1, 1, 1, 1, 1, 1, 1, 1, 1, 1, 1, 1, 1, 1, 1, 1, 1, 1, 1, 1, 1, 1, 1, 1, 1, 1, 1, 1, 1, 1, 1, 1, 1, 1, 1, 1, 1, 1, 1, 1, 1, 1, 1, 1, 1, 1, 1, 1, 1, 1, 1, 1, 1, 1, 1, 1, 1, 1, 1, 1, 1, 1]
true label rank:[2 1 1 2 2 2 2 2 2 2 2 2 2 2 2 2 2 2 2 2 2 2 2 2 2 2 2 2 2 2 2 2 2 2 2 2 2
 2 2 2 2 2 2 2 2 2 2 2 2 2 2 2 2 2 2 2 2 2 2 2 2 2 2 2 2]
predicted label:tf.Tensor(
[1.         0.00140232 0.01582533 1.         1.         1.
 1.         1.         1.         1.         1.         1.
 1.         1.         1.         0.9999992  1.         1.
 1.         1.         1.         1.         1.         1.
 1.         1.         1.         1.         1.         1.
 1.         1.         1.         1.         1.         1.
 1.         1.         1.         1.         1.         1.
 1.         1.         1.         1.         1.         1.
 1.         1.         1.         1.         1.         1.
 1.         1.         1.         1.         1.         1.
 1.         1.         1.         1.         0.99999917], shape=(65,), dtype=float32)
rounded label:tf.Tensor(
[1. 0. 0. 1. 1. 1. 1. 1. 1. 1. 1. 1. 1. 1. 1. 1. 1. 1. 1. 1. 1. 1. 1. 1.
 1. 1. 1. 1. 1. 1. 1. 1. 1. 1. 1. 1. 1. 1. 1. 1. 1. 1. 1. 1. 1. 1. 1. 1.
 1. 1. 1. 1. 1. 1. 1. 1. 1. 1. 1. 1. 1. 1. 1. 1. 1.], shape=(65,), dtype=float32)
predicted label rank:[2 1 1 2 2 2 2 2 2 2 2 2 2 2 2 2 2 2 2 2 2 2 2 2 2 2 2 2 2 2 2 2 2 2 2 2 2
 2 2 2 2 2 2 2 2 2 2 2 2 2 2 2 2 2 2 2 2 2 2 2 2 2 2 2 2]
mse:tf.Tensor(3.8831936e-06, shape=(), dtype=float32)
-------
../benchmarks/LIA-lin-noInterval-trainData-datafold-hybrid-direction-layer-graph/test_data/loop__loop_000.smt2
true label:[1]
true label rank:[1]
predicted label:tf.Tensor([0.9998818], shape=(1,), dtype=float32)
rounded label:tf.Tensor([1.], shape=(1,), dtype=float32)
predicted label rank:[1]
mse:tf.Tensor(1.3970297e-08, shape=(), dtype=float32)
-------
../benchmarks/LIA-lin-noInterval-trainData-datafold-hybrid-direction-layer-graph/test_data/bandec.smt2-0036_000.smt2
true label:[0, 0, 0]
true label rank:[1 1 1]
predicted label:tf.Tensor([0.00096247 0.00952131 0.0059571 ], shape=(3,), dtype=float32)
rounded label:tf.Tensor([0. 0. 0.], shape=(3,), dtype=float32)
predicted label rank:[1 1 1]
mse:tf.Tensor(4.23562e-05, shape=(), dtype=float32)
-------
../benchmarks/LIA-lin-noInterval-trainData-datafold-hybrid-direction-layer-graph/test_data/apache-get-tag.i.p+nlh-reducer.c-1_000.smt2
true label:[0, 1, 1, 1, 0, 0]
true label rank:[1 2 2 2 1 1]
predicted label:tf.Tensor(
[1.00000000e+00 8.14550340e-01 8.27108502e-01 5.61401725e-01
 3.31874881e-13 1.10023386e-04], shape=(6,), dtype=float32)
rounded label:tf.Tensor([1. 1. 1. 1. 0. 0.], shape=(6,), dtype=float32)
predicted label rank:[2 2 2 2 1 1]
mse:tf.Tensor(0.2094419, shape=(), dtype=float32)
-------
../benchmarks/LIA-lin-noInterval-trainData-datafold-hybrid-direction-layer-graph/test_data/chc-lia-lin-0259_000.smt2
true label:[0, 0, 0, 0, 0, 0, 0, 0, 0, 0, 0, 0, 0, 1, 0, 1, 1, 0, 1, 1, 1, 1, 1, 1, 1, 1, 1, 1, 1, 1, 1, 1, 1, 1, 1, 1, 1, 1, 1, 1, 1, 1, 1, 1, 1, 1, 1, 1, 1, 1, 1, 1]
true label rank:[1 1 1 1 1 1 1 1 1 1 1 1 1 2 1 2 2 1 2 2 2 2 2 2 2 2 2 2 2 2 2 2 2 2 2 2 2
 2 2 2 2 2 2 2 2 2 2 2 2 2 2 2]
predicted label:tf.Tensor(
[0.05498379 0.54227    0.14763859 0.12580857 0.7364154  0.66541034
 0.7057812  0.6130748  0.44553098 0.8520874  0.1056461  0.14147413
 0.6811093  0.9999764  0.7287601  1.         0.999949   0.35780728
 0.99999547 1.         0.9999963  0.9509211  0.99999917 0.9999996
 1.         1.         1.         0.99969625 1.         1.
 0.9943253  1.         1.         1.         1.         1.
 1.         1.         1.         1.         1.         1.
 1.         1.         1.         1.         1.         1.
 1.         1.         1.         1.        ], shape=(52,), dtype=float32)
rounded label:tf.Tensor(
[0. 1. 0. 0. 1. 1. 1. 1. 0. 1. 0. 0. 1. 1. 1. 1. 1. 0. 1. 1. 1. 1. 1. 1.
 1. 1. 1. 1. 1. 1. 1. 1. 1. 1. 1. 1. 1. 1. 1. 1. 1. 1. 1. 1. 1. 1. 1. 1.
 1. 1. 1. 1.], shape=(52,), dtype=float32)
predicted label rank:[1 2 1 1 2 2 2 2 1 2 1 1 2 2 2 2 2 1 2 2 2 2 2 2 2 2 2 2 2 2 2 2 2 2 2 2 2
 2 2 2 2 2 2 2 2 2 2 2 2 2 2 2]
mse:tf.Tensor(0.08221089, shape=(), dtype=float32)
-------
../benchmarks/LIA-lin-noInterval-trainData-datafold-hybrid-direction-layer-graph/test_data/PRODUCER_CONSUMER_3_000.smt2
true label:[1, 1, 1, 1, 1, 1, 1, 1, 1, 1, 1, 1, 1]
true label rank:[1 1 1 1 1 1 1 1 1 1 1 1 1]
predicted label:tf.Tensor(
[1.         1.         0.99996656 1.         0.98326826 0.96512747
 0.9998588  0.99633914 0.9985397  1.         0.9974905  0.9999995
 1.        ], shape=(13,), dtype=float32)
rounded label:tf.Tensor([1. 1. 1. 1. 1. 1. 1. 1. 1. 1. 1. 1. 1.], shape=(13,), dtype=float32)
predicted label rank:[1 1 1 1 1 1 1 1 1 1 1 1 1]
mse:tf.Tensor(0.00011676134, shape=(), dtype=float32)
-------
../benchmarks/LIA-lin-noInterval-trainData-datafold-hybrid-direction-layer-graph/test_data/bandec.smt2-0260_000.smt2
true label:[0, 0, 0]
true label rank:[1 1 1]
predicted label:tf.Tensor([0.09150913 0.01557189 0.9769454 ], shape=(3,), dtype=float32)
rounded label:tf.Tensor([0. 0. 1.], shape=(3,), dtype=float32)
predicted label rank:[1 1 2]
mse:tf.Tensor(0.32101288, shape=(), dtype=float32)
-------
../benchmarks/LIA-lin-noInterval-trainData-datafold-hybrid-direction-layer-graph/test_data/gcd01_true-unreach-call_true-no-overflow_true-termination_000.smt2
true label:[1, 1, 0]
true label rank:[2 2 1]
predicted label:tf.Tensor([0.8450905  0.9969292  0.02754858], shape=(3,), dtype=float32)
rounded label:tf.Tensor([1. 1. 0.], shape=(3,), dtype=float32)
predicted label rank:[2 2 1]
mse:tf.Tensor(0.008255101, shape=(), dtype=float32)
-------
../benchmarks/LIA-lin-noInterval-trainData-datafold-hybrid-direction-layer-graph/test_data/chc-lia-lin-0028_000.smt2
true label:[1]
true label rank:[1]
predicted label:tf.Tensor([0.9982152], shape=(1,), dtype=float32)
rounded label:tf.Tensor([1.], shape=(1,), dtype=float32)
predicted label rank:[1]
mse:tf.Tensor(3.1855163e-06, shape=(), dtype=float32)
-------
../benchmarks/LIA-lin-noInterval-trainData-datafold-hybrid-direction-layer-graph/test_data/bandec.smt2-0238_000.smt2
true label:[0, 0, 0, 0]
true label rank:[1 1 1 1]
predicted label:tf.Tensor([0.00189185 0.3581918  0.05842084 0.05629984], shape=(4,), dtype=float32)
rounded label:tf.Tensor([0. 0. 0. 0.], shape=(4,), dtype=float32)
predicted label rank:[1 1 1 1]
mse:tf.Tensor(0.033721898, shape=(), dtype=float32)
-------
../benchmarks/LIA-lin-noInterval-trainData-datafold-hybrid-direction-layer-graph/test_data/jm2006_variant_true-unreach-call.c.flat_000.smt2
true label:[1]
true label rank:[1]
predicted label:tf.Tensor([0.9911562], shape=(1,), dtype=float32)
rounded label:tf.Tensor([1.], shape=(1,), dtype=float32)
predicted label rank:[1]
mse:tf.Tensor(7.821243e-05, shape=(), dtype=float32)
-------
../benchmarks/LIA-lin-noInterval-trainData-datafold-hybrid-direction-layer-graph/test_data/nest-if1.c_000.smt2
true label:[1]
true label rank:[1]
predicted label:tf.Tensor([1.], shape=(1,), dtype=float32)
rounded label:tf.Tensor([1.], shape=(1,), dtype=float32)
predicted label rank:[1]
mse:tf.Tensor(0.0, shape=(), dtype=float32)
-------
../benchmarks/LIA-lin-noInterval-trainData-datafold-hybrid-direction-layer-graph/test_data/minepump_spec3_product49_true-unreach-call.cil.c.flat_000.smt2
true label:[1, 1, 0]
true label rank:[2 2 1]
predicted label:tf.Tensor([1.000000e+00 9.996747e-01 7.712543e-04], shape=(3,), dtype=float32)
rounded label:tf.Tensor([1. 1. 0.], shape=(3,), dtype=float32)
predicted label rank:[2 2 1]
mse:tf.Tensor(2.335559e-07, shape=(), dtype=float32)
-------
../benchmarks/LIA-lin-noInterval-trainData-datafold-hybrid-direction-layer-graph/test_data/four1.smt2-0044_000.smt2
true label:[0, 0]
true label rank:[1 1]
predicted label:tf.Tensor([0.06993613 0.26777297], shape=(2,), dtype=float32)
rounded label:tf.Tensor([0. 0.], shape=(2,), dtype=float32)
predicted label rank:[1 1]
mse:tf.Tensor(0.038296714, shape=(), dtype=float32)
-------
../benchmarks/LIA-lin-noInterval-trainData-datafold-hybrid-direction-layer-graph/test_data/inductive5_000.smt2
true label:[1]
true label rank:[1]
predicted label:tf.Tensor([0.983529], shape=(1,), dtype=float32)
rounded label:tf.Tensor([1.], shape=(1,), dtype=float32)
predicted label rank:[1]
mse:tf.Tensor(0.00027129476, shape=(), dtype=float32)
-------
../benchmarks/LIA-lin-noInterval-trainData-datafold-hybrid-direction-layer-graph/test_data/count_by_2_m_nest_000.smt2
true label:[1, 1]
true label rank:[1 1]
predicted label:tf.Tensor([0.8318485 0.8944778], shape=(2,), dtype=float32)
rounded label:tf.Tensor([1. 1.], shape=(2,), dtype=float32)
predicted label rank:[1 1]
mse:tf.Tensor(0.019704932, shape=(), dtype=float32)
-------
../benchmarks/LIA-lin-noInterval-trainData-datafold-hybrid-direction-layer-graph/test_data/durationThm_3_e2_63_e7_21_000.smt2
true label:[1, 1]
true label rank:[1 1]
predicted label:tf.Tensor([0.999999  0.9810387], shape=(2,), dtype=float32)
rounded label:tf.Tensor([1. 1.], shape=(2,), dtype=float32)
predicted label rank:[1 1]
mse:tf.Tensor(0.00017976564, shape=(), dtype=float32)
-------
../benchmarks/LIA-lin-noInterval-trainData-datafold-hybrid-direction-layer-graph/test_data/chc-lia-lin-0276_000.smt2
true label:[1, 0, 0, 1, 1, 1, 1, 1, 1, 1, 1, 1, 1, 1, 1, 1, 1, 1, 1, 1, 1, 1, 1, 1, 1, 1, 1, 1, 1, 1, 1, 1, 1, 1, 1, 1, 1, 1, 1, 1, 1, 1, 1, 1, 1, 1, 1, 1, 1, 1, 1, 1, 1, 1, 1, 1, 1, 1, 1, 1, 1, 1, 1, 1, 1, 1, 1, 1, 1, 1, 1, 1, 1, 1, 1]
true label rank:[2 1 1 2 2 2 2 2 2 2 2 2 2 2 2 2 2 2 2 2 2 2 2 2 2 2 2 2 2 2 2 2 2 2 2 2 2
 2 2 2 2 2 2 2 2 2 2 2 2 2 2 2 2 2 2 2 2 2 2 2 2 2 2 2 2 2 2 2 2 2 2 2 2 2
 2]
predicted label:tf.Tensor(
[1.         0.0077773  0.00471339 1.         0.9801627  0.99296874
 0.99998343 0.9997461  0.9999032  0.99894184 0.99996996 0.9999093
 0.99990344 0.99999225 1.         1.         1.         1.
 1.         1.         1.         1.         1.         1.
 1.         1.         1.         1.         1.         1.
 1.         1.         1.         1.         1.         1.
 1.         0.99999964 1.         1.         1.         1.
 1.         1.         1.         1.         1.         1.
 1.         1.         0.99999964 0.99999976 1.         1.
 1.         1.         1.         0.9999998  0.99999964 1.
 0.99999964 1.         1.         1.         1.         0.9999758
 1.         1.         1.         1.         1.         0.99999964
 1.         1.         0.99999917], shape=(75,), dtype=float32)
rounded label:tf.Tensor(
[1. 0. 0. 1. 1. 1. 1. 1. 1. 1. 1. 1. 1. 1. 1. 1. 1. 1. 1. 1. 1. 1. 1. 1.
 1. 1. 1. 1. 1. 1. 1. 1. 1. 1. 1. 1. 1. 1. 1. 1. 1. 1. 1. 1. 1. 1. 1. 1.
 1. 1. 1. 1. 1. 1. 1. 1. 1. 1. 1. 1. 1. 1. 1. 1. 1. 1. 1. 1. 1. 1. 1. 1.
 1. 1. 1.], shape=(75,), dtype=float32)
predicted label rank:[2 1 1 2 2 2 2 2 2 2 2 2 2 2 2 2 2 2 2 2 2 2 2 2 2 2 2 2 2 2 2 2 2 2 2 2 2
 2 2 2 2 2 2 2 2 2 2 2 2 2 2 2 2 2 2 2 2 2 2 2 2 2 2 2 2 2 2 2 2 2 2 2 2 2
 2]
mse:tf.Tensor(7.024977e-06, shape=(), dtype=float32)
-------
../benchmarks/LIA-lin-noInterval-trainData-datafold-hybrid-direction-layer-graph/test_data/25.c_000.smt2
true label:[1, 1, 1, 1, 1]
true label rank:[1 1 1 1 1]
predicted label:tf.Tensor([0.9864374  0.84423745 0.99913716 0.9938878  0.9477757 ], shape=(5,), dtype=float32)
rounded label:tf.Tensor([1. 1. 1. 1. 1.], shape=(5,), dtype=float32)
predicted label rank:[1 1 1 1 1]
mse:tf.Tensor(0.0054422794, shape=(), dtype=float32)
-------
../benchmarks/LIA-lin-noInterval-trainData-datafold-hybrid-direction-layer-graph/test_data/chc-lia-lin-0031_000.smt2
true label:[1]
true label rank:[1]
predicted label:tf.Tensor([0.9223931], shape=(1,), dtype=float32)
rounded label:tf.Tensor([1.], shape=(1,), dtype=float32)
predicted label rank:[1]
mse:tf.Tensor(0.0060228333, shape=(), dtype=float32)
-------
../benchmarks/LIA-lin-noInterval-trainData-datafold-hybrid-direction-layer-graph/test_data/barthe2-big2_merged_safe.c-1_000.smt2
true label:[1, 1, 1]
true label rank:[1 1 1]
predicted label:tf.Tensor([0.3823215  0.9955854  0.99454623], shape=(3,), dtype=float32)
rounded label:tf.Tensor([0. 1. 1.], shape=(3,), dtype=float32)
predicted label rank:[1 2 2]
mse:tf.Tensor(0.127192, shape=(), dtype=float32)
-------
../benchmarks/LIA-lin-noInterval-trainData-datafold-hybrid-direction-layer-graph/test_data/chc-lia-lin-0264_000.smt2
true label:[1, 0, 0, 1, 1, 1, 1, 1, 1, 1, 1, 1, 1, 1, 1, 1, 1, 1, 1, 1, 1, 1, 1, 1, 1, 1, 1, 1, 1, 1, 1, 1, 1, 1, 1, 1, 1, 1, 1, 1, 1, 1, 1, 1, 1, 1, 1, 1, 1, 1, 1, 1, 1, 1, 1, 1, 1, 1, 1, 1, 1, 1, 1, 1, 1]
true label rank:[2 1 1 2 2 2 2 2 2 2 2 2 2 2 2 2 2 2 2 2 2 2 2 2 2 2 2 2 2 2 2 2 2 2 2 2 2
 2 2 2 2 2 2 2 2 2 2 2 2 2 2 2 2 2 2 2 2 2 2 2 2 2 2 2 2]
predicted label:tf.Tensor(
[1.         0.00140232 0.00866306 1.         1.         1.
 1.         1.         1.         1.         1.         1.
 1.         1.         1.         0.9999992  1.         1.
 1.         1.         1.         1.         1.         1.
 1.         1.         1.         1.         1.         1.
 1.         1.         1.         1.         0.99999976 1.
 1.         1.         1.         1.         1.         1.
 1.         1.         1.         1.         1.         1.
 1.         1.         1.         1.         1.         1.
 1.         1.         1.         1.         1.         1.
 1.         1.         1.         1.         0.99999917], shape=(65,), dtype=float32)
rounded label:tf.Tensor(
[1. 0. 0. 1. 1. 1. 1. 1. 1. 1. 1. 1. 1. 1. 1. 1. 1. 1. 1. 1. 1. 1. 1. 1.
 1. 1. 1. 1. 1. 1. 1. 1. 1. 1. 1. 1. 1. 1. 1. 1. 1. 1. 1. 1. 1. 1. 1. 1.
 1. 1. 1. 1. 1. 1. 1. 1. 1. 1. 1. 1. 1. 1. 1. 1. 1.], shape=(65,), dtype=float32)
predicted label rank:[2 1 1 2 2 2 2 2 2 2 2 2 2 2 2 2 2 2 2 2 2 2 2 2 2 2 2 2 2 2 2 2 2 2 2 2 2
 2 2 2 2 2 2 2 2 2 2 2 2 2 2 2 2 2 2 2 2 2 2 2 2 2 2 2 2]
mse:tf.Tensor(1.1848473e-06, shape=(), dtype=float32)
-------
../benchmarks/LIA-lin-noInterval-trainData-datafold-hybrid-direction-layer-graph/test_data/test_locks_12.c-1_000.smt2
true label:[1, 1, 0, 1, 1, 1, 1, 1, 1, 1, 1, 1, 1, 1, 1, 1, 1, 1, 1]
true label rank:[2 2 1 2 2 2 2 2 2 2 2 2 2 2 2 2 2 2 2]
predicted label:tf.Tensor(
[4.9656382e-01 8.2500499e-01 1.0106553e-06 9.9935615e-01 9.9987602e-01
 9.0008330e-01 8.7451303e-01 9.9773145e-01 4.5268500e-01 9.9081957e-01
 5.6607097e-01 9.7051835e-01 8.8858688e-01 9.9975765e-01 9.9998736e-01
 9.9989450e-01 9.9998569e-01 5.5978566e-01 1.0000000e+00], shape=(19,), dtype=float32)
rounded label:tf.Tensor([0. 1. 0. 1. 1. 1. 1. 1. 0. 1. 1. 1. 1. 1. 1. 1. 1. 1. 1.], shape=(19,), dtype=float32)
predicted label rank:[1 2 1 2 2 2 2 2 1 2 2 2 2 2 2 2 2 2 2]
mse:tf.Tensor(0.052884754, shape=(), dtype=float32)
-------
../benchmarks/LIA-lin-noInterval-trainData-datafold-hybrid-direction-layer-graph/test_data/tridag.smt2-0014_000.smt2
true label:[0]
true label rank:[1]
predicted label:tf.Tensor([0.02444953], shape=(1,), dtype=float32)
rounded label:tf.Tensor([0.], shape=(1,), dtype=float32)
predicted label rank:[1]
mse:tf.Tensor(0.0005977794, shape=(), dtype=float32)
-------
../benchmarks/LIA-lin-noInterval-trainData-datafold-hybrid-direction-layer-graph/test_data/02.c_000.smt2
true label:[1, 1, 1, 0]
true label rank:[2 2 2 1]
predicted label:tf.Tensor([0.9995686  0.9985993  0.9686208  0.01307601], shape=(4,), dtype=float32)
rounded label:tf.Tensor([1. 1. 1. 0.], shape=(4,), dtype=float32)
predicted label rank:[2 2 2 1]
mse:tf.Tensor(0.0002894464, shape=(), dtype=float32)
-------
../benchmarks/LIA-lin-noInterval-trainData-datafold-hybrid-direction-layer-graph/test_data/loop__upcount_000.smt2
true label:[1]
true label rank:[1]
predicted label:tf.Tensor([0.9997082], shape=(1,), dtype=float32)
rounded label:tf.Tensor([1.], shape=(1,), dtype=float32)
predicted label rank:[1]
mse:tf.Tensor(8.5161446e-08, shape=(), dtype=float32)
-------
../benchmarks/LIA-lin-noInterval-trainData-datafold-hybrid-direction-layer-graph/test_data/s_multipl_11_000.smt2
true label:[1, 1]
true label rank:[1 1]
predicted label:tf.Tensor([0.91080594 0.9650887 ], shape=(2,), dtype=float32)
rounded label:tf.Tensor([1. 1.], shape=(2,), dtype=float32)
predicted label rank:[1 1]
mse:tf.Tensor(0.0045871884, shape=(), dtype=float32)
-------
../benchmarks/LIA-lin-noInterval-trainData-datafold-hybrid-direction-layer-graph/test_data/const_1-1.c-1_000.smt2
true label:[1]
true label rank:[1]
predicted label:tf.Tensor([0.8918311], shape=(1,), dtype=float32)
rounded label:tf.Tensor([1.], shape=(1,), dtype=float32)
predicted label rank:[1]
mse:tf.Tensor(0.011700511, shape=(), dtype=float32)
-------
../benchmarks/LIA-lin-noInterval-trainData-datafold-hybrid-direction-layer-graph/test_data/bandec.smt2-0181_000.smt2
true label:[0, 0, 0]
true label rank:[1 1 1]
predicted label:tf.Tensor([0.3166001  0.00867969 0.03131303], shape=(3,), dtype=float32)
rounded label:tf.Tensor([0. 0. 0.], shape=(3,), dtype=float32)
predicted label rank:[1 1 1]
mse:tf.Tensor(0.033763826, shape=(), dtype=float32)
-------
../benchmarks/LIA-lin-noInterval-trainData-datafold-hybrid-direction-layer-graph/test_data/nested-while_merged_safe.c-1_000.smt2
true label:[1, 1, 1, 0, 0, 0]
true label rank:[2 2 2 1 1 1]
predicted label:tf.Tensor([0.9907775  0.20134994 0.9074175  0.6564201  0.9716807  0.00237638], shape=(6,), dtype=float32)
rounded label:tf.Tensor([1. 0. 1. 1. 1. 0.], shape=(6,), dtype=float32)
predicted label rank:[2 1 2 2 2 1]
mse:tf.Tensor(0.33692583, shape=(), dtype=float32)
-------
../benchmarks/LIA-lin-noInterval-trainData-datafold-hybrid-direction-layer-graph/test_data/traverse3_unsafe.c_000.smt2
true label:[0, 0, 0, 0, 0, 0, 0, 0, 0, 0, 0]
true label rank:[1 1 1 1 1 1 1 1 1 1 1]
predicted label:tf.Tensor(
[4.3695720e-05 1.3391144e-28 2.7146535e-16 1.4691963e-31 1.8316158e-10
 1.2146852e-07 5.8353937e-01 1.6152859e-04 1.8998981e-04 5.9783459e-04
 1.5046223e-07], shape=(11,), dtype=float32)
rounded label:tf.Tensor([0. 0. 0. 0. 0. 0. 1. 0. 0. 0. 0.], shape=(11,), dtype=float32)
predicted label rank:[1 1 1 1 1 1 2 1 1 1 1]
mse:tf.Tensor(0.030956239, shape=(), dtype=float32)
-------
../benchmarks/LIA-lin-noInterval-trainData-datafold-hybrid-direction-layer-graph/test_data/tridag.smt2-0024_000.smt2
true label:[0, 0, 0]
true label rank:[1 1 1]
predicted label:tf.Tensor([0.09684756 0.8859954  0.16106543], shape=(3,), dtype=float32)
rounded label:tf.Tensor([0. 1. 0.], shape=(3,), dtype=float32)
predicted label rank:[1 2 1]
mse:tf.Tensor(0.27343646, shape=(), dtype=float32)
-------
../benchmarks/LIA-lin-noInterval-trainData-datafold-hybrid-direction-layer-graph/test_data/underapprox_2-2.c-1_000.smt2
true label:[1]
true label rank:[1]
predicted label:tf.Tensor([0.8918311], shape=(1,), dtype=float32)
rounded label:tf.Tensor([1.], shape=(1,), dtype=float32)
predicted label rank:[1]
mse:tf.Tensor(0.011700511, shape=(), dtype=float32)
-------
../benchmarks/LIA-lin-noInterval-trainData-datafold-hybrid-direction-layer-graph/test_data/gj2007_m_3_000.smt2
true label:[1, 1, 1, 1, 1]
true label rank:[1 1 1 1 1]
predicted label:tf.Tensor([0.99758714 0.9976349  0.91723627 0.92467415 0.8702712 ], shape=(5,), dtype=float32)
rounded label:tf.Tensor([1. 1. 1. 1. 1.], shape=(5,), dtype=float32)
predicted label rank:[1 1 1 1 1]
mse:tf.Tensor(0.005872959, shape=(), dtype=float32)
-------
../benchmarks/LIA-lin-noInterval-trainData-datafold-hybrid-direction-layer-graph/test_data/seesaw.c_000.smt2
true label:[1]
true label rank:[1]
predicted label:tf.Tensor([1.], shape=(1,), dtype=float32)
rounded label:tf.Tensor([1.], shape=(1,), dtype=float32)
predicted label rank:[1]
mse:tf.Tensor(0.0, shape=(), dtype=float32)
-------
../benchmarks/LIA-lin-noInterval-trainData-datafold-hybrid-direction-layer-graph/test_data/chc-lia-lin-0102_000.smt2
true label:[0, 0]
true label rank:[1 1]
predicted label:tf.Tensor([0.01060006 0.02366325], shape=(2,), dtype=float32)
rounded label:tf.Tensor([0. 0.], shape=(2,), dtype=float32)
predicted label rank:[1 1]
mse:tf.Tensor(0.0003361554, shape=(), dtype=float32)
-------
../benchmarks/LIA-lin-noInterval-trainData-datafold-hybrid-direction-layer-graph/test_data/while_after_while_if_merged_safe.c-1_000.smt2
true label:[1, 1, 1, 1]
true label rank:[1 1 1 1]
predicted label:tf.Tensor([0.80543834 0.62366486 0.65059936 0.7628375 ], shape=(4,), dtype=float32)
rounded label:tf.Tensor([1. 1. 1. 1.], shape=(4,), dtype=float32)
predicted label rank:[1 1 1 1]
mse:tf.Tensor(0.08945231, shape=(), dtype=float32)
-------
../benchmarks/LIA-lin-noInterval-trainData-datafold-hybrid-direction-layer-graph/test_data/break_single_merged_safe.c-1_000.smt2
true label:[1, 1]
true label rank:[1 1]
predicted label:tf.Tensor([0.9469757  0.95268905], shape=(2,), dtype=float32)
rounded label:tf.Tensor([1. 1.], shape=(2,), dtype=float32)
predicted label rank:[1 1]
mse:tf.Tensor(0.0025249505, shape=(), dtype=float32)
-------
../benchmarks/LIA-lin-noInterval-trainData-datafold-hybrid-direction-layer-graph/test_data/MOESI_2_e8_101_000.smt2
true label:[1, 1, 1, 1, 1, 1, 1, 1, 1, 1, 1, 1, 1, 1, 1, 1, 1, 1, 1, 1, 1, 1, 1, 1, 1, 1, 1]
true label rank:[1 1 1 1 1 1 1 1 1 1 1 1 1 1 1 1 1 1 1 1 1 1 1 1 1 1 1]
predicted label:tf.Tensor(
[1.         1.         0.99999845 0.9999842  1.         0.9921808
 0.9954721  0.9923591  0.98855865 0.99987257 0.9996093  1.
 1.         1.         1.         1.         0.999878   0.99999464
 1.         1.         1.         1.         1.         0.9999952
 0.99999577 1.         1.        ], shape=(27,), dtype=float32)
rounded label:tf.Tensor(
[1. 1. 1. 1. 1. 1. 1. 1. 1. 1. 1. 1. 1. 1. 1. 1. 1. 1. 1. 1. 1. 1. 1. 1.
 1. 1. 1.], shape=(27,), dtype=float32)
predicted label rank:[1 1 1 1 1 1 1 1 1 1 1 1 1 1 1 1 1 1 1 1 1 1 1 1 1 1 1]
mse:tf.Tensor(1.0041243e-05, shape=(), dtype=float32)
-------
../benchmarks/LIA-lin-noInterval-trainData-datafold-hybrid-direction-layer-graph/test_data/chc-lia-lin-0000_000.smt2
true label:[1]
true label rank:[1]
predicted label:tf.Tensor([0.9031708], shape=(1,), dtype=float32)
rounded label:tf.Tensor([1.], shape=(1,), dtype=float32)
predicted label rank:[1]
mse:tf.Tensor(0.009375889, shape=(), dtype=float32)
-------
../benchmarks/LIA-lin-noInterval-trainData-datafold-hybrid-direction-layer-graph/test_data/chc-lia-lin-0017_000.smt2
true label:[1, 1, 1, 0]
true label rank:[2 2 2 1]
predicted label:tf.Tensor([0.95174956 0.93374735 0.8012896  0.00888059], shape=(4,), dtype=float32)
rounded label:tf.Tensor([1. 1. 1. 0.], shape=(4,), dtype=float32)
predicted label rank:[2 2 2 1]
mse:tf.Tensor(0.01157055, shape=(), dtype=float32)
-------
../benchmarks/LIA-lin-noInterval-trainData-datafold-hybrid-direction-layer-graph/test_data/four1.smt2-0033_000.smt2
true label:[0, 0]
true label rank:[1 1]
predicted label:tf.Tensor([0.00044098 0.00246939], shape=(2,), dtype=float32)
rounded label:tf.Tensor([0. 0.], shape=(2,), dtype=float32)
predicted label rank:[1 1]
mse:tf.Tensor(3.1461789e-06, shape=(), dtype=float32)
-------
../benchmarks/LIA-lin-noInterval-trainData-datafold-hybrid-direction-layer-graph/test_data/minepump_spec5_product56_true-unreach-call.cil.c.flat_000.smt2
true label:[1, 0]
true label rank:[2 1]
predicted label:tf.Tensor([1.         0.03190547], shape=(2,), dtype=float32)
rounded label:tf.Tensor([1. 0.], shape=(2,), dtype=float32)
predicted label rank:[2 1]
mse:tf.Tensor(0.0005089796, shape=(), dtype=float32)
-------
../benchmarks/LIA-lin-noInterval-trainData-datafold-hybrid-direction-layer-graph/test_data/id_build.i.p+sep-reducer.c-1_000.smt2
true label:[1, 0]
true label rank:[2 1]
predicted label:tf.Tensor([0.99840856 0.01407665], shape=(2,), dtype=float32)
rounded label:tf.Tensor([1. 0.], shape=(2,), dtype=float32)
predicted label rank:[2 1]
mse:tf.Tensor(0.00010034238, shape=(), dtype=float32)
-------
../benchmarks/LIA-lin-noInterval-trainData-datafold-hybrid-direction-layer-graph/test_data/break_safe.c-1_000.smt2
true label:[1, 1, 0]
true label rank:[2 2 1]
predicted label:tf.Tensor([0.99594915 0.9424484  0.3751988 ], shape=(3,), dtype=float32)
rounded label:tf.Tensor([1. 1. 0.], shape=(3,), dtype=float32)
predicted label rank:[2 2 1]
mse:tf.Tensor(0.048034247, shape=(), dtype=float32)
-------
../benchmarks/LIA-lin-noInterval-trainData-datafold-hybrid-direction-layer-graph/test_data/PRODUCER_CONSUMER_all_000.smt2
true label:[1, 1, 1, 1, 1, 1, 1, 1, 1, 1, 1, 1, 1]
true label rank:[1 1 1 1 1 1 1 1 1 1 1 1 1]
predicted label:tf.Tensor(
[1.         1.         1.         0.9997896  0.9999996  0.9978905
 0.9748189  0.99484384 0.982708   0.99998915 1.         1.
 1.        ], shape=(13,), dtype=float32)
rounded label:tf.Tensor([1. 1. 1. 1. 1. 1. 1. 1. 1. 1. 1. 1. 1.], shape=(13,), dtype=float32)
predicted label rank:[1 1 1 1 1 1 1 1 1 1 1 1 1]
mse:tf.Tensor(7.4167925e-05, shape=(), dtype=float32)
-------
../benchmarks/LIA-lin-noInterval-trainData-datafold-hybrid-direction-layer-graph/test_data/inf6.correct.nts.horn-0001_000.smt2
true label:[0, 0, 0, 0]
true label rank:[1 1 1 1]
predicted label:tf.Tensor([0.00184062 0.34584665 0.8584603  0.17913342], shape=(4,), dtype=float32)
rounded label:tf.Tensor([0. 0. 1. 0.], shape=(4,), dtype=float32)
predicted label rank:[1 1 2 1]
mse:tf.Tensor(0.22216403, shape=(), dtype=float32)
-------
../benchmarks/LIA-lin-noInterval-trainData-datafold-hybrid-direction-layer-graph/test_data/MOESI_2_e3_1523_000.smt2
true label:[1, 1, 1, 1, 1, 1, 1, 1, 1, 1, 1, 1, 1, 1, 1, 1, 1, 1, 1, 1, 1, 1, 1, 1, 1, 1, 1]
true label rank:[1 1 1 1 1 1 1 1 1 1 1 1 1 1 1 1 1 1 1 1 1 1 1 1 1 1 1]
predicted label:tf.Tensor(
[1.         1.         0.9999993  0.9999994  1.         0.9999839
 0.99996626 0.99998975 0.9999789  0.9999846  0.9999918  1.
 0.9999964  1.         1.         1.         1.         0.9999984
 1.         1.         1.         1.         1.         1.
 1.         1.         1.        ], shape=(27,), dtype=float32)
rounded label:tf.Tensor(
[1. 1. 1. 1. 1. 1. 1. 1. 1. 1. 1. 1. 1. 1. 1. 1. 1. 1. 1. 1. 1. 1. 1. 1.
 1. 1. 1.], shape=(27,), dtype=float32)
predicted label rank:[1 1 1 1 1 1 1 1 1 1 1 1 1 1 1 1 1 1 1 1 1 1 1 1 1 1 1]
mse:tf.Tensor(8.399365e-11, shape=(), dtype=float32)
-------
../benchmarks/LIA-lin-noInterval-trainData-datafold-hybrid-direction-layer-graph/test_data/bandec.smt2-0148_000.smt2
true label:[0, 0, 0]
true label rank:[1 1 1]
predicted label:tf.Tensor([0.00119859 0.00471151 0.04061303], shape=(3,), dtype=float32)
rounded label:tf.Tensor([0. 0. 0.], shape=(3,), dtype=float32)
predicted label rank:[1 1 1]
mse:tf.Tensor(0.0005576843, shape=(), dtype=float32)
-------
../benchmarks/LIA-lin-noInterval-trainData-datafold-hybrid-direction-layer-graph/test_data/12.c_000.smt2
true label:[1, 1, 1, 0, 0, 1, 1]
true label rank:[2 2 2 1 1 2 2]
predicted label:tf.Tensor(
[0.99934304 0.9895412  0.9838613  0.02883908 0.55073184 0.9831409
 0.73141664], shape=(7,), dtype=float32)
rounded label:tf.Tensor([1. 1. 1. 0. 1. 1. 1.], shape=(7,), dtype=float32)
predicted label rank:[2 2 2 1 2 2 2]
mse:tf.Tensor(0.053846966, shape=(), dtype=float32)
-------
../benchmarks/LIA-lin-noInterval-trainData-datafold-hybrid-direction-layer-graph/test_data/NetBSD_glob3_iny.c_000.smt2
true label:[1]
true label rank:[1]
predicted label:tf.Tensor([1.], shape=(1,), dtype=float32)
rounded label:tf.Tensor([1.], shape=(1,), dtype=float32)
predicted label rank:[1]
mse:tf.Tensor(0.0, shape=(), dtype=float32)
-------
mean(mse_list):0.04817593
