best_valid_epoch:8.0
train loss:0.0037917248
valid loss:0.113455705
test loss list:tf.Tensor(0.68493956, shape=(), dtype=float32)
mean test loss:0.68493956
mean loss list:tf.Tensor(0.68889374, shape=(), dtype=float32)
mean mean loss:0.68889374
accuracy list:[<tf.Tensor: shape=(), dtype=float64, numpy=0.5066079295154186>]
mean accuracy:0.5066079295154186
-------
original argument scores:[0, 1, 1]
original rank:[1 2 2]
predicted argument scores:tf.Tensor([1.62306   1.8382585 2.321249 ], shape=(3,), dtype=float32)
predicted rank:[1 2 3]
mse:tf.Tensor(1.6942333, shape=(), dtype=float32)
-------
original argument scores:[2, 2, 1, 2, 1]
original rank:[2 2 1 2 1]
predicted argument scores:tf.Tensor([1.6449125 1.828385  2.2341125 2.088896  2.0491436], shape=(5,), dtype=float32)
predicted rank:[1 2 5 4 3]
mse:tf.Tensor(0.5574354, shape=(), dtype=float32)
-------
original argument scores:[0, 2, 1, 2, 1]
original rank:[1 3 2 3 2]
predicted argument scores:tf.Tensor([1.6449125 1.828385  2.2341125 2.088896  2.0491436], shape=(5,), dtype=float32)
predicted rank:[1 2 5 4 3]
mse:tf.Tensor(1.0733654, shape=(), dtype=float32)
-------
original argument scores:[0, 2, 1, 2, 1]
original rank:[1 3 2 3 2]
predicted argument scores:tf.Tensor([1.6449125 1.828385  2.2341125 2.088896  2.0491436], shape=(5,), dtype=float32)
predicted rank:[1 2 5 4 3]
mse:tf.Tensor(1.0733654, shape=(), dtype=float32)
-------
original argument scores:[0, 3, 3]
original rank:[1 2 2]
predicted argument scores:tf.Tensor([1.62306   1.8382585 2.321249 ], shape=(3,), dtype=float32)
predicted rank:[1 2 3]
mse:tf.Tensor(1.4815568, shape=(), dtype=float32)
-------
original argument scores:[1, 0, 1, 0, 2, 1, 2, 1, 0]
original rank:[2 1 2 1 3 2 3 2 1]
predicted argument scores:tf.Tensor(
[1.3503735 1.5278819 1.8518335 2.3651247 2.195155  2.401269  2.4766195
 1.8541055 2.5223548], shape=(9,), dtype=float32)
predicted rank:[1 2 3 6 5 7 8 4 9]
mse:tf.Tensor(2.0107994, shape=(), dtype=float32)
-------
original argument scores:[0, 0, 2, 0, 1, 2]
original rank:[1 1 3 1 2 3]
predicted argument scores:tf.Tensor([1.2236614 1.3886842 1.7011495 1.5354323 1.2921158 1.4761384], shape=(6,), dtype=float32)
predicted rank:[1 3 6 5 2 4]
mse:tf.Tensor(1.0387362, shape=(), dtype=float32)
-------
original argument scores:[0, 0, 2, 2, 3, 0, 0, 0, 2, 3, 0, 0, 2, 2, 3, 2]
original rank:[1 1 2 2 3 1 1 1 2 3 1 1 2 2 3 2]
predicted argument scores:tf.Tensor(
[1.7028837 1.585999  2.0959926 1.9933212 1.7202072 1.1447074 1.4344057
 0.7760215 1.2440279 1.3853734 1.3405013 1.3777688 1.3634144 0.9557521
 1.4011952 0.8708632], shape=(16,), dtype=float32)
predicted rank:[13 12 16 15 14  4 11  1  5  9  6  8  7  3 10  2]
mse:tf.Tensor(1.452059, shape=(), dtype=float32)
-------
original argument scores:[0, 2, 2, 1, 1, 0, 0, 2, 2, 1, 1, 0, 0, 2, 2, 1, 1, 0, 0, 2, 2, 1, 1, 0, 0, 0, 0, 0, 0, 0]
original rank:[1 3 3 2 2 1 1 3 3 2 2 1 1 3 3 2 2 1 1 3 3 2 2 1 1 1 1 1 1 1]
predicted argument scores:tf.Tensor(
[1.458729   1.4858088  1.9902647  1.902675   1.5616014  1.8126731
 1.4277766  0.8029493  1.2631524  1.0195901  1.2054465  1.1115106
 2.0421355  1.3904836  1.7381552  1.4330832  1.6407831  0.9940202
 1.2343948  1.4231471  1.5185306  1.195401   1.2525377  1.424146
 1.38114    0.96377444 1.0373898  0.9314117  1.2728126  1.1009074 ], shape=(30,), dtype=float32)
predicted rank:[21 22 29 28 24 27 19  1 13  5 10  8 30 16 26 20 25  4 11 17 23  9 12 18
 15  3  6  2 14  7]
mse:tf.Tensor(1.0042698, shape=(), dtype=float32)
-------
original argument scores:[0, 2, 2, 0, 0, 0, 2, 2, 0, 0, 0, 2, 2, 2, 0, 0, 0, 0, 2, 0, 0, 0, 0, 2, 0, 0, 0, 0, 0, 0, 0, 0, 0]
original rank:[1 2 2 1 1 1 2 2 1 1 1 2 2 2 1 1 1 1 2 1 1 1 1 2 1 1 1 1 1 1 1 1 1]
predicted argument scores:tf.Tensor(
[1.4450841 1.4220201 1.8425744 1.860302  1.5347638 1.1337882 1.4188668
 0.7689645 1.169308  1.2935406 1.8417201 1.9364668 1.9802834 1.3907723
 1.9249564 1.2878392 1.3641384 1.1391904 1.0222862 1.2945347 1.681701
 1.1570399 1.2434983 1.4825312 1.7951007 1.46259   1.2086699 1.329594
 1.6132739 1.3904473 1.3090467 1.3257754 1.1987629], shape=(33,), dtype=float32)
predicted rank:[21 20 29 30 24  3 19  1  6 11 28 32 33 18 31 10 16  4  2 12 26  5  9 23
 27 22  8 15 25 17 13 14  7]
mse:tf.Tensor(1.6175717, shape=(), dtype=float32)
-------
original argument scores:[1, 1, 0, 3, 0, 2, 1, 0, 3, 3, 2, 0, 0, 0, 1, 1, 2, 0, 0, 0, 1, 1, 0, 2]
original rank:[2 2 1 4 1 3 2 1 4 4 3 1 1 1 2 2 3 1 1 1 2 2 1 3]
predicted argument scores:tf.Tensor(
[0.8947952  0.9843396  1.1677374  1.2002175  0.89169306 1.8458878
 2.106514   1.4683878  1.9404198  1.9556824  1.8707078  1.5983417
 1.5177838  1.0784103  1.614558   1.2226789  1.2083709  0.8364414
 0.8365538  1.2732699  1.3976064  1.1382877  1.1509433  1.3206098 ], shape=(24,), dtype=float32)
predicted rank:[ 4  5  9 10  3 20 24 16 22 23 21 18 17  6 19 12 11  1  2 13 15  7  8 14]
mse:tf.Tensor(0.9626239, shape=(), dtype=float32)
-------
original argument scores:[0, 0, 0, 0]
original rank:[1 1 1 1]
predicted argument scores:tf.Tensor([2.0419104 1.8186078 2.5629752 2.2990592], shape=(4,), dtype=float32)
predicted rank:[2 1 4 3]
mse:tf.Tensor(4.832812, shape=(), dtype=float32)
-------
original argument scores:[1, 1, 3, 0, 1, 2, 0, 1, 1, 2, 0]
original rank:[2 2 4 1 2 3 1 2 2 3 1]
predicted argument scores:tf.Tensor(
[1.4627309  1.648324   2.1892588  2.029355   0.91646737 1.1459184
 1.3201754  0.95608807 1.3600626  1.3186176  1.3534739 ], shape=(11,), dtype=float32)
predicted rank:[ 8  9 11 10  1  3  5  2  7  4  6]
mse:tf.Tensor(0.93791544, shape=(), dtype=float32)
-------
original argument scores:[0, 0, 0, 0, 0, 0, 0, 0, 0, 0, 0, 0, 0, 0, 0, 0, 0, 0, 0, 0, 0, 0, 0, 0, 0, 0, 0, 0, 0, 0, 0, 0, 2, 0, 0, 0, 2, 2, 2, 0, 0, 0, 0, 0, 2, 2]
original rank:[1 1 1 1 1 1 1 1 1 1 1 1 1 1 1 1 1 1 1 1 1 1 1 1 1 1 1 1 1 1 1 1 2 1 1 1 2
 2 2 1 1 1 1 1 2 2]
predicted argument scores:tf.Tensor(
[0.9542695  1.1426122  1.3157921  1.4427396  1.0727252  1.1159296
 1.2103658  0.89040136 1.0984695  1.1802647  1.147795   1.7714965
 1.7324605  1.3585538  1.6684642  1.4201882  1.4867724  0.94599086
 1.0679331  1.3883641  1.376337   1.3333367  1.4054532  1.4803599
 1.5181365  1.0701878  0.90553236 1.1701994  1.2167517  1.501636
 1.1097584  1.1054955  1.641243   1.4428685  1.7174451  1.3103714
 1.6559098  1.3692368  1.1710184  1.0372727  1.280139   1.162022
 1.0202663  1.2019597  1.0530864  1.1370616 ], shape=(46,), dtype=float32)
predicted rank:[ 4 16 27 35 10 14 23  1 11 21 17 46 45 29 43 34 38  3  8 32 31 28 33 37
 40  9  2 19 24 39 13 12 41 36 44 26 42 30 20  6 25 18  5 22  7 15]
mse:tf.Tensor(1.5108558, shape=(), dtype=float32)
-------
original argument scores:[0, 2, 2, 2, 2]
original rank:[1 2 2 2 2]
predicted argument scores:tf.Tensor([1.0592043 1.3581487 1.4708799 1.586128  1.322185 ], shape=(5,), dtype=float32)
predicted rank:[1 3 4 5 2]
mse:tf.Tensor(0.48891562, shape=(), dtype=float32)
-------
original argument scores:[0, 0, 0, 1, 1, 2, 2, 3, 3]
original rank:[1 1 1 2 2 3 3 4 4]
predicted argument scores:tf.Tensor(
[1.3389769 1.6221466 1.9661875 1.144735  1.0762109 1.7249933 1.8386195
 1.280799  1.5009732], shape=(9,), dtype=float32)
predicted rank:[4 6 9 2 1 7 8 3 5]
mse:tf.Tensor(1.513475, shape=(), dtype=float32)
-------
original argument scores:[2, 2, 6, 4, 6, 0, 0, 0, 0, 0, 0, 0, 0]
original rank:[2 2 4 3 4 1 1 1 1 1 1 1 1]
predicted argument scores:tf.Tensor(
[1.9534581 1.778605  2.4802492 2.2400436 2.0213082 1.4792533 1.8072963
 1.055213  1.3687427 1.6267271 1.6153712 1.703016  1.6460488], shape=(13,), dtype=float32)
predicted rank:[10  8 13 12 11  3  9  1  2  5  4  7  6]
mse:tf.Tensor(3.8980086, shape=(), dtype=float32)
-------
mean(mse_list):1.5969411
