best_valid_epoch:3.0
train loss:1.008818
valid loss:0.28431547
test loss list:tf.Tensor(20.8623, shape=(), dtype=float32)
mean test loss:20.8623
mean loss list:tf.Tensor(20.848717, shape=(), dtype=float32)
mean mean loss:20.848717
accuracy list:[<tf.Tensor: shape=(), dtype=float64, numpy=0.515878616796048>]
mean accuracy:0.515878616796048
-------
original argument scores:[2, 1, 1, 2, 2, 2, 1, 2, 2, 2, 1, 1, 2, 2, 0, 1, 2, 2]
original rank:[3 2 2 3 3 3 2 3 3 3 2 2 3 3 1 2 3 3]
predicted argument scores:tf.Tensor(
[1.0044875  0.8765869  0.5760503  1.1904618  0.49357274 0.6565581
 0.98711777 0.7085157  0.59287024 1.3405687  0.9220943  0.79871756
 0.5069657  0.24392761 0.63650465 0.6212394  0.37139538 0.5415981 ], shape=(18,), dtype=float32)
predicted rank:[16 13  6 17  3 10 15 11  7 18 14 12  4  1  9  8  2  5]
mse:tf.Tensor(1.1492164, shape=(), dtype=float32)
-------
original argument scores:[2, 2]
original rank:[1 1]
predicted argument scores:tf.Tensor([0.6865051  0.37399715], shape=(2,), dtype=float32)
predicted rank:[2 1]
mse:tf.Tensor(2.184577, shape=(), dtype=float32)
-------
original argument scores:[0, 2, 2, 1, 1, 0, 0, 2, 2, 1, 1, 0, 0, 2, 2, 1, 1, 0, 0, 2, 2, 1, 1, 0, 0, 0, 0, 0, 0, 0]
original rank:[1 3 3 2 2 1 1 3 3 2 2 1 1 3 3 2 2 1 1 3 3 2 2 1 1 1 1 1 1 1]
predicted argument scores:tf.Tensor(
[0.39999092 0.6711259  0.11709814 0.49640837 0.41510636 0.42162034
 0.2942857  0.3581755  0.54501134 0.4538652  0.5283239  0.4018403
 1.0850238  0.44127387 0.30899802 0.573769   0.5974772  0.61671215
 0.8178623  0.57536364 0.38073048 0.19513749 0.5467556  0.6461646
 0.6041287  0.6253264  0.773634   0.6628609  0.8204226  0.8221977 ], shape=(30,), dtype=float32)
predicted rank:[ 7 25  1 13  9 10  3  5 15 12 14  8 30 11  4 17 19 21 27 18  6  2 16 23
 20 22 26 24 28 29]
mse:tf.Tensor(0.9583599, shape=(), dtype=float32)
-------
original argument scores:[1, 2]
original rank:[1 2]
predicted argument scores:tf.Tensor([0.6066066  0.54478604], shape=(2,), dtype=float32)
predicted rank:[2 1]
mse:tf.Tensor(1.1362032, shape=(), dtype=float32)
-------
original argument scores:[0, 0, 0, 0, 0, 1, 1, 1, 0, 0, 0, 0, 0, 0, 0, 0, 0, 0, 0, 0, 0, 0, 0, 0, 0, 0, 0, 2, 0, 0, 0, 0, 0, 1, 1, 1, 0, 2, 0, 2, 2, 2, 1, 1, 0, 0, 0, 0, 0, 0, 0, 0, 0, 0, 0, 2, 0, 2, 4, 4, 1, 1, 2, 2, 0, 0, 0, 0, 0, 0, 0, 0, 0, 0, 0, 0, 0, 0, 0, 1, 1, 0, 0, 2, 4, 4, 1, 1, 2, 2]
original rank:[1 1 1 1 1 2 2 2 1 1 1 1 1 1 1 1 1 1 1 1 1 1 1 1 1 1 1 3 1 1 1 1 1 2 2 2 1
 3 1 3 3 3 2 2 1 1 1 1 1 1 1 1 1 1 1 3 1 3 4 4 2 2 3 3 1 1 1 1 1 1 1 1 1 1
 1 1 1 1 1 2 2 1 1 3 4 4 2 2 3 3]
predicted argument scores:tf.Tensor(
[0.55718184 0.7525336  0.4509776  0.261322   0.43931192 0.38449562
 0.32595965 0.5972764  0.4300854  0.62883437 0.70346236 0.47102827
 0.52524155 0.60330224 0.47972727 0.70629466 0.36892307 0.5610472
 0.6178633  0.74625164 0.5699158  0.47929215 0.48876306 1.0047603
 0.6673442  0.280234   0.33586416 0.39101622 0.60937047 0.2994864
 0.5564278  0.3368134  0.41690516 0.34897295 0.23953977 0.47884092
 0.29994416 0.2555701  0.40111047 0.34674588 0.27345023 0.41176462
 0.50144726 0.40927744 0.4520329  0.5728402  0.44976303 0.6192733
 0.73690027 0.17367472 0.6747931  0.41056624 0.46277395 0.35534838
 0.69347215 0.4792825  0.44830275 0.30347243 0.17823683 0.24053107
 0.30632082 0.39002308 0.25855264 0.25083014 0.4077065  0.4673433
 0.73090464 0.49097565 0.4400371  2.1473372  1.0638618  0.90636456
 0.27285364 0.40217414 0.82971585 0.8177643  0.2798768  0.16416442
 0.28945646 0.5684407  0.24026032 0.21535857 0.25620797 0.45354876
 0.33715484 0.65538484 0.51372    0.49990013 0.500243   0.24806969], shape=(90,), dtype=float32)
predicted rank:[64 84 46 13 42 31 23 69 41 74 79 51 62 70 55 80 30 65 72 83 67 54 56 88
 76 17 24 33 71 19 63 25 40 28  5 52 20 10 34 27 15 39 60 37 47 68 45 73
 82  2 77 38 49 29 78 53 44 21  3  7 22 32 12  9 36 50 81 57 43 90 89 87
 14 35 86 85 16  1 18 66  6  4 11 48 26 75 61 58 59  8]
mse:tf.Tensor(1.2607694, shape=(), dtype=float32)
-------
original argument scores:[2, 0, 0, 0, 2, 2, 2, 0, 0, 0, 0, 0, 0, 0, 0, 0, 0, 0, 0, 0, 0, 0, 0, 0, 0, 0, 0, 0, 0, 0, 0, 0, 0, 0, 0, 0, 0, 0, 0, 2, 2, 0, 0, 0, 0, 0]
original rank:[2 1 1 1 2 2 2 1 1 1 1 1 1 1 1 1 1 1 1 1 1 1 1 1 1 1 1 1 1 1 1 1 1 1 1 1 1
 1 1 2 2 1 1 1 1 1]
predicted argument scores:tf.Tensor(
[0.43351695 0.85581505 0.38295892 1.4762175  0.36453632 0.37402204
 0.68299353 0.7844435  0.79054374 0.81066    0.4594794  0.5290754
 0.3320898  0.32364064 0.67038494 0.52904356 0.37814304 0.37499005
 0.8622166  0.22002389 1.4557438  0.44381502 0.25023964 0.37899652
 0.6243483  0.6869724  0.30526045 0.5190422  0.60659516 0.5605531
 0.3230012  0.45954075 0.324546   0.35684285 0.2622709  0.40208694
 0.39736685 0.32657936 0.21121003 0.32699138 0.6744585  0.5522197
 3.020587   0.74588025 0.7136735  0.33023912], shape=(46,), dtype=float32)
predicted rank:[22 42 19 45 14 15 35 39 40 41 24 28 12  7 33 27 17 16 43  2 44 23  3 18
 32 36  5 26 31 30  6 25  8 13  4 21 20  9  1 10 34 29 46 38 37 11]
mse:tf.Tensor(0.81847537, shape=(), dtype=float32)
-------
original argument scores:[0, 0, 0, 0, 0, 0, 0, 0, 0, 0, 1, 1]
original rank:[1 1 1 1 1 1 1 1 1 1 2 2]
predicted argument scores:tf.Tensor(
[0.37898076 0.38083294 0.88596416 0.6705252  0.71881616 1.2188035
 0.43691698 0.86658406 1.0540359  0.70317256 0.88689643 0.51024246], shape=(12,), dtype=float32)
predicted rank:[ 1  2  9  5  7 12  3  8 11  6 10  4]
mse:tf.Tensor(0.5271115, shape=(), dtype=float32)
-------
original argument scores:[1, 2, 0, 0, 0, 0, 0, 4, 2, 2, 0, 0, 0, 2, 0, 1, 2, 0, 0, 0, 0, 2, 4, 0, 0, 2, 2, 0, 0, 0, 0]
original rank:[2 3 1 1 1 1 1 4 3 3 1 1 1 3 1 2 3 1 1 1 1 3 4 1 1 3 3 1 1 1 1]
predicted argument scores:tf.Tensor(
[0.37359783 0.34705088 0.5323905  0.28885892 0.42327467 0.23719092
 0.34465548 0.42081997 0.22475904 0.45691615 0.3167465  0.53624177
 0.33514807 0.7097479  0.7591304  0.22918807 0.5786122  0.45013562
 0.34476423 0.2923161  0.37678754 0.5516002  0.8789657  0.45902374
 0.35026574 0.65846807 0.7267814  0.5605713  0.29468802 0.67889225
 0.6306925 ], shape=(31,), dtype=float32)
predicted rank:[13 11 20  4 16  3  9 15  1 18  7 21  8 28 30  2 24 17 10  5 14 22 31 19
 12 26 29 23  6 27 25]
mse:tf.Tensor(1.4498745, shape=(), dtype=float32)
-------
original argument scores:[1, 1, 1, 1]
original rank:[1 1 1 1]
predicted argument scores:tf.Tensor([1.0200443  0.9865232  0.40621904 0.6368967 ], shape=(4,), dtype=float32)
predicted rank:[4 3 1 2]
mse:tf.Tensor(0.121250816, shape=(), dtype=float32)
-------
original argument scores:[1, 1, 1, 1]
original rank:[1 1 1 1]
predicted argument scores:tf.Tensor([0.83872324 0.46953586 0.87645006 0.7346195 ], shape=(4,), dtype=float32)
predicted rank:[3 1 4 2]
mse:tf.Tensor(0.09827346, shape=(), dtype=float32)
-------
original argument scores:[1, 1, 1, 1]
original rank:[1 1 1 1]
predicted argument scores:tf.Tensor([1.0200443  0.9865232  0.40621904 0.6368967 ], shape=(4,), dtype=float32)
predicted rank:[4 3 1 2]
mse:tf.Tensor(0.121250816, shape=(), dtype=float32)
-------
original argument scores:[1, 1, 1, 2, 0, 1, 1, 1, 1, 1, 1, 0, 1, 0, 0, 0, 0, 0, 0, 1, 0, 1, 0, 1, 0, 0, 0, 0, 0, 0, 0, 0, 0, 0, 0, 0, 0, 0, 0, 0, 0, 0, 1, 0, 0, 0, 0, 0, 0, 0, 0, 0, 0, 0, 1, 1, 1, 1, 0, 1, 2, 2, 0, 1, 3, 2, 2, 2, 1, 1, 5, 5, 0, 0, 0, 0, 2, 2, 0, 0, 1, 0, 4, 1, 0, 1, 1, 1, 1, 1, 1, 2, 2, 1, 1, 0, 0, 0, 0, 1, 1, 1, 1, 0, 4, 0, 1, 1, 1, 1, 1, 1, 1, 1, 1, 1, 1, 1, 1, 1, 1, 1, 0, 3, 0, 1, 1, 1, 1, 1, 1, 1, 1, 1, 0, 0, 0, 0, 0, 0, 0, 0, 0, 0, 0, 0, 1, 1, 1, 1, 0]
original rank:[2 2 2 3 1 2 2 2 2 2 2 1 2 1 1 1 1 1 1 2 1 2 1 2 1 1 1 1 1 1 1 1 1 1 1 1 1
 1 1 1 1 1 2 1 1 1 1 1 1 1 1 1 1 1 2 2 2 2 1 2 3 3 1 2 4 3 3 3 2 2 6 6 1 1
 1 1 3 3 1 1 2 1 5 2 1 2 2 2 2 2 2 3 3 2 2 1 1 1 1 2 2 2 2 1 5 1 2 2 2 2 2
 2 2 2 2 2 2 2 2 2 2 2 1 4 1 2 2 2 2 2 2 2 2 2 1 1 1 1 1 1 1 1 1 1 1 1 2 2
 2 2 1]
predicted argument scores:tf.Tensor(
[ 0.40724567  0.9804214   1.5804778   1.4832637   0.7692495   1.3021171
  1.0986218   0.6734985   0.6090026   0.8951509   1.0517308   0.5532924
  0.4055337   0.27954543 -0.0812113   0.19256082  0.43473297  0.43991682
  0.37118164  0.5895535   0.5648673   0.05867643  0.21027334  0.43790153
 -0.00447642  0.228325    0.08762957  0.47922972  0.7709303   0.21869376
  0.2597208   0.3226033   0.5092428   0.01454374  0.6286774   0.328622
  0.4384882   0.514084    0.66504997  0.25749868  0.6179409   0.3173216
  0.352683    0.3162721   0.15829189  0.1781245   0.62699574  0.3966312
  0.22960141  0.19314529  0.25520408  0.29034442  0.41580638  0.35670263
  0.17422694  0.531479    0.43021017  0.53840744  0.25844854  0.7965289
  2.7046945   0.5847353   0.36405337  0.9426899   0.20748174  0.9983002
  0.5888657   1.2681371   1.2265397   1.0587327   1.1345772   1.987452
  0.2956082   0.42342943  0.522805    0.24552809  0.27978408  0.26428726
  0.37187585  0.14985603  0.5697311   0.6811205   2.0948398   0.44982284
  0.29971352  1.5105833   0.5119869   0.588041    0.8024322   0.67592156
  0.7061504   0.76533264  2.1894557   0.9043573   0.99284625  0.44975325
  0.48453555  0.5850939   0.43639866  0.74233246  0.5285801   0.24143556
  0.6462418   0.23831114  1.7476114   0.7029265   0.7460037   0.5961244
  2.105045    0.82357633  0.9250835   0.9451484   1.0553812   0.4093751
  0.90138364  1.2157694   0.46075377  0.6913281   0.6019282   0.49364355
  0.34019923  0.8776126   0.38013473  0.8469558   0.6813346   0.4150919
  0.5137702   0.5184515   0.5646003   0.54136586  0.88665766  0.87554735
  0.6960437   0.5214928   0.46111575  0.2220153   0.24775973  0.273706
  0.33753273  0.49728674  0.1424498   0.26053438  0.22791201  0.30346984
  0.5583224   0.6983167   0.18353552  0.7019213   0.52660877  0.859545
  0.33098793], shape=(151,), dtype=float32)
predicted rank:[ 53 131 145 143 115 142 137 102  96 125 134  84  52  32   1  12  59  63
  48  93  87   4  15  61   2  19   5  68 116  16  28  40  72   3  99  41
  62  75 101  26  97  39  45  38   8  10  98  51  20  13  25  34  56  46
   9  81  58  82  27 117 151  89  47 129  14 133  92 141 140 136 138 147
  35  57  78  23  33  30  49   7  88 104 148  65  36 144  73  91 118 103
 111 114 150 127 132  64  69  90  60 112  80  22 100  21 146 110 113  94
 149 119 128 130 135  54 126 139  66 106  95  70  44 123  50 120 105  55
  74  76  86  83 124 122 107  77  67  17  24  31  43  71   6  29  18  37
  85 108  11 109  79 121  42]
mse:tf.Tensor(0.555148, shape=(), dtype=float32)
-------
original argument scores:[0, 0, 0, 0, 0, 0, 0, 0, 1, 0, 0, 0, 0, 0, 0, 2, 0, 1, 1, 1, 0, 0, 0, 0, 0, 0, 0, 0, 1, 0, 0, 0, 0, 0, 0, 0, 3, 0, 1, 1, 1, 1, 0, 0, 0, 0, 0, 0, 0, 0, 1, 0, 0, 0, 0, 0, 0, 2, 1, 1, 1, 0, 0, 0, 0, 0, 0, 0, 0, 1, 0, 0, 0, 0, 0, 0, 0, 3, 0, 1, 1, 1, 1]
original rank:[1 1 1 1 1 1 1 1 2 1 1 1 1 1 1 3 1 2 2 2 1 1 1 1 1 1 1 1 2 1 1 1 1 1 1 1 4
 1 2 2 2 2 1 1 1 1 1 1 1 1 2 1 1 1 1 1 1 3 2 2 2 1 1 1 1 1 1 1 1 2 1 1 1 1
 1 1 1 4 1 2 2 2 2]
predicted argument scores:tf.Tensor(
[ 0.5254493   0.25219283  0.17476493  0.29579505  0.28860974  0.49849296
  0.22267608  0.2674826   0.29126164  0.22301653  0.5286331   0.25745037
  0.47405085  0.24396804  0.38844553  0.75138366 -0.13296871  0.32719633
  0.35535672  0.02917054  0.5616249   0.46298993  0.75995517  1.728391
  0.40474477  0.44620296  0.28717488  0.38581446  0.63018394  0.3779516
  0.23248348  0.6442622   0.43353012  1.2928783   0.42517525  0.5008929
  0.37407756  0.13828847  0.28461775  0.292088    0.33436093  0.39589527
  0.36757934  0.2668901   0.7261261   0.52555895  0.5447286   0.31854588
  0.5945511   0.7782816   0.37047264  0.34959543  0.53056705  0.49249008
  0.31313294  0.22580247  0.49121118  0.47498277  0.30711803  0.5125332
  0.5936204   1.1694497   1.1909553   1.3308104   1.5863682   1.1736172
  1.8839157   1.1678401   0.9881161   0.7176125   0.2857183   1.2835488
  1.1435994   0.30638814  1.1369328   0.6051886   1.245566    0.40716007
  0.79248774  0.42275417  1.3917798   0.01966582  0.6438628 ], shape=(83,), dtype=float32)
predicted rank:[51 11  5 21 18 48  6 14 19  7 53 12 44 10 35 65  1 26 29  3 56 43 66 82
 37 42 17 34 60 33  9 62 41 78 40 49 32  4 15 20 27 36 30 13 64 52 55 25
 58 67 31 28 54 47 24  8 46 45 23 50 57 73 75 79 81 74 83 72 69 63 16 77
 71 22 70 59 76 38 68 39 80  2 61]
mse:tf.Tensor(0.7083211, shape=(), dtype=float32)
-------
original argument scores:[1, 0, 1, 0, 1, 0, 1, 1, 0, 1]
original rank:[2 1 2 1 2 1 2 2 1 2]
predicted argument scores:tf.Tensor(
[1.4046539  0.9863424  0.9372894  0.5392925  1.0427709  0.9177399
 0.50652766 0.60625714 0.85937214 0.67340773], shape=(10,), dtype=float32)
predicted rank:[10  8  7  2  9  6  1  3  5  4]
mse:tf.Tensor(0.35191923, shape=(), dtype=float32)
-------
original argument scores:[1, 1, 1, 1, 1, 1, 1, 1]
original rank:[1 1 1 1 1 1 1 1]
predicted argument scores:tf.Tensor(
[1.2609341  0.6314974  1.0390285  1.1102818  0.66352904 1.0654342
 0.7875573  0.75555235], shape=(8,), dtype=float32)
predicted rank:[8 1 5 7 2 6 4 3]
mse:tf.Tensor(0.054993376, shape=(), dtype=float32)
-------
original argument scores:[1, 0, 1, 1, 0, 1]
original rank:[2 1 2 2 1 2]
predicted argument scores:tf.Tensor([0.57735944 0.716051   1.1196419  1.1580763  0.68575263 0.7413509 ], shape=(6,), dtype=float32)
predicted rank:[1 3 5 6 2 4]
mse:tf.Tensor(0.21130204, shape=(), dtype=float32)
-------
original argument scores:[0, 1, 1, 3, 2, 3, 2]
original rank:[1 2 2 4 3 4 3]
predicted argument scores:tf.Tensor(
[0.71953    6.6015983  0.33961782 0.8778118  0.8633601  0.70209646
 1.2300255 ], shape=(7,), dtype=float32)
predicted rank:[3 7 1 5 4 2 6]
mse:tf.Tensor(6.2857976, shape=(), dtype=float32)
-------
original argument scores:[2, 1, 1, 1, 3, 1, 2, 1, 1]
original rank:[2 1 1 1 3 1 2 1 1]
predicted argument scores:tf.Tensor(
[1.1661373 0.579304  0.7228654 1.3711222 1.5039457 1.3181623 1.0731472
 1.8124253 1.8737228], shape=(9,), dtype=float32)
predicted rank:[4 1 2 6 7 5 3 8 9]
mse:tf.Tensor(0.6343039, shape=(), dtype=float32)
-------
original argument scores:[1, 1, 1, 1, 1]
original rank:[1 1 1 1 1]
predicted argument scores:tf.Tensor([0.84691876 0.53538543 3.3217747  0.737357   1.2269192 ], shape=(5,), dtype=float32)
predicted rank:[3 1 5 2 4]
mse:tf.Tensor(1.1500823, shape=(), dtype=float32)
-------
original argument scores:[3, 2, 2, 1, 1, 4, 0, 0, 0, 1]
original rank:[4 3 3 2 2 5 1 1 1 2]
predicted argument scores:tf.Tensor(
[1.6897857  0.62146294 0.96756375 0.9526552  1.3566757  1.3109757
 0.8169879  1.6752082  1.7289674  1.0867138 ], shape=(10,), dtype=float32)
predicted rank:[ 9  1  4  3  7  6  2  8 10  5]
mse:tf.Tensor(1.8513901, shape=(), dtype=float32)
-------
original argument scores:[0, 0, 1, 0, 0, 0, 0, 0, 0, 0, 0, 0, 0, 0, 0, 0, 0, 0, 0, 0, 0, 0, 0, 0, 1, 0, 0, 0, 0, 0, 0, 0, 0, 0, 0, 0, 0, 1, 0, 0, 1, 0, 1, 0, 0, 0, 0, 0, 0, 0, 0, 0, 0, 0, 0, 0, 0, 0, 0, 0, 0, 0, 0, 0, 0, 0, 1, 0, 0, 0, 0, 0, 0, 0, 0, 0, 0, 0, 0, 0, 0, 0, 0, 0, 0, 0, 0, 0, 0, 0, 0, 0, 1, 1, 2, 1, 0, 0, 0, 0, 0, 0, 0, 0, 0, 0, 0, 0, 0, 0, 0, 0, 0, 0, 0, 0, 0, 0, 0, 0, 0, 0, 0, 0, 0, 1, 0, 0, 0, 0, 0, 0, 0, 0, 0, 0, 0, 0, 0, 0, 0, 0, 0, 0, 0, 0, 0, 0, 1, 0, 0, 0, 0, 0, 0, 0, 0, 0, 0, 0, 0, 0, 1, 0, 0, 0, 0, 0, 0, 0, 0, 0, 0, 0, 0, 0, 0, 0, 0, 0, 0, 0, 0, 0, 0, 0, 0, 0, 0, 0, 0, 0, 0, 0, 0, 0, 0, 0, 0, 1, 0, 0, 0, 0, 0, 0, 0, 0, 0, 0, 0, 0, 1, 0, 0, 0, 0, 0, 0, 0, 0, 0, 0, 0, 0, 0, 0, 0, 0, 0, 0, 0, 0, 0, 0, 0, 0, 0, 0, 0, 0, 0, 0, 0, 0, 0, 0, 0, 0, 0, 0, 0, 0, 0, 0, 0, 0, 0, 0, 0, 0, 0, 0, 1, 0, 0, 0, 0, 0, 0, 0, 0, 0, 0, 0, 0, 0, 0, 0, 0, 0, 0, 1, 0, 0, 0, 0, 0, 0, 0, 0, 0, 0, 0, 0, 1, 0, 0, 0, 0, 0, 0, 0, 0, 0, 0, 0, 0, 1, 0, 0]
original rank:[1 1 2 1 1 1 1 1 1 1 1 1 1 1 1 1 1 1 1 1 1 1 1 1 2 1 1 1 1 1 1 1 1 1 1 1 1
 2 1 1 2 1 2 1 1 1 1 1 1 1 1 1 1 1 1 1 1 1 1 1 1 1 1 1 1 1 2 1 1 1 1 1 1 1
 1 1 1 1 1 1 1 1 1 1 1 1 1 1 1 1 1 1 2 2 3 2 1 1 1 1 1 1 1 1 1 1 1 1 1 1 1
 1 1 1 1 1 1 1 1 1 1 1 1 1 1 2 1 1 1 1 1 1 1 1 1 1 1 1 1 1 1 1 1 1 1 1 1 1
 2 1 1 1 1 1 1 1 1 1 1 1 1 1 2 1 1 1 1 1 1 1 1 1 1 1 1 1 1 1 1 1 1 1 1 1 1
 1 1 1 1 1 1 1 1 1 1 1 1 1 1 2 1 1 1 1 1 1 1 1 1 1 1 1 2 1 1 1 1 1 1 1 1 1
 1 1 1 1 1 1 1 1 1 1 1 1 1 1 1 1 1 1 1 1 1 1 1 1 1 1 1 1 1 1 1 1 1 1 1 1 1
 1 1 1 1 2 1 1 1 1 1 1 1 1 1 1 1 1 1 1 1 1 1 1 2 1 1 1 1 1 1 1 1 1 1 1 1 2
 1 1 1 1 1 1 1 1 1 1 1 1 2 1 1]
predicted argument scores:tf.Tensor(
[ 0.10442847  0.23013493  0.30965808  0.29545444  0.2784624   0.37314305
  0.20359957  0.40103728  0.29267865  0.29589006  0.33212575  0.1779272
  0.26426533  0.34341514  0.32812244  0.1473869   0.18583377  0.06953386
  0.10353273  0.61424357  0.3336578   0.14120047 -0.03814553  0.38405952
  0.18525334  0.6941158   0.41810152  0.3554891   0.20384133  0.05827975
  0.16378619  0.25598145  0.16687617  0.20218931  0.18189257  0.18913382
  0.1822497   0.24720359  0.35        0.16886541  0.4002904   0.06311208
  0.43959036  0.39785033  0.2508525   0.22619788  0.42169058  0.50468117
  0.9095283   1.0589055   0.51388514  0.6950797   0.9553217   0.41510347
  0.34604973  0.24486333  0.4573309   0.10836226  0.4461959   0.16167259
  0.47443005  0.3732593   0.5518398   0.0124375   0.2395387   0.33308592
  0.574099    0.21142003  0.35851783  0.19180307  0.3087062   0.13678919
  0.31963375  0.20754376  0.29361278  0.30703917  0.5204624   0.11825292
  0.5397407   0.2544353   0.48258197  0.31491593  0.13614698  0.23492655
  0.37864453  0.283692    0.12351128  0.24917787  0.32188004  0.40611738
  0.8693612   0.6825074   0.44122413  0.3764439   0.4109392   0.42192483
  0.40349227  0.5872375   0.5549      0.3223377   0.37927556  0.29535833
  0.38279614  0.53659654  0.17943998  0.43631706  0.39050427  0.48928717
  0.45764622  0.23587206  0.03625144  0.4846575   0.3730692   0.4764714
  0.06950831  0.86797863  0.29792765  0.49062154  0.40649357  0.12131302
  0.5120973   0.10304314  0.13839024  0.27753016  0.15741795  0.30543455
  0.7452551   0.48193428  0.38334176  0.8748679   0.57480234  0.18242352
  0.51100814  0.14967291  1.0268977   0.70322996  0.5712048   0.12231213
  0.08115023  0.06548575  0.3062137   0.25088838  0.253261    0.25938386
  0.5385457   0.27923647  0.3184594   0.25397432  0.20691606  0.55966365
  0.7274207   0.34252623  0.2903842   0.5300523   0.36942855  0.1121456
  0.40888655  0.43821976  0.7690431   0.7928002   0.84482193  0.2755051
  0.47123542  1.2932386   0.5723946   0.27212805  0.14851977  0.24177524
  0.7990813   0.13895273  0.5351071  -0.04793622  0.10352707  0.08611739
  0.6676818   0.21725467  0.21105625  0.30952433  0.34566697  0.20338477
  0.26120105  0.50741345  0.4443444   0.6217514   1.1419629   0.31483638
  0.45464686  0.5284863   0.186504    0.1655512   0.438144    0.28537253
  0.39192262  0.13907123  0.43494627  0.17975044  0.04672482  0.21401125
  0.29014018  0.32207164  0.29434296  0.39628738  0.20618722  0.48195252
  0.07790458  0.25486115  0.4816396   0.16301084  0.16382134  0.33915058
  0.4124261   0.251988    0.1060884   0.2590415   0.18516377  0.3735284
  0.1873081   0.4924744   0.29082295  0.3228018   0.4198082   0.28268892
  0.2903995   0.3729188   0.30040592  0.3901634   0.33420777  0.18877244
  0.45181084  0.5129674   0.08241828  0.20557132  0.263611    0.224866
  0.41876468  0.14323395  0.19541687 -0.03112367  0.26498294  0.42327344
  0.53717715  0.4561045   0.07323812  0.51034534  0.23761317  0.14338145
  0.19295529  0.23353316  0.21531841  0.07209824  0.22106281  0.28853494
  0.17417246  0.31987682  0.272032    0.39501977  0.23306076  0.43250144
  0.16211732  0.2756799   0.33942506  0.24710912  0.31459978  0.13775237
  0.2532054   0.13828778  0.20366877  0.34497336  0.30500755  0.13288948
  0.11748487  0.33449462  0.42751455  0.3366998   0.1072647   0.11612797
  0.16240002  0.31977418  0.18849066  0.22399192  0.25235653  0.30538973
  0.0521      0.12227213  0.11096425  0.89102113  0.08653082  0.36505124
  0.760944    0.22356066  0.35439786  0.7150545   0.39822757  0.3666943
  0.4661893   0.21647425  0.79090846  0.5574526   0.20959082  0.12052001
  0.33848265  0.2520877   0.14919628  0.25461018  0.3070341   1.4974087
  0.22563659  0.19656235  0.26558572  0.77569336  0.6276928 ], shape=(311,), dtype=float32)
predicted rank:[ 23 103 165 153 139 201  83 218 149 154 178  63 131 188 177  48  71  12
  22 283 180  45   2 209  70 288 226 194  85   8  57 126  60  81  66  76
  67 113 192  61 217   9 238 215 115 102 229 259 305 308 265 289 306 225
 191 111 245  26 241  53 249 202 274   4 109 179 280  92 195  77 163  39
 170  89 150 162 266  31 273 123 254 168  38 106 205 142  36 114 173 220
 302 287 239 204 223 230 219 282 275 175 206 152 207 270  64 235 211 256
 246 107   5 255 200 250  11 301 155 257 221  33 263  20  42 138  52 159
 293 252 208 303 281  68 262  51 307 290 278  35  16  10 160 116 121 128
 272 140 169 122  88 277 292 187 146 268 198  28 222 237 295 298 300 136
 248 310 279 135  49 110 299  43 269   1  21  18 286  96  91 164 190  82
 129 260 240 284 309 167 243 267  72  59 236 143 212  44 234  65   6  93
 145 174 151 214  87 253  15 125 251  56  58 185 224 117  24 127  69 203
  73 258 148 176 228 141 147 199 156 210 181  75 242 264  17  86 130 100
 227  46  79   3 132 231 271 244  14 261 108  47  78 105  94  13  97 144
  62 172 134 213 104 233  54 137 186 112 166  40 120  41  84 189 157  37
  30 182 232 183  25  29  55 171  74  99 119 158   7  34  27 304  19 196
 294  98 193 291 216 197 247  95 297 276  90  32 184 118  50 124 161 311
 101  80 133 296 285]
mse:tf.Tensor(0.19288257, shape=(), dtype=float32)
-------
original argument scores:[1, 1, 1]
original rank:[1 1 1]
predicted argument scores:tf.Tensor([0.60173965 0.5890993  0.41670188], shape=(3,), dtype=float32)
predicted rank:[3 2 1]
mse:tf.Tensor(0.22256245, shape=(), dtype=float32)
-------
original argument scores:[2, 2]
original rank:[1 1]
predicted argument scores:tf.Tensor([0.5005272  0.68949455], shape=(2,), dtype=float32)
predicted rank:[1 2]
mse:tf.Tensor(1.9829216, shape=(), dtype=float32)
-------
original argument scores:[0, 0, 0, 2, 2, 2, 2]
original rank:[1 1 1 2 2 2 2]
predicted argument scores:tf.Tensor(
[0.76871264 0.32670623 1.0581514  1.135589   0.76178914 0.50097364
 0.55854976], shape=(7,), dtype=float32)
predicted rank:[5 1 6 7 4 2 3]
mse:tf.Tensor(1.2032244, shape=(), dtype=float32)
-------
original argument scores:[1, 1, 1]
original rank:[1 1 1]
predicted argument scores:tf.Tensor([1.012606  0.8360121 0.4769698], shape=(3,), dtype=float32)
predicted rank:[3 2 1]
mse:tf.Tensor(0.100203834, shape=(), dtype=float32)
-------
original argument scores:[2, 1, 2, 2]
original rank:[2 1 2 2]
predicted argument scores:tf.Tensor([1.0730261 0.9913116 0.6133329 0.5133454], shape=(4,), dtype=float32)
predicted rank:[4 3 2 1]
mse:tf.Tensor(1.2480857, shape=(), dtype=float32)
-------
original argument scores:[3, 2]
original rank:[2 1]
predicted argument scores:tf.Tensor([0.8893466 0.7755829], shape=(2,), dtype=float32)
predicted rank:[2 1]
mse:tf.Tensor(2.9770274, shape=(), dtype=float32)
-------
original argument scores:[1, 2]
original rank:[1 2]
predicted argument scores:tf.Tensor([0.6066066  0.54478604], shape=(2,), dtype=float32)
predicted rank:[2 1]
mse:tf.Tensor(1.1362032, shape=(), dtype=float32)
-------
original argument scores:[3, 1, 2, 1, 3, 3]
original rank:[3 1 2 1 3 3]
predicted argument scores:tf.Tensor([1.2442251  0.847336   0.71203184 1.0658149  1.5009079  1.4739798 ], shape=(6,), dtype=float32)
predicted rank:[4 2 1 3 6 5]
mse:tf.Tensor(1.5575433, shape=(), dtype=float32)
-------
original argument scores:[3, 1, 2, 2, 1, 0, 1, 1, 2]
original rank:[4 2 3 3 2 1 2 2 3]
predicted argument scores:tf.Tensor(
[1.1913242 0.8260984 0.7580299 1.0879726 1.352536  1.4946882 1.9841701
 2.048956  2.0472407], shape=(9,), dtype=float32)
predicted rank:[4 2 1 3 5 6 7 9 8]
mse:tf.Tensor(1.1228154, shape=(), dtype=float32)
-------
original argument scores:[0, 0, 0, 0, 0, 1, 2, 0, 1, 0, 0, 2, 0, 0]
original rank:[1 1 1 1 1 2 3 1 2 1 1 3 1 1]
predicted argument scores:tf.Tensor(
[0.45699617 0.6464046  0.9211031  0.7222956  0.47216007 1.0816628
 0.38625675 0.7370923  1.0346178  0.79267466 0.5258509  0.25833058
 0.6333736  0.8602065 ], shape=(14,), dtype=float32)
predicted rank:[ 3  7 12  8  4 14  2  9 13 10  5  1  6 11]
mse:tf.Tensor(0.7467488, shape=(), dtype=float32)
-------
original argument scores:[2, 2, 3, 1, 1, 2, 2, 1, 5]
original rank:[2 2 3 1 1 2 2 1 4]
predicted argument scores:tf.Tensor(
[1.431006  0.8657379 1.3580203 1.0151548 1.6289746 1.3964292 1.2525833
 1.8833287 1.5127205], shape=(9,), dtype=float32)
predicted rank:[6 1 4 2 8 5 3 9 7]
mse:tf.Tensor(2.0629508, shape=(), dtype=float32)
-------
original argument scores:[3, 1, 2, 2, 1, 6, 5, 1, 1, 7]
original rank:[3 1 2 2 1 5 4 1 1 6]
predicted argument scores:tf.Tensor(
[1.8775984 0.6805109 0.8060729 1.059085  1.5663123 1.4131274 1.7996482
 2.1509192 1.7802421 1.8428745], shape=(10,), dtype=float32)
predicted rank:[ 9  1  2  3  5  4  7 10  6  8]
mse:tf.Tensor(6.3804336, shape=(), dtype=float32)
-------
original argument scores:[2, 2, 2, 2, 2, 1, 2, 6, 2]
original rank:[2 2 2 2 2 1 2 3 2]
predicted argument scores:tf.Tensor(
[1.308166  0.9823253 0.8609543 0.9618132 1.3588989 1.0968063 0.842078
 1.4524608 1.6326076], shape=(9,), dtype=float32)
predicted rank:[6 4 2 3 7 5 1 8 9]
mse:tf.Tensor(2.9406452, shape=(), dtype=float32)
-------
original argument scores:[2, 1, 2, 2, 1, 2, 0, 0, 2, 4, 2]
original rank:[3 2 3 3 2 3 1 1 3 4 3]
predicted argument scores:tf.Tensor(
[1.432223   1.0222881  1.1134788  1.0461378  1.3683649  1.0232102
 0.9113156  1.8458983  1.6569618  0.90406275 1.1504861 ], shape=(11,), dtype=float32)
predicted rank:[ 9  3  6  5  8  4  2 11 10  1  7]
mse:tf.Tensor(1.6154968, shape=(), dtype=float32)
-------
original argument scores:[1, 1, 1]
original rank:[1 1 1]
predicted argument scores:tf.Tensor([0.89242065 0.72802776 0.41265088], shape=(3,), dtype=float32)
predicted rank:[3 2 1]
mse:tf.Tensor(0.14350706, shape=(), dtype=float32)
-------
original argument scores:[1, 1]
original rank:[1 1]
predicted argument scores:tf.Tensor([0.63833237 0.44891432], shape=(2,), dtype=float32)
predicted rank:[2 1]
mse:tf.Tensor(0.21724948, shape=(), dtype=float32)
-------
original argument scores:[52, 2]
original rank:[2 1]
predicted argument scores:tf.Tensor([0.8713507  0.63384116], shape=(2,), dtype=float32)
predicted rank:[2 1]
mse:tf.Tensor(1308.0027, shape=(), dtype=float32)
-------
original argument scores:[1, 3, 3, 2, 1, 3, 3, 2]
original rank:[1 3 3 2 1 3 3 2]
predicted argument scores:tf.Tensor(
[0.6536943  0.42170474 0.65922785 0.84796286 1.2787564  0.7246678
 1.0895749  0.9302399 ], shape=(8,), dtype=float32)
predicted rank:[2 1 3 5 8 4 7 6]
mse:tf.Tensor(2.9528613, shape=(), dtype=float32)
-------
original argument scores:[2, 1, 2, 2, 1, 0, 4, 2, 4]
original rank:[3 2 3 3 2 1 4 3 4]
predicted argument scores:tf.Tensor(
[1.1701685  1.0353807  0.8402439  1.2155527  1.5794181  1.2896587
 0.88967204 1.3979396  1.9592583 ], shape=(9,), dtype=float32)
predicted rank:[4 3 1 5 8 6 2 7 9]
mse:tf.Tensor(2.0944948, shape=(), dtype=float32)
-------
original argument scores:[4, 2, 3, 2, 3, 4, 3, 2, 6, 4]
original rank:[3 1 2 1 2 3 2 1 4 3]
predicted argument scores:tf.Tensor(
[1.7534066 0.8816377 1.3402885 1.001668  1.3408922 1.502014  1.6057111
 2.0766168 1.8153218 1.7453276], shape=(10,), dtype=float32)
predicted rank:[ 8  1  3  2  4  5  6 10  9  7]
mse:tf.Tensor(4.358679, shape=(), dtype=float32)
-------
original argument scores:[0, 0, 1, 0, 0, 0, 0, 0, 0, 1, 1, 0, 0, 0, 0, 0, 0, 0, 0, 0, 0, 0, 0, 0]
original rank:[1 1 2 1 1 1 1 1 1 2 2 1 1 1 1 1 1 1 1 1 1 1 1 1]
predicted argument scores:tf.Tensor(
[ 1.2330606  -0.12077627  0.9479177   1.6358868   0.5480572   0.41915983
  0.6480109   1.3381757   0.63003904  0.76933867  1.9337986   0.19521129
  0.63174736  1.5853001   0.4869524   0.28504595  0.61605537  0.6139822
  0.30205986  0.43520328  1.0300273   0.2556296   0.5495545   0.02280008], shape=(24,), dtype=float32)
predicted rank:[20  1 18 23 10  7 16 21 14 17 24  3 15 22  9  5 13 12  6  8 19  4 11  2]
mse:tf.Tensor(0.5815594, shape=(), dtype=float32)
-------
original argument scores:[1, 0, 0, 1, 0, 0, 0, 0, 0, 0, 0, 0, 0]
original rank:[2 1 1 2 1 1 1 1 1 1 1 1 1]
predicted argument scores:tf.Tensor(
[ 0.9657721   0.7124659   1.1246113   1.2552446  -0.01335571  0.7988567
  0.3075122   0.34535548  1.6337885   0.6222514   1.2839923   0.31091437
  0.31133744], shape=(13,), dtype=float32)
predicted rank:[ 9  7 10 11  1  8  2  5 13  6 12  3  4]
mse:tf.Tensor(0.58381236, shape=(), dtype=float32)
-------
original argument scores:[0, 0, 1, 0, 0, 0, 0, 0, 0, 1, 1, 0, 0, 0, 0, 0, 0, 0, 0, 0, 0, 0, 0]
original rank:[1 1 2 1 1 1 1 1 1 2 2 1 1 1 1 1 1 1 1 1 1 1 1]
predicted argument scores:tf.Tensor(
[1.0204427  0.3321692  0.85509276 1.612632   1.1012617  1.0119089
 0.43683    0.81156576 0.67038417 0.8530336  1.9822184  0.95143557
 0.5670338  0.42182347 0.7713399  0.5034972  0.8500662  0.6184162
 0.401139   0.549564   1.1249621  5.2798257  0.74048114], shape=(23,), dtype=float32)
predicted rank:[18  1 15 21 19 17  4 12  9 14 22 16  7  3 11  5 13  8  2  6 20 23 10]
mse:tf.Tensor(1.8176847, shape=(), dtype=float32)
-------
original argument scores:[2, 2, 2, 2, 1, 2, 1, 3, 1]
original rank:[2 2 2 2 1 2 1 3 1]
predicted argument scores:tf.Tensor(
[1.3887526  0.8707758  0.88478714 1.0491339  1.39934    1.646778
 1.7973531  1.8065059  2.0136697 ], shape=(9,), dtype=float32)
predicted rank:[4 1 2 3 5 6 7 8 9]
mse:tf.Tensor(0.796509, shape=(), dtype=float32)
-------
original argument scores:[0, 0, 0, 0, 0, 0, 0, 0, 0, 0, 0, 0, 0, 0, 0, 0, 0, 0, 0, 0, 0, 0, 0, 0, 0, 0, 0, 0, 0, 0, 0, 0, 0, 0, 0, 0, 0, 0, 0, 0, 0, 0, 0, 0, 0, 0, 0, 0, 0, 0, 0, 0, 0, 0, 0, 0, 0, 0, 0, 0, 0, 0, 0, 0, 0, 0, 0, 0, 0, 0, 0, 0, 1, 1, 1, 0, 0, 0]
original rank:[1 1 1 1 1 1 1 1 1 1 1 1 1 1 1 1 1 1 1 1 1 1 1 1 1 1 1 1 1 1 1 1 1 1 1 1 1
 1 1 1 1 1 1 1 1 1 1 1 1 1 1 1 1 1 1 1 1 1 1 1 1 1 1 1 1 1 1 1 1 1 1 1 2 2
 2 1 1 1]
predicted argument scores:tf.Tensor(
[ 0.6628385   0.7514465   0.4273025   0.46858144  0.35251606  0.5456524
  0.37934896  0.72326064  0.434586    0.31257436  0.5746672   0.2383344
  0.02358141  0.17428932  0.22285372  0.37445346 -0.00926967  0.25049296
  0.38899693  0.19761711  0.47949657  0.24926107  0.3461453   0.5806086
  0.3931406   0.19293961  0.58873993  0.21402538  0.18859205  0.32053828
  0.2380446   0.15075779  0.49628678  0.26368347  0.31826052  0.3935139
  0.22761828  0.20093387  0.2172117   0.20164186  0.25479245  0.26472116
  0.19127494  0.17559299  0.15346068  0.19280373  0.11935166  0.13520907
  0.27976447  0.23885188  0.2341429   0.15610181  0.12229207  0.4402046
  0.28672576  0.1977529   0.17352214  0.1863459   0.14668326  0.11557709
  0.15304035  0.12469456  0.22283858  0.00692124  0.14849322  0.18904531
  0.16057657  0.32322815  0.3143424   0.03225665  0.17909412  0.20943758
  0.36734328  0.28519797  0.5085122   0.62770414  0.41256633  0.37716016], shape=(78,), dtype=float32)
predicted rank:[76 78 64 67 55 71 59 77 65 49 72 39  3 18 35 57  1 42 60 27 68 41 54 73
 61 26 74 32 22 52 38 12 69 44 51 62 36 29 33 30 43 45 24 19 14 25  6  9
 46 40 37 15  7 66 48 28 17 21 10  5 13  8 34  2 11 23 16 53 50  4 20 31
 56 47 70 75 63 58]
mse:tf.Tensor(0.117915235, shape=(), dtype=float32)
-------
original argument scores:[0, 0, 0, 0, 1, 1]
original rank:[1 1 1 1 2 2]
predicted argument scores:tf.Tensor([0.6753304  0.41471156 0.38450718 0.67481744 1.0223181  0.6635716 ], shape=(6,), dtype=float32)
predicted rank:[5 2 1 4 6 3]
mse:tf.Tensor(0.22416057, shape=(), dtype=float32)
-------
original argument scores:[3, 2, 2, 6, 4, 5, 4, 2, 3, 4, 1, 3, 5, 1]
original rank:[3 2 2 6 4 5 4 2 3 4 1 3 5 1]
predicted argument scores:tf.Tensor(
[0.48801038 0.34010747 0.23668513 0.7586428  1.1780145  0.7654926
 0.7881421  0.18912356 0.4736332  0.68379986 1.1136955  0.8970895
 0.7527508  0.8312541 ], shape=(14,), dtype=float32)
predicted rank:[ 5  3  2  8 14  9 10  1  4  6 13 12  7 11]
mse:tf.Tensor(8.5013485, shape=(), dtype=float32)
-------
original argument scores:[2, 1, 1]
original rank:[2 1 1]
predicted argument scores:tf.Tensor([0.6581166  0.50565594 0.57023996], shape=(3,), dtype=float32)
predicted rank:[3 1 2]
mse:tf.Tensor(0.7432402, shape=(), dtype=float32)
-------
original argument scores:[51, 102]
original rank:[1 2]
predicted argument scores:tf.Tensor([0.8168377 0.505318 ], shape=(2,), dtype=float32)
predicted rank:[2 1]
mse:tf.Tensor(6409.7603, shape=(), dtype=float32)
-------
original argument scores:[4, 1, 0, 2, 0, 0, 0, 0, 0, 0, 0, 0, 0, 0, 0, 0, 0, 0, 0, 0]
original rank:[4 2 1 3 1 1 1 1 1 1 1 1 1 1 1 1 1 1 1 1]
predicted argument scores:tf.Tensor(
[1.4578289  0.65642107 1.1657636  1.4169911  1.1193701  1.6713598
 1.2182091  1.2762815  0.5559392  1.2262678  1.6740912  1.2037115
 0.55829227 1.1681881  0.9590296  0.42546472 0.3756148  0.7727313
 0.39581618 0.3960782 ], shape=(20,), dtype=float32)
predicted rank:[18  7 11 17 10 19 14 16  5 15 20 13  6 12  9  4  1  8  2  3]
mse:tf.Tensor(1.2666055, shape=(), dtype=float32)
-------
original argument scores:[0, 1, 1, 0, 0, 0, 1, 1]
original rank:[1 2 2 1 1 1 2 2]
predicted argument scores:tf.Tensor(
[1.1243297  0.98489654 0.96082735 0.8852074  0.6245133  0.9223397
 1.6370926  0.955883  ], shape=(8,), dtype=float32)
predicted rank:[7 6 5 2 1 3 8 4]
mse:tf.Tensor(0.46225408, shape=(), dtype=float32)
-------
original argument scores:[1, 1, 0]
original rank:[2 2 1]
predicted argument scores:tf.Tensor([0.7257605  0.47468856 0.57148814], shape=(3,), dtype=float32)
predicted rank:[3 1 2]
mse:tf.Tensor(0.22591937, shape=(), dtype=float32)
-------
original argument scores:[2, 3]
original rank:[1 2]
predicted argument scores:tf.Tensor([0.94273645 0.9649249 ], shape=(2,), dtype=float32)
predicted rank:[1 2]
mse:tf.Tensor(2.6296687, shape=(), dtype=float32)
-------
original argument scores:[2, 1]
original rank:[2 1]
predicted argument scores:tf.Tensor([0.83436966 0.9357459 ], shape=(2,), dtype=float32)
predicted rank:[1 2]
mse:tf.Tensor(0.6814113, shape=(), dtype=float32)
-------
original argument scores:[1, 2, 2, 2]
original rank:[1 2 2 2]
predicted argument scores:tf.Tensor([1.0264994 0.6412303 1.0378226 0.6213628], shape=(4,), dtype=float32)
predicted rank:[3 2 4 1]
mse:tf.Tensor(1.1683457, shape=(), dtype=float32)
-------
original argument scores:[0, 2, 2, 1, 1, 1, 2, 2, 2, 1, 1, 1, 2, 0, 0, 1, 1, 0, 1, 0, 1, 1]
original rank:[1 3 3 2 2 2 3 3 3 2 2 2 3 1 1 2 2 1 2 1 2 2]
predicted argument scores:tf.Tensor(
[0.42052987 0.5458151  0.44360775 0.8277199  0.8261515  0.46529832
 0.48863778 1.002646   0.46754134 0.5904846  0.98620534 0.5954412
 0.28276765 0.35951445 0.6412352  0.6096428  0.53829575 0.47678536
 0.30144823 0.11523677 0.6589116  0.36742106], shape=(22,), dtype=float32)
predicted rank:[ 6 13  7 20 19  8 11 22  9 14 21 15  2  4 17 16 12 10  3  1 18  5]
mse:tf.Tensor(0.73266053, shape=(), dtype=float32)
-------
original argument scores:[1, 1]
original rank:[1 1]
predicted argument scores:tf.Tensor([0.87771964 0.69242233], shape=(2,), dtype=float32)
predicted rank:[2 1]
mse:tf.Tensor(0.054778256, shape=(), dtype=float32)
-------
original argument scores:[2, 2, 2, 2, 2, 0, 2, 2, 2, 2, 2, 0, 2, 2, 2, 2, 2, 2, 2, 2, 2, 2, 2, 2, 2, 2, 2, 2, 2, 2, 2, 2, 2, 2, 2, 2]
original rank:[2 2 2 2 2 1 2 2 2 2 2 1 2 2 2 2 2 2 2 2 2 2 2 2 2 2 2 2 2 2 2 2 2 2 2 2]
predicted argument scores:tf.Tensor(
[0.750151   0.5299974  0.56124586 1.0971068  0.50268847 0.2884482
 0.26434505 0.45209253 0.7686304  1.3146442  1.6735952  0.741178
 0.43054923 0.1605565  0.3369522  0.36039904 0.35666588 0.7535518
 0.4057917  0.4860808  0.62521064 0.41220248 0.23218688 0.54933435
 0.53718114 0.54839    0.53757894 1.0018369  0.29116035 0.3682222
 0.50701153 0.26789233 0.8382171  0.41582543 0.28327563 0.33068678], shape=(36,), dtype=float32)
predicted rank:[29 21 26 34 19  6  3 17 31 35 36 28 16  1  9 11 10 30 13 18 27 14  2 25
 22 24 23 33  7 12 20  4 32 15  5  8]
mse:tf.Tensor(2.0777795, shape=(), dtype=float32)
-------
original argument scores:[0, 0, 0, 5, 3, 2, 3, 2, 2, 0, 1, 2, 1]
original rank:[1 1 1 5 4 3 4 3 3 1 2 3 2]
predicted argument scores:tf.Tensor(
[0.5363871 0.9602297 0.9775132 0.8261328 1.4762019 1.0853707 0.9009205
 1.336653  1.0297854 1.0288706 0.7447078 0.1834288 1.023248 ], shape=(13,), dtype=float32)
predicted rank:[ 2  6  7  4 13 11  5 12 10  9  3  1  8]
mse:tf.Tensor(2.5351279, shape=(), dtype=float32)
-------
original argument scores:[2, 1, 0, 2, 1]
original rank:[3 2 1 3 2]
predicted argument scores:tf.Tensor([1.0290745 0.8877484 0.4429358 0.6916666 0.9053038], shape=(5,), dtype=float32)
predicted rank:[5 3 1 2 4]
mse:tf.Tensor(0.57443845, shape=(), dtype=float32)
-------
original argument scores:[1, 3, 4, 4, 1, 2, 2]
original rank:[1 3 4 4 1 2 2]
predicted argument scores:tf.Tensor(
[0.47770122 0.83067054 0.96993184 0.62352145 0.89262563 0.8228317
 0.7700431 ], shape=(7,), dtype=float32)
predicted rank:[1 5 7 2 6 4 3]
mse:tf.Tensor(4.0672507, shape=(), dtype=float32)
-------
original argument scores:[0, 0, 0, 0, 1, 0, 0, 1, 1, 0, 0, 1]
original rank:[1 1 1 1 2 1 1 2 2 1 1 2]
predicted argument scores:tf.Tensor(
[3.016353   1.3780297  0.48871467 1.8506352  0.4096901  1.5461662
 0.6925281  0.9152882  1.5480778  0.9764403  1.6759441  0.49301204], shape=(12,), dtype=float32)
predicted rank:[12  7  2 11  1  8  4  5  9  6 10  3]
mse:tf.Tensor(1.8505467, shape=(), dtype=float32)
-------
original argument scores:[1, 1, 2, 0, 0, 0, 1, 1, 0, 0]
original rank:[2 2 3 1 1 1 2 2 1 1]
predicted argument scores:tf.Tensor(
[0.37832233 0.8919531  1.4348584  0.7912971  2.862977   2.131748
 2.4019034  1.1323222  0.46999046 1.2746239 ], shape=(10,), dtype=float32)
predicted rank:[ 1  4  7  3 10  8  9  5  2  6]
mse:tf.Tensor(1.7913077, shape=(), dtype=float32)
-------
original argument scores:[0, 1, 1]
original rank:[1 2 2]
predicted argument scores:tf.Tensor([0.54290116 0.47465888 0.9126458 ], shape=(3,), dtype=float32)
predicted rank:[2 1 3]
mse:tf.Tensor(0.19278525, shape=(), dtype=float32)
-------
original argument scores:[2, 1, 2, 1, 1, 0, 1, 0, 1]
original rank:[3 2 3 2 2 1 2 1 2]
predicted argument scores:tf.Tensor(
[1.7564836 0.6382061 0.7231723 1.2287749 1.700689  1.2239753 0.9713817
 1.7833735 1.8446019], shape=(9,), dtype=float32)
predicted rank:[7 1 2 5 6 4 3 8 9]
mse:tf.Tensor(0.86183274, shape=(), dtype=float32)
-------
original argument scores:[1, 1, 1, 1, 1, 1, 0, 0, 0, 0, 0, 1, 0, 2]
original rank:[2 2 2 2 2 2 1 1 1 1 1 2 1 3]
predicted argument scores:tf.Tensor(
[1.355883   0.6237094  1.0523349  0.94979763 1.4197274  1.2940663
 1.0379015  1.8938388  1.2567688  1.1826175  1.4619927  1.6687917
 0.49020973 0.27349496], shape=(14,), dtype=float32)
predicted rank:[10  3  6  4 11  9  5 14  8  7 12 13  2  1]
mse:tf.Tensor(0.99885, shape=(), dtype=float32)
-------
original argument scores:[1, 0, 1, 1, 0, 1, 0]
original rank:[2 1 2 2 1 2 1]
predicted argument scores:tf.Tensor(
[1.018941   0.93126893 0.71702266 1.1041508  1.373308   1.2712905
 0.6710586 ], shape=(7,), dtype=float32)
predicted rank:[4 3 2 5 7 6 1]
mse:tf.Tensor(0.4812053, shape=(), dtype=float32)
-------
original argument scores:[3, 1, 2, 2, 0, 1, 0, 1]
original rank:[4 2 3 3 1 2 1 2]
predicted argument scores:tf.Tensor(
[1.3103052 1.037984  0.5803243 1.2036017 1.5126371 1.2226956 0.8676603
 1.353433 ], shape=(8,), dtype=float32)
predicted rank:[6 3 1 4 8 5 2 7]
mse:tf.Tensor(1.0902069, shape=(), dtype=float32)
-------
original argument scores:[1, 1, 1, 0]
original rank:[2 2 2 1]
predicted argument scores:tf.Tensor([0.64280754 0.47166723 0.8133993  0.99287295], shape=(4,), dtype=float32)
predicted rank:[2 1 3 4]
mse:tf.Tensor(0.35683462, shape=(), dtype=float32)
-------
original argument scores:[1, 2, 0, 2, 1, 0]
original rank:[2 3 1 3 2 1]
predicted argument scores:tf.Tensor([0.8834075 0.5605805 0.8677461 0.9473655 0.8582897 1.0285486], shape=(6,), dtype=float32)
predicted rank:[4 1 3 5 2 6]
mse:tf.Tensor(0.83742315, shape=(), dtype=float32)
-------
original argument scores:[0, 1, 3, 2, 0, 0, 4, 3, 0, 1]
original rank:[1 2 4 3 1 1 5 4 1 2]
predicted argument scores:tf.Tensor(
[0.4119626  1.0058061  1.2366419  0.4611352  1.5712069  1.9970986
 2.1729584  0.40950015 1.4630603  1.956664  ], shape=(10,), dtype=float32)
predicted rank:[ 2  4  5  3  7  9 10  1  6  8]
mse:tf.Tensor(2.5208898, shape=(), dtype=float32)
-------
original argument scores:[0, 1, 0, 1, 4, 1, 2, 1, 0, 1, 0, 0, 0]
original rank:[1 2 1 2 4 2 3 2 1 2 1 1 1]
predicted argument scores:tf.Tensor(
[0.65599847 0.23675433 1.5278748  0.6857642  0.5997294  1.2612618
 0.5890641  0.9374987  0.38102892 0.9344565  0.68553114 2.2175481
 0.11801326], shape=(13,), dtype=float32)
predicted rank:[ 6  2 12  8  5 11  4 10  3  9  7 13  1]
mse:tf.Tensor(1.7401265, shape=(), dtype=float32)
-------
original argument scores:[101, 51]
original rank:[2 1]
predicted argument scores:tf.Tensor([0.8816758  0.81231034], shape=(2,), dtype=float32)
predicted rank:[2 1]
mse:tf.Tensor(6271.241, shape=(), dtype=float32)
-------
original argument scores:[1, 1, 0, 1, 1, 1]
original rank:[2 2 1 2 2 2]
predicted argument scores:tf.Tensor([0.5758789  0.42084482 0.56214464 0.8026044  0.8119994  1.0475944 ], shape=(6,), dtype=float32)
predicted rank:[3 1 2 4 5 6]
mse:tf.Tensor(0.15131342, shape=(), dtype=float32)
-------
original argument scores:[1, 1, 2, 1, 1]
original rank:[1 1 2 1 1]
predicted argument scores:tf.Tensor([0.5257518  7.251719   0.81308067 1.0551747  0.7452136 ], shape=(5,), dtype=float32)
predicted rank:[1 5 3 4 2]
mse:tf.Tensor(8.157128, shape=(), dtype=float32)
-------
original argument scores:[2, 1, 1, 3, 2, 3]
original rank:[2 1 1 3 2 3]
predicted argument scores:tf.Tensor([0.40137786 0.5416186  3.710908   1.3299955  0.67733943 1.0202942 ], shape=(6,), dtype=float32)
predicted rank:[1 2 6 5 3 4]
mse:tf.Tensor(3.0953846, shape=(), dtype=float32)
-------
original argument scores:[1, 2]
original rank:[1 2]
predicted argument scores:tf.Tensor([0.7592731  0.57283163], shape=(2,), dtype=float32)
predicted rank:[2 1]
mse:tf.Tensor(1.0473795, shape=(), dtype=float32)
-------
original argument scores:[0, 0, 0, 0, 1, 2, 1, 2, 0, 1, 2, 1, 2]
original rank:[1 1 1 1 2 3 2 3 1 2 3 2 3]
predicted argument scores:tf.Tensor(
[0.5074793  0.598013   0.9200188  0.64930373 0.61728704 0.7777327
 0.279031   0.5971653  1.1486766  0.66624355 0.36963183 0.27573913
 0.47537503], shape=(13,), dtype=float32)
predicted rank:[ 5  7 12  9  8 11  2  6 13 10  3  1  4]
mse:tf.Tensor(0.9961015, shape=(), dtype=float32)
-------
original argument scores:[1, 2, 2]
original rank:[1 2 2]
predicted argument scores:tf.Tensor([0.7613218  0.5491555  0.39246574], shape=(3,), dtype=float32)
predicted rank:[3 2 1]
mse:tf.Tensor(1.5820279, shape=(), dtype=float32)
-------
original argument scores:[1, 2, 2]
original rank:[1 2 2]
predicted argument scores:tf.Tensor([0.9040751  0.660402   0.39563894], shape=(3,), dtype=float32)
predicted rank:[3 2 1]
mse:tf.Tensor(1.4592329, shape=(), dtype=float32)
-------
original argument scores:[1, 1, 1, 1]
original rank:[1 1 1 1]
predicted argument scores:tf.Tensor([0.92528695 0.82154346 0.42786595 0.44045988], shape=(4,), dtype=float32)
predicted rank:[4 3 1 2]
mse:tf.Tensor(0.16946283, shape=(), dtype=float32)
-------
original argument scores:[2, 2, 2, 1, 1, 2, 1, 0, 0, 0, 2]
original rank:[3 3 3 2 2 3 2 1 1 1 3]
predicted argument scores:tf.Tensor(
[1.5691234 0.9082271 1.3417581 0.9865153 1.4092702 1.3593714 2.1329806
 2.0757203 1.3265961 1.9706144 1.7759371], shape=(11,), dtype=float32)
predicted rank:[ 7  1  4  2  6  5 11 10  3  9  8]
mse:tf.Tensor(1.2431488, shape=(), dtype=float32)
-------
original argument scores:[11, 7]
original rank:[2 1]
predicted argument scores:tf.Tensor([0.7223216  0.64783007], shape=(2,), dtype=float32)
predicted rank:[2 1]
mse:tf.Tensor(72.99037, shape=(), dtype=float32)
-------
mean(mse_list):168.80173
