This is pdfTeX, Version 3.1415926-2.3-1.40.12 (MiKTeX 2.9) (preloaded format=pdftex 2020.6.22)  22 JUN 2020 22:00
entering extended mode
**C:/Users/kamis/Desktop/Document/references.bib
(C:/Users/kamis/Desktop/Document/references.bib
! Missing $ inserted.
<inserted text> 
                $
<to be read again> 
                   _
l.53 @article{WL_
                 relabeling_process,
? 
! Emergency stop.
<inserted text> 
                $
<to be read again> 
                   _
l.53 @article{WL_
                 relabeling_process,
End of file on the terminal!

!  ==> Fatal error occurred, no output PDF file produced!
