\BOOKMARK [1][-]{section.1}{\376\377\000\111\000\156\000\164\000\162\000\157\000\144\000\165\000\143\000\164\000\151\000\157\000\156}{}% 1
\BOOKMARK [2][-]{subsection.1.1}{\376\377\000\120\000\162\000\157\000\142\000\154\000\145\000\155\000\040\000\157\000\166\000\145\000\162\000\166\000\151\000\145\000\167\000\040\000\141\000\156\000\144\000\040\000\167\000\157\000\162\000\153\000\151\000\156\000\147\000\040\000\160\000\151\000\160\000\145\000\154\000\151\000\156\000\145}{section.1}% 2
\BOOKMARK [2][-]{subsection.1.2}{\376\377\000\103\000\157\000\156\000\164\000\162\000\151\000\142\000\165\000\164\000\151\000\157\000\156}{section.1}% 3
\BOOKMARK [1][-]{section.2}{\376\377\000\102\000\141\000\143\000\153\000\147\000\162\000\157\000\165\000\156\000\144}{}% 4
\BOOKMARK [2][-]{subsection.2.1}{\376\377\000\101\000\142\000\163\000\164\000\162\000\141\000\143\000\164\000\151\000\157\000\156\000\040\000\102\000\141\000\163\000\145\000\144\000\040\000\115\000\157\000\144\000\145\000\154\000\040\000\103\000\150\000\145\000\143\000\153\000\151\000\156\000\147}{section.2}% 5
\BOOKMARK [3][-]{subsubsection.2.1.1}{\376\377\000\110\000\145\000\165\000\162\000\151\000\163\000\164\000\151\000\143\000\163\000\040\000\146\000\157\000\162\000\040\000\160\000\162\000\145\000\144\000\151\000\143\000\141\000\164\000\145\000\040\000\147\000\145\000\156\000\145\000\162\000\141\000\164\000\151\000\156\000\147}{subsection.2.1}% 6
\BOOKMARK [2][-]{subsection.2.2}{\376\377\000\107\000\116\000\116}{section.2}% 7
\BOOKMARK [3][-]{subsubsection.2.2.1}{\376\377\000\115\000\145\000\163\000\163\000\141\000\147\000\145\000\040\000\160\000\141\000\163\000\163\000\151\000\156\000\147\000\040\000\141\000\156\000\144\000\040\000\150\000\171\000\160\000\145\000\162\000\145\000\144\000\147\000\145\000\040\000\145\000\170\000\164\000\145\000\156\000\163\000\151\000\157\000\156}{subsection.2.2}% 8
\BOOKMARK [1][-]{section.3}{\376\377\000\120\000\162\000\157\000\147\000\162\000\141\000\155\000\040\000\162\000\145\000\160\000\162\000\145\000\163\000\145\000\156\000\164\000\141\000\164\000\151\000\157\000\156}{}% 9
\BOOKMARK [2][-]{subsection.3.1}{\376\377\000\120\000\162\000\157\000\147\000\162\000\141\000\155\000\040\000\164\000\157\000\040\000\110\000\157\000\162\000\156\000\040\000\143\000\154\000\141\000\165\000\163\000\145\000\163}{section.3}% 10
\BOOKMARK [2][-]{subsection.3.2}{\376\377\000\110\000\157\000\162\000\156\000\040\000\143\000\154\000\141\000\165\000\163\000\145\000\163\000\040\000\164\000\157\000\040\000\110\000\157\000\162\000\156\000\040\000\147\000\162\000\141\000\160\000\150}{section.3}% 11
\BOOKMARK [3][-]{subsubsection.3.2.1}{\376\377\000\110\000\157\000\162\000\156\000\040\000\147\000\162\000\141\000\160\000\150\000\040\000\143\000\157\000\156\000\163\000\164\000\162\000\165\000\143\000\164\000\151\000\157\000\156\000\040\000\145\000\170\000\141\000\155\000\160\000\154\000\145}{subsection.3.2}% 12
\BOOKMARK [3][-]{subsubsection.3.2.2}{\376\377\000\110\000\157\000\162\000\156\000\040\000\147\000\162\000\141\000\160\000\150\000\040\000\104\000\145\000\146\000\151\000\156\000\151\000\164\000\151\000\157\000\156}{subsection.3.2}% 13
\BOOKMARK [1][-]{section.4}{\376\377\000\104\000\141\000\164\000\141\000\040\000\103\000\157\000\154\000\154\000\145\000\143\000\164\000\151\000\157\000\156}{}% 14
\BOOKMARK [2][-]{subsection.4.1}{\376\377\000\154\000\141\000\142\000\145\000\154\000\040\000\143\000\157\000\154\000\154\000\145\000\143\000\164\000\151\000\157\000\156}{section.4}% 15
\BOOKMARK [1][-]{section.5}{\376\377\000\114\000\145\000\141\000\162\000\156\000\151\000\156\000\147\000\040\000\115\000\157\000\144\000\145\000\154}{}% 16
\BOOKMARK [2][-]{subsection.5.1}{\376\377\000\124\000\162\000\141\000\151\000\156\000\151\000\156\000\147\000\040\000\162\000\145\000\163\000\165\000\154\000\164\000\163\000\040\000\141\000\156\000\144\000\040\000\141\000\156\000\141\000\154\000\171\000\163\000\151\000\163}{section.5}% 17
\BOOKMARK [1][-]{section.6}{\376\377\000\106\000\145\000\145\000\144\000\040\000\154\000\145\000\141\000\162\000\156\000\145\000\144\000\040\000\150\000\145\000\165\000\162\000\151\000\163\000\164\000\151\000\143\000\040\000\142\000\141\000\143\000\153\000\040\000\164\000\157\000\040\000\105\000\154\000\144\000\141\000\162\000\151\000\143\000\141}{}% 18
\BOOKMARK [1][-]{section.7}{\376\377\000\105\000\166\000\141\000\154\000\165\000\141\000\164\000\151\000\157\000\156}{}% 19
\BOOKMARK [2][-]{subsection.7.1}{\376\377\000\102\000\145\000\156\000\143\000\150\000\155\000\141\000\162\000\153\000\163}{section.7}% 20
\BOOKMARK [2][-]{subsection.7.2}{\376\377\000\123\000\145\000\164\000\165\000\160}{section.7}% 21
\BOOKMARK [2][-]{subsection.7.3}{\376\377\000\105\000\170\000\160\000\145\000\162\000\151\000\155\000\145\000\156\000\164\000\141\000\154\000\040\000\162\000\145\000\163\000\165\000\154\000\164\000\163}{section.7}% 22
\BOOKMARK [1][-]{section.8}{\376\377\000\122\000\145\000\154\000\141\000\164\000\145\000\144\000\040\000\167\000\157\000\162\000\153}{}% 23
\BOOKMARK [1][-]{section.9}{\376\377\000\104\000\151\000\163\000\143\000\165\000\163\000\163\000\151\000\157\000\156\000\040\000\141\000\156\000\144\000\040\000\106\000\165\000\164\000\165\000\162\000\145\000\040\000\167\000\157\000\162\000\153}{}% 24
