This is pdfTeX, Version 3.1415926-2.3-1.40.12 (MiKTeX 2.9) (preloaded format=pdflatex 2018.7.2)  17 DEC 2019 08:57
entering extended mode
**D:/Github/Systematic-Predicate-Abstraction-using-Machine-Learning/Document/te
mplate.tex

(D:/Github/Systematic-Predicate-Abstraction-using-Machine-Learning/Document/tem
plate.tex
LaTeX2e <2011/06/27>
Babel <v3.8m> and hyphenation patterns for loaded.
(D:\Software\Latex\Ctex\MiKTeX\tex\latex\base\article.cls
Document Class: article 2007/10/19 v1.4h Standard LaTeX document class
(D:\Software\Latex\Ctex\MiKTeX\tex\latex\base\size10.clo
File: size10.clo 2007/10/19 v1.4h Standard LaTeX file (size option)
)
\c@part=\count79
\c@section=\count80
\c@subsection=\count81
\c@subsubsection=\count82
\c@paragraph=\count83
\c@subparagraph=\count84
\c@figure=\count85
\c@table=\count86
\abovecaptionskip=\skip41
\belowcaptionskip=\skip42
\bibindent=\dimen102
)
(D:\Software\Latex\Ctex\MiKTeX\tex\latex\preprint\fullpage.sty
Package: fullpage 1999/02/23 1.1 (PWD)
\FP@margin=\skip43
)
(D:\Software\Latex\Ctex\MiKTeX\tex\latex\psnfss\times.sty
Package: times 2005/04/12 PSNFSS-v9.2a (SPQR) 
)
(D:\Software\Latex\Ctex\MiKTeX\tex\latex\fancyhdr\fancyhdr.sty
\fancy@headwidth=\skip44
\f@ncyO@elh=\skip45
\f@ncyO@erh=\skip46
\f@ncyO@olh=\skip47
\f@ncyO@orh=\skip48
\f@ncyO@elf=\skip49
\f@ncyO@erf=\skip50
\f@ncyO@olf=\skip51
\f@ncyO@orf=\skip52
)
(D:\Software\Latex\Ctex\MiKTeX\tex\latex\graphics\graphicx.sty
Package: graphicx 1999/02/16 v1.0f Enhanced LaTeX Graphics (DPC,SPQR)

(D:\Software\Latex\Ctex\MiKTeX\tex\latex\graphics\keyval.sty
Package: keyval 1999/03/16 v1.13 key=value parser (DPC)
\KV@toks@=\toks14
)
(D:\Software\Latex\Ctex\MiKTeX\tex\latex\graphics\graphics.sty
Package: graphics 2009/02/05 v1.0o Standard LaTeX Graphics (DPC,SPQR)

(D:\Software\Latex\Ctex\MiKTeX\tex\latex\graphics\trig.sty
Package: trig 1999/03/16 v1.09 sin cos tan (DPC)
)
(D:\Software\Latex\Ctex\MiKTeX\tex\latex\00miktex\graphics.cfg
File: graphics.cfg 2007/01/18 v1.5 graphics configuration of teTeX/TeXLive
)
Package graphics Info: Driver file: pdftex.def on input line 91.

(D:\Software\Latex\Ctex\MiKTeX\tex\latex\pdftex-def\pdftex.def
File: pdftex.def 2011/05/27 v0.06d Graphics/color for pdfTeX

(D:\Software\Latex\Ctex\MiKTeX\tex\generic\oberdiek\infwarerr.sty
Package: infwarerr 2010/04/08 v1.3 Providing info/warning/message (HO)
)
(D:\Software\Latex\Ctex\MiKTeX\tex\generic\oberdiek\ltxcmds.sty
Package: ltxcmds 2011/04/18 v1.20 LaTeX kernel commands for general use (HO)
)
\Gread@gobject=\count87
))
\Gin@req@height=\dimen103
\Gin@req@width=\dimen104
)
(D:\Software\Latex\Ctex\MiKTeX\tex\latex\ams\math\amsmath.sty
Package: amsmath 2000/07/18 v2.13 AMS math features
\@mathmargin=\skip53

For additional information on amsmath, use the `?' option.
(D:\Software\Latex\Ctex\MiKTeX\tex\latex\ams\math\amstext.sty
Package: amstext 2000/06/29 v2.01

(D:\Software\Latex\Ctex\MiKTeX\tex\latex\ams\math\amsgen.sty
File: amsgen.sty 1999/11/30 v2.0
\@emptytoks=\toks15
\ex@=\dimen105
))
(D:\Software\Latex\Ctex\MiKTeX\tex\latex\ams\math\amsbsy.sty
Package: amsbsy 1999/11/29 v1.2d
\pmbraise@=\dimen106
)
(D:\Software\Latex\Ctex\MiKTeX\tex\latex\ams\math\amsopn.sty
Package: amsopn 1999/12/14 v2.01 operator names
)
\inf@bad=\count88
LaTeX Info: Redefining \frac on input line 211.
\uproot@=\count89
\leftroot@=\count90
LaTeX Info: Redefining \overline on input line 307.
\classnum@=\count91
\DOTSCASE@=\count92
LaTeX Info: Redefining \ldots on input line 379.
LaTeX Info: Redefining \dots on input line 382.
LaTeX Info: Redefining \cdots on input line 467.
\Mathstrutbox@=\box26
\strutbox@=\box27
\big@size=\dimen107
LaTeX Font Info:    Redeclaring font encoding OML on input line 567.
LaTeX Font Info:    Redeclaring font encoding OMS on input line 568.
\macc@depth=\count93
\c@MaxMatrixCols=\count94
\dotsspace@=\muskip10
\c@parentequation=\count95
\dspbrk@lvl=\count96
\tag@help=\toks16
\row@=\count97
\column@=\count98
\maxfields@=\count99
\andhelp@=\toks17
\eqnshift@=\dimen108
\alignsep@=\dimen109
\tagshift@=\dimen110
\tagwidth@=\dimen111
\totwidth@=\dimen112
\lineht@=\dimen113
\@envbody=\toks18
\multlinegap=\skip54
\multlinetaggap=\skip55
\mathdisplay@stack=\toks19
LaTeX Info: Redefining \[ on input line 2666.
LaTeX Info: Redefining \] on input line 2667.
)
(D:\Software\Latex\Ctex\MiKTeX\tex\latex\amsfonts\amssymb.sty
Package: amssymb 2009/06/22 v3.00

(D:\Software\Latex\Ctex\MiKTeX\tex\latex\amsfonts\amsfonts.sty
Package: amsfonts 2009/06/22 v3.00 Basic AMSFonts support
\symAMSa=\mathgroup4
\symAMSb=\mathgroup5
LaTeX Font Info:    Overwriting math alphabet `\mathfrak' in version `bold'
(Font)                  U/euf/m/n --> U/euf/b/n on input line 96.
))
(D:\Software\Latex\Ctex\MiKTeX\tex\latex\algorithm2e\algorithm2e.sty
Package: algorithm2e 2008/00/00 v3.10 algorithms environments
\c@AlgoLine=\count100

(D:\Software\Latex\Ctex\MiKTeX\tex\latex\base\ifthen.sty
Package: ifthen 2001/05/26 v1.1c Standard LaTeX ifthen package (DPC)
)
(D:\Software\Latex\Ctex\MiKTeX\tex\latex\tools\xspace.sty
Package: xspace 2009/10/20 v1.13 Space after command names (DPC,MH)
)
(D:\Software\Latex\Ctex\MiKTeX\tex\latex\ltxmisc\relsize.sty
Package: relsize 2003/07/04 ver 3.1
)
********************************************************
Package `algorithm2e' Release 4.01 -- december 14 2009 --
- algorithm2e-announce@lirmm.fr mailing list for announcement about releases
- algorithm2e-discussion@lirmm.fr mailing list for discussion about package
subscribe by emailing sympa@lirmm.fr with 'subscribe <list> <firstname name>'
- Author: Christophe Fiorio (fiorio@lirmm.fr)
********************************************************
\skiptotal=\skip56
\skiplinenumber=\skip57
\skiprule=\skip58
\skiphlne=\skip59
\skiptext=\skip60
\skiplength=\skip61
\algomargin=\skip62
\skipalgocfslide=\skip63
\algowidth=\dimen114
\inoutsize=\dimen115
\inoutline=\dimen116
\interspacetitleruled=\dimen117
\interspacealgoruled=\dimen118
\interspacetitleboxruled=\dimen119
\algocf@inoutbox=\box28
\algocf@inputbox=\box29
\AlCapSkip=\skip64
\AlCapHSkip=\skip65
\algocf@nlbox=\box30
\algocf@hangingbox=\box31
\algocf@capbox=\box32
\algoheightruledefault=\skip66
\algoheightrule=\skip67
\algotitleheightruledefault=\skip68
\algotitleheightrule=\skip69
\c@algocfline=\count101
\c@algocfproc=\count102
\c@algocf=\count103
\algocf@algoframe=\box33
\algocf@algobox=\box34
)
\@input{pythonlisting.aux}
No file pythonlisting.tex.
(D:\Software\Latex\Ctex\MiKTeX\tex\latex\multirow\multirow.sty
\bigstrutjot=\dimen120
)
(D:\Software\Latex\Ctex\MiKTeX\tex\latex\blindtext\blindtext.sty
Package: blindtext 2012/01/06 V2.0 blindtext-Package
\c@blindtext=\count104
\c@Blindtext=\count105
\c@blind@countparstart=\count106
\blind@countxx=\count107
\blindtext@numBlindtext=\count108
\blind@countyy=\count109
\c@blindlist=\count110
\c@blindlistlevel=\count111
\c@blindlist@level=\count112
\blind@listitem=\count113
\c@blind@listcount=\count114
\c@blind@levelcount=\count115
\blind@mathformula=\count116
\blind@Mathformula=\count117
\c@blind@randomcount=\count118
\c@blind@randommax=\count119
\c@blind@pangramcount=\count120
\c@blind@pangrammax=\count121
)
(D:\Software\Latex\Ctex\MiKTeX\tex\latex\caption\subcaption.sty
Package: subcaption 2011/10/30 v1.1c Sub-captions (AR)

(D:\Software\Latex\Ctex\MiKTeX\tex\latex\caption\caption.sty
Package: caption 2011/11/10 v3.2e Customizing captions (AR)

(D:\Software\Latex\Ctex\MiKTeX\tex\latex\caption\caption3.sty
Package: caption3 2011/11/01 v1.4a caption3 kernel (AR)
\captionmargin=\dimen121
\captionmargin@=\dimen122
\captionwidth=\dimen123
\caption@indent=\dimen124
\caption@parindent=\dimen125
\caption@hangindent=\dimen126
)
\c@ContinuedFloat=\count122
)
\c@subfigure=\count123
\c@subtable=\count124
)
(D:\Github\Systematic-Predicate-Abstraction-using-Machine-Learning\Document\arx
iv.sty (D:\Software\Latex\Ctex\MiKTeX\tex\latex\geometry\geometry.sty
Package: geometry 2010/09/12 v5.6 Page Geometry

(D:\Software\Latex\Ctex\MiKTeX\tex\generic\oberdiek\ifpdf.sty
Package: ifpdf 2011/01/30 v2.3 Provides the ifpdf switch (HO)
Package ifpdf Info: pdfTeX in PDF mode is detected.
)
(D:\Software\Latex\Ctex\MiKTeX\tex\generic\oberdiek\ifvtex.sty
Package: ifvtex 2010/03/01 v1.5 Switches for detecting VTeX and its modes (HO)
Package ifvtex Info: VTeX not detected.
)
(D:\Software\Latex\Ctex\MiKTeX\tex\generic\ifxetex\ifxetex.sty
Package: ifxetex 2010/09/12 v0.6 Provides ifxetex conditional
)
\Gm@cnth=\count125
\Gm@cntv=\count126
\c@Gm@tempcnt=\count127
\Gm@bindingoffset=\dimen127
\Gm@wd@mp=\dimen128
\Gm@odd@mp=\dimen129
\Gm@even@mp=\dimen130
\Gm@layoutwidth=\dimen131
\Gm@layoutheight=\dimen132
\Gm@layouthoffset=\dimen133
\Gm@layoutvoffset=\dimen134
\Gm@dimlist=\toks20

(D:\Software\Latex\Ctex\MiKTeX\tex\latex\geometry\geometry.cfg))
\@abovecaptionskip=\skip70
\@belowcaptionskip=\skip71
)
(D:\Software\Latex\Ctex\MiKTeX\tex\latex\listings\listings.sty
\lst@mode=\count128
\lst@gtempboxa=\box35
\lst@token=\toks21
\lst@length=\count129
\lst@currlwidth=\dimen135
\lst@column=\count130
\lst@pos=\count131
\lst@lostspace=\dimen136
\lst@width=\dimen137
\lst@newlines=\count132
\lst@lineno=\count133
\lst@maxwidth=\dimen138

(D:\Software\Latex\Ctex\MiKTeX\tex\latex\listings\lstmisc.sty
File: lstmisc.sty 2007/02/22 1.4 (Carsten Heinz)
\c@lstnumber=\count134
\lst@skipnumbers=\count135
\lst@framebox=\box36
)
(D:\Software\Latex\Ctex\MiKTeX\tex\latex\listings\listings.cfg
File: listings.cfg 2007/02/22 1.4 listings configuration
))
Package: listings 2007/02/22 1.4 (Carsten Heinz)

(D:\Software\Latex\Ctex\MiKTeX\tex\latex\listings\lstlang1.sty
File: lstlang1.sty 2004/09/05 1.3 listings language file
)
(D:\Software\Latex\Ctex\MiKTeX\tex\latex\listings\lstmisc.sty
File: lstmisc.sty 2007/02/22 1.4 (Carsten Heinz)
)
(D:\Software\Latex\Ctex\MiKTeX\tex\latex\base\inputenc.sty
Package: inputenc 2008/03/30 v1.1d Input encoding file
\inpenc@prehook=\toks22
\inpenc@posthook=\toks23

(D:\Software\Latex\Ctex\MiKTeX\tex\latex\base\utf8.def
File: utf8.def 2008/04/05 v1.1m UTF-8 support for inputenc
Now handling font encoding OML ...
... no UTF-8 mapping file for font encoding OML
Now handling font encoding T1 ...
... processing UTF-8 mapping file for font encoding T1

(D:\Software\Latex\Ctex\MiKTeX\tex\latex\base\t1enc.dfu
File: t1enc.dfu 2008/04/05 v1.1m UTF-8 support for inputenc
   defining Unicode char U+00A1 (decimal 161)
   defining Unicode char U+00A3 (decimal 163)
   defining Unicode char U+00AB (decimal 171)
   defining Unicode char U+00BB (decimal 187)
   defining Unicode char U+00BF (decimal 191)
   defining Unicode char U+00C0 (decimal 192)
   defining Unicode char U+00C1 (decimal 193)
   defining Unicode char U+00C2 (decimal 194)
   defining Unicode char U+00C3 (decimal 195)
   defining Unicode char U+00C4 (decimal 196)
   defining Unicode char U+00C5 (decimal 197)
   defining Unicode char U+00C6 (decimal 198)
   defining Unicode char U+00C7 (decimal 199)
   defining Unicode char U+00C8 (decimal 200)
   defining Unicode char U+00C9 (decimal 201)
   defining Unicode char U+00CA (decimal 202)
   defining Unicode char U+00CB (decimal 203)
   defining Unicode char U+00CC (decimal 204)
   defining Unicode char U+00CD (decimal 205)
   defining Unicode char U+00CE (decimal 206)
   defining Unicode char U+00CF (decimal 207)
   defining Unicode char U+00D0 (decimal 208)
   defining Unicode char U+00D1 (decimal 209)
   defining Unicode char U+00D2 (decimal 210)
   defining Unicode char U+00D3 (decimal 211)
   defining Unicode char U+00D4 (decimal 212)
   defining Unicode char U+00D5 (decimal 213)
   defining Unicode char U+00D6 (decimal 214)
   defining Unicode char U+00D8 (decimal 216)
   defining Unicode char U+00D9 (decimal 217)
   defining Unicode char U+00DA (decimal 218)
   defining Unicode char U+00DB (decimal 219)
   defining Unicode char U+00DC (decimal 220)
   defining Unicode char U+00DD (decimal 221)
   defining Unicode char U+00DE (decimal 222)
   defining Unicode char U+00DF (decimal 223)
   defining Unicode char U+00E0 (decimal 224)
   defining Unicode char U+00E1 (decimal 225)
   defining Unicode char U+00E2 (decimal 226)
   defining Unicode char U+00E3 (decimal 227)
   defining Unicode char U+00E4 (decimal 228)
   defining Unicode char U+00E5 (decimal 229)
   defining Unicode char U+00E6 (decimal 230)
   defining Unicode char U+00E7 (decimal 231)
   defining Unicode char U+00E8 (decimal 232)
   defining Unicode char U+00E9 (decimal 233)
   defining Unicode char U+00EA (decimal 234)
   defining Unicode char U+00EB (decimal 235)
   defining Unicode char U+00EC (decimal 236)
   defining Unicode char U+00ED (decimal 237)
   defining Unicode char U+00EE (decimal 238)
   defining Unicode char U+00EF (decimal 239)
   defining Unicode char U+00F0 (decimal 240)
   defining Unicode char U+00F1 (decimal 241)
   defining Unicode char U+00F2 (decimal 242)
   defining Unicode char U+00F3 (decimal 243)
   defining Unicode char U+00F4 (decimal 244)
   defining Unicode char U+00F5 (decimal 245)
   defining Unicode char U+00F6 (decimal 246)
   defining Unicode char U+00F8 (decimal 248)
   defining Unicode char U+00F9 (decimal 249)
   defining Unicode char U+00FA (decimal 250)
   defining Unicode char U+00FB (decimal 251)
   defining Unicode char U+00FC (decimal 252)
   defining Unicode char U+00FD (decimal 253)
   defining Unicode char U+00FE (decimal 254)
   defining Unicode char U+00FF (decimal 255)
   defining Unicode char U+0102 (decimal 258)
   defining Unicode char U+0103 (decimal 259)
   defining Unicode char U+0104 (decimal 260)
   defining Unicode char U+0105 (decimal 261)
   defining Unicode char U+0106 (decimal 262)
   defining Unicode char U+0107 (decimal 263)
   defining Unicode char U+010C (decimal 268)
   defining Unicode char U+010D (decimal 269)
   defining Unicode char U+010E (decimal 270)
   defining Unicode char U+010F (decimal 271)
   defining Unicode char U+0110 (decimal 272)
   defining Unicode char U+0111 (decimal 273)
   defining Unicode char U+0118 (decimal 280)
   defining Unicode char U+0119 (decimal 281)
   defining Unicode char U+011A (decimal 282)
   defining Unicode char U+011B (decimal 283)
   defining Unicode char U+011E (decimal 286)
   defining Unicode char U+011F (decimal 287)
   defining Unicode char U+0130 (decimal 304)
   defining Unicode char U+0131 (decimal 305)
   defining Unicode char U+0132 (decimal 306)
   defining Unicode char U+0133 (decimal 307)
   defining Unicode char U+0139 (decimal 313)
   defining Unicode char U+013A (decimal 314)
   defining Unicode char U+013D (decimal 317)
   defining Unicode char U+013E (decimal 318)
   defining Unicode char U+0141 (decimal 321)
   defining Unicode char U+0142 (decimal 322)
   defining Unicode char U+0143 (decimal 323)
   defining Unicode char U+0144 (decimal 324)
   defining Unicode char U+0147 (decimal 327)
   defining Unicode char U+0148 (decimal 328)
   defining Unicode char U+014A (decimal 330)
   defining Unicode char U+014B (decimal 331)
   defining Unicode char U+0150 (decimal 336)
   defining Unicode char U+0151 (decimal 337)
   defining Unicode char U+0152 (decimal 338)
   defining Unicode char U+0153 (decimal 339)
   defining Unicode char U+0154 (decimal 340)
   defining Unicode char U+0155 (decimal 341)
   defining Unicode char U+0158 (decimal 344)
   defining Unicode char U+0159 (decimal 345)
   defining Unicode char U+015A (decimal 346)
   defining Unicode char U+015B (decimal 347)
   defining Unicode char U+015E (decimal 350)
   defining Unicode char U+015F (decimal 351)
   defining Unicode char U+0160 (decimal 352)
   defining Unicode char U+0161 (decimal 353)
   defining Unicode char U+0162 (decimal 354)
   defining Unicode char U+0163 (decimal 355)
   defining Unicode char U+0164 (decimal 356)
   defining Unicode char U+0165 (decimal 357)
   defining Unicode char U+016E (decimal 366)
   defining Unicode char U+016F (decimal 367)
   defining Unicode char U+0170 (decimal 368)
   defining Unicode char U+0171 (decimal 369)
   defining Unicode char U+0178 (decimal 376)
   defining Unicode char U+0179 (decimal 377)
   defining Unicode char U+017A (decimal 378)
   defining Unicode char U+017B (decimal 379)
   defining Unicode char U+017C (decimal 380)
   defining Unicode char U+017D (decimal 381)
   defining Unicode char U+017E (decimal 382)
   defining Unicode char U+200C (decimal 8204)
   defining Unicode char U+2013 (decimal 8211)
   defining Unicode char U+2014 (decimal 8212)
   defining Unicode char U+2018 (decimal 8216)
   defining Unicode char U+2019 (decimal 8217)
   defining Unicode char U+201A (decimal 8218)
   defining Unicode char U+201C (decimal 8220)
   defining Unicode char U+201D (decimal 8221)
   defining Unicode char U+201E (decimal 8222)
   defining Unicode char U+2030 (decimal 8240)
   defining Unicode char U+2031 (decimal 8241)
   defining Unicode char U+2039 (decimal 8249)
   defining Unicode char U+203A (decimal 8250)
   defining Unicode char U+2423 (decimal 9251)
)
Now handling font encoding OT1 ...
... processing UTF-8 mapping file for font encoding OT1

(D:\Software\Latex\Ctex\MiKTeX\tex\latex\base\ot1enc.dfu
File: ot1enc.dfu 2008/04/05 v1.1m UTF-8 support for inputenc
   defining Unicode char U+00A1 (decimal 161)
   defining Unicode char U+00A3 (decimal 163)
   defining Unicode char U+00B8 (decimal 184)
   defining Unicode char U+00BF (decimal 191)
   defining Unicode char U+00C5 (decimal 197)
   defining Unicode char U+00C6 (decimal 198)
   defining Unicode char U+00D8 (decimal 216)
   defining Unicode char U+00DF (decimal 223)
   defining Unicode char U+00E6 (decimal 230)
   defining Unicode char U+00EC (decimal 236)
   defining Unicode char U+00ED (decimal 237)
   defining Unicode char U+00EE (decimal 238)
   defining Unicode char U+00EF (decimal 239)
   defining Unicode char U+00F8 (decimal 248)
   defining Unicode char U+0131 (decimal 305)
   defining Unicode char U+0141 (decimal 321)
   defining Unicode char U+0142 (decimal 322)
   defining Unicode char U+0152 (decimal 338)
   defining Unicode char U+0153 (decimal 339)
   defining Unicode char U+2013 (decimal 8211)
   defining Unicode char U+2014 (decimal 8212)
   defining Unicode char U+2018 (decimal 8216)
   defining Unicode char U+2019 (decimal 8217)
   defining Unicode char U+201C (decimal 8220)
   defining Unicode char U+201D (decimal 8221)
)
Now handling font encoding OMS ...
... processing UTF-8 mapping file for font encoding OMS

(D:\Software\Latex\Ctex\MiKTeX\tex\latex\base\omsenc.dfu
File: omsenc.dfu 2008/04/05 v1.1m UTF-8 support for inputenc
   defining Unicode char U+00A7 (decimal 167)
   defining Unicode char U+00B6 (decimal 182)
   defining Unicode char U+00B7 (decimal 183)
   defining Unicode char U+2020 (decimal 8224)
   defining Unicode char U+2021 (decimal 8225)
   defining Unicode char U+2022 (decimal 8226)
)
Now handling font encoding OMX ...
... no UTF-8 mapping file for font encoding OMX
Now handling font encoding U ...
... no UTF-8 mapping file for font encoding U
   defining Unicode char U+00A9 (decimal 169)
   defining Unicode char U+00AA (decimal 170)
   defining Unicode char U+00AE (decimal 174)
   defining Unicode char U+00BA (decimal 186)
   defining Unicode char U+02C6 (decimal 710)
   defining Unicode char U+02DC (decimal 732)
   defining Unicode char U+200C (decimal 8204)
   defining Unicode char U+2026 (decimal 8230)
   defining Unicode char U+2122 (decimal 8482)
   defining Unicode char U+2423 (decimal 9251)
))
(D:\Software\Latex\Ctex\MiKTeX\tex\latex\base\fontenc.sty
Package: fontenc 2005/09/27 v1.99g Standard LaTeX package

(D:\Software\Latex\Ctex\MiKTeX\tex\latex\base\t1enc.def
File: t1enc.def 2005/09/27 v1.99g Standard LaTeX file
LaTeX Font Info:    Redeclaring font encoding T1 on input line 43.
))
(D:\Software\Latex\Ctex\MiKTeX\tex\latex\hyperref\hyperref.sty
Package: hyperref 2012/02/06 v6.82o Hypertext links for LaTeX

(D:\Software\Latex\Ctex\MiKTeX\tex\generic\oberdiek\hobsub-hyperref.sty
Package: hobsub-hyperref 2011/04/23 v1.4 Bundle oberdiek, subset hyperref (HO)

(D:\Software\Latex\Ctex\MiKTeX\tex\generic\oberdiek\hobsub-generic.sty
Package: hobsub-generic 2011/04/23 v1.4 Bundle oberdiek, subset generic (HO)
Package: hobsub 2011/04/23 v1.4 Subsetting bundle oberdiek (HO)
Package hobsub Info: Skipping package `infwarerr' (already loaded).
Package hobsub Info: Skipping package `ltxcmds' (already loaded).
Package: ifluatex 2010/03/01 v1.3 Provides the ifluatex switch (HO)
Package ifluatex Info: LuaTeX not detected.
Package hobsub Info: Skipping package `ifvtex' (already loaded).
Package: intcalc 2007/09/27 v1.1 Expandable integer calculations (HO)
Package hobsub Info: Skipping package `ifpdf' (already loaded).
Package: etexcmds 2011/02/16 v1.5 Prefix for e-TeX command names (HO)
Package etexcmds Info: Could not find \expanded.
(etexcmds)             That can mean that you are not using pdfTeX 1.50 or
(etexcmds)             that some package has redefined \expanded.
(etexcmds)             In the latter case, load this package earlier.
Package: kvsetkeys 2011/04/07 v1.13 Key value parser (HO)
Package: kvdefinekeys 2011/04/07 v1.3 Defining keys (HO)
Package: pdftexcmds 2011/04/22 v0.16 Utilities of pdfTeX for LuaTeX (HO)
Package pdftexcmds Info: LuaTeX not detected.
Package pdftexcmds Info: \pdf@primitive is available.
Package pdftexcmds Info: \pdf@ifprimitive is available.
Package pdftexcmds Info: \pdfdraftmode found.
Package: pdfescape 2011/04/04 v1.12 Provides string conversions (HO)
Package: bigintcalc 2011/01/30 v1.2 Expandable big integer calculations (HO)
Package: bitset 2011/01/30 v1.1 Data type bit set (HO)
Package: uniquecounter 2011/01/30 v1.2 Provides unlimited unique counter (HO)
)
Package hobsub Info: Skipping package `hobsub' (already loaded).
Package: letltxmacro 2010/09/02 v1.4 Let assignment for LaTeX macros (HO)
Package: hopatch 2011/01/30 v1.0 Wrapper for package hooks (HO)
Package: xcolor-patch 2011/01/30 xcolor patch
Package: atveryend 2011/04/23 v1.7 Hooks at very end of document (HO)
Package: atbegshi 2011/01/30 v1.15 At begin shipout hook (HO)
Package: refcount 2010/12/01 v3.2 Data extraction from references (HO)
Package: hycolor 2011/01/30 v1.7 Color options of hyperref/bookmark (HO)
)
(D:\Software\Latex\Ctex\MiKTeX\tex\latex\oberdiek\kvoptions.sty
Package: kvoptions 2010/12/23 v3.10 Keyval support for LaTeX options (HO)
)
\@linkdim=\dimen139
\Hy@linkcounter=\count136
\Hy@pagecounter=\count137

(D:\Software\Latex\Ctex\MiKTeX\tex\latex\hyperref\pd1enc.def
File: pd1enc.def 2012/02/06 v6.82o Hyperref: PDFDocEncoding definition (HO)
Now handling font encoding PD1 ...
... no UTF-8 mapping file for font encoding PD1
)
\Hy@SavedSpaceFactor=\count138

(D:\Software\Latex\Ctex\MiKTeX\tex\latex\00miktex\hyperref.cfg
File: hyperref.cfg 2002/06/06 v1.2 hyperref configuration of TeXLive
)
Package hyperref Info: Hyper figures OFF on input line 4046.
Package hyperref Info: Link nesting OFF on input line 4051.
Package hyperref Info: Hyper index ON on input line 4054.
Package hyperref Info: Plain pages OFF on input line 4061.
Package hyperref Info: Backreferencing OFF on input line 4066.
Package hyperref Info: Implicit mode ON; LaTeX internals redefined.
Package hyperref Info: Bookmarks ON on input line 4284.
\c@Hy@tempcnt=\count139

(D:\Software\Latex\Ctex\MiKTeX\tex\latex\ltxmisc\url.sty
\Urlmuskip=\muskip11
Package: url 2006/04/12  ver 3.3  Verb mode for urls, etc.
)
LaTeX Info: Redefining \url on input line 4637.
\Fld@menulength=\count140
\Field@Width=\dimen140
\Fld@charsize=\dimen141
Package hyperref Info: Hyper figures OFF on input line 5757.
Package hyperref Info: Link nesting OFF on input line 5762.
Package hyperref Info: Hyper index ON on input line 5765.
Package hyperref Info: backreferencing OFF on input line 5772.
Package hyperref Info: Link coloring OFF on input line 5777.
Package hyperref Info: Link coloring with OCG OFF on input line 5782.
Package hyperref Info: PDF/A mode OFF on input line 5787.
LaTeX Info: Redefining \ref on input line 5827.
LaTeX Info: Redefining \pageref on input line 5831.
\Hy@abspage=\count141
\c@Item=\count142
\c@Hfootnote=\count143
)

Package hyperref Message: Driver (autodetected): hpdftex.

(D:\Software\Latex\Ctex\MiKTeX\tex\latex\hyperref\hpdftex.def
File: hpdftex.def 2012/02/06 v6.82o Hyperref driver for pdfTeX
\Fld@listcount=\count144
\c@bookmark@seq@number=\count145

(D:\Software\Latex\Ctex\MiKTeX\tex\latex\oberdiek\rerunfilecheck.sty
Package: rerunfilecheck 2011/04/15 v1.7 Rerun checks for auxiliary files (HO)
Package uniquecounter Info: New unique counter `rerunfilecheck' on input line 2
82.
)
\Hy@SectionHShift=\skip72
)
(D:\Software\Latex\Ctex\MiKTeX\tex\latex\booktabs\booktabs.sty
Package: booktabs 2005/04/14 v1.61803 publication quality tables
\heavyrulewidth=\dimen142
\lightrulewidth=\dimen143
\cmidrulewidth=\dimen144
\belowrulesep=\dimen145
\belowbottomsep=\dimen146
\aboverulesep=\dimen147
\abovetopsep=\dimen148
\cmidrulesep=\dimen149
\cmidrulekern=\dimen150
\defaultaddspace=\dimen151
\@cmidla=\count146
\@cmidlb=\count147
\@aboverulesep=\dimen152
\@belowrulesep=\dimen153
\@thisruleclass=\count148
\@lastruleclass=\count149
\@thisrulewidth=\dimen154
)
(D:\Software\Latex\Ctex\MiKTeX\tex\latex\units\nicefrac.sty
Package: nicefrac 1998/08/04 v0.9b Nice fractions
\L@UnitsRaiseDisplaystyle=\skip73
\L@UnitsRaiseTextstyle=\skip74
\L@UnitsRaiseScriptstyle=\skip75
)
(D:\Software\Latex\Ctex\MiKTeX\tex\latex\microtype\microtype.sty
Package: microtype 2010/01/10 v2.4 Micro-typography with pdfTeX (RS)
\MT@toks=\toks24
\MT@count=\count150
LaTeX Info: Redefining \lsstyle on input line 1597.
LaTeX Info: Redefining \lslig on input line 1597.
\MT@outer@space=\skip76
LaTeX Info: Redefining \textls on input line 1605.
\MT@outer@kern=\dimen155
LaTeX Info: Redefining \textmicrotypecontext on input line 2156.
Package microtype Info: Loading configuration file microtype.cfg.

(D:\Software\Latex\Ctex\MiKTeX\tex\latex\microtype\microtype.cfg
File: microtype.cfg 2010/01/10 v2.4 microtype main configuration file (RS)
))
(D:\Software\Latex\Ctex\MiKTeX\tex\latex\lipsum\lipsum.sty
Package: lipsum 2011/04/14 v1.2 150 paragraphs of Lorem Ipsum dummy text
\c@lips@count=\count151
)
(D:\Github\Systematic-Predicate-Abstraction-using-Machine-Learning\Document\tem
plate.aux)
LaTeX Font Info:    Checking defaults for OML/cmm/m/it on input line 79.
LaTeX Font Info:    ... okay on input line 79.
LaTeX Font Info:    Checking defaults for T1/cmr/m/n on input line 79.
LaTeX Font Info:    ... okay on input line 79.
LaTeX Font Info:    Checking defaults for OT1/cmr/m/n on input line 79.
LaTeX Font Info:    ... okay on input line 79.
LaTeX Font Info:    Checking defaults for OMS/cmsy/m/n on input line 79.
LaTeX Font Info:    ... okay on input line 79.
LaTeX Font Info:    Checking defaults for OMX/cmex/m/n on input line 79.
LaTeX Font Info:    ... okay on input line 79.
LaTeX Font Info:    Checking defaults for U/cmr/m/n on input line 79.
LaTeX Font Info:    ... okay on input line 79.
LaTeX Font Info:    Checking defaults for PD1/pdf/m/n on input line 79.
LaTeX Font Info:    ... okay on input line 79.
LaTeX Font Info:    Try loading font information for T1+ptm on input line 79.
 (D:\Software\Latex\Ctex\MiKTeX\tex\latex\psnfss\t1ptm.fd
File: t1ptm.fd 2001/06/04 font definitions for T1/ptm.
)
(D:\Software\Latex\Ctex\MiKTeX\tex\context\base\supp-pdf.mkii
[Loading MPS to PDF converter (version 2006.09.02).]
\scratchcounter=\count152
\scratchdimen=\dimen156
\scratchbox=\box37
\nofMPsegments=\count153
\nofMParguments=\count154
\everyMPshowfont=\toks25
\MPscratchCnt=\count155
\MPscratchDim=\dimen157
\MPnumerator=\count156
\makeMPintoPDFobject=\count157
\everyMPtoPDFconversion=\toks26
)
Package caption Info: Begin \AtBeginDocument code.
Package caption Info: hyperref package is loaded.
Package caption Info: listings package is loaded.
Package caption Info: End \AtBeginDocument code.

*geometry* driver: auto-detecting
*geometry* detected driver: pdftex
*geometry* verbose mode - [ preamble ] result:
* driver: pdftex
* paper: letterpaper
* layout: <same size as paper>
* layoutoffset:(h,v)=(0.0pt,0.0pt)
* modes: 
* h-part:(L,W,R)=(92.14519pt, 430.00462pt, 92.14519pt)
* v-part:(T,H,B)=(95.39737pt, 556.47656pt, 143.09605pt)
* \paperwidth=614.295pt
* \paperheight=794.96999pt
* \textwidth=430.00462pt
* \textheight=556.47656pt
* \oddsidemargin=19.8752pt
* \evensidemargin=19.8752pt
* \topmargin=23.12738pt
* \headheight=0.0pt
* \headsep=0.0pt
* \topskip=10.0pt
* \footskip=30.0pt
* \marginparwidth=65.0pt
* \marginparsep=11.0pt
* \columnsep=10.0pt
* \skip\footins=9.0pt plus 4.0pt minus 2.0pt
* \hoffset=0.0pt
* \voffset=0.0pt
* \mag=1000
* \@twocolumnfalse
* \@twosidefalse
* \@mparswitchfalse
* \@reversemarginfalse
* (1in=72.27pt=25.4mm, 1cm=28.453pt)

*geometry* verbose mode - [ newgeometry ] result:
* driver: pdftex
* paper: letterpaper
* layout: <same size as paper>
* layoutoffset:(h,v)=(0.0pt,0.0pt)
* modes: 
* h-part:(L,W,R)=(72.27pt, 469.75499pt, 72.27pt)
* v-part:(T,H,B)=(72.26999pt, 650.43pt, 72.27pt)
* \paperwidth=614.295pt
* \paperheight=794.96999pt
* \textwidth=469.75499pt
* \textheight=650.43pt
* \oddsidemargin=0.00002pt
* \evensidemargin=0.00002pt
* \topmargin=-39.0pt
* \headheight=14.0pt
* \headsep=25.0pt
* \topskip=10.0pt
* \footskip=30.0pt
* \marginparwidth=65.0pt
* \marginparsep=11.0pt
* \columnsep=10.0pt
* \skip\footins=9.0pt plus 4.0pt minus 2.0pt
* \hoffset=0.0pt
* \voffset=0.0pt
* \mag=1000
* \@twocolumnfalse
* \@twosidefalse
* \@mparswitchfalse
* \@reversemarginfalse
* (1in=72.27pt=25.4mm, 1cm=28.453pt)

\c@lstlisting=\count158
\AtBeginShipoutBox=\box38
Package hyperref Info: Link coloring OFF on input line 79.
(D:\Software\Latex\Ctex\MiKTeX\tex\latex\hyperref\nameref.sty
Package: nameref 2010/04/30 v2.40 Cross-referencing by name of section

(D:\Software\Latex\Ctex\MiKTeX\tex\generic\oberdiek\gettitlestring.sty
Package: gettitlestring 2010/12/03 v1.4 Cleanup title references (HO)
)
\c@section@level=\count159
)
LaTeX Info: Redefining \ref on input line 79.
LaTeX Info: Redefining \pageref on input line 79.
LaTeX Info: Redefining \nameref on input line 79.

(D:\Github\Systematic-Predicate-Abstraction-using-Machine-Learning\Document\tem
plate.out)
(D:\Github\Systematic-Predicate-Abstraction-using-Machine-Learning\Document\tem
plate.out)
\@outlinefile=\write3
LaTeX Info: Redefining \microtypecontext on input line 79.
Package microtype Info: Generating PDF output.
Package microtype Info: Character protrusion enabled (level 2).
Package microtype Info: Using default protrusion set `alltext'.
Package microtype Info: Automatic font expansion enabled (level 2),
(microtype)             stretch: 20, shrink: 20, step: 1, non-selected.
Package microtype Info: Using default expansion set `basictext'.
Package microtype Info: No tracking.
Package microtype Info: No adjustment of interword spacing.
Package microtype Info: No adjustment of character kerning.
 (D:\Software\Latex\Ctex\MiKTeX\tex\latex\microtype\mt-ptm.cfg
File: mt-ptm.cfg 2006/04/20 v1.7 microtype config. file: Times (RS)
)
(D:\Software\Latex\Ctex\MiKTeX\tex\latex\microtype\mt-cmr.cfg
File: mt-cmr.cfg 2009/11/09 v2.0 microtype config. file: Computer Modern Roman 
(RS)
)
LaTeX Font Info:    Try loading font information for U+msa on input line 81.

(D:\Software\Latex\Ctex\MiKTeX\tex\latex\amsfonts\umsa.fd
File: umsa.fd 2009/06/22 v3.00 AMS symbols A
)
(D:\Software\Latex\Ctex\MiKTeX\tex\latex\microtype\mt-msa.cfg
File: mt-msa.cfg 2006/02/04 v1.1 microtype config. file: AMS symbols (a) (RS)
)
LaTeX Font Info:    Try loading font information for U+msb on input line 81.

(D:\Software\Latex\Ctex\MiKTeX\tex\latex\amsfonts\umsb.fd
File: umsb.fd 2009/06/22 v3.00 AMS symbols B
)
(D:\Software\Latex\Ctex\MiKTeX\tex\latex\microtype\mt-msb.cfg
File: mt-msb.cfg 2005/06/01 v1.0 microtype config. file: AMS symbols (b) (RS)
)
LaTeX Font Info:    Font shape `T1/ptm/bx/n' in size <10> not available
(Font)              Font shape `T1/ptm/b/n' tried instead on input line 81.
LaTeX Font Info:    Try loading font information for T1+pcr on input line 81.

(D:\Software\Latex\Ctex\MiKTeX\tex\latex\psnfss\t1pcr.fd
File: t1pcr.fd 2001/06/04 font definitions for T1/pcr.
)
LaTeX Font Info:    Font shape `T1/ptm/bx/n' in size <12> not available
(Font)              Font shape `T1/ptm/b/n' tried instead on input line 82.
LaTeX Font Info:    Font shape `T1/ptm/bx/sc' in size <12> not available
(Font)              Font shape `T1/ptm/b/sc' tried instead on input line 82.
LaTeX Font Info:    Font shape `T1/ptm/bx/it' in size <10> not available
(Font)              Font shape `T1/ptm/b/it' tried instead on input line 88.
 [1




{D:/Software/Latex/Ctex/UserData/pdftex/config/pdftex.map{Unicode.sfd}{UGBK.sfd
}}]
LaTeX Font Info:    Font shape `T1/ptm/bx/n' in size <9> not available
(Font)              Font shape `T1/ptm/b/n' tried instead on input line 118.

Overfull \hbox (1.90001pt too wide) in paragraph at lines 116--137
[][] [] 
 []


Overfull \hbox (44.69904pt too wide) in paragraph at lines 153--172
 [] 
 []

[2]
LaTeX Font Info:    Try loading font information for OMS+ptm on input line 210.

 (D:\Software\Latex\Ctex\MiKTeX\tex\latex\psnfss\omsptm.fd
File: omsptm.fd 
)
LaTeX Font Info:    Font shape `OMS/ptm/m/n' in size <9> not available
(Font)              Font shape `OMS/cmsy/m/n' tried instead on input line 210.

<graph/template_graph.png, id=116, 298.11375pt x 541.02126pt>
File: graph/template_graph.png Graphic file (type png)

<use graph/template_graph.png>
Package pdftex.def Info: graph/template_graph.png used on input line 224.
(pdftex.def)             Requested size: 96.73918pt x 175.56564pt.

Underfull \hbox (badness 10000) in paragraph at lines 224--225

 []


Underfull \hbox (badness 3525) in paragraph at lines 198--229
\T1/ptm/m/n/10 (+20) Each tem-plate con-tain lo-ca-tion, cat-e-go-ry, and pred-
i-cate in-for-ma-tion. One ex-am-ple tem-plate is "in-
 []


LaTeX Warning: `h' float specifier changed to `ht'.


Underfull \vbox (badness 10000) has occurred while \output is active []

 [3]
Underfull \vbox (badness 10000) has occurred while \output is active []

 [4 <D:/Github/Systematic-Predicate-Abstraction-using-Machine-Learning/Document
/graph/template_graph.png>]
Underfull \vbox (badness 10000) has occurred while \output is active []

 [5]
<graph/NNstructure.png, id=163, 688.974pt x 404.712pt>
File: graph/NNstructure.png Graphic file (type png)

<use graph/NNstructure.png>
Package pdftex.def Info: graph/NNstructure.png used on input line 336.
(pdftex.def)             Requested size: 284.52756pt x 167.13101pt.
 [6 <D:/Github/Systematic-Predicate-Abstraction-using-Machine-Learning/Document
/graph/NNstructure.png>]
Underfull \hbox (badness 10000) in paragraph at lines 362--362
[]\T1/ptm/m/n/10 (+20) File
 []


Underfull \hbox (badness 10000) in paragraph at lines 362--362
[]\T1/ptm/m/n/10 (+20) Total
 []


Overfull \hbox (8.43456pt too wide) in paragraph at lines 360--370
 [] 
 []


Underfull \hbox (badness 10000) in paragraph at lines 378--378
[]\T1/ptm/m/n/10 (+20) Training
 []


Underfull \hbox (badness 10000) in paragraph at lines 378--378
[]\T1/ptm/m/n/10 (+20) Testing
 []


Underfull \hbox (badness 10000) in paragraph at lines 378--378
[]\T1/ptm/m/n/10 (+20) Testing
 []


Underfull \hbox (badness 10000) in paragraph at lines 378--378
[]\T1/ptm/m/n/10 (+20) Solved
 []


Underfull \hbox (badness 5064) in paragraph at lines 378--379
[]\T1/ptm/m/n/10 (+20) Total time con-
 []


Underfull \hbox (badness 10000) in paragraph at lines 394--394
[]\T1/ptm/m/n/10 (+20) Training
 []


Underfull \hbox (badness 10000) in paragraph at lines 394--394
[]\T1/ptm/m/n/10 (+20) Testing
 []


Underfull \hbox (badness 10000) in paragraph at lines 394--394
[]\T1/ptm/m/n/10 (+20) Testing
 []


Underfull \hbox (badness 10000) in paragraph at lines 394--394
[]\T1/ptm/m/n/10 (+20) Solved
 []


Underfull \hbox (badness 10000) in paragraph at lines 394--395
[]\T1/ptm/m/n/10 (+20) Time con-sump-
 []


Underfull \hbox (badness 10000) in paragraph at lines 416--416
[]\T1/ptm/m/n/10 (+20) Total
 []


Underfull \hbox (badness 10000) in paragraph at lines 416--416
[]\T1/ptm/m/n/10 (+20) with
 []


Underfull \hbox (badness 10000) in paragraph at lines 416--416
\T1/ptm/m/n/10 (+20) tem-
 []


Underfull \hbox (badness 10000) in paragraph at lines 416--416
\T1/ptm/m/n/10 (+20) plate
 []


Underfull \hbox (badness 10000) in paragraph at lines 416--416
[]\T1/ptm/m/n/10 (+20) with
 []


Underfull \hbox (badness 10000) in paragraph at lines 416--416
\T1/ptm/m/n/10 (+20) horn
 []


Underfull \hbox (badness 10000) in paragraph at lines 416--416
[]\T1/ptm/m/n/10 (+20) with
 []


Underfull \hbox (badness 10000) in paragraph at lines 416--416
\T1/ptm/m/n/10 (+4) con-trol
 []


Underfull \hbox (badness 10000) in paragraph at lines 416--416
\T1/ptm/m/n/10 (+20) flow
 []


Underfull \hbox (badness 10000) in paragraph at lines 416--416
[]\T1/ptm/m/n/10 (+20) with
 []


Underfull \hbox (badness 10000) in paragraph at lines 416--416
\T1/ptm/m/n/10 (+4) con-trol
 []


Underfull \hbox (badness 10000) in paragraph at lines 416--416
\T1/ptm/m/n/10 (+20) flow
 []


Underfull \hbox (badness 10000) in paragraph at lines 416--416
\T1/ptm/m/n/10 (+20) and
 []


Underfull \hbox (badness 10000) in paragraph at lines 416--416
\T1/ptm/m/n/10 (+20) tem-
 []


Underfull \hbox (badness 10000) in paragraph at lines 416--416
\T1/ptm/m/n/10 (+20) plate
 []


Underfull \hbox (badness 10000) in paragraph at lines 416--417
[]\T1/ptm/m/n/10 (+20) with
 []


Underfull \hbox (badness 10000) in paragraph at lines 416--417
\T1/ptm/m/n/10 (+20) horn
 []


Underfull \hbox (badness 10000) in paragraph at lines 416--417
\T1/ptm/m/n/10 (+20) and
 []


Underfull \hbox (badness 10000) in paragraph at lines 416--417
\T1/ptm/m/n/10 (+20) tem-
 []


Underfull \hbox (badness 10000) in paragraph at lines 416--417
\T1/ptm/m/n/10 (+20) plate
 []


Underfull \vbox (badness 10000) has occurred while \output is active []

 [7]
Underfull \hbox (badness 10000) in paragraph at lines 429--429
[]\T1/ptm/m/n/10 (+20) Total
 []


Underfull \hbox (badness 10000) in paragraph at lines 429--429
[]\T1/ptm/m/n/10 (+20) with
 []


Underfull \hbox (badness 10000) in paragraph at lines 429--429
\T1/ptm/m/n/10 (+20) tem-
 []


Underfull \hbox (badness 10000) in paragraph at lines 429--429
\T1/ptm/m/n/10 (+20) plate
 []


Underfull \hbox (badness 10000) in paragraph at lines 429--429
[]\T1/ptm/m/n/10 (+20) with
 []


Underfull \hbox (badness 10000) in paragraph at lines 429--429
\T1/ptm/m/n/10 (+20) horn
 []


Underfull \hbox (badness 10000) in paragraph at lines 429--429
[]\T1/ptm/m/n/10 (+20) with
 []


Underfull \hbox (badness 10000) in paragraph at lines 429--429
\T1/ptm/m/n/10 (+4) con-trol
 []


Underfull \hbox (badness 10000) in paragraph at lines 429--429
\T1/ptm/m/n/10 (+20) flow
 []


Underfull \hbox (badness 10000) in paragraph at lines 429--429
[]\T1/ptm/m/n/10 (+20) with
 []


Underfull \hbox (badness 10000) in paragraph at lines 429--429
\T1/ptm/m/n/10 (+4) con-trol
 []


Underfull \hbox (badness 10000) in paragraph at lines 429--429
\T1/ptm/m/n/10 (+20) flow
 []


Underfull \hbox (badness 10000) in paragraph at lines 429--429
\T1/ptm/m/n/10 (+20) and
 []


Underfull \hbox (badness 10000) in paragraph at lines 429--429
\T1/ptm/m/n/10 (+20) tem-
 []


Underfull \hbox (badness 10000) in paragraph at lines 429--429
\T1/ptm/m/n/10 (+20) plate
 []


Underfull \hbox (badness 10000) in paragraph at lines 429--430
[]\T1/ptm/m/n/10 (+20) with
 []


Underfull \hbox (badness 10000) in paragraph at lines 429--430
\T1/ptm/m/n/10 (+20) horn
 []


Underfull \hbox (badness 10000) in paragraph at lines 429--430
\T1/ptm/m/n/10 (+20) and
 []


Underfull \hbox (badness 10000) in paragraph at lines 429--430
\T1/ptm/m/n/10 (+20) tem-
 []


Underfull \hbox (badness 10000) in paragraph at lines 429--430
\T1/ptm/m/n/10 (+20) plate
 []


(D:\Github\Systematic-Predicate-Abstraction-using-Machine-Learning\Document\tem
plate.bbl [8])
Package atveryend Info: Empty hook `BeforeClearDocument' on input line 590.
 [9]
Package atveryend Info: Empty hook `AfterLastShipout' on input line 590.

(D:\Github\Systematic-Predicate-Abstraction-using-Machine-Learning\Document\tem
plate.aux)
Package atveryend Info: Executing hook `AtVeryEndDocument' on input line 590.
Package atveryend Info: Executing hook `AtEndAfterFileList' on input line 590.
Package rerunfilecheck Info: File `template.out' has not changed.
(rerunfilecheck)             Checksum: 725B84C9E0D2E3CF9C88B7DB3C49F43E;1027.
 ) 
Here is how much of TeX's memory you used:
 12789 strings out of 495354
 187379 string characters out of 3183020
 493026 words of memory out of 3000000
 15551 multiletter control sequences out of 15000+200000
 57984 words of font info for 136 fonts, out of 3000000 for 9000
 14 hyphenation exceptions out of 8191
 42i,17n,49p,1885b,1570s stack positions out of 5000i,500n,10000p,200000b,50000s
{D:/Software/Latex/Ctex/MiKTeX/fonts/enc/dvips/fontname/8r.enc}<D:/Software/L
atex/Ctex/MiKTeX/fonts/type1/public/amsfonts/cm/cmmi10.pfb><D:/Software/Latex/C
tex/MiKTeX/fonts/type1/public/amsfonts/cm/cmmi5.pfb><D:/Software/Latex/Ctex/MiK
TeX/fonts/type1/public/amsfonts/cm/cmmi7.pfb><D:/Software/Latex/Ctex/MiKTeX/fon
ts/type1/public/amsfonts/cm/cmr10.pfb><D:/Software/Latex/Ctex/MiKTeX/fonts/type
1/public/amsfonts/cm/cmr7.pfb><D:/Software/Latex/Ctex/MiKTeX/fonts/type1/public
/amsfonts/cm/cmsy10.pfb><D:/Software/Latex/Ctex/MiKTeX/fonts/type1/public/amsfo
nts/cm/cmsy6.pfb><D:/Software/Latex/Ctex/MiKTeX/fonts/type1/public/amsfonts/cm/
cmsy7.pfb><D:/Software/Latex/Ctex/MiKTeX/fonts/type1/public/amsfonts/cm/cmsy9.p
fb><D:/Software/Latex/Ctex/MiKTeX/fonts/type1/public/amsfonts/symbols/msam10.pf
b><D:/Software/Latex/Ctex/MiKTeX/fonts/type1/urw/courier/ucrr8a.pfb><D:/Softwar
e/Latex/Ctex/MiKTeX/fonts/type1/urw/times/utmb8a.pfb><D:/Software/Latex/Ctex/Mi
KTeX/fonts/type1/urw/times/utmbi8a.pfb><D:/Software/Latex/Ctex/MiKTeX/fonts/typ
e1/urw/times/utmr8a.pfb><D:/Software/Latex/Ctex/MiKTeX/fonts/type1/urw/times/ut
mri8a.pfb>
Output written on template.pdf (9 pages, 289737 bytes).
PDF statistics:
 280 PDF objects out of 1000 (max. 8388607)
 90 named destinations out of 1000 (max. 500000)
 26259 words of extra memory for PDF output out of 29859 (max. 10000000)

